[0.048s] Invoking command in '/home/rosuser/ros2_ws/ws_moveit/build/moveit_ros_planning_interface': AMENT_PREFIX_PATH=/home/rosuser/ros2_ws/ws_moveit/install/moveit_ros_move_group:/home/rosuser/ros2_ws/ws_moveit/install/moveit_ros_warehouse:/home/rosuser/ros2_ws/ws_moveit/install/moveit_planners_ompl:/home/rosuser/ros2_ws/ws_moveit/install/moveit_kinematics:/home/rosuser/ros2_ws/ws_moveit/install/moveit_ros_planning:/home/rosuser/ros2_ws/ws_moveit/install/moveit_simple_controller_manager:/home/rosuser/ros2_ws/ws_moveit/install/moveit_ros_occupancy_map_monitor:/home/rosuser/ros2_ws/ws_moveit/install/moveit_core:/home/rosuser/ros2_ws/ws_moveit/install/moveit_resources_panda_moveit_config:/home/rosuser/ros2_ws/ws_moveit/install/moveit_resources_fanuc_moveit_config:/home/rosuser/ros2_ws/ws_moveit/install/moveit_configs_utils:/home/rosuser/ros2_ws/ws_moveit/install/srdfdom:/home/rosuser/ros2_ws/ws_moveit/install/moveit_resources_pr2_description:/home/rosuser/ros2_ws/ws_moveit/install/moveit_resources_panda_description:/home/rosuser/ros2_ws/ws_moveit/install/moveit_resources_fanuc_description:/home/rosuser/ros2_ws/ws_moveit/install/moveit_common:/home/rosuser/ros2_ws/ws_moveit/install/launch_param_builder:${AMENT_PREFIX_PATH} CMAKE_PREFIX_PATH=/home/rosuser/ros2_ws/ws_moveit/install/moveit_ros_move_group:/home/rosuser/ros2_ws/ws_moveit/install/moveit_ros_warehouse:/home/rosuser/ros2_ws/ws_moveit/install/moveit_planners_ompl:/home/rosuser/ros2_ws/ws_moveit/install/moveit_kinematics:/home/rosuser/ros2_ws/ws_moveit/install/moveit_ros_planning:/home/rosuser/ros2_ws/ws_moveit/install/moveit_simple_controller_manager:/home/rosuser/ros2_ws/ws_moveit/install/moveit_ros_occupancy_map_monitor:/home/rosuser/ros2_ws/ws_moveit/install/moveit_core:/home/rosuser/ros2_ws/ws_moveit/install/moveit_resources_panda_moveit_config:/home/rosuser/ros2_ws/ws_moveit/install/moveit_resources_fanuc_moveit_config:/home/rosuser/ros2_ws/ws_moveit/install/srdfdom:/home/rosuser/ros2_ws/ws_moveit/install/moveit_resources_pr2_description:/home/rosuser/ros2_ws/ws_moveit/install/moveit_resources_panda_description:/home/rosuser/ros2_ws/ws_moveit/install/moveit_resources_fanuc_description:/home/rosuser/ros2_ws/ws_moveit/install/moveit_common:/opt/ros/humble LD_LIBRARY_PATH=/home/rosuser/ros2_ws/ws_moveit/install/moveit_ros_move_group/lib:/home/rosuser/ros2_ws/ws_moveit/install/moveit_ros_warehouse/lib:/home/rosuser/ros2_ws/ws_moveit/install/moveit_planners_ompl/lib:/home/rosuser/ros2_ws/ws_moveit/install/moveit_kinematics/lib:/home/rosuser/ros2_ws/ws_moveit/install/moveit_ros_planning/lib:/home/rosuser/ros2_ws/ws_moveit/install/moveit_simple_controller_manager/lib:/home/rosuser/ros2_ws/ws_moveit/install/moveit_ros_occupancy_map_monitor/lib:/home/rosuser/ros2_ws/ws_moveit/install/moveit_core/lib:/home/rosuser/ros2_ws/ws_moveit/install/srdfdom/lib:${LD_LIBRARY_PATH} PATH=/home/rosuser/ros2_ws/ws_moveit/install/moveit_core/bin:${PATH} PYTHONPATH=/home/rosuser/ros2_ws/ws_moveit/install/moveit_configs_utils/lib/python3.10/site-packages:/home/rosuser/ros2_ws/ws_moveit/install/srdfdom/local/lib/python3.10/dist-packages:/home/rosuser/ros2_ws/ws_moveit/install/launch_param_builder/lib/python3.10/site-packages:${PYTHONPATH} /usr/bin/cmake /home/rosuser/ros2_ws/ws_moveit/src/moveit2/moveit_ros/planning_interface -DCMAKE_BUILD_TYPE=Release -DCMAKE_INSTALL_PREFIX=/home/rosuser/ros2_ws/ws_moveit/install/moveit_ros_planning_interface
[0.104s] -- The C compiler identification is GNU 11.4.0
[0.163s] -- The CXX compiler identification is GNU 11.4.0
[0.169s] -- Detecting C compiler ABI info
[0.269s] -- Detecting C compiler ABI info - done
[0.278s] -- Check for working C compiler: /usr/bin/cc - skipped
[0.278s] -- Detecting C compile features
[0.278s] -- Detecting C compile features - done
[0.278s] -- Detecting CXX compiler ABI info
[0.372s] -- Detecting CXX compiler ABI info - done
[0.379s] -- Check for working CXX compiler: /usr/bin/c++ - skipped
[0.379s] -- Detecting CXX compile features
[0.380s] -- Detecting CXX compile features - done
[0.382s] -- Found moveit_common: 2.5.9 (/home/rosuser/ros2_ws/ws_moveit/install/moveit_common/share/moveit_common/cmake)
[0.385s] -- Found ament_cmake: 1.3.11 (/opt/ros/humble/share/ament_cmake/cmake)
[0.600s] -- Found Python3: /usr/bin/python3 (found version "3.10.12") found components: Interpreter 
[0.857s] -- Found moveit_msgs: 2.2.1 (/opt/ros/humble/share/moveit_msgs/cmake)
[1.066s] -- Found rosidl_generator_c: 3.1.6 (/opt/ros/humble/share/rosidl_generator_c/cmake)
[1.084s] -- Found rosidl_adapter: 3.1.6 (/opt/ros/humble/share/rosidl_adapter/cmake)
[1.102s] -- Found rosidl_generator_cpp: 3.1.6 (/opt/ros/humble/share/rosidl_generator_cpp/cmake)
[1.128s] -- Using all available rosidl_typesupport_c: rosidl_typesupport_fastrtps_c;rosidl_typesupport_introspection_c
[1.167s] -- Using all available rosidl_typesupport_cpp: rosidl_typesupport_fastrtps_cpp;rosidl_typesupport_introspection_cpp
[1.408s] -- Found moveit_core: 2.5.9 (/home/rosuser/ros2_ws/ws_moveit/install/moveit_core/share/moveit_core/cmake)
[1.673s] -- Found Boost: /usr/lib/aarch64-linux-gnu/cmake/Boost-1.74.0/BoostConfig.cmake (found version "1.74.0") found components: chrono date_time filesystem iostreams program_options regex serialization system thread 
[1.815s] -- Found parameter_traits: 0.4.0 (/opt/ros/humble/share/parameter_traits/cmake)
[1.931s] -- Found rmw_implementation_cmake: 6.1.2 (/opt/ros/humble/share/rmw_implementation_cmake/cmake)
[1.944s] -- Found rmw_fastrtps_cpp: 6.2.7 (/opt/ros/humble/share/rmw_fastrtps_cpp/cmake)
[2.080s] -- Found OpenSSL: /usr/lib/aarch64-linux-gnu/libcrypto.so (found version "3.0.2")  
[2.101s] -- Found FastRTPS: /opt/ros/humble/include  
[2.143s] -- Using RMW implementation 'rmw_fastrtps_cpp' as default
[2.169s] -- Found Threads: TRUE  
[2.251s] -- Found Eigen3: TRUE (found version "3.4.0") 
[2.257s] -- Found rclcpp_lifecycle: 16.0.12 (/opt/ros/humble/share/rclcpp_lifecycle/cmake)
[2.294s] -- Found Boost: /usr/lib/aarch64-linux-gnu/cmake/Boost-1.74.0/BoostConfig.cmake (found version "1.74.0") found components: filesystem 
[2.381s] -- library: /usr/lib/aarch64-linux-gnu/libcurl.so
[2.431s] -- Ensuring Eigen3 include directory is part of orocos-kdl CMake target
[2.676s] -- Found moveit_ros_planning: 2.5.9 (/home/rosuser/ros2_ws/ws_moveit/install/moveit_ros_planning/share/moveit_ros_planning/cmake)
[2.682s] -- Found Boost: /usr/lib/aarch64-linux-gnu/cmake/Boost-1.74.0/BoostConfig.cmake (found version "1.74.0") found components: system filesystem date_time program_options thread chrono 
[2.705s] -- Found moveit_ros_warehouse: 2.5.9 (/home/rosuser/ros2_ws/ws_moveit/install/moveit_ros_warehouse/share/moveit_ros_warehouse/cmake)
[2.710s] -- Found Boost: /usr/lib/aarch64-linux-gnu/cmake/Boost-1.74.0/BoostConfig.cmake (found version "1.74.0") found components: thread system filesystem regex date_time program_options 
[2.746s] -- Found moveit_ros_move_group: 2.5.9 (/home/rosuser/ros2_ws/ws_moveit/install/moveit_ros_move_group/share/moveit_ros_move_group/cmake)
[2.754s] -- Found Boost: /usr/lib/aarch64-linux-gnu/cmake/Boost-1.74.0/BoostConfig.cmake (found version "1.74.0") found components: system filesystem date_time program_options thread 
[2.822s] -- Found rclpy: 3.3.16 (/opt/ros/humble/share/rclpy/cmake)
[2.827s] -- Found Boost: /usr/lib/aarch64-linux-gnu/cmake/Boost-1.74.0/BoostConfig.cmake (found version "1.74.0") found components: date_time filesystem program_options system thread 
[2.846s] -- Performing Test COMPILER_HAS_HIDDEN_VISIBILITY
[2.958s] -- Performing Test COMPILER_HAS_HIDDEN_VISIBILITY - Success
[2.958s] -- Performing Test COMPILER_HAS_HIDDEN_INLINE_VISIBILITY
[3.052s] -- Performing Test COMPILER_HAS_HIDDEN_INLINE_VISIBILITY - Success
[3.054s] -- Performing Test COMPILER_HAS_DEPRECATED_ATTR
[3.149s] -- Performing Test COMPILER_HAS_DEPRECATED_ATTR - Success
[3.161s] -- Found ament_cmake_gtest: 1.3.11 (/opt/ros/humble/share/ament_cmake_gtest/cmake)
[3.174s] -- Found ros_testing: 0.4.0 (/opt/ros/humble/share/ros_testing/cmake)
[3.180s] -- Found launch_testing_ament_cmake: 1.0.8 (/opt/ros/humble/share/launch_testing_ament_cmake/cmake)
[3.187s] -- Found python_cmake_module: 0.10.0 (/opt/ros/humble/share/python_cmake_module/cmake)
[3.206s] -- Found PythonInterp: /usr/bin/python3 (found suitable version "3.10.12", minimum required is "3.6") 
[3.214s] -- Found PythonLibs: /usr/lib/aarch64-linux-gnu/libpython3.10.so (found suitable version "3.10.12", minimum required is "3.5") 
[3.214s] -- Using PYTHON_EXECUTABLE: /usr/bin/python3
[3.214s] -- Using PYTHON_INCLUDE_DIRS: /usr/include/python3.10
[3.214s] -- Using PYTHON_LIBRARIES: /usr/lib/aarch64-linux-gnu/libpython3.10.so
[3.231s] -- Found PythonExtra: .so  
[3.237s] -- Found ament_lint_auto: 0.12.12 (/opt/ros/humble/share/ament_lint_auto/cmake)
[3.247s] -- Found Boost: /usr/lib/aarch64-linux-gnu/cmake/Boost-1.74.0/BoostConfig.cmake (found version "1.74.0") found components: thread 
[3.318s] -- Configuring done
[3.387s] -- Generating done
[3.398s] -- Build files have been written to: /home/rosuser/ros2_ws/ws_moveit/build/moveit_ros_planning_interface
[3.409s] Invoked command in '/home/rosuser/ros2_ws/ws_moveit/build/moveit_ros_planning_interface' returned '0': AMENT_PREFIX_PATH=/home/rosuser/ros2_ws/ws_moveit/install/moveit_ros_move_group:/home/rosuser/ros2_ws/ws_moveit/install/moveit_ros_warehouse:/home/rosuser/ros2_ws/ws_moveit/install/moveit_planners_ompl:/home/rosuser/ros2_ws/ws_moveit/install/moveit_kinematics:/home/rosuser/ros2_ws/ws_moveit/install/moveit_ros_planning:/home/rosuser/ros2_ws/ws_moveit/install/moveit_simple_controller_manager:/home/rosuser/ros2_ws/ws_moveit/install/moveit_ros_occupancy_map_monitor:/home/rosuser/ros2_ws/ws_moveit/install/moveit_core:/home/rosuser/ros2_ws/ws_moveit/install/moveit_resources_panda_moveit_config:/home/rosuser/ros2_ws/ws_moveit/install/moveit_resources_fanuc_moveit_config:/home/rosuser/ros2_ws/ws_moveit/install/moveit_configs_utils:/home/rosuser/ros2_ws/ws_moveit/install/srdfdom:/home/rosuser/ros2_ws/ws_moveit/install/moveit_resources_pr2_description:/home/rosuser/ros2_ws/ws_moveit/install/moveit_resources_panda_description:/home/rosuser/ros2_ws/ws_moveit/install/moveit_resources_fanuc_description:/home/rosuser/ros2_ws/ws_moveit/install/moveit_common:/home/rosuser/ros2_ws/ws_moveit/install/launch_param_builder:${AMENT_PREFIX_PATH} CMAKE_PREFIX_PATH=/home/rosuser/ros2_ws/ws_moveit/install/moveit_ros_move_group:/home/rosuser/ros2_ws/ws_moveit/install/moveit_ros_warehouse:/home/rosuser/ros2_ws/ws_moveit/install/moveit_planners_ompl:/home/rosuser/ros2_ws/ws_moveit/install/moveit_kinematics:/home/rosuser/ros2_ws/ws_moveit/install/moveit_ros_planning:/home/rosuser/ros2_ws/ws_moveit/install/moveit_simple_controller_manager:/home/rosuser/ros2_ws/ws_moveit/install/moveit_ros_occupancy_map_monitor:/home/rosuser/ros2_ws/ws_moveit/install/moveit_core:/home/rosuser/ros2_ws/ws_moveit/install/moveit_resources_panda_moveit_config:/home/rosuser/ros2_ws/ws_moveit/install/moveit_resources_fanuc_moveit_config:/home/rosuser/ros2_ws/ws_moveit/install/srdfdom:/home/rosuser/ros2_ws/ws_moveit/install/moveit_resources_pr2_description:/home/rosuser/ros2_ws/ws_moveit/install/moveit_resources_panda_description:/home/rosuser/ros2_ws/ws_moveit/install/moveit_resources_fanuc_description:/home/rosuser/ros2_ws/ws_moveit/install/moveit_common:/opt/ros/humble LD_LIBRARY_PATH=/home/rosuser/ros2_ws/ws_moveit/install/moveit_ros_move_group/lib:/home/rosuser/ros2_ws/ws_moveit/install/moveit_ros_warehouse/lib:/home/rosuser/ros2_ws/ws_moveit/install/moveit_planners_ompl/lib:/home/rosuser/ros2_ws/ws_moveit/install/moveit_kinematics/lib:/home/rosuser/ros2_ws/ws_moveit/install/moveit_ros_planning/lib:/home/rosuser/ros2_ws/ws_moveit/install/moveit_simple_controller_manager/lib:/home/rosuser/ros2_ws/ws_moveit/install/moveit_ros_occupancy_map_monitor/lib:/home/rosuser/ros2_ws/ws_moveit/install/moveit_core/lib:/home/rosuser/ros2_ws/ws_moveit/install/srdfdom/lib:${LD_LIBRARY_PATH} PATH=/home/rosuser/ros2_ws/ws_moveit/install/moveit_core/bin:${PATH} PYTHONPATH=/home/rosuser/ros2_ws/ws_moveit/install/moveit_configs_utils/lib/python3.10/site-packages:/home/rosuser/ros2_ws/ws_moveit/install/srdfdom/local/lib/python3.10/dist-packages:/home/rosuser/ros2_ws/ws_moveit/install/launch_param_builder/lib/python3.10/site-packages:${PYTHONPATH} /usr/bin/cmake /home/rosuser/ros2_ws/ws_moveit/src/moveit2/moveit_ros/planning_interface -DCMAKE_BUILD_TYPE=Release -DCMAKE_INSTALL_PREFIX=/home/rosuser/ros2_ws/ws_moveit/install/moveit_ros_planning_interface
[3.413s] Invoking command in '/home/rosuser/ros2_ws/ws_moveit/build/moveit_ros_planning_interface': AMENT_PREFIX_PATH=/home/rosuser/ros2_ws/ws_moveit/install/moveit_ros_move_group:/home/rosuser/ros2_ws/ws_moveit/install/moveit_ros_warehouse:/home/rosuser/ros2_ws/ws_moveit/install/moveit_planners_ompl:/home/rosuser/ros2_ws/ws_moveit/install/moveit_kinematics:/home/rosuser/ros2_ws/ws_moveit/install/moveit_ros_planning:/home/rosuser/ros2_ws/ws_moveit/install/moveit_simple_controller_manager:/home/rosuser/ros2_ws/ws_moveit/install/moveit_ros_occupancy_map_monitor:/home/rosuser/ros2_ws/ws_moveit/install/moveit_core:/home/rosuser/ros2_ws/ws_moveit/install/moveit_resources_panda_moveit_config:/home/rosuser/ros2_ws/ws_moveit/install/moveit_resources_fanuc_moveit_config:/home/rosuser/ros2_ws/ws_moveit/install/moveit_configs_utils:/home/rosuser/ros2_ws/ws_moveit/install/srdfdom:/home/rosuser/ros2_ws/ws_moveit/install/moveit_resources_pr2_description:/home/rosuser/ros2_ws/ws_moveit/install/moveit_resources_panda_description:/home/rosuser/ros2_ws/ws_moveit/install/moveit_resources_fanuc_description:/home/rosuser/ros2_ws/ws_moveit/install/moveit_common:/home/rosuser/ros2_ws/ws_moveit/install/launch_param_builder:${AMENT_PREFIX_PATH} CMAKE_PREFIX_PATH=/home/rosuser/ros2_ws/ws_moveit/install/moveit_ros_move_group:/home/rosuser/ros2_ws/ws_moveit/install/moveit_ros_warehouse:/home/rosuser/ros2_ws/ws_moveit/install/moveit_planners_ompl:/home/rosuser/ros2_ws/ws_moveit/install/moveit_kinematics:/home/rosuser/ros2_ws/ws_moveit/install/moveit_ros_planning:/home/rosuser/ros2_ws/ws_moveit/install/moveit_simple_controller_manager:/home/rosuser/ros2_ws/ws_moveit/install/moveit_ros_occupancy_map_monitor:/home/rosuser/ros2_ws/ws_moveit/install/moveit_core:/home/rosuser/ros2_ws/ws_moveit/install/moveit_resources_panda_moveit_config:/home/rosuser/ros2_ws/ws_moveit/install/moveit_resources_fanuc_moveit_config:/home/rosuser/ros2_ws/ws_moveit/install/srdfdom:/home/rosuser/ros2_ws/ws_moveit/install/moveit_resources_pr2_description:/home/rosuser/ros2_ws/ws_moveit/install/moveit_resources_panda_description:/home/rosuser/ros2_ws/ws_moveit/install/moveit_resources_fanuc_description:/home/rosuser/ros2_ws/ws_moveit/install/moveit_common:/opt/ros/humble LD_LIBRARY_PATH=/home/rosuser/ros2_ws/ws_moveit/install/moveit_ros_move_group/lib:/home/rosuser/ros2_ws/ws_moveit/install/moveit_ros_warehouse/lib:/home/rosuser/ros2_ws/ws_moveit/install/moveit_planners_ompl/lib:/home/rosuser/ros2_ws/ws_moveit/install/moveit_kinematics/lib:/home/rosuser/ros2_ws/ws_moveit/install/moveit_ros_planning/lib:/home/rosuser/ros2_ws/ws_moveit/install/moveit_simple_controller_manager/lib:/home/rosuser/ros2_ws/ws_moveit/install/moveit_ros_occupancy_map_monitor/lib:/home/rosuser/ros2_ws/ws_moveit/install/moveit_core/lib:/home/rosuser/ros2_ws/ws_moveit/install/srdfdom/lib:${LD_LIBRARY_PATH} PATH=/home/rosuser/ros2_ws/ws_moveit/install/moveit_core/bin:${PATH} PYTHONPATH=/home/rosuser/ros2_ws/ws_moveit/install/moveit_configs_utils/lib/python3.10/site-packages:/home/rosuser/ros2_ws/ws_moveit/install/srdfdom/local/lib/python3.10/dist-packages:/home/rosuser/ros2_ws/ws_moveit/install/launch_param_builder/lib/python3.10/site-packages:${PYTHONPATH} /usr/bin/cmake --build /home/rosuser/ros2_ws/ws_moveit/build/moveit_ros_planning_interface -- -j8 -l8
[3.470s] [ 16%] [32mBuilding CXX object common_planning_interface_objects/CMakeFiles/moveit_common_planning_interface_objects.dir/src/common_objects.cpp.o[0m
[3.470s] [ 33%] [32mBuilding CXX object planning_scene_interface/CMakeFiles/moveit_planning_scene_interface.dir/src/planning_scene_interface.cpp.o[0m
[12.419s] [ 50%] [32m[1mLinking CXX shared library libmoveit_common_planning_interface_objects.so[0m
[12.628s] [ 50%] Built target moveit_common_planning_interface_objects
[14.834s] [ 66%] [32m[1mLinking CXX shared library libmoveit_planning_scene_interface.so[0m
[15.405s] [ 66%] Built target moveit_planning_scene_interface
[15.422s] [ 83%] [32mBuilding CXX object move_group_interface/CMakeFiles/moveit_move_group_interface.dir/src/move_group_interface.cpp.o[0m
[31.461s] [100%] [32m[1mLinking CXX shared library libmoveit_move_group_interface.so[0m
[31.728s] [100%] Built target moveit_move_group_interface
[31.738s] Invoked command in '/home/rosuser/ros2_ws/ws_moveit/build/moveit_ros_planning_interface' returned '0': AMENT_PREFIX_PATH=/home/rosuser/ros2_ws/ws_moveit/install/moveit_ros_move_group:/home/rosuser/ros2_ws/ws_moveit/install/moveit_ros_warehouse:/home/rosuser/ros2_ws/ws_moveit/install/moveit_planners_ompl:/home/rosuser/ros2_ws/ws_moveit/install/moveit_kinematics:/home/rosuser/ros2_ws/ws_moveit/install/moveit_ros_planning:/home/rosuser/ros2_ws/ws_moveit/install/moveit_simple_controller_manager:/home/rosuser/ros2_ws/ws_moveit/install/moveit_ros_occupancy_map_monitor:/home/rosuser/ros2_ws/ws_moveit/install/moveit_core:/home/rosuser/ros2_ws/ws_moveit/install/moveit_resources_panda_moveit_config:/home/rosuser/ros2_ws/ws_moveit/install/moveit_resources_fanuc_moveit_config:/home/rosuser/ros2_ws/ws_moveit/install/moveit_configs_utils:/home/rosuser/ros2_ws/ws_moveit/install/srdfdom:/home/rosuser/ros2_ws/ws_moveit/install/moveit_resources_pr2_description:/home/rosuser/ros2_ws/ws_moveit/install/moveit_resources_panda_description:/home/rosuser/ros2_ws/ws_moveit/install/moveit_resources_fanuc_description:/home/rosuser/ros2_ws/ws_moveit/install/moveit_common:/home/rosuser/ros2_ws/ws_moveit/install/launch_param_builder:${AMENT_PREFIX_PATH} CMAKE_PREFIX_PATH=/home/rosuser/ros2_ws/ws_moveit/install/moveit_ros_move_group:/home/rosuser/ros2_ws/ws_moveit/install/moveit_ros_warehouse:/home/rosuser/ros2_ws/ws_moveit/install/moveit_planners_ompl:/home/rosuser/ros2_ws/ws_moveit/install/moveit_kinematics:/home/rosuser/ros2_ws/ws_moveit/install/moveit_ros_planning:/home/rosuser/ros2_ws/ws_moveit/install/moveit_simple_controller_manager:/home/rosuser/ros2_ws/ws_moveit/install/moveit_ros_occupancy_map_monitor:/home/rosuser/ros2_ws/ws_moveit/install/moveit_core:/home/rosuser/ros2_ws/ws_moveit/install/moveit_resources_panda_moveit_config:/home/rosuser/ros2_ws/ws_moveit/install/moveit_resources_fanuc_moveit_config:/home/rosuser/ros2_ws/ws_moveit/install/srdfdom:/home/rosuser/ros2_ws/ws_moveit/install/moveit_resources_pr2_description:/home/rosuser/ros2_ws/ws_moveit/install/moveit_resources_panda_description:/home/rosuser/ros2_ws/ws_moveit/install/moveit_resources_fanuc_description:/home/rosuser/ros2_ws/ws_moveit/install/moveit_common:/opt/ros/humble LD_LIBRARY_PATH=/home/rosuser/ros2_ws/ws_moveit/install/moveit_ros_move_group/lib:/home/rosuser/ros2_ws/ws_moveit/install/moveit_ros_warehouse/lib:/home/rosuser/ros2_ws/ws_moveit/install/moveit_planners_ompl/lib:/home/rosuser/ros2_ws/ws_moveit/install/moveit_kinematics/lib:/home/rosuser/ros2_ws/ws_moveit/install/moveit_ros_planning/lib:/home/rosuser/ros2_ws/ws_moveit/install/moveit_simple_controller_manager/lib:/home/rosuser/ros2_ws/ws_moveit/install/moveit_ros_occupancy_map_monitor/lib:/home/rosuser/ros2_ws/ws_moveit/install/moveit_core/lib:/home/rosuser/ros2_ws/ws_moveit/install/srdfdom/lib:${LD_LIBRARY_PATH} PATH=/home/rosuser/ros2_ws/ws_moveit/install/moveit_core/bin:${PATH} PYTHONPATH=/home/rosuser/ros2_ws/ws_moveit/install/moveit_configs_utils/lib/python3.10/site-packages:/home/rosuser/ros2_ws/ws_moveit/install/srdfdom/local/lib/python3.10/dist-packages:/home/rosuser/ros2_ws/ws_moveit/install/launch_param_builder/lib/python3.10/site-packages:${PYTHONPATH} /usr/bin/cmake --build /home/rosuser/ros2_ws/ws_moveit/build/moveit_ros_planning_interface -- -j8 -l8
[31.740s] Invoking command in '/home/rosuser/ros2_ws/ws_moveit/build/moveit_ros_planning_interface': AMENT_PREFIX_PATH=/home/rosuser/ros2_ws/ws_moveit/install/moveit_ros_move_group:/home/rosuser/ros2_ws/ws_moveit/install/moveit_ros_warehouse:/home/rosuser/ros2_ws/ws_moveit/install/moveit_planners_ompl:/home/rosuser/ros2_ws/ws_moveit/install/moveit_kinematics:/home/rosuser/ros2_ws/ws_moveit/install/moveit_ros_planning:/home/rosuser/ros2_ws/ws_moveit/install/moveit_simple_controller_manager:/home/rosuser/ros2_ws/ws_moveit/install/moveit_ros_occupancy_map_monitor:/home/rosuser/ros2_ws/ws_moveit/install/moveit_core:/home/rosuser/ros2_ws/ws_moveit/install/moveit_resources_panda_moveit_config:/home/rosuser/ros2_ws/ws_moveit/install/moveit_resources_fanuc_moveit_config:/home/rosuser/ros2_ws/ws_moveit/install/moveit_configs_utils:/home/rosuser/ros2_ws/ws_moveit/install/srdfdom:/home/rosuser/ros2_ws/ws_moveit/install/moveit_resources_pr2_description:/home/rosuser/ros2_ws/ws_moveit/install/moveit_resources_panda_description:/home/rosuser/ros2_ws/ws_moveit/install/moveit_resources_fanuc_description:/home/rosuser/ros2_ws/ws_moveit/install/moveit_common:/home/rosuser/ros2_ws/ws_moveit/install/launch_param_builder:${AMENT_PREFIX_PATH} CMAKE_PREFIX_PATH=/home/rosuser/ros2_ws/ws_moveit/install/moveit_ros_move_group:/home/rosuser/ros2_ws/ws_moveit/install/moveit_ros_warehouse:/home/rosuser/ros2_ws/ws_moveit/install/moveit_planners_ompl:/home/rosuser/ros2_ws/ws_moveit/install/moveit_kinematics:/home/rosuser/ros2_ws/ws_moveit/install/moveit_ros_planning:/home/rosuser/ros2_ws/ws_moveit/install/moveit_simple_controller_manager:/home/rosuser/ros2_ws/ws_moveit/install/moveit_ros_occupancy_map_monitor:/home/rosuser/ros2_ws/ws_moveit/install/moveit_core:/home/rosuser/ros2_ws/ws_moveit/install/moveit_resources_panda_moveit_config:/home/rosuser/ros2_ws/ws_moveit/install/moveit_resources_fanuc_moveit_config:/home/rosuser/ros2_ws/ws_moveit/install/srdfdom:/home/rosuser/ros2_ws/ws_moveit/install/moveit_resources_pr2_description:/home/rosuser/ros2_ws/ws_moveit/install/moveit_resources_panda_description:/home/rosuser/ros2_ws/ws_moveit/install/moveit_resources_fanuc_description:/home/rosuser/ros2_ws/ws_moveit/install/moveit_common:/opt/ros/humble LD_LIBRARY_PATH=/home/rosuser/ros2_ws/ws_moveit/install/moveit_ros_move_group/lib:/home/rosuser/ros2_ws/ws_moveit/install/moveit_ros_warehouse/lib:/home/rosuser/ros2_ws/ws_moveit/install/moveit_planners_ompl/lib:/home/rosuser/ros2_ws/ws_moveit/install/moveit_kinematics/lib:/home/rosuser/ros2_ws/ws_moveit/install/moveit_ros_planning/lib:/home/rosuser/ros2_ws/ws_moveit/install/moveit_simple_controller_manager/lib:/home/rosuser/ros2_ws/ws_moveit/install/moveit_ros_occupancy_map_monitor/lib:/home/rosuser/ros2_ws/ws_moveit/install/moveit_core/lib:/home/rosuser/ros2_ws/ws_moveit/install/srdfdom/lib:${LD_LIBRARY_PATH} PATH=/home/rosuser/ros2_ws/ws_moveit/install/moveit_core/bin:${PATH} PYTHONPATH=/home/rosuser/ros2_ws/ws_moveit/install/moveit_configs_utils/lib/python3.10/site-packages:/home/rosuser/ros2_ws/ws_moveit/install/srdfdom/local/lib/python3.10/dist-packages:/home/rosuser/ros2_ws/ws_moveit/install/launch_param_builder/lib/python3.10/site-packages:${PYTHONPATH} /usr/bin/cmake --install /home/rosuser/ros2_ws/ws_moveit/build/moveit_ros_planning_interface
[31.743s] -- Install configuration: "Release"
[31.743s] -- Installing: /home/rosuser/ros2_ws/ws_moveit/install/moveit_ros_planning_interface/include
[31.744s] -- Installing: /home/rosuser/ros2_ws/ws_moveit/install/moveit_ros_planning_interface/include/moveit
[31.744s] -- Installing: /home/rosuser/ros2_ws/ws_moveit/install/moveit_ros_planning_interface/include/moveit/common_planning_interface_objects
[31.744s] -- Installing: /home/rosuser/ros2_ws/ws_moveit/install/moveit_ros_planning_interface/include/moveit/common_planning_interface_objects/common_objects.h
[31.744s] -- Up-to-date: /home/rosuser/ros2_ws/ws_moveit/install/moveit_ros_planning_interface/include
[31.744s] -- Up-to-date: /home/rosuser/ros2_ws/ws_moveit/install/moveit_ros_planning_interface/include/moveit
[31.744s] -- Installing: /home/rosuser/ros2_ws/ws_moveit/install/moveit_ros_planning_interface/include/moveit/planning_scene_interface
[31.744s] -- Installing: /home/rosuser/ros2_ws/ws_moveit/install/moveit_ros_planning_interface/include/moveit/planning_scene_interface/planning_scene_interface.h
[31.744s] -- Up-to-date: /home/rosuser/ros2_ws/ws_moveit/install/moveit_ros_planning_interface/include
[31.744s] -- Up-to-date: /home/rosuser/ros2_ws/ws_moveit/install/moveit_ros_planning_interface/include/moveit
[31.744s] -- Installing: /home/rosuser/ros2_ws/ws_moveit/install/moveit_ros_planning_interface/include/moveit/move_group_interface
[31.744s] -- Installing: /home/rosuser/ros2_ws/ws_moveit/install/moveit_ros_planning_interface/include/moveit/move_group_interface/move_group_interface.h
[31.744s] -- Installing: /home/rosuser/ros2_ws/ws_moveit/install/moveit_ros_planning_interface/include/moveit_move_group_interface_export.h
[31.745s] -- Installing: /home/rosuser/ros2_ws/ws_moveit/install/moveit_ros_planning_interface/lib/libmoveit_common_planning_interface_objects.so.2.5.9
[31.745s] -- Set runtime path of "/home/rosuser/ros2_ws/ws_moveit/install/moveit_ros_planning_interface/lib/libmoveit_common_planning_interface_objects.so.2.5.9" to ""
[31.745s] -- Installing: /home/rosuser/ros2_ws/ws_moveit/install/moveit_ros_planning_interface/lib/libmoveit_common_planning_interface_objects.so
[31.746s] -- Installing: /home/rosuser/ros2_ws/ws_moveit/install/moveit_ros_planning_interface/lib/libmoveit_planning_scene_interface.so.2.5.9
[31.746s] -- Set runtime path of "/home/rosuser/ros2_ws/ws_moveit/install/moveit_ros_planning_interface/lib/libmoveit_planning_scene_interface.so.2.5.9" to ""
[31.746s] -- Installing: /home/rosuser/ros2_ws/ws_moveit/install/moveit_ros_planning_interface/lib/libmoveit_planning_scene_interface.so
[31.746s] -- Installing: /home/rosuser/ros2_ws/ws_moveit/install/moveit_ros_planning_interface/lib/libmoveit_move_group_interface.so.2.5.9
[31.748s] -- Set runtime path of "/home/rosuser/ros2_ws/ws_moveit/install/moveit_ros_planning_interface/lib/libmoveit_move_group_interface.so.2.5.9" to ""
[31.748s] -- Installing: /home/rosuser/ros2_ws/ws_moveit/install/moveit_ros_planning_interface/lib/libmoveit_move_group_interface.so
[31.748s] -- Installing: /home/rosuser/ros2_ws/ws_moveit/install/moveit_ros_planning_interface/share/moveit_ros_planning_interface/environment/library_path.sh
[31.748s] -- Installing: /home/rosuser/ros2_ws/ws_moveit/install/moveit_ros_planning_interface/share/moveit_ros_planning_interface/environment/library_path.dsv
[31.748s] -- Installing: /home/rosuser/ros2_ws/ws_moveit/install/moveit_ros_planning_interface/share/ament_index/resource_index/package_run_dependencies/moveit_ros_planning_interface
[31.748s] -- Installing: /home/rosuser/ros2_ws/ws_moveit/install/moveit_ros_planning_interface/share/ament_index/resource_index/parent_prefix_path/moveit_ros_planning_interface
[31.748s] -- Installing: /home/rosuser/ros2_ws/ws_moveit/install/moveit_ros_planning_interface/share/moveit_ros_planning_interface/environment/ament_prefix_path.sh
[31.748s] -- Installing: /home/rosuser/ros2_ws/ws_moveit/install/moveit_ros_planning_interface/share/moveit_ros_planning_interface/environment/ament_prefix_path.dsv
[31.749s] -- Installing: /home/rosuser/ros2_ws/ws_moveit/install/moveit_ros_planning_interface/share/moveit_ros_planning_interface/environment/path.sh
[31.749s] -- Installing: /home/rosuser/ros2_ws/ws_moveit/install/moveit_ros_planning_interface/share/moveit_ros_planning_interface/environment/path.dsv
[31.749s] -- Installing: /home/rosuser/ros2_ws/ws_moveit/install/moveit_ros_planning_interface/share/moveit_ros_planning_interface/local_setup.bash
[31.749s] -- Installing: /home/rosuser/ros2_ws/ws_moveit/install/moveit_ros_planning_interface/share/moveit_ros_planning_interface/local_setup.sh
[31.749s] -- Installing: /home/rosuser/ros2_ws/ws_moveit/install/moveit_ros_planning_interface/share/moveit_ros_planning_interface/local_setup.zsh
[31.749s] -- Installing: /home/rosuser/ros2_ws/ws_moveit/install/moveit_ros_planning_interface/share/moveit_ros_planning_interface/local_setup.dsv
[31.749s] -- Installing: /home/rosuser/ros2_ws/ws_moveit/install/moveit_ros_planning_interface/share/moveit_ros_planning_interface/package.dsv
[31.749s] -- Installing: /home/rosuser/ros2_ws/ws_moveit/install/moveit_ros_planning_interface/share/ament_index/resource_index/packages/moveit_ros_planning_interface
[31.749s] -- Installing: /home/rosuser/ros2_ws/ws_moveit/install/moveit_ros_planning_interface/share/moveit_ros_planning_interface/cmake/export_moveit_ros_planning_interfaceExport.cmake
[31.750s] -- Installing: /home/rosuser/ros2_ws/ws_moveit/install/moveit_ros_planning_interface/share/moveit_ros_planning_interface/cmake/export_moveit_ros_planning_interfaceExport-release.cmake
[31.750s] -- Installing: /home/rosuser/ros2_ws/ws_moveit/install/moveit_ros_planning_interface/share/moveit_ros_planning_interface/cmake/ConfigExtras.cmake
[31.750s] -- Installing: /home/rosuser/ros2_ws/ws_moveit/install/moveit_ros_planning_interface/share/moveit_ros_planning_interface/cmake/ament_cmake_export_targets-extras.cmake
[31.750s] -- Installing: /home/rosuser/ros2_ws/ws_moveit/install/moveit_ros_planning_interface/share/moveit_ros_planning_interface/cmake/ament_cmake_export_dependencies-extras.cmake
[31.750s] -- Installing: /home/rosuser/ros2_ws/ws_moveit/install/moveit_ros_planning_interface/share/moveit_ros_planning_interface/cmake/moveit_ros_planning_interfaceConfig.cmake
[31.750s] -- Installing: /home/rosuser/ros2_ws/ws_moveit/install/moveit_ros_planning_interface/share/moveit_ros_planning_interface/cmake/moveit_ros_planning_interfaceConfig-version.cmake
[31.750s] -- Installing: /home/rosuser/ros2_ws/ws_moveit/install/moveit_ros_planning_interface/share/moveit_ros_planning_interface/package.xml
[31.752s] Invoked command in '/home/rosuser/ros2_ws/ws_moveit/build/moveit_ros_planning_interface' returned '0': AMENT_PREFIX_PATH=/home/rosuser/ros2_ws/ws_moveit/install/moveit_ros_move_group:/home/rosuser/ros2_ws/ws_moveit/install/moveit_ros_warehouse:/home/rosuser/ros2_ws/ws_moveit/install/moveit_planners_ompl:/home/rosuser/ros2_ws/ws_moveit/install/moveit_kinematics:/home/rosuser/ros2_ws/ws_moveit/install/moveit_ros_planning:/home/rosuser/ros2_ws/ws_moveit/install/moveit_simple_controller_manager:/home/rosuser/ros2_ws/ws_moveit/install/moveit_ros_occupancy_map_monitor:/home/rosuser/ros2_ws/ws_moveit/install/moveit_core:/home/rosuser/ros2_ws/ws_moveit/install/moveit_resources_panda_moveit_config:/home/rosuser/ros2_ws/ws_moveit/install/moveit_resources_fanuc_moveit_config:/home/rosuser/ros2_ws/ws_moveit/install/moveit_configs_utils:/home/rosuser/ros2_ws/ws_moveit/install/srdfdom:/home/rosuser/ros2_ws/ws_moveit/install/moveit_resources_pr2_description:/home/rosuser/ros2_ws/ws_moveit/install/moveit_resources_panda_description:/home/rosuser/ros2_ws/ws_moveit/install/moveit_resources_fanuc_description:/home/rosuser/ros2_ws/ws_moveit/install/moveit_common:/home/rosuser/ros2_ws/ws_moveit/install/launch_param_builder:${AMENT_PREFIX_PATH} CMAKE_PREFIX_PATH=/home/rosuser/ros2_ws/ws_moveit/install/moveit_ros_move_group:/home/rosuser/ros2_ws/ws_moveit/install/moveit_ros_warehouse:/home/rosuser/ros2_ws/ws_moveit/install/moveit_planners_ompl:/home/rosuser/ros2_ws/ws_moveit/install/moveit_kinematics:/home/rosuser/ros2_ws/ws_moveit/install/moveit_ros_planning:/home/rosuser/ros2_ws/ws_moveit/install/moveit_simple_controller_manager:/home/rosuser/ros2_ws/ws_moveit/install/moveit_ros_occupancy_map_monitor:/home/rosuser/ros2_ws/ws_moveit/install/moveit_core:/home/rosuser/ros2_ws/ws_moveit/install/moveit_resources_panda_moveit_config:/home/rosuser/ros2_ws/ws_moveit/install/moveit_resources_fanuc_moveit_config:/home/rosuser/ros2_ws/ws_moveit/install/srdfdom:/home/rosuser/ros2_ws/ws_moveit/install/moveit_resources_pr2_description:/home/rosuser/ros2_ws/ws_moveit/install/moveit_resources_panda_description:/home/rosuser/ros2_ws/ws_moveit/install/moveit_resources_fanuc_description:/home/rosuser/ros2_ws/ws_moveit/install/moveit_common:/opt/ros/humble LD_LIBRARY_PATH=/home/rosuser/ros2_ws/ws_moveit/install/moveit_ros_move_group/lib:/home/rosuser/ros2_ws/ws_moveit/install/moveit_ros_warehouse/lib:/home/rosuser/ros2_ws/ws_moveit/install/moveit_planners_ompl/lib:/home/rosuser/ros2_ws/ws_moveit/install/moveit_kinematics/lib:/home/rosuser/ros2_ws/ws_moveit/install/moveit_ros_planning/lib:/home/rosuser/ros2_ws/ws_moveit/install/moveit_simple_controller_manager/lib:/home/rosuser/ros2_ws/ws_moveit/install/moveit_ros_occupancy_map_monitor/lib:/home/rosuser/ros2_ws/ws_moveit/install/moveit_core/lib:/home/rosuser/ros2_ws/ws_moveit/install/srdfdom/lib:${LD_LIBRARY_PATH} PATH=/home/rosuser/ros2_ws/ws_moveit/install/moveit_core/bin:${PATH} PYTHONPATH=/home/rosuser/ros2_ws/ws_moveit/install/moveit_configs_utils/lib/python3.10/site-packages:/home/rosuser/ros2_ws/ws_moveit/install/srdfdom/local/lib/python3.10/dist-packages:/home/rosuser/ros2_ws/ws_moveit/install/launch_param_builder/lib/python3.10/site-packages:${PYTHONPATH} /usr/bin/cmake --install /home/rosuser/ros2_ws/ws_moveit/build/moveit_ros_planning_interface
