[0.005s] Invoking command in '/home/rosuser/ros2_ws/ws_moveit/build/moveit_resources_panda_description': CMAKE_PREFIX_PATH=/opt/ros/humble /usr/bin/cmake /home/rosuser/ros2_ws/ws_moveit/src/moveit_resources/panda_description -DCMAKE_BUILD_TYPE=Release -DCMAKE_INSTALL_PREFIX=/home/rosuser/ros2_ws/ws_moveit/install/moveit_resources_panda_description
[0.046s] -- The C compiler identification is GNU 11.4.0
[0.081s] -- The CXX compiler identification is GNU 11.4.0
[0.088s] -- Detecting C compiler ABI info
[0.134s] -- Detecting C compiler ABI info - done
[0.140s] -- Check for working C compiler: /usr/bin/cc - skipped
[0.140s] -- Detecting C compile features
[0.140s] -- Detecting C compile features - done
[0.143s] -- Detecting CXX compiler ABI info
[0.199s] -- Detecting CXX compiler ABI info - done
[0.204s] -- Check for working CXX compiler: /usr/bin/c++ - skipped
[0.204s] -- Detecting CXX compile features
[0.204s] -- Detecting CXX compile features - done
[0.208s] -- Found ament_cmake: 1.3.11 (/opt/ros/humble/share/ament_cmake/cmake)
[0.292s] -- Found Python3: /usr/bin/python3 (found version "3.10.12") found components: Interpreter 
[0.385s] -- Configuring done
[0.387s] -- Generating done
[0.388s] -- Build files have been written to: /home/rosuser/ros2_ws/ws_moveit/build/moveit_resources_panda_description
[0.393s] Invoked command in '/home/rosuser/ros2_ws/ws_moveit/build/moveit_resources_panda_description' returned '0': CMAKE_PREFIX_PATH=/opt/ros/humble /usr/bin/cmake /home/rosuser/ros2_ws/ws_moveit/src/moveit_resources/panda_description -DCMAKE_BUILD_TYPE=Release -DCMAKE_INSTALL_PREFIX=/home/rosuser/ros2_ws/ws_moveit/install/moveit_resources_panda_description
[0.394s] Invoking command in '/home/rosuser/ros2_ws/ws_moveit/build/moveit_resources_panda_description': CMAKE_PREFIX_PATH=/opt/ros/humble /usr/bin/cmake --build /home/rosuser/ros2_ws/ws_moveit/build/moveit_resources_panda_description -- -j8 -l8
[0.417s] Invoked command in '/home/rosuser/ros2_ws/ws_moveit/build/moveit_resources_panda_description' returned '0': CMAKE_PREFIX_PATH=/opt/ros/humble /usr/bin/cmake --build /home/rosuser/ros2_ws/ws_moveit/build/moveit_resources_panda_description -- -j8 -l8
[0.419s] Invoking command in '/home/rosuser/ros2_ws/ws_moveit/build/moveit_resources_panda_description': CMAKE_PREFIX_PATH=/opt/ros/humble /usr/bin/cmake --install /home/rosuser/ros2_ws/ws_moveit/build/moveit_resources_panda_description
[0.422s] -- Install configuration: "Release"
[0.422s] -- Installing: /home/rosuser/ros2_ws/ws_moveit/install/moveit_resources_panda_description/share/ament_index/resource_index/package_run_dependencies/moveit_resources_panda_description
[0.423s] -- Installing: /home/rosuser/ros2_ws/ws_moveit/install/moveit_resources_panda_description/share/ament_index/resource_index/parent_prefix_path/moveit_resources_panda_description
[0.423s] -- Installing: /home/rosuser/ros2_ws/ws_moveit/install/moveit_resources_panda_description/share/moveit_resources_panda_description/environment/ament_prefix_path.sh
[0.423s] -- Installing: /home/rosuser/ros2_ws/ws_moveit/install/moveit_resources_panda_description/share/moveit_resources_panda_description/environment/ament_prefix_path.dsv
[0.423s] -- Installing: /home/rosuser/ros2_ws/ws_moveit/install/moveit_resources_panda_description/share/moveit_resources_panda_description/environment/path.sh
[0.423s] -- Installing: /home/rosuser/ros2_ws/ws_moveit/install/moveit_resources_panda_description/share/moveit_resources_panda_description/environment/path.dsv
[0.423s] -- Installing: /home/rosuser/ros2_ws/ws_moveit/install/moveit_resources_panda_description/share/moveit_resources_panda_description/local_setup.bash
[0.423s] -- Installing: /home/rosuser/ros2_ws/ws_moveit/install/moveit_resources_panda_description/share/moveit_resources_panda_description/local_setup.sh
[0.423s] -- Installing: /home/rosuser/ros2_ws/ws_moveit/install/moveit_resources_panda_description/share/moveit_resources_panda_description/local_setup.zsh
[0.423s] -- Installing: /home/rosuser/ros2_ws/ws_moveit/install/moveit_resources_panda_description/share/moveit_resources_panda_description/local_setup.dsv
[0.424s] -- Installing: /home/rosuser/ros2_ws/ws_moveit/install/moveit_resources_panda_description/share/moveit_resources_panda_description/package.dsv
[0.424s] -- Installing: /home/rosuser/ros2_ws/ws_moveit/install/moveit_resources_panda_description/share/ament_index/resource_index/packages/moveit_resources_panda_description
[0.424s] -- Installing: /home/rosuser/ros2_ws/ws_moveit/install/moveit_resources_panda_description/share/moveit_resources_panda_description/cmake/moveit_resources_panda_descriptionConfig.cmake
[0.424s] -- Installing: /home/rosuser/ros2_ws/ws_moveit/install/moveit_resources_panda_description/share/moveit_resources_panda_description/cmake/moveit_resources_panda_descriptionConfig-version.cmake
[0.424s] -- Installing: /home/rosuser/ros2_ws/ws_moveit/install/moveit_resources_panda_description/share/moveit_resources_panda_description/package.xml
[0.424s] -- Installing: /home/rosuser/ros2_ws/ws_moveit/install/moveit_resources_panda_description/share/moveit_resources_panda_description/meshes
[0.424s] -- Installing: /home/rosuser/ros2_ws/ws_moveit/install/moveit_resources_panda_description/share/moveit_resources_panda_description/meshes/collision
[0.425s] -- Installing: /home/rosuser/ros2_ws/ws_moveit/install/moveit_resources_panda_description/share/moveit_resources_panda_description/meshes/collision/link0.stl
[0.425s] -- Installing: /home/rosuser/ros2_ws/ws_moveit/install/moveit_resources_panda_description/share/moveit_resources_panda_description/meshes/collision/link6.stl
[0.425s] -- Installing: /home/rosuser/ros2_ws/ws_moveit/install/moveit_resources_panda_description/share/moveit_resources_panda_description/meshes/collision/hand.stl
[0.425s] -- Installing: /home/rosuser/ros2_ws/ws_moveit/install/moveit_resources_panda_description/share/moveit_resources_panda_description/meshes/collision/link3.stl
[0.425s] -- Installing: /home/rosuser/ros2_ws/ws_moveit/install/moveit_resources_panda_description/share/moveit_resources_panda_description/meshes/collision/link1.stl
[0.425s] -- Installing: /home/rosuser/ros2_ws/ws_moveit/install/moveit_resources_panda_description/share/moveit_resources_panda_description/meshes/collision/link4.stl
[0.425s] -- Installing: /home/rosuser/ros2_ws/ws_moveit/install/moveit_resources_panda_description/share/moveit_resources_panda_description/meshes/collision/link2.stl
[0.425s] -- Installing: /home/rosuser/ros2_ws/ws_moveit/install/moveit_resources_panda_description/share/moveit_resources_panda_description/meshes/collision/link7.stl
[0.425s] -- Installing: /home/rosuser/ros2_ws/ws_moveit/install/moveit_resources_panda_description/share/moveit_resources_panda_description/meshes/collision/link5.stl
[0.426s] -- Installing: /home/rosuser/ros2_ws/ws_moveit/install/moveit_resources_panda_description/share/moveit_resources_panda_description/meshes/collision/finger.stl
[0.426s] -- Installing: /home/rosuser/ros2_ws/ws_moveit/install/moveit_resources_panda_description/share/moveit_resources_panda_description/meshes/visual
[0.426s] -- Installing: /home/rosuser/ros2_ws/ws_moveit/install/moveit_resources_panda_description/share/moveit_resources_panda_description/meshes/visual/link1.dae
[0.426s] -- Installing: /home/rosuser/ros2_ws/ws_moveit/install/moveit_resources_panda_description/share/moveit_resources_panda_description/meshes/visual/link2.dae
[0.428s] -- Installing: /home/rosuser/ros2_ws/ws_moveit/install/moveit_resources_panda_description/share/moveit_resources_panda_description/meshes/visual/hand.dae
[0.429s] -- Installing: /home/rosuser/ros2_ws/ws_moveit/install/moveit_resources_panda_description/share/moveit_resources_panda_description/meshes/visual/link7.dae
[0.430s] -- Installing: /home/rosuser/ros2_ws/ws_moveit/install/moveit_resources_panda_description/share/moveit_resources_panda_description/meshes/visual/link0.dae
[0.432s] -- Installing: /home/rosuser/ros2_ws/ws_moveit/install/moveit_resources_panda_description/share/moveit_resources_panda_description/meshes/visual/finger.dae
[0.432s] -- Installing: /home/rosuser/ros2_ws/ws_moveit/install/moveit_resources_panda_description/share/moveit_resources_panda_description/meshes/visual/link3.dae
[0.433s] -- Installing: /home/rosuser/ros2_ws/ws_moveit/install/moveit_resources_panda_description/share/moveit_resources_panda_description/meshes/visual/link4.dae
[0.434s] -- Installing: /home/rosuser/ros2_ws/ws_moveit/install/moveit_resources_panda_description/share/moveit_resources_panda_description/meshes/visual/link6.dae
[0.437s] -- Installing: /home/rosuser/ros2_ws/ws_moveit/install/moveit_resources_panda_description/share/moveit_resources_panda_description/meshes/visual/link5.dae
[0.438s] -- Installing: /home/rosuser/ros2_ws/ws_moveit/install/moveit_resources_panda_description/share/moveit_resources_panda_description/urdf
[0.438s] -- Installing: /home/rosuser/ros2_ws/ws_moveit/install/moveit_resources_panda_description/share/moveit_resources_panda_description/urdf/panda.urdf
[0.440s] Invoked command in '/home/rosuser/ros2_ws/ws_moveit/build/moveit_resources_panda_description' returned '0': CMAKE_PREFIX_PATH=/opt/ros/humble /usr/bin/cmake --install /home/rosuser/ros2_ws/ws_moveit/build/moveit_resources_panda_description
