[35m[1mConsolidate compiler generated dependencies of target move_to_pose[0m
[ 50%] Built target move_arm
[ 75%] [32mBuilding CXX object CMakeFiles/move_to_pose.dir/src/move_to_pose.cpp.o[0m
In file included from [01m[K/home/rosuser/ros2_ws/ws_moveit/src/move_arm/src/move_to_pose.cpp:3[m[K:
[01m[K/opt/ros/humble/include/tf2_geometry_msgs/tf2_geometry_msgs/tf2_geometry_msgs.h:35:2:[m[K [01;35m[Kwarning: [m[K#warning This header is obsolete, please include tf2_geometry_msgs/tf2_geometry_msgs.hpp instead [[01;35m[K]8;;https://gcc.gnu.org/onlinedocs/gcc/Warning-Options.html#index-Wcpp-Wcpp]8;;[m[K]
   35 | #[01;35m[Kwarning[m[K This header is obsolete, please include tf2_geometry_msgs/tf2_geometry_msgs.hpp instead
      |  [01;35m[K^~~~~~~[m[K
[100%] [32m[1mLinking CXX executable move_to_pose[0m
[100%] Built target move_to_pose
-- Install configuration: "Debug"
-- Installing: /home/rosuser/ros2_ws/ws_moveit/install/move_arm/lib/move_arm/move_arm
-- Set runtime path of "/home/rosuser/ros2_ws/ws_moveit/install/move_arm/lib/move_arm/move_arm" to ""
-- Installing: /home/rosuser/ros2_ws/ws_moveit/install/move_arm/lib/move_arm/move_to_pose
-- Set runtime path of "/home/rosuser/ros2_ws/ws_moveit/install/move_arm/lib/move_arm/move_to_pose" to ""
-- Installing: /home/rosuser/ros2_ws/ws_moveit/install/move_arm/share/ament_index/resource_index/package_run_dependencies/move_arm
-- Up-to-date: /home/rosuser/ros2_ws/ws_moveit/install/move_arm/share/ament_index/resource_index/parent_prefix_path/move_arm
-- Up-to-date: /home/rosuser/ros2_ws/ws_moveit/install/move_arm/share/move_arm/environment/ament_prefix_path.sh
-- Installing: /home/rosuser/ros2_ws/ws_moveit/install/move_arm/share/move_arm/environment/ament_prefix_path.dsv
-- Up-to-date: /home/rosuser/ros2_ws/ws_moveit/install/move_arm/share/move_arm/environment/path.sh
-- Installing: /home/rosuser/ros2_ws/ws_moveit/install/move_arm/share/move_arm/environment/path.dsv
-- Up-to-date: /home/rosuser/ros2_ws/ws_moveit/install/move_arm/share/move_arm/local_setup.bash
-- Up-to-date: /home/rosuser/ros2_ws/ws_moveit/install/move_arm/share/move_arm/local_setup.sh
-- Up-to-date: /home/rosuser/ros2_ws/ws_moveit/install/move_arm/share/move_arm/local_setup.zsh
-- Installing: /home/rosuser/ros2_ws/ws_moveit/install/move_arm/share/move_arm/local_setup.dsv
-- Installing: /home/rosuser/ros2_ws/ws_moveit/install/move_arm/share/move_arm/package.dsv
-- Up-to-date: /home/rosuser/ros2_ws/ws_moveit/install/move_arm/share/ament_index/resource_index/packages/move_arm
-- Up-to-date: /home/rosuser/ros2_ws/ws_moveit/install/move_arm/share/move_arm/cmake/move_armConfig.cmake
-- Up-to-date: /home/rosuser/ros2_ws/ws_moveit/install/move_arm/share/move_arm/cmake/move_armConfig-version.cmake
-- Installing: /home/rosuser/ros2_ws/ws_moveit/install/move_arm/share/move_arm/package.xml
