[35m[1mConsolidate compiler generated dependencies of target move_to_pose[0m
[ 50%] Built target move_arm
[ 75%] [32mBuilding CXX object CMakeFiles/move_to_pose.dir/src/move_to_pose.cpp.o[0m
[100%] [32m[1mLinking CXX executable move_to_pose[0m
[100%] Built target move_to_pose
-- Install configuration: "Debug"
-- Installing: /home/rosuser/ros2_ws/ws_moveit/install/move_arm/lib/move_arm/move_arm
-- Set runtime path of "/home/rosuser/ros2_ws/ws_moveit/install/move_arm/lib/move_arm/move_arm" to ""
-- Installing: /home/rosuser/ros2_ws/ws_moveit/install/move_arm/lib/move_arm/move_to_pose
-- Set runtime path of "/home/rosuser/ros2_ws/ws_moveit/install/move_arm/lib/move_arm/move_to_pose" to ""
-- Installing: /home/rosuser/ros2_ws/ws_moveit/install/move_arm/share/ament_index/resource_index/package_run_dependencies/move_arm
-- Up-to-date: /home/rosuser/ros2_ws/ws_moveit/install/move_arm/share/ament_index/resource_index/parent_prefix_path/move_arm
-- Up-to-date: /home/rosuser/ros2_ws/ws_moveit/install/move_arm/share/move_arm/environment/ament_prefix_path.sh
-- Installing: /home/rosuser/ros2_ws/ws_moveit/install/move_arm/share/move_arm/environment/ament_prefix_path.dsv
-- Up-to-date: /home/rosuser/ros2_ws/ws_moveit/install/move_arm/share/move_arm/environment/path.sh
-- Installing: /home/rosuser/ros2_ws/ws_moveit/install/move_arm/share/move_arm/environment/path.dsv
-- Up-to-date: /home/rosuser/ros2_ws/ws_moveit/install/move_arm/share/move_arm/local_setup.bash
-- Up-to-date: /home/rosuser/ros2_ws/ws_moveit/install/move_arm/share/move_arm/local_setup.sh
-- Up-to-date: /home/rosuser/ros2_ws/ws_moveit/install/move_arm/share/move_arm/local_setup.zsh
-- Installing: /home/rosuser/ros2_ws/ws_moveit/install/move_arm/share/move_arm/local_setup.dsv
-- Installing: /home/rosuser/ros2_ws/ws_moveit/install/move_arm/share/move_arm/package.dsv
-- Up-to-date: /home/rosuser/ros2_ws/ws_moveit/install/move_arm/share/ament_index/resource_index/packages/move_arm
-- Up-to-date: /home/rosuser/ros2_ws/ws_moveit/install/move_arm/share/move_arm/cmake/move_armConfig.cmake
-- Up-to-date: /home/rosuser/ros2_ws/ws_moveit/install/move_arm/share/move_arm/cmake/move_armConfig-version.cmake
-- Installing: /home/rosuser/ros2_ws/ws_moveit/install/move_arm/share/move_arm/package.xml
