[0.331s] Invoking command in '/home/rosuser/ros2_ws/ws_moveit/src/moveit2/moveit_configs_utils': AMENT_PREFIX_PATH=/home/rosuser/ros2_ws/ws_moveit/install/srdfdom:/home/rosuser/ros2_ws/ws_moveit/install/launch_param_builder:${AMENT_PREFIX_PATH} CMAKE_PREFIX_PATH=/home/rosuser/ros2_ws/ws_moveit/install/srdfdom LD_LIBRARY_PATH=/home/rosuser/ros2_ws/ws_moveit/install/srdfdom/lib:${LD_LIBRARY_PATH} PYTHONPATH=/home/rosuser/ros2_ws/ws_moveit/build/moveit_configs_utils/prefix_override:/usr/lib/python3/dist-packages/colcon_core/task/python/colcon_distutils_commands:/home/rosuser/ros2_ws/ws_moveit/install/moveit_configs_utils/lib/python3.10/site-packages:/home/rosuser/ros2_ws/ws_moveit/install/srdfdom/local/lib/python3.10/dist-packages:/home/rosuser/ros2_ws/ws_moveit/install/launch_param_builder/lib/python3.10/site-packages:${PYTHONPATH} /usr/bin/python3 -W ignore:setup.py install is deprecated -W ignore:easy_install command is deprecated setup.py egg_info --egg-base ../../../build/moveit_configs_utils build --build-base /home/rosuser/ros2_ws/ws_moveit/build/moveit_configs_utils/build install --record /home/rosuser/ros2_ws/ws_moveit/build/moveit_configs_utils/install.log --single-version-externally-managed install_data
[0.434s] running egg_info
[0.435s] creating ../../../build/moveit_configs_utils/moveit_configs_utils.egg-info
[0.435s] writing ../../../build/moveit_configs_utils/moveit_configs_utils.egg-info/PKG-INFO
[0.436s] writing dependency_links to ../../../build/moveit_configs_utils/moveit_configs_utils.egg-info/dependency_links.txt
[0.436s] writing entry points to ../../../build/moveit_configs_utils/moveit_configs_utils.egg-info/entry_points.txt
[0.436s] writing requirements to ../../../build/moveit_configs_utils/moveit_configs_utils.egg-info/requires.txt
[0.436s] writing top-level names to ../../../build/moveit_configs_utils/moveit_configs_utils.egg-info/top_level.txt
[0.436s] writing manifest file '../../../build/moveit_configs_utils/moveit_configs_utils.egg-info/SOURCES.txt'
[0.437s] reading manifest file '../../../build/moveit_configs_utils/moveit_configs_utils.egg-info/SOURCES.txt'
[0.438s] writing manifest file '../../../build/moveit_configs_utils/moveit_configs_utils.egg-info/SOURCES.txt'
[0.438s] running build
[0.438s] running build_py
[0.438s] creating /home/rosuser/ros2_ws/ws_moveit/build/moveit_configs_utils/build
[0.438s] creating /home/rosuser/ros2_ws/ws_moveit/build/moveit_configs_utils/build/lib
[0.438s] creating /home/rosuser/ros2_ws/ws_moveit/build/moveit_configs_utils/build/lib/moveit_configs_utils
[0.438s] copying moveit_configs_utils/launch_utils.py -> /home/rosuser/ros2_ws/ws_moveit/build/moveit_configs_utils/build/lib/moveit_configs_utils
[0.438s] copying moveit_configs_utils/__init__.py -> /home/rosuser/ros2_ws/ws_moveit/build/moveit_configs_utils/build/lib/moveit_configs_utils
[0.438s] copying moveit_configs_utils/launches.py -> /home/rosuser/ros2_ws/ws_moveit/build/moveit_configs_utils/build/lib/moveit_configs_utils
[0.438s] copying moveit_configs_utils/moveit_configs_builder.py -> /home/rosuser/ros2_ws/ws_moveit/build/moveit_configs_utils/build/lib/moveit_configs_utils
[0.438s] creating /home/rosuser/ros2_ws/ws_moveit/build/moveit_configs_utils/build/lib/moveit_configs_utils/substitutions
[0.438s] copying moveit_configs_utils/substitutions/__init__.py -> /home/rosuser/ros2_ws/ws_moveit/build/moveit_configs_utils/build/lib/moveit_configs_utils/substitutions
[0.439s] copying moveit_configs_utils/substitutions/xacro.py -> /home/rosuser/ros2_ws/ws_moveit/build/moveit_configs_utils/build/lib/moveit_configs_utils/substitutions
[0.439s] running install
[0.439s] running install_lib
[0.440s] creating /home/rosuser/ros2_ws/ws_moveit/install/moveit_configs_utils/lib/python3.10/site-packages/moveit_configs_utils
[0.440s] copying /home/rosuser/ros2_ws/ws_moveit/build/moveit_configs_utils/build/lib/moveit_configs_utils/launch_utils.py -> /home/rosuser/ros2_ws/ws_moveit/install/moveit_configs_utils/lib/python3.10/site-packages/moveit_configs_utils
[0.440s] copying /home/rosuser/ros2_ws/ws_moveit/build/moveit_configs_utils/build/lib/moveit_configs_utils/__init__.py -> /home/rosuser/ros2_ws/ws_moveit/install/moveit_configs_utils/lib/python3.10/site-packages/moveit_configs_utils
[0.440s] copying /home/rosuser/ros2_ws/ws_moveit/build/moveit_configs_utils/build/lib/moveit_configs_utils/launches.py -> /home/rosuser/ros2_ws/ws_moveit/install/moveit_configs_utils/lib/python3.10/site-packages/moveit_configs_utils
[0.440s] creating /home/rosuser/ros2_ws/ws_moveit/install/moveit_configs_utils/lib/python3.10/site-packages/moveit_configs_utils/substitutions
[0.440s] copying /home/rosuser/ros2_ws/ws_moveit/build/moveit_configs_utils/build/lib/moveit_configs_utils/substitutions/__init__.py -> /home/rosuser/ros2_ws/ws_moveit/install/moveit_configs_utils/lib/python3.10/site-packages/moveit_configs_utils/substitutions
[0.440s] copying /home/rosuser/ros2_ws/ws_moveit/build/moveit_configs_utils/build/lib/moveit_configs_utils/substitutions/xacro.py -> /home/rosuser/ros2_ws/ws_moveit/install/moveit_configs_utils/lib/python3.10/site-packages/moveit_configs_utils/substitutions
[0.440s] copying /home/rosuser/ros2_ws/ws_moveit/build/moveit_configs_utils/build/lib/moveit_configs_utils/moveit_configs_builder.py -> /home/rosuser/ros2_ws/ws_moveit/install/moveit_configs_utils/lib/python3.10/site-packages/moveit_configs_utils
[0.440s] byte-compiling /home/rosuser/ros2_ws/ws_moveit/install/moveit_configs_utils/lib/python3.10/site-packages/moveit_configs_utils/launch_utils.py to launch_utils.cpython-310.pyc
[0.441s] byte-compiling /home/rosuser/ros2_ws/ws_moveit/install/moveit_configs_utils/lib/python3.10/site-packages/moveit_configs_utils/__init__.py to __init__.cpython-310.pyc
[0.441s] byte-compiling /home/rosuser/ros2_ws/ws_moveit/install/moveit_configs_utils/lib/python3.10/site-packages/moveit_configs_utils/launches.py to launches.cpython-310.pyc
[0.442s] byte-compiling /home/rosuser/ros2_ws/ws_moveit/install/moveit_configs_utils/lib/python3.10/site-packages/moveit_configs_utils/substitutions/__init__.py to __init__.cpython-310.pyc
[0.442s] byte-compiling /home/rosuser/ros2_ws/ws_moveit/install/moveit_configs_utils/lib/python3.10/site-packages/moveit_configs_utils/substitutions/xacro.py to xacro.cpython-310.pyc
[0.442s] byte-compiling /home/rosuser/ros2_ws/ws_moveit/install/moveit_configs_utils/lib/python3.10/site-packages/moveit_configs_utils/moveit_configs_builder.py to moveit_configs_builder.cpython-310.pyc
[0.443s] running install_data
[0.444s] creating /home/rosuser/ros2_ws/ws_moveit/install/moveit_configs_utils/share/ament_index
[0.444s] creating /home/rosuser/ros2_ws/ws_moveit/install/moveit_configs_utils/share/ament_index/resource_index
[0.444s] creating /home/rosuser/ros2_ws/ws_moveit/install/moveit_configs_utils/share/ament_index/resource_index/packages
[0.444s] copying resource/moveit_configs_utils -> /home/rosuser/ros2_ws/ws_moveit/install/moveit_configs_utils/share/ament_index/resource_index/packages
[0.444s] copying package.xml -> /home/rosuser/ros2_ws/ws_moveit/install/moveit_configs_utils/share/moveit_configs_utils
[0.444s] creating /home/rosuser/ros2_ws/ws_moveit/install/moveit_configs_utils/share/moveit_configs_utils/default_configs
[0.444s] copying default_configs/pilz_industrial_motion_planner_planning.yaml -> /home/rosuser/ros2_ws/ws_moveit/install/moveit_configs_utils/share/moveit_configs_utils/default_configs
[0.444s] copying default_configs/ompl_planning.yaml -> /home/rosuser/ros2_ws/ws_moveit/install/moveit_configs_utils/share/moveit_configs_utils/default_configs
[0.444s] copying default_configs/ompl_defaults.yaml -> /home/rosuser/ros2_ws/ws_moveit/install/moveit_configs_utils/share/moveit_configs_utils/default_configs
[0.444s] copying default_configs/chomp_planning.yaml -> /home/rosuser/ros2_ws/ws_moveit/install/moveit_configs_utils/share/moveit_configs_utils/default_configs
[0.444s] running install_egg_info
[0.445s] Copying ../../../build/moveit_configs_utils/moveit_configs_utils.egg-info to /home/rosuser/ros2_ws/ws_moveit/install/moveit_configs_utils/lib/python3.10/site-packages/moveit_configs_utils-2.5.9-py3.10.egg-info
[0.445s] running install_scripts
[0.457s] writing list of installed files to '/home/rosuser/ros2_ws/ws_moveit/build/moveit_configs_utils/install.log'
[0.470s] Invoked command in '/home/rosuser/ros2_ws/ws_moveit/src/moveit2/moveit_configs_utils' returned '0': AMENT_PREFIX_PATH=/home/rosuser/ros2_ws/ws_moveit/install/srdfdom:/home/rosuser/ros2_ws/ws_moveit/install/launch_param_builder:${AMENT_PREFIX_PATH} CMAKE_PREFIX_PATH=/home/rosuser/ros2_ws/ws_moveit/install/srdfdom LD_LIBRARY_PATH=/home/rosuser/ros2_ws/ws_moveit/install/srdfdom/lib:${LD_LIBRARY_PATH} PYTHONPATH=/home/rosuser/ros2_ws/ws_moveit/build/moveit_configs_utils/prefix_override:/usr/lib/python3/dist-packages/colcon_core/task/python/colcon_distutils_commands:/home/rosuser/ros2_ws/ws_moveit/install/moveit_configs_utils/lib/python3.10/site-packages:/home/rosuser/ros2_ws/ws_moveit/install/srdfdom/local/lib/python3.10/dist-packages:/home/rosuser/ros2_ws/ws_moveit/install/launch_param_builder/lib/python3.10/site-packages:${PYTHONPATH} /usr/bin/python3 -W ignore:setup.py install is deprecated -W ignore:easy_install command is deprecated setup.py egg_info --egg-base ../../../build/moveit_configs_utils build --build-base /home/rosuser/ros2_ws/ws_moveit/build/moveit_configs_utils/build install --record /home/rosuser/ros2_ws/ws_moveit/build/moveit_configs_utils/install.log --single-version-externally-managed install_data
