[0.078s] Invoking command in '/home/rosuser/ros2_ws/ws_moveit/build/moveit_task_constructor_core': AMENT_PREFIX_PATH=/home/rosuser/ros2_ws/ws_moveit/install/moveit_planners:/home/rosuser/ros2_ws/ws_moveit/install/pilz_industrial_motion_planner:/home/rosuser/ros2_ws/ws_moveit/install/moveit_resources_prbt_pg70_support:/home/rosuser/ros2_ws/ws_moveit/install/moveit_ros_planning_interface:/home/rosuser/ros2_ws/ws_moveit/install/moveit_resources_prbt_moveit_config:/home/rosuser/ros2_ws/ws_moveit/install/moveit_ros_move_group:/home/rosuser/ros2_ws/ws_moveit/install/moveit_ros_warehouse:/home/rosuser/ros2_ws/ws_moveit/install/moveit_planners_ompl:/home/rosuser/ros2_ws/ws_moveit/install/moveit_kinematics:/home/rosuser/ros2_ws/ws_moveit/install/moveit_ros_planning:/home/rosuser/ros2_ws/ws_moveit/install/moveit_planners_chomp:/home/rosuser/ros2_ws/ws_moveit/install/pilz_industrial_motion_planner_testutils:/home/rosuser/ros2_ws/ws_moveit/install/moveit_simple_controller_manager:/home/rosuser/ros2_ws/ws_moveit/install/moveit_ros_occupancy_map_monitor:/home/rosuser/ros2_ws/ws_moveit/install/moveit_resources_prbt_ikfast_manipulator_plugin:/home/rosuser/ros2_ws/ws_moveit/install/chomp_motion_planner:/home/rosuser/ros2_ws/ws_moveit/install/moveit_core:/home/rosuser/ros2_ws/ws_moveit/install/rviz_marker_tools:/home/rosuser/ros2_ws/ws_moveit/install/moveit_resources_panda_moveit_config:/home/rosuser/ros2_ws/ws_moveit/install/moveit_resources_fanuc_moveit_config:/home/rosuser/ros2_ws/ws_moveit/install/moveit_configs_utils:/home/rosuser/ros2_ws/ws_moveit/install/srdfdom:/home/rosuser/ros2_ws/ws_moveit/install/moveit_task_constructor_msgs:/home/rosuser/ros2_ws/ws_moveit/install/moveit_resources_prbt_support:/home/rosuser/ros2_ws/ws_moveit/install/moveit_resources_pr2_description:/home/rosuser/ros2_ws/ws_moveit/install/moveit_resources_panda_description:/home/rosuser/ros2_ws/ws_moveit/install/moveit_resources_fanuc_description:/home/rosuser/ros2_ws/ws_moveit/install/moveit_common:/home/rosuser/ros2_ws/ws_moveit/install/launch_param_builder:${AMENT_PREFIX_PATH} CMAKE_PREFIX_PATH=/home/rosuser/ros2_ws/ws_moveit/install/moveit_planners:/home/rosuser/ros2_ws/ws_moveit/install/pilz_industrial_motion_planner:/home/rosuser/ros2_ws/ws_moveit/install/moveit_resources_prbt_pg70_support:/home/rosuser/ros2_ws/ws_moveit/install/moveit_ros_planning_interface:/home/rosuser/ros2_ws/ws_moveit/install/moveit_resources_prbt_moveit_config:/home/rosuser/ros2_ws/ws_moveit/install/moveit_ros_move_group:/home/rosuser/ros2_ws/ws_moveit/install/moveit_ros_warehouse:/home/rosuser/ros2_ws/ws_moveit/install/moveit_planners_ompl:/home/rosuser/ros2_ws/ws_moveit/install/moveit_kinematics:/home/rosuser/ros2_ws/ws_moveit/install/moveit_ros_planning:/home/rosuser/ros2_ws/ws_moveit/install/moveit_planners_chomp:/home/rosuser/ros2_ws/ws_moveit/install/pilz_industrial_motion_planner_testutils:/home/rosuser/ros2_ws/ws_moveit/install/moveit_simple_controller_manager:/home/rosuser/ros2_ws/ws_moveit/install/moveit_ros_occupancy_map_monitor:/home/rosuser/ros2_ws/ws_moveit/install/moveit_resources_prbt_ikfast_manipulator_plugin:/home/rosuser/ros2_ws/ws_moveit/install/chomp_motion_planner:/home/rosuser/ros2_ws/ws_moveit/install/moveit_core:/home/rosuser/ros2_ws/ws_moveit/install/rviz_marker_tools:/home/rosuser/ros2_ws/ws_moveit/install/moveit_resources_panda_moveit_config:/home/rosuser/ros2_ws/ws_moveit/install/moveit_resources_fanuc_moveit_config:/home/rosuser/ros2_ws/ws_moveit/install/srdfdom:/home/rosuser/ros2_ws/ws_moveit/install/moveit_task_constructor_msgs:/home/rosuser/ros2_ws/ws_moveit/install/moveit_resources_prbt_support:/home/rosuser/ros2_ws/ws_moveit/install/moveit_resources_pr2_description:/home/rosuser/ros2_ws/ws_moveit/install/moveit_resources_panda_description:/home/rosuser/ros2_ws/ws_moveit/install/moveit_resources_fanuc_description:/home/rosuser/ros2_ws/ws_moveit/install/moveit_common:/opt/ros/humble LD_LIBRARY_PATH=/home/rosuser/ros2_ws/ws_moveit/install/pilz_industrial_motion_planner/lib:/home/rosuser/ros2_ws/ws_moveit/install/moveit_ros_planning_interface/lib:/home/rosuser/ros2_ws/ws_moveit/install/moveit_ros_move_group/lib:/home/rosuser/ros2_ws/ws_moveit/install/moveit_ros_warehouse/lib:/home/rosuser/ros2_ws/ws_moveit/install/moveit_planners_ompl/lib:/home/rosuser/ros2_ws/ws_moveit/install/moveit_kinematics/lib:/home/rosuser/ros2_ws/ws_moveit/install/moveit_ros_planning/lib:/home/rosuser/ros2_ws/ws_moveit/install/moveit_planners_chomp/lib:/home/rosuser/ros2_ws/ws_moveit/install/pilz_industrial_motion_planner_testutils/lib:/home/rosuser/ros2_ws/ws_moveit/install/moveit_simple_controller_manager/lib:/home/rosuser/ros2_ws/ws_moveit/install/moveit_ros_occupancy_map_monitor/lib:/home/rosuser/ros2_ws/ws_moveit/install/moveit_resources_prbt_ikfast_manipulator_plugin/lib:/home/rosuser/ros2_ws/ws_moveit/install/chomp_motion_planner/lib:/home/rosuser/ros2_ws/ws_moveit/install/moveit_core/lib:/home/rosuser/ros2_ws/ws_moveit/install/rviz_marker_tools/lib:/home/rosuser/ros2_ws/ws_moveit/install/srdfdom/lib:/home/rosuser/ros2_ws/ws_moveit/install/moveit_task_constructor_msgs/lib:${LD_LIBRARY_PATH} PATH=/home/rosuser/ros2_ws/ws_moveit/install/moveit_core/bin:${PATH} PYTHONPATH=/home/rosuser/ros2_ws/ws_moveit/install/moveit_configs_utils/lib/python3.10/site-packages:/home/rosuser/ros2_ws/ws_moveit/install/srdfdom/local/lib/python3.10/dist-packages:/home/rosuser/ros2_ws/ws_moveit/install/moveit_task_constructor_msgs/local/lib/python3.10/dist-packages:/home/rosuser/ros2_ws/ws_moveit/install/launch_param_builder/lib/python3.10/site-packages:${PYTHONPATH} /usr/bin/cmake /home/rosuser/ros2_ws/ws_moveit/src/moveit_task_constructor/core -DCMAKE_BUILD_TYPE=Release -DCMAKE_INSTALL_PREFIX=/home/rosuser/ros2_ws/ws_moveit/install/moveit_task_constructor_core
[0.157s] -- The C compiler identification is GNU 11.4.0
[0.214s] -- The CXX compiler identification is GNU 11.4.0
[0.226s] -- Detecting C compiler ABI info
[0.286s] -- Detecting C compiler ABI info - done
[0.296s] -- Check for working C compiler: /usr/bin/cc - skipped
[0.296s] -- Detecting C compile features
[0.296s] -- Detecting C compile features - done
[0.301s] -- Detecting CXX compiler ABI info
[0.366s] -- Detecting CXX compiler ABI info - done
[0.372s] -- Check for working CXX compiler: /usr/bin/c++ - skipped
[0.372s] -- Detecting CXX compile features
[0.373s] -- Detecting CXX compile features - done
[0.379s] -- Found ament_cmake: 1.3.11 (/opt/ros/humble/share/ament_cmake/cmake)
[0.501s] -- Found Python3: /usr/bin/python3 (found version "3.10.12") found components: Interpreter 
[0.609s] -- Found Boost: /usr/lib/aarch64-linux-gnu/cmake/Boost-1.74.0/BoostConfig.cmake (found version "1.74.0")  
[0.616s] -- Found geometry_msgs: 4.8.0 (/opt/ros/humble/share/geometry_msgs/cmake)
[0.671s] -- Found rosidl_generator_c: 3.1.6 (/opt/ros/humble/share/rosidl_generator_c/cmake)
[0.679s] -- Found rosidl_adapter: 3.1.6 (/opt/ros/humble/share/rosidl_adapter/cmake)
[0.691s] -- Found rosidl_generator_cpp: 3.1.6 (/opt/ros/humble/share/rosidl_generator_cpp/cmake)
[0.707s] -- Using all available rosidl_typesupport_c: rosidl_typesupport_fastrtps_c;rosidl_typesupport_introspection_c
[0.725s] -- Using all available rosidl_typesupport_cpp: rosidl_typesupport_fastrtps_cpp;rosidl_typesupport_introspection_cpp
[0.769s] -- Found moveit_common: 2.5.9 (/home/rosuser/ros2_ws/ws_moveit/install/moveit_common/share/moveit_common/cmake)
[0.832s] -- Found moveit_core: 2.5.9 (/home/rosuser/ros2_ws/ws_moveit/install/moveit_core/share/moveit_core/cmake)
[1.061s] -- Found Boost: /usr/lib/aarch64-linux-gnu/cmake/Boost-1.74.0/BoostConfig.cmake (found version "1.74.0") found components: chrono date_time filesystem iostreams program_options regex serialization system thread 
[1.118s] -- Found parameter_traits: 0.4.0 (/opt/ros/humble/share/parameter_traits/cmake)
[1.171s] -- Found rmw_implementation_cmake: 6.1.2 (/opt/ros/humble/share/rmw_implementation_cmake/cmake)
[1.176s] -- Found rmw_fastrtps_cpp: 6.2.7 (/opt/ros/humble/share/rmw_fastrtps_cpp/cmake)
[1.267s] -- Found OpenSSL: /usr/lib/aarch64-linux-gnu/libcrypto.so (found version "3.0.2")  
[1.289s] -- Found FastRTPS: /opt/ros/humble/include  
[1.327s] -- Using RMW implementation 'rmw_fastrtps_cpp' as default
[1.339s] -- Found Threads: TRUE  
[1.378s] -- Found Eigen3: TRUE (found version "3.4.0") 
[1.382s] -- Found rclcpp_lifecycle: 16.0.12 (/opt/ros/humble/share/rclcpp_lifecycle/cmake)
[1.407s] -- Found Boost: /usr/lib/aarch64-linux-gnu/cmake/Boost-1.74.0/BoostConfig.cmake (found version "1.74.0") found components: filesystem 
[1.477s] -- library: /usr/lib/aarch64-linux-gnu/libcurl.so
[1.537s] -- Ensuring Eigen3 include directory is part of orocos-kdl CMake target
[1.757s] -- Found moveit_ros_planning: 2.5.9 (/home/rosuser/ros2_ws/ws_moveit/install/moveit_ros_planning/share/moveit_ros_planning/cmake)
[1.760s] -- Found Boost: /usr/lib/aarch64-linux-gnu/cmake/Boost-1.74.0/BoostConfig.cmake (found version "1.74.0") found components: system filesystem date_time program_options thread chrono 
[1.777s] -- Found moveit_ros_planning_interface: 2.5.9 (/home/rosuser/ros2_ws/ws_moveit/install/moveit_ros_planning_interface/share/moveit_ros_planning_interface/cmake)
[1.781s] -- Found Boost: /usr/lib/aarch64-linux-gnu/cmake/Boost-1.74.0/BoostConfig.cmake (found version "1.74.0") found components: date_time filesystem program_options system thread 
[1.794s] -- Found Boost: /usr/lib/aarch64-linux-gnu/cmake/Boost-1.74.0/BoostConfig.cmake (found version "1.74.0") found components: thread system filesystem regex date_time program_options 
[1.836s] -- Found Boost: /usr/lib/aarch64-linux-gnu/cmake/Boost-1.74.0/BoostConfig.cmake (found version "1.74.0") found components: system filesystem date_time program_options thread 
[1.862s] -- Found moveit_task_constructor_msgs: 0.1.3 (/home/rosuser/ros2_ws/ws_moveit/install/moveit_task_constructor_msgs/share/moveit_task_constructor_msgs/cmake)
[1.887s] -- Found py_binding_tools: 2.0.1 (/opt/ros/humble/share/py_binding_tools/cmake)
[1.892s] -- Found rviz_marker_tools: 0.1.3 (/home/rosuser/ros2_ws/ws_moveit/install/rviz_marker_tools/share/rviz_marker_tools/cmake)
[2.058s] -- Found Python3: /usr/bin/python3 (found version "3.10.12") found components: Interpreter Development Development.Module Development.Embed 
[2.066s] -- pybind11 v2.13.0 dev1
[2.082s] -- Found PythonInterp: /usr/bin/python3 (found suitable version "3.10.12", minimum required is "3.6") 
[2.097s] -- Found PythonLibs: /usr/lib/aarch64-linux-gnu/libpython3.10.so
[2.102s] -- Performing Test HAS_FLTO
[2.307s] -- Performing Test HAS_FLTO - Success
[2.321s] -- Found ament_cmake_pytest: 1.3.11 (/opt/ros/humble/share/ament_cmake_pytest/cmake)
[2.325s] -- Found launch_testing_ament_cmake: 1.0.8 (/opt/ros/humble/share/launch_testing_ament_cmake/cmake)
[2.330s] -- Found python_cmake_module: 0.10.0 (/opt/ros/humble/share/python_cmake_module/cmake)
[2.445s] -- Found PythonLibs: /usr/lib/aarch64-linux-gnu/libpython3.10.so (found suitable version "3.10.12", minimum required is "3.5") 
[2.445s] -- Using PYTHON_EXECUTABLE: /usr/bin/python3
[2.445s] -- Using PYTHON_INCLUDE_DIRS: /usr/include/python3.10
[2.445s] -- Using PYTHON_LIBRARIES: /usr/lib/aarch64-linux-gnu/libpython3.10.so
[2.461s] -- Found PythonExtra: .so  
[2.976s] -- Found ament_cmake_gtest: 1.3.11 (/opt/ros/humble/share/ament_cmake_gtest/cmake)
[2.979s] -- Found ament_cmake_gmock: 1.3.11 (/opt/ros/humble/share/ament_cmake_gmock/cmake)
[2.979s] -- Found launch_testing_ament_cmake: 1.0.8 (/opt/ros/humble/share/launch_testing_ament_cmake/cmake)
[2.980s] -- Found python_cmake_module: 0.10.0 (/opt/ros/humble/share/python_cmake_module/cmake)
[2.998s] -- Using PYTHON_EXECUTABLE: /usr/bin/python3
[2.998s] -- Using PYTHON_INCLUDE_DIRS: /usr/include/python3.10
[2.998s] -- Using PYTHON_LIBRARIES: /usr/lib/aarch64-linux-gnu/libpython3.10.so
[3.006s] -- Found gmock sources under '/opt/ros/humble/src/gmock_vendor': C++ tests using 'Google Mock' will be built
[3.014s] -- Found gtest sources under '/opt/ros/humble/src/gtest_vendor': C++ tests using 'Google Test' will be built
[3.033s] -- Configuring done
[3.316s] -- Generating done
[3.379s] -- Build files have been written to: /home/rosuser/ros2_ws/ws_moveit/build/moveit_task_constructor_core
[3.395s] Invoked command in '/home/rosuser/ros2_ws/ws_moveit/build/moveit_task_constructor_core' returned '0': AMENT_PREFIX_PATH=/home/rosuser/ros2_ws/ws_moveit/install/moveit_planners:/home/rosuser/ros2_ws/ws_moveit/install/pilz_industrial_motion_planner:/home/rosuser/ros2_ws/ws_moveit/install/moveit_resources_prbt_pg70_support:/home/rosuser/ros2_ws/ws_moveit/install/moveit_ros_planning_interface:/home/rosuser/ros2_ws/ws_moveit/install/moveit_resources_prbt_moveit_config:/home/rosuser/ros2_ws/ws_moveit/install/moveit_ros_move_group:/home/rosuser/ros2_ws/ws_moveit/install/moveit_ros_warehouse:/home/rosuser/ros2_ws/ws_moveit/install/moveit_planners_ompl:/home/rosuser/ros2_ws/ws_moveit/install/moveit_kinematics:/home/rosuser/ros2_ws/ws_moveit/install/moveit_ros_planning:/home/rosuser/ros2_ws/ws_moveit/install/moveit_planners_chomp:/home/rosuser/ros2_ws/ws_moveit/install/pilz_industrial_motion_planner_testutils:/home/rosuser/ros2_ws/ws_moveit/install/moveit_simple_controller_manager:/home/rosuser/ros2_ws/ws_moveit/install/moveit_ros_occupancy_map_monitor:/home/rosuser/ros2_ws/ws_moveit/install/moveit_resources_prbt_ikfast_manipulator_plugin:/home/rosuser/ros2_ws/ws_moveit/install/chomp_motion_planner:/home/rosuser/ros2_ws/ws_moveit/install/moveit_core:/home/rosuser/ros2_ws/ws_moveit/install/rviz_marker_tools:/home/rosuser/ros2_ws/ws_moveit/install/moveit_resources_panda_moveit_config:/home/rosuser/ros2_ws/ws_moveit/install/moveit_resources_fanuc_moveit_config:/home/rosuser/ros2_ws/ws_moveit/install/moveit_configs_utils:/home/rosuser/ros2_ws/ws_moveit/install/srdfdom:/home/rosuser/ros2_ws/ws_moveit/install/moveit_task_constructor_msgs:/home/rosuser/ros2_ws/ws_moveit/install/moveit_resources_prbt_support:/home/rosuser/ros2_ws/ws_moveit/install/moveit_resources_pr2_description:/home/rosuser/ros2_ws/ws_moveit/install/moveit_resources_panda_description:/home/rosuser/ros2_ws/ws_moveit/install/moveit_resources_fanuc_description:/home/rosuser/ros2_ws/ws_moveit/install/moveit_common:/home/rosuser/ros2_ws/ws_moveit/install/launch_param_builder:${AMENT_PREFIX_PATH} CMAKE_PREFIX_PATH=/home/rosuser/ros2_ws/ws_moveit/install/moveit_planners:/home/rosuser/ros2_ws/ws_moveit/install/pilz_industrial_motion_planner:/home/rosuser/ros2_ws/ws_moveit/install/moveit_resources_prbt_pg70_support:/home/rosuser/ros2_ws/ws_moveit/install/moveit_ros_planning_interface:/home/rosuser/ros2_ws/ws_moveit/install/moveit_resources_prbt_moveit_config:/home/rosuser/ros2_ws/ws_moveit/install/moveit_ros_move_group:/home/rosuser/ros2_ws/ws_moveit/install/moveit_ros_warehouse:/home/rosuser/ros2_ws/ws_moveit/install/moveit_planners_ompl:/home/rosuser/ros2_ws/ws_moveit/install/moveit_kinematics:/home/rosuser/ros2_ws/ws_moveit/install/moveit_ros_planning:/home/rosuser/ros2_ws/ws_moveit/install/moveit_planners_chomp:/home/rosuser/ros2_ws/ws_moveit/install/pilz_industrial_motion_planner_testutils:/home/rosuser/ros2_ws/ws_moveit/install/moveit_simple_controller_manager:/home/rosuser/ros2_ws/ws_moveit/install/moveit_ros_occupancy_map_monitor:/home/rosuser/ros2_ws/ws_moveit/install/moveit_resources_prbt_ikfast_manipulator_plugin:/home/rosuser/ros2_ws/ws_moveit/install/chomp_motion_planner:/home/rosuser/ros2_ws/ws_moveit/install/moveit_core:/home/rosuser/ros2_ws/ws_moveit/install/rviz_marker_tools:/home/rosuser/ros2_ws/ws_moveit/install/moveit_resources_panda_moveit_config:/home/rosuser/ros2_ws/ws_moveit/install/moveit_resources_fanuc_moveit_config:/home/rosuser/ros2_ws/ws_moveit/install/srdfdom:/home/rosuser/ros2_ws/ws_moveit/install/moveit_task_constructor_msgs:/home/rosuser/ros2_ws/ws_moveit/install/moveit_resources_prbt_support:/home/rosuser/ros2_ws/ws_moveit/install/moveit_resources_pr2_description:/home/rosuser/ros2_ws/ws_moveit/install/moveit_resources_panda_description:/home/rosuser/ros2_ws/ws_moveit/install/moveit_resources_fanuc_description:/home/rosuser/ros2_ws/ws_moveit/install/moveit_common:/opt/ros/humble LD_LIBRARY_PATH=/home/rosuser/ros2_ws/ws_moveit/install/pilz_industrial_motion_planner/lib:/home/rosuser/ros2_ws/ws_moveit/install/moveit_ros_planning_interface/lib:/home/rosuser/ros2_ws/ws_moveit/install/moveit_ros_move_group/lib:/home/rosuser/ros2_ws/ws_moveit/install/moveit_ros_warehouse/lib:/home/rosuser/ros2_ws/ws_moveit/install/moveit_planners_ompl/lib:/home/rosuser/ros2_ws/ws_moveit/install/moveit_kinematics/lib:/home/rosuser/ros2_ws/ws_moveit/install/moveit_ros_planning/lib:/home/rosuser/ros2_ws/ws_moveit/install/moveit_planners_chomp/lib:/home/rosuser/ros2_ws/ws_moveit/install/pilz_industrial_motion_planner_testutils/lib:/home/rosuser/ros2_ws/ws_moveit/install/moveit_simple_controller_manager/lib:/home/rosuser/ros2_ws/ws_moveit/install/moveit_ros_occupancy_map_monitor/lib:/home/rosuser/ros2_ws/ws_moveit/install/moveit_resources_prbt_ikfast_manipulator_plugin/lib:/home/rosuser/ros2_ws/ws_moveit/install/chomp_motion_planner/lib:/home/rosuser/ros2_ws/ws_moveit/install/moveit_core/lib:/home/rosuser/ros2_ws/ws_moveit/install/rviz_marker_tools/lib:/home/rosuser/ros2_ws/ws_moveit/install/srdfdom/lib:/home/rosuser/ros2_ws/ws_moveit/install/moveit_task_constructor_msgs/lib:${LD_LIBRARY_PATH} PATH=/home/rosuser/ros2_ws/ws_moveit/install/moveit_core/bin:${PATH} PYTHONPATH=/home/rosuser/ros2_ws/ws_moveit/install/moveit_configs_utils/lib/python3.10/site-packages:/home/rosuser/ros2_ws/ws_moveit/install/srdfdom/local/lib/python3.10/dist-packages:/home/rosuser/ros2_ws/ws_moveit/install/moveit_task_constructor_msgs/local/lib/python3.10/dist-packages:/home/rosuser/ros2_ws/ws_moveit/install/launch_param_builder/lib/python3.10/site-packages:${PYTHONPATH} /usr/bin/cmake /home/rosuser/ros2_ws/ws_moveit/src/moveit_task_constructor/core -DCMAKE_BUILD_TYPE=Release -DCMAKE_INSTALL_PREFIX=/home/rosuser/ros2_ws/ws_moveit/install/moveit_task_constructor_core
[3.396s] Invoking command in '/home/rosuser/ros2_ws/ws_moveit/build/moveit_task_constructor_core': AMENT_PREFIX_PATH=/home/rosuser/ros2_ws/ws_moveit/install/moveit_planners:/home/rosuser/ros2_ws/ws_moveit/install/pilz_industrial_motion_planner:/home/rosuser/ros2_ws/ws_moveit/install/moveit_resources_prbt_pg70_support:/home/rosuser/ros2_ws/ws_moveit/install/moveit_ros_planning_interface:/home/rosuser/ros2_ws/ws_moveit/install/moveit_resources_prbt_moveit_config:/home/rosuser/ros2_ws/ws_moveit/install/moveit_ros_move_group:/home/rosuser/ros2_ws/ws_moveit/install/moveit_ros_warehouse:/home/rosuser/ros2_ws/ws_moveit/install/moveit_planners_ompl:/home/rosuser/ros2_ws/ws_moveit/install/moveit_kinematics:/home/rosuser/ros2_ws/ws_moveit/install/moveit_ros_planning:/home/rosuser/ros2_ws/ws_moveit/install/moveit_planners_chomp:/home/rosuser/ros2_ws/ws_moveit/install/pilz_industrial_motion_planner_testutils:/home/rosuser/ros2_ws/ws_moveit/install/moveit_simple_controller_manager:/home/rosuser/ros2_ws/ws_moveit/install/moveit_ros_occupancy_map_monitor:/home/rosuser/ros2_ws/ws_moveit/install/moveit_resources_prbt_ikfast_manipulator_plugin:/home/rosuser/ros2_ws/ws_moveit/install/chomp_motion_planner:/home/rosuser/ros2_ws/ws_moveit/install/moveit_core:/home/rosuser/ros2_ws/ws_moveit/install/rviz_marker_tools:/home/rosuser/ros2_ws/ws_moveit/install/moveit_resources_panda_moveit_config:/home/rosuser/ros2_ws/ws_moveit/install/moveit_resources_fanuc_moveit_config:/home/rosuser/ros2_ws/ws_moveit/install/moveit_configs_utils:/home/rosuser/ros2_ws/ws_moveit/install/srdfdom:/home/rosuser/ros2_ws/ws_moveit/install/moveit_task_constructor_msgs:/home/rosuser/ros2_ws/ws_moveit/install/moveit_resources_prbt_support:/home/rosuser/ros2_ws/ws_moveit/install/moveit_resources_pr2_description:/home/rosuser/ros2_ws/ws_moveit/install/moveit_resources_panda_description:/home/rosuser/ros2_ws/ws_moveit/install/moveit_resources_fanuc_description:/home/rosuser/ros2_ws/ws_moveit/install/moveit_common:/home/rosuser/ros2_ws/ws_moveit/install/launch_param_builder:${AMENT_PREFIX_PATH} CMAKE_PREFIX_PATH=/home/rosuser/ros2_ws/ws_moveit/install/moveit_planners:/home/rosuser/ros2_ws/ws_moveit/install/pilz_industrial_motion_planner:/home/rosuser/ros2_ws/ws_moveit/install/moveit_resources_prbt_pg70_support:/home/rosuser/ros2_ws/ws_moveit/install/moveit_ros_planning_interface:/home/rosuser/ros2_ws/ws_moveit/install/moveit_resources_prbt_moveit_config:/home/rosuser/ros2_ws/ws_moveit/install/moveit_ros_move_group:/home/rosuser/ros2_ws/ws_moveit/install/moveit_ros_warehouse:/home/rosuser/ros2_ws/ws_moveit/install/moveit_planners_ompl:/home/rosuser/ros2_ws/ws_moveit/install/moveit_kinematics:/home/rosuser/ros2_ws/ws_moveit/install/moveit_ros_planning:/home/rosuser/ros2_ws/ws_moveit/install/moveit_planners_chomp:/home/rosuser/ros2_ws/ws_moveit/install/pilz_industrial_motion_planner_testutils:/home/rosuser/ros2_ws/ws_moveit/install/moveit_simple_controller_manager:/home/rosuser/ros2_ws/ws_moveit/install/moveit_ros_occupancy_map_monitor:/home/rosuser/ros2_ws/ws_moveit/install/moveit_resources_prbt_ikfast_manipulator_plugin:/home/rosuser/ros2_ws/ws_moveit/install/chomp_motion_planner:/home/rosuser/ros2_ws/ws_moveit/install/moveit_core:/home/rosuser/ros2_ws/ws_moveit/install/rviz_marker_tools:/home/rosuser/ros2_ws/ws_moveit/install/moveit_resources_panda_moveit_config:/home/rosuser/ros2_ws/ws_moveit/install/moveit_resources_fanuc_moveit_config:/home/rosuser/ros2_ws/ws_moveit/install/srdfdom:/home/rosuser/ros2_ws/ws_moveit/install/moveit_task_constructor_msgs:/home/rosuser/ros2_ws/ws_moveit/install/moveit_resources_prbt_support:/home/rosuser/ros2_ws/ws_moveit/install/moveit_resources_pr2_description:/home/rosuser/ros2_ws/ws_moveit/install/moveit_resources_panda_description:/home/rosuser/ros2_ws/ws_moveit/install/moveit_resources_fanuc_description:/home/rosuser/ros2_ws/ws_moveit/install/moveit_common:/opt/ros/humble LD_LIBRARY_PATH=/home/rosuser/ros2_ws/ws_moveit/install/pilz_industrial_motion_planner/lib:/home/rosuser/ros2_ws/ws_moveit/install/moveit_ros_planning_interface/lib:/home/rosuser/ros2_ws/ws_moveit/install/moveit_ros_move_group/lib:/home/rosuser/ros2_ws/ws_moveit/install/moveit_ros_warehouse/lib:/home/rosuser/ros2_ws/ws_moveit/install/moveit_planners_ompl/lib:/home/rosuser/ros2_ws/ws_moveit/install/moveit_kinematics/lib:/home/rosuser/ros2_ws/ws_moveit/install/moveit_ros_planning/lib:/home/rosuser/ros2_ws/ws_moveit/install/moveit_planners_chomp/lib:/home/rosuser/ros2_ws/ws_moveit/install/pilz_industrial_motion_planner_testutils/lib:/home/rosuser/ros2_ws/ws_moveit/install/moveit_simple_controller_manager/lib:/home/rosuser/ros2_ws/ws_moveit/install/moveit_ros_occupancy_map_monitor/lib:/home/rosuser/ros2_ws/ws_moveit/install/moveit_resources_prbt_ikfast_manipulator_plugin/lib:/home/rosuser/ros2_ws/ws_moveit/install/chomp_motion_planner/lib:/home/rosuser/ros2_ws/ws_moveit/install/moveit_core/lib:/home/rosuser/ros2_ws/ws_moveit/install/rviz_marker_tools/lib:/home/rosuser/ros2_ws/ws_moveit/install/srdfdom/lib:/home/rosuser/ros2_ws/ws_moveit/install/moveit_task_constructor_msgs/lib:${LD_LIBRARY_PATH} PATH=/home/rosuser/ros2_ws/ws_moveit/install/moveit_core/bin:${PATH} PYTHONPATH=/home/rosuser/ros2_ws/ws_moveit/install/moveit_configs_utils/lib/python3.10/site-packages:/home/rosuser/ros2_ws/ws_moveit/install/srdfdom/local/lib/python3.10/dist-packages:/home/rosuser/ros2_ws/ws_moveit/install/moveit_task_constructor_msgs/local/lib/python3.10/dist-packages:/home/rosuser/ros2_ws/ws_moveit/install/launch_param_builder/lib/python3.10/site-packages:${PYTHONPATH} /usr/bin/cmake --build /home/rosuser/ros2_ws/ws_moveit/build/moveit_task_constructor_core -- -j8 -l8
[3.448s] [  1%] [32mBuilding CXX object gtest/CMakeFiles/gtest_main.dir/src/gtest_main.cc.o[0m
[3.451s] [  3%] [32mBuilding CXX object gtest/CMakeFiles/gtest.dir/src/gtest-all.cc.o[0m
[3.451s] [  3%] [32mBuilding CXX object gmock/CMakeFiles/gmock.dir/src/gmock-all.cc.o[0m
[3.452s] [  4%] [32mBuilding CXX object gmock/CMakeFiles/gmock.dir/opt/ros/humble/src/gtest_vendor/src/gtest-all.cc.o[0m
[3.452s] [  5%] [32mBuilding CXX object gmock/CMakeFiles/gmock_main.dir/src/gmock_main.cc.o[0m
[3.453s] [  7%] [32mBuilding CXX object src/CMakeFiles/moveit_task_constructor_core.dir/cost_terms.cpp.o[0m
[3.472s] [  8%] [32mBuilding CXX object src/CMakeFiles/moveit_task_constructor_core.dir/container.cpp.o[0m
[3.479s] [  8%] Built target ament_cmake_python_copy_moveit
[5.112s] running egg_info
[5.112s] creating moveit.egg-info
[5.113s] writing moveit.egg-info/PKG-INFO
[5.113s] writing dependency_links to moveit.egg-info/dependency_links.txt
[5.113s] writing top-level names to moveit.egg-info/top_level.txt
[5.113s] writing manifest file 'moveit.egg-info/SOURCES.txt'
[5.121s] reading manifest file 'moveit.egg-info/SOURCES.txt'
[5.121s] writing manifest file 'moveit.egg-info/SOURCES.txt'
[5.222s] [  8%] Built target ament_cmake_python_build_moveit_egg
[5.249s] [  9%] [32mBuilding CXX object src/CMakeFiles/moveit_task_constructor_core.dir/introspection.cpp.o[0m
[6.144s] [ 10%] [32m[1mLinking CXX static library libgtest_main.a[0m
[6.256s] [ 10%] Built target gtest_main
[6.276s] [ 11%] [32mBuilding CXX object src/CMakeFiles/moveit_task_constructor_core.dir/marker_tools.cpp.o[0m
[6.847s] [ 12%] [32m[1mLinking CXX static library libgmock_main.a[0m
[6.963s] [ 12%] Built target gmock_main
[7.029s] [ 14%] [32mBuilding CXX object src/CMakeFiles/moveit_task_constructor_core.dir/merge.cpp.o[0m
[11.622s] [ 15%] [32mBuilding CXX object src/CMakeFiles/moveit_task_constructor_core.dir/properties.cpp.o[0m
[32.302s] [ 16%] [32m[1mLinking CXX static library libgtest.a[0m
[32.567s] [ 17%] [32m[1mLinking CXX static library libgmock.a[0m
[32.604s] [ 17%] Built target gtest
[32.799s] [ 17%] Built target gmock
[46.017s] [ 20%] [32mBuilding CXX object src/CMakeFiles/moveit_task_constructor_core.dir/solvers/planner_interface.cpp.o[0m
[46.017s] [ 20%] [32mBuilding CXX object src/CMakeFiles/moveit_task_constructor_core.dir/solvers/cartesian_path.cpp.o[0m
[47.034s] [ 21%] [32mBuilding CXX object src/CMakeFiles/moveit_task_constructor_core.dir/utils.cpp.o[0m
[48.060s] [ 22%] [32mBuilding CXX object src/CMakeFiles/moveit_task_constructor_core.dir/storage.cpp.o[0m
[48.061s] [ 23%] [32mBuilding CXX object src/CMakeFiles/moveit_task_constructor_core.dir/task.cpp.o[0m
[49.083s] [ 24%] [32mBuilding CXX object src/CMakeFiles/moveit_task_constructor_core.dir/stage.cpp.o[0m
[66.408s] [ 25%] [32mBuilding CXX object src/CMakeFiles/moveit_task_constructor_core.dir/solvers/pipeline_planner.cpp.o[0m
[68.553s] [ 27%] [32mBuilding CXX object src/CMakeFiles/moveit_task_constructor_core.dir/solvers/joint_interpolation.cpp.o[0m
[125.021s] [ 28%] [32mBuilding CXX object src/CMakeFiles/moveit_task_constructor_core.dir/solvers/multi_planner.cpp.o[0m
[130.234s] [ 29%] [32m[1mLinking CXX shared library libmoveit_task_constructor_core.so[0m
[130.594s] [ 29%] Built target moveit_task_constructor_core
[130.619s] [ 30%] [32mBuilding CXX object src/stages/CMakeFiles/moveit_task_constructor_core_stages.dir/modify_planning_scene.cpp.o[0m
[137.228s] [ 31%] [32mBuilding CXX object src/stages/CMakeFiles/moveit_task_constructor_core_stages.dir/generate_random_pose.cpp.o[0m
[143.521s] [ 32%] [32mBuilding CXX object src/stages/CMakeFiles/moveit_task_constructor_core_stages.dir/generate_grasp_pose.cpp.o[0m
[149.657s] [ 34%] [32mBuilding CXX object src/stages/CMakeFiles/moveit_task_constructor_core_stages.dir/generate_place_pose.cpp.o[0m
[150.666s] [ 36%] [32mBuilding CXX object src/stages/CMakeFiles/moveit_task_constructor_core_stages.dir/compute_ik.cpp.o[0m
[150.666s] [ 36%] [32mBuilding CXX object src/stages/CMakeFiles/moveit_task_constructor_core_stages.dir/generate_pose.cpp.o[0m
[151.677s] [ 37%] [32mBuilding CXX object src/stages/CMakeFiles/moveit_task_constructor_core_stages.dir/fixed_state.cpp.o[0m
[151.677s] [ 38%] [32mBuilding CXX object src/stages/CMakeFiles/moveit_task_constructor_core_stages.dir/fixed_cartesian_poses.cpp.o[0m
[152.703s] [ 40%] [32mBuilding CXX object src/stages/CMakeFiles/moveit_task_constructor_core_stages.dir/fix_collision_objects.cpp.o[0m
[152.704s] [ 41%] [32mBuilding CXX object src/stages/CMakeFiles/moveit_task_constructor_core_stages.dir/current_state.cpp.o[0m
[179.838s] [ 42%] [32mBuilding CXX object src/stages/CMakeFiles/moveit_task_constructor_core_stages.dir/passthrough.cpp.o[0m
[180.216s] [ 43%] [32mBuilding CXX object src/stages/CMakeFiles/moveit_task_constructor_core_stages.dir/predicate_filter.cpp.o[0m
[190.529s] [ 45%] [32mBuilding CXX object src/stages/CMakeFiles/moveit_task_constructor_core_stages.dir/simple_grasp.cpp.o[0m
[190.530s] [ 45%] [32mBuilding CXX object src/stages/CMakeFiles/moveit_task_constructor_core_stages.dir/pick.cpp.o[0m
[192.266s] [ 47%] [32mBuilding CXX object src/stages/CMakeFiles/moveit_task_constructor_core_stages.dir/move_to.cpp.o[0m
[192.269s] [ 48%] [32mBuilding CXX object src/stages/CMakeFiles/moveit_task_constructor_core_stages.dir/move_relative.cpp.o[0m
[200.868s] [ 49%] [32mBuilding CXX object src/stages/CMakeFiles/moveit_task_constructor_core_stages.dir/connect.cpp.o[0m
[211.428s] [ 50%] [32m[1mLinking CXX shared library libmoveit_task_constructor_core_stages.so[0m
[211.713s] [ 50%] Built target moveit_task_constructor_core_stages
[211.738s] [ 51%] [32mBuilding CXX object python/bindings/CMakeFiles/pymoveit_mtc.dir/src/properties.cpp.o[0m
[211.739s] [ 52%] [32mBuilding CXX object test/CMakeFiles/pick_ur5.dir/pick_ur5.cpp.o[0m
[211.741s] [ 55%] [32mBuilding CXX object test/CMakeFiles/pick_pr2.dir/pick_pr2.cpp.o[0m
[211.741s] [ 55%] [32mBuilding CXX object test/CMakeFiles/gtest_utils.dir/models.cpp.o[0m
[211.743s] [ 56%] [32mBuilding CXX object python/bindings/CMakeFiles/pymoveit_mtc.dir/src/solvers.cpp.o[0m
[211.743s] [ 57%] [32mBuilding CXX object test/CMakeFiles/gtest_utils.dir/gtest_value_printers.cpp.o[0m
[211.745s] [ 58%] [32mBuilding CXX object test/CMakeFiles/pick_pa10.dir/pick_pa10.cpp.o[0m
[211.750s] [ 60%] [32mBuilding CXX object src/stages/CMakeFiles/moveit_task_constructor_core_stage_plugins.dir/plugins.cpp.o[0m
[217.127s] [ 61%] [32m[1mLinking CXX shared library libmoveit_task_constructor_core_stage_plugins.so[0m
[217.497s] [ 61%] Built target moveit_task_constructor_core_stage_plugins
[217.526s] [ 62%] [32mBuilding CXX object test/CMakeFiles/gtest_utils.dir/stage_mockups.cpp.o[0m
[223.502s] [ 63%] [32mBuilding CXX object python/bindings/CMakeFiles/pymoveit_mtc.dir/src/core.cpp.o[0m
[230.376s] [ 64%] [32mBuilding CXX object python/bindings/CMakeFiles/pymoveit_mtc.dir/src/stages.cpp.o[0m
[231.586s] [ 65%] [32mBuilding CXX object python/bindings/CMakeFiles/pymoveit_mtc.dir/src/module.cpp.o[0m
[247.331s] [ 67%] [32m[1mLinking CXX executable pick_pr2[0m
[248.029s] [ 68%] [32m[1mLinking CXX executable pick_ur5[0m
[248.610s] [ 68%] Built target pick_pr2
[249.003s] [ 68%] Built target pick_ur5
[251.813s] [ 69%] [32m[1mLinking CXX executable pick_pa10[0m
[252.648s] [ 69%] Built target pick_pa10
[253.028s] [ 70%] [32m[1mLinking CXX shared library libgtest_utils.so[0m
[253.404s] [ 70%] Built target gtest_utils
[256.475s] [ 71%] [32mBuilding CXX object test/CMakeFiles/moveit_task_constructor_core-test-properties.dir/test_properties.cpp.o[0m
[256.482s] [ 72%] [32mBuilding CXX object test/CMakeFiles/moveit_task_constructor_core-test-pruning.dir/test_pruning.cpp.o[0m
[257.512s] [ 74%] [32mBuilding CXX object test/CMakeFiles/moveit_task_constructor_core-test-serial.dir/test_serial.cpp.o[0m
[258.587s] [ 75%] [32mBuilding CXX object test/CMakeFiles/moveit_task_constructor_core-test-container.dir/test_container.cpp.o[0m
[258.595s] [ 76%] [32mBuilding CXX object test/CMakeFiles/moveit_task_constructor_core-test-stage.dir/test_stage.cpp.o[0m
[259.657s] [ 77%] [32mBuilding CXX object test/CMakeFiles/moveit_task_constructor_core-test-mockups.dir/test_mockups.cpp.o[0m
[264.015s] [ 78%] [32m[1mLinking CXX executable moveit_task_constructor_core-test-properties[0m
[265.480s] [ 78%] Built target moveit_task_constructor_core-test-properties
[265.606s] [ 80%] [32mBuilding CXX object test/CMakeFiles/moveit_task_constructor_core-test-cost-terms.dir/test_cost_terms.cpp.o[0m
[319.699s] [ 81%] [32m[1mLinking CXX shared module pymoveit_mtc.cpython-310-aarch64-linux-gnu.so[0m
[322.091s] [ 82%] [32m[1mLinking CXX executable moveit_task_constructor_core-test-pruning[0m
[326.343s] [ 82%] Built target moveit_task_constructor_core-test-pruning
[332.499s] lto-wrapper: warning: using serial compilation of 12 LTRANS jobs
[333.566s] [ 83%] [32m[1mLinking CXX executable moveit_task_constructor_core-test-stage[0m
[334.715s] [ 84%] [32m[1mLinking CXX executable moveit_task_constructor_core-test-serial[0m
[335.530s] [ 84%] Built target moveit_task_constructor_core-test-stage
[336.315s] [ 84%] Built target moveit_task_constructor_core-test-serial
[339.315s] [ 85%] [32m[1mLinking CXX executable moveit_task_constructor_core-test-mockups[0m
[340.104s] [ 85%] Built target moveit_task_constructor_core-test-mockups
[341.309s] [ 87%] [32m[1mLinking CXX executable moveit_task_constructor_core-test-container[0m
[341.804s] [ 88%] [32m[1mLinking CXX executable moveit_task_constructor_core-test-cost-terms[0m
[341.945s] [ 88%] Built target moveit_task_constructor_core-test-container
[342.315s] [ 88%] Built target moveit_task_constructor_core-test-cost-terms
[349.363s] [ 88%] Built target pymoveit_mtc
[349.407s] [ 89%] [32mBuilding CXX object test/CMakeFiles/moveit_task_constructor_core-test-move-relative.dir/test_move_relative.cpp.o[0m
[359.135s] [ 90%] [32m[1mLinking CXX executable moveit_task_constructor_core-test-move-relative[0m
[359.464s] [ 90%] Built target moveit_task_constructor_core-test-move-relative
[359.483s] [ 91%] [32mBuilding CXX object test/CMakeFiles/moveit_task_constructor_core-test-move-to.dir/test_move_to.cpp.o[0m
[367.702s] [ 92%] [32m[1mLinking CXX executable moveit_task_constructor_core-test-move-to[0m
[368.026s] [ 92%] Built target moveit_task_constructor_core-test-move-to
[368.055s] [ 95%] [32mBuilding CXX object test/CMakeFiles/moveit_task_constructor_core-test-fallback.dir/test_fallback.cpp.o[0m
[368.055s] [ 95%] [32mBuilding CXX object test/CMakeFiles/moveit_task_constructor_core-test-cost-queue.dir/test_cost_queue.cpp.o[0m
[368.055s] [ 96%] [32mBuilding CXX object test/CMakeFiles/moveit_task_constructor_core-test-interface-state.dir/test_interface_state.cpp.o[0m
[373.523s] [ 97%] [32m[1mLinking CXX executable moveit_task_constructor_core-test-cost-queue[0m
[373.926s] [ 97%] Built target moveit_task_constructor_core-test-cost-queue
[377.936s] [ 98%] [32m[1mLinking CXX executable moveit_task_constructor_core-test-interface-state[0m
[378.318s] [ 98%] Built target moveit_task_constructor_core-test-interface-state
[379.679s] [100%] [32m[1mLinking CXX executable moveit_task_constructor_core-test-fallback[0m
[379.981s] [100%] Built target moveit_task_constructor_core-test-fallback
[380.012s] Invoked command in '/home/rosuser/ros2_ws/ws_moveit/build/moveit_task_constructor_core' returned '0': AMENT_PREFIX_PATH=/home/rosuser/ros2_ws/ws_moveit/install/moveit_planners:/home/rosuser/ros2_ws/ws_moveit/install/pilz_industrial_motion_planner:/home/rosuser/ros2_ws/ws_moveit/install/moveit_resources_prbt_pg70_support:/home/rosuser/ros2_ws/ws_moveit/install/moveit_ros_planning_interface:/home/rosuser/ros2_ws/ws_moveit/install/moveit_resources_prbt_moveit_config:/home/rosuser/ros2_ws/ws_moveit/install/moveit_ros_move_group:/home/rosuser/ros2_ws/ws_moveit/install/moveit_ros_warehouse:/home/rosuser/ros2_ws/ws_moveit/install/moveit_planners_ompl:/home/rosuser/ros2_ws/ws_moveit/install/moveit_kinematics:/home/rosuser/ros2_ws/ws_moveit/install/moveit_ros_planning:/home/rosuser/ros2_ws/ws_moveit/install/moveit_planners_chomp:/home/rosuser/ros2_ws/ws_moveit/install/pilz_industrial_motion_planner_testutils:/home/rosuser/ros2_ws/ws_moveit/install/moveit_simple_controller_manager:/home/rosuser/ros2_ws/ws_moveit/install/moveit_ros_occupancy_map_monitor:/home/rosuser/ros2_ws/ws_moveit/install/moveit_resources_prbt_ikfast_manipulator_plugin:/home/rosuser/ros2_ws/ws_moveit/install/chomp_motion_planner:/home/rosuser/ros2_ws/ws_moveit/install/moveit_core:/home/rosuser/ros2_ws/ws_moveit/install/rviz_marker_tools:/home/rosuser/ros2_ws/ws_moveit/install/moveit_resources_panda_moveit_config:/home/rosuser/ros2_ws/ws_moveit/install/moveit_resources_fanuc_moveit_config:/home/rosuser/ros2_ws/ws_moveit/install/moveit_configs_utils:/home/rosuser/ros2_ws/ws_moveit/install/srdfdom:/home/rosuser/ros2_ws/ws_moveit/install/moveit_task_constructor_msgs:/home/rosuser/ros2_ws/ws_moveit/install/moveit_resources_prbt_support:/home/rosuser/ros2_ws/ws_moveit/install/moveit_resources_pr2_description:/home/rosuser/ros2_ws/ws_moveit/install/moveit_resources_panda_description:/home/rosuser/ros2_ws/ws_moveit/install/moveit_resources_fanuc_description:/home/rosuser/ros2_ws/ws_moveit/install/moveit_common:/home/rosuser/ros2_ws/ws_moveit/install/launch_param_builder:${AMENT_PREFIX_PATH} CMAKE_PREFIX_PATH=/home/rosuser/ros2_ws/ws_moveit/install/moveit_planners:/home/rosuser/ros2_ws/ws_moveit/install/pilz_industrial_motion_planner:/home/rosuser/ros2_ws/ws_moveit/install/moveit_resources_prbt_pg70_support:/home/rosuser/ros2_ws/ws_moveit/install/moveit_ros_planning_interface:/home/rosuser/ros2_ws/ws_moveit/install/moveit_resources_prbt_moveit_config:/home/rosuser/ros2_ws/ws_moveit/install/moveit_ros_move_group:/home/rosuser/ros2_ws/ws_moveit/install/moveit_ros_warehouse:/home/rosuser/ros2_ws/ws_moveit/install/moveit_planners_ompl:/home/rosuser/ros2_ws/ws_moveit/install/moveit_kinematics:/home/rosuser/ros2_ws/ws_moveit/install/moveit_ros_planning:/home/rosuser/ros2_ws/ws_moveit/install/moveit_planners_chomp:/home/rosuser/ros2_ws/ws_moveit/install/pilz_industrial_motion_planner_testutils:/home/rosuser/ros2_ws/ws_moveit/install/moveit_simple_controller_manager:/home/rosuser/ros2_ws/ws_moveit/install/moveit_ros_occupancy_map_monitor:/home/rosuser/ros2_ws/ws_moveit/install/moveit_resources_prbt_ikfast_manipulator_plugin:/home/rosuser/ros2_ws/ws_moveit/install/chomp_motion_planner:/home/rosuser/ros2_ws/ws_moveit/install/moveit_core:/home/rosuser/ros2_ws/ws_moveit/install/rviz_marker_tools:/home/rosuser/ros2_ws/ws_moveit/install/moveit_resources_panda_moveit_config:/home/rosuser/ros2_ws/ws_moveit/install/moveit_resources_fanuc_moveit_config:/home/rosuser/ros2_ws/ws_moveit/install/srdfdom:/home/rosuser/ros2_ws/ws_moveit/install/moveit_task_constructor_msgs:/home/rosuser/ros2_ws/ws_moveit/install/moveit_resources_prbt_support:/home/rosuser/ros2_ws/ws_moveit/install/moveit_resources_pr2_description:/home/rosuser/ros2_ws/ws_moveit/install/moveit_resources_panda_description:/home/rosuser/ros2_ws/ws_moveit/install/moveit_resources_fanuc_description:/home/rosuser/ros2_ws/ws_moveit/install/moveit_common:/opt/ros/humble LD_LIBRARY_PATH=/home/rosuser/ros2_ws/ws_moveit/install/pilz_industrial_motion_planner/lib:/home/rosuser/ros2_ws/ws_moveit/install/moveit_ros_planning_interface/lib:/home/rosuser/ros2_ws/ws_moveit/install/moveit_ros_move_group/lib:/home/rosuser/ros2_ws/ws_moveit/install/moveit_ros_warehouse/lib:/home/rosuser/ros2_ws/ws_moveit/install/moveit_planners_ompl/lib:/home/rosuser/ros2_ws/ws_moveit/install/moveit_kinematics/lib:/home/rosuser/ros2_ws/ws_moveit/install/moveit_ros_planning/lib:/home/rosuser/ros2_ws/ws_moveit/install/moveit_planners_chomp/lib:/home/rosuser/ros2_ws/ws_moveit/install/pilz_industrial_motion_planner_testutils/lib:/home/rosuser/ros2_ws/ws_moveit/install/moveit_simple_controller_manager/lib:/home/rosuser/ros2_ws/ws_moveit/install/moveit_ros_occupancy_map_monitor/lib:/home/rosuser/ros2_ws/ws_moveit/install/moveit_resources_prbt_ikfast_manipulator_plugin/lib:/home/rosuser/ros2_ws/ws_moveit/install/chomp_motion_planner/lib:/home/rosuser/ros2_ws/ws_moveit/install/moveit_core/lib:/home/rosuser/ros2_ws/ws_moveit/install/rviz_marker_tools/lib:/home/rosuser/ros2_ws/ws_moveit/install/srdfdom/lib:/home/rosuser/ros2_ws/ws_moveit/install/moveit_task_constructor_msgs/lib:${LD_LIBRARY_PATH} PATH=/home/rosuser/ros2_ws/ws_moveit/install/moveit_core/bin:${PATH} PYTHONPATH=/home/rosuser/ros2_ws/ws_moveit/install/moveit_configs_utils/lib/python3.10/site-packages:/home/rosuser/ros2_ws/ws_moveit/install/srdfdom/local/lib/python3.10/dist-packages:/home/rosuser/ros2_ws/ws_moveit/install/moveit_task_constructor_msgs/local/lib/python3.10/dist-packages:/home/rosuser/ros2_ws/ws_moveit/install/launch_param_builder/lib/python3.10/site-packages:${PYTHONPATH} /usr/bin/cmake --build /home/rosuser/ros2_ws/ws_moveit/build/moveit_task_constructor_core -- -j8 -l8
[380.014s] Invoking command in '/home/rosuser/ros2_ws/ws_moveit/build/moveit_task_constructor_core': AMENT_PREFIX_PATH=/home/rosuser/ros2_ws/ws_moveit/install/moveit_planners:/home/rosuser/ros2_ws/ws_moveit/install/pilz_industrial_motion_planner:/home/rosuser/ros2_ws/ws_moveit/install/moveit_resources_prbt_pg70_support:/home/rosuser/ros2_ws/ws_moveit/install/moveit_ros_planning_interface:/home/rosuser/ros2_ws/ws_moveit/install/moveit_resources_prbt_moveit_config:/home/rosuser/ros2_ws/ws_moveit/install/moveit_ros_move_group:/home/rosuser/ros2_ws/ws_moveit/install/moveit_ros_warehouse:/home/rosuser/ros2_ws/ws_moveit/install/moveit_planners_ompl:/home/rosuser/ros2_ws/ws_moveit/install/moveit_kinematics:/home/rosuser/ros2_ws/ws_moveit/install/moveit_ros_planning:/home/rosuser/ros2_ws/ws_moveit/install/moveit_planners_chomp:/home/rosuser/ros2_ws/ws_moveit/install/pilz_industrial_motion_planner_testutils:/home/rosuser/ros2_ws/ws_moveit/install/moveit_simple_controller_manager:/home/rosuser/ros2_ws/ws_moveit/install/moveit_ros_occupancy_map_monitor:/home/rosuser/ros2_ws/ws_moveit/install/moveit_resources_prbt_ikfast_manipulator_plugin:/home/rosuser/ros2_ws/ws_moveit/install/chomp_motion_planner:/home/rosuser/ros2_ws/ws_moveit/install/moveit_core:/home/rosuser/ros2_ws/ws_moveit/install/rviz_marker_tools:/home/rosuser/ros2_ws/ws_moveit/install/moveit_resources_panda_moveit_config:/home/rosuser/ros2_ws/ws_moveit/install/moveit_resources_fanuc_moveit_config:/home/rosuser/ros2_ws/ws_moveit/install/moveit_configs_utils:/home/rosuser/ros2_ws/ws_moveit/install/srdfdom:/home/rosuser/ros2_ws/ws_moveit/install/moveit_task_constructor_msgs:/home/rosuser/ros2_ws/ws_moveit/install/moveit_resources_prbt_support:/home/rosuser/ros2_ws/ws_moveit/install/moveit_resources_pr2_description:/home/rosuser/ros2_ws/ws_moveit/install/moveit_resources_panda_description:/home/rosuser/ros2_ws/ws_moveit/install/moveit_resources_fanuc_description:/home/rosuser/ros2_ws/ws_moveit/install/moveit_common:/home/rosuser/ros2_ws/ws_moveit/install/launch_param_builder:${AMENT_PREFIX_PATH} CMAKE_PREFIX_PATH=/home/rosuser/ros2_ws/ws_moveit/install/moveit_planners:/home/rosuser/ros2_ws/ws_moveit/install/pilz_industrial_motion_planner:/home/rosuser/ros2_ws/ws_moveit/install/moveit_resources_prbt_pg70_support:/home/rosuser/ros2_ws/ws_moveit/install/moveit_ros_planning_interface:/home/rosuser/ros2_ws/ws_moveit/install/moveit_resources_prbt_moveit_config:/home/rosuser/ros2_ws/ws_moveit/install/moveit_ros_move_group:/home/rosuser/ros2_ws/ws_moveit/install/moveit_ros_warehouse:/home/rosuser/ros2_ws/ws_moveit/install/moveit_planners_ompl:/home/rosuser/ros2_ws/ws_moveit/install/moveit_kinematics:/home/rosuser/ros2_ws/ws_moveit/install/moveit_ros_planning:/home/rosuser/ros2_ws/ws_moveit/install/moveit_planners_chomp:/home/rosuser/ros2_ws/ws_moveit/install/pilz_industrial_motion_planner_testutils:/home/rosuser/ros2_ws/ws_moveit/install/moveit_simple_controller_manager:/home/rosuser/ros2_ws/ws_moveit/install/moveit_ros_occupancy_map_monitor:/home/rosuser/ros2_ws/ws_moveit/install/moveit_resources_prbt_ikfast_manipulator_plugin:/home/rosuser/ros2_ws/ws_moveit/install/chomp_motion_planner:/home/rosuser/ros2_ws/ws_moveit/install/moveit_core:/home/rosuser/ros2_ws/ws_moveit/install/rviz_marker_tools:/home/rosuser/ros2_ws/ws_moveit/install/moveit_resources_panda_moveit_config:/home/rosuser/ros2_ws/ws_moveit/install/moveit_resources_fanuc_moveit_config:/home/rosuser/ros2_ws/ws_moveit/install/srdfdom:/home/rosuser/ros2_ws/ws_moveit/install/moveit_task_constructor_msgs:/home/rosuser/ros2_ws/ws_moveit/install/moveit_resources_prbt_support:/home/rosuser/ros2_ws/ws_moveit/install/moveit_resources_pr2_description:/home/rosuser/ros2_ws/ws_moveit/install/moveit_resources_panda_description:/home/rosuser/ros2_ws/ws_moveit/install/moveit_resources_fanuc_description:/home/rosuser/ros2_ws/ws_moveit/install/moveit_common:/opt/ros/humble LD_LIBRARY_PATH=/home/rosuser/ros2_ws/ws_moveit/install/pilz_industrial_motion_planner/lib:/home/rosuser/ros2_ws/ws_moveit/install/moveit_ros_planning_interface/lib:/home/rosuser/ros2_ws/ws_moveit/install/moveit_ros_move_group/lib:/home/rosuser/ros2_ws/ws_moveit/install/moveit_ros_warehouse/lib:/home/rosuser/ros2_ws/ws_moveit/install/moveit_planners_ompl/lib:/home/rosuser/ros2_ws/ws_moveit/install/moveit_kinematics/lib:/home/rosuser/ros2_ws/ws_moveit/install/moveit_ros_planning/lib:/home/rosuser/ros2_ws/ws_moveit/install/moveit_planners_chomp/lib:/home/rosuser/ros2_ws/ws_moveit/install/pilz_industrial_motion_planner_testutils/lib:/home/rosuser/ros2_ws/ws_moveit/install/moveit_simple_controller_manager/lib:/home/rosuser/ros2_ws/ws_moveit/install/moveit_ros_occupancy_map_monitor/lib:/home/rosuser/ros2_ws/ws_moveit/install/moveit_resources_prbt_ikfast_manipulator_plugin/lib:/home/rosuser/ros2_ws/ws_moveit/install/chomp_motion_planner/lib:/home/rosuser/ros2_ws/ws_moveit/install/moveit_core/lib:/home/rosuser/ros2_ws/ws_moveit/install/rviz_marker_tools/lib:/home/rosuser/ros2_ws/ws_moveit/install/srdfdom/lib:/home/rosuser/ros2_ws/ws_moveit/install/moveit_task_constructor_msgs/lib:${LD_LIBRARY_PATH} PATH=/home/rosuser/ros2_ws/ws_moveit/install/moveit_core/bin:${PATH} PYTHONPATH=/home/rosuser/ros2_ws/ws_moveit/install/moveit_configs_utils/lib/python3.10/site-packages:/home/rosuser/ros2_ws/ws_moveit/install/srdfdom/local/lib/python3.10/dist-packages:/home/rosuser/ros2_ws/ws_moveit/install/moveit_task_constructor_msgs/local/lib/python3.10/dist-packages:/home/rosuser/ros2_ws/ws_moveit/install/launch_param_builder/lib/python3.10/site-packages:${PYTHONPATH} /usr/bin/cmake --install /home/rosuser/ros2_ws/ws_moveit/build/moveit_task_constructor_core
[380.022s] -- Install configuration: "Release"
[380.030s] -- Installing: /home/rosuser/ros2_ws/ws_moveit/install/moveit_task_constructor_core/lib/libmoveit_task_constructor_core_stages.so
[380.039s] -- Set runtime path of "/home/rosuser/ros2_ws/ws_moveit/install/moveit_task_constructor_core/lib/libmoveit_task_constructor_core_stages.so" to ""
[380.039s] -- Installing: /home/rosuser/ros2_ws/ws_moveit/install/moveit_task_constructor_core/lib/libmoveit_task_constructor_core_stage_plugins.so
[380.041s] -- Set runtime path of "/home/rosuser/ros2_ws/ws_moveit/install/moveit_task_constructor_core/lib/libmoveit_task_constructor_core_stage_plugins.so" to ""
[380.041s] -- Installing: /home/rosuser/ros2_ws/ws_moveit/install/moveit_task_constructor_core/lib/libmoveit_task_constructor_core.so
[380.047s] -- Set runtime path of "/home/rosuser/ros2_ws/ws_moveit/install/moveit_task_constructor_core/lib/libmoveit_task_constructor_core.so" to ""
[380.047s] -- Installing: /home/rosuser/ros2_ws/ws_moveit/install/moveit_task_constructor_core/share/moveit_task_constructor_core/environment/pythonpath.sh
[380.048s] -- Installing: /home/rosuser/ros2_ws/ws_moveit/install/moveit_task_constructor_core/share/moveit_task_constructor_core/environment/pythonpath.dsv
[380.049s] -- Installing: /home/rosuser/ros2_ws/ws_moveit/install/moveit_task_constructor_core/local/lib/python3.10/dist-packages/moveit-0.1.3-py3.10.egg-info
[380.049s] -- Installing: /home/rosuser/ros2_ws/ws_moveit/install/moveit_task_constructor_core/local/lib/python3.10/dist-packages/moveit-0.1.3-py3.10.egg-info/dependency_links.txt
[380.049s] -- Installing: /home/rosuser/ros2_ws/ws_moveit/install/moveit_task_constructor_core/local/lib/python3.10/dist-packages/moveit-0.1.3-py3.10.egg-info/PKG-INFO
[380.050s] -- Installing: /home/rosuser/ros2_ws/ws_moveit/install/moveit_task_constructor_core/local/lib/python3.10/dist-packages/moveit-0.1.3-py3.10.egg-info/SOURCES.txt
[380.051s] -- Installing: /home/rosuser/ros2_ws/ws_moveit/install/moveit_task_constructor_core/local/lib/python3.10/dist-packages/moveit-0.1.3-py3.10.egg-info/top_level.txt
[380.051s] -- Installing: /home/rosuser/ros2_ws/ws_moveit/install/moveit_task_constructor_core/local/lib/python3.10/dist-packages/moveit
[380.052s] -- Installing: /home/rosuser/ros2_ws/ws_moveit/install/moveit_task_constructor_core/local/lib/python3.10/dist-packages/moveit/__init__.py
[380.052s] -- Installing: /home/rosuser/ros2_ws/ws_moveit/install/moveit_task_constructor_core/local/lib/python3.10/dist-packages/moveit/task_constructor
[380.053s] -- Installing: /home/rosuser/ros2_ws/ws_moveit/install/moveit_task_constructor_core/local/lib/python3.10/dist-packages/moveit/task_constructor/__init__.py
[380.053s] -- Installing: /home/rosuser/ros2_ws/ws_moveit/install/moveit_task_constructor_core/local/lib/python3.10/dist-packages/moveit/task_constructor/stages.py
[380.053s] -- Installing: /home/rosuser/ros2_ws/ws_moveit/install/moveit_task_constructor_core/local/lib/python3.10/dist-packages/moveit/task_constructor/core.py
[380.087s] Listing '/home/rosuser/ros2_ws/ws_moveit/install/moveit_task_constructor_core/local/lib/python3.10/dist-packages/moveit'...
[380.087s] Compiling '/home/rosuser/ros2_ws/ws_moveit/install/moveit_task_constructor_core/local/lib/python3.10/dist-packages/moveit/__init__.py'...
[380.087s] Listing '/home/rosuser/ros2_ws/ws_moveit/install/moveit_task_constructor_core/local/lib/python3.10/dist-packages/moveit/task_constructor'...
[380.087s] Compiling '/home/rosuser/ros2_ws/ws_moveit/install/moveit_task_constructor_core/local/lib/python3.10/dist-packages/moveit/task_constructor/__init__.py'...
[380.087s] Compiling '/home/rosuser/ros2_ws/ws_moveit/install/moveit_task_constructor_core/local/lib/python3.10/dist-packages/moveit/task_constructor/core.py'...
[380.087s] Compiling '/home/rosuser/ros2_ws/ws_moveit/install/moveit_task_constructor_core/local/lib/python3.10/dist-packages/moveit/task_constructor/stages.py'...
[380.091s] -- Installing: /home/rosuser/ros2_ws/ws_moveit/install/moveit_task_constructor_core/include/moveit/python/pybind11
[380.092s] -- Installing: /home/rosuser/ros2_ws/ws_moveit/install/moveit_task_constructor_core/include/moveit/python/pybind11/smart_holder.h
[380.092s] -- Installing: /home/rosuser/ros2_ws/ws_moveit/install/moveit_task_constructor_core/include/moveit/python/pybind11/embed.h
[380.092s] -- Installing: /home/rosuser/ros2_ws/ws_moveit/install/moveit_task_constructor_core/include/moveit/python/pybind11/gil_safe_call_once.h
[380.093s] -- Installing: /home/rosuser/ros2_ws/ws_moveit/install/moveit_task_constructor_core/include/moveit/python/pybind11/stl.h
[380.093s] -- Installing: /home/rosuser/ros2_ws/ws_moveit/install/moveit_task_constructor_core/include/moveit/python/pybind11/chrono.h
[380.093s] -- Installing: /home/rosuser/ros2_ws/ws_moveit/install/moveit_task_constructor_core/include/moveit/python/pybind11/iostream.h
[380.094s] -- Installing: /home/rosuser/ros2_ws/ws_moveit/install/moveit_task_constructor_core/include/moveit/python/pybind11/numpy.h
[380.095s] -- Installing: /home/rosuser/ros2_ws/ws_moveit/install/moveit_task_constructor_core/include/moveit/python/pybind11/buffer_info.h
[380.095s] -- Installing: /home/rosuser/ros2_ws/ws_moveit/install/moveit_task_constructor_core/include/moveit/python/pybind11/pytypes.h
[380.095s] -- Installing: /home/rosuser/ros2_ws/ws_moveit/install/moveit_task_constructor_core/include/moveit/python/pybind11/eval.h
[380.095s] -- Installing: /home/rosuser/ros2_ws/ws_moveit/install/moveit_task_constructor_core/include/moveit/python/pybind11/cast.h
[380.095s] -- Installing: /home/rosuser/ros2_ws/ws_moveit/install/moveit_task_constructor_core/include/moveit/python/pybind11/attr.h
[380.096s] -- Installing: /home/rosuser/ros2_ws/ws_moveit/install/moveit_task_constructor_core/include/moveit/python/pybind11/complex.h
[380.096s] -- Installing: /home/rosuser/ros2_ws/ws_moveit/install/moveit_task_constructor_core/include/moveit/python/pybind11/trampoline_self_life_support.h
[380.096s] -- Installing: /home/rosuser/ros2_ws/ws_moveit/install/moveit_task_constructor_core/include/moveit/python/pybind11/operators.h
[380.097s] -- Installing: /home/rosuser/ros2_ws/ws_moveit/install/moveit_task_constructor_core/include/moveit/python/pybind11/common.h
[380.097s] -- Installing: /home/rosuser/ros2_ws/ws_moveit/install/moveit_task_constructor_core/include/moveit/python/pybind11/stl
[380.097s] -- Installing: /home/rosuser/ros2_ws/ws_moveit/install/moveit_task_constructor_core/include/moveit/python/pybind11/stl/filesystem.h
[380.097s] -- Installing: /home/rosuser/ros2_ws/ws_moveit/install/moveit_task_constructor_core/include/moveit/python/pybind11/options.h
[380.098s] -- Installing: /home/rosuser/ros2_ws/ws_moveit/install/moveit_task_constructor_core/include/moveit/python/pybind11/detail
[380.098s] -- Installing: /home/rosuser/ros2_ws/ws_moveit/install/moveit_task_constructor_core/include/moveit/python/pybind11/detail/init.h
[380.098s] -- Installing: /home/rosuser/ros2_ws/ws_moveit/install/moveit_task_constructor_core/include/moveit/python/pybind11/detail/smart_holder_poc.h
[380.099s] -- Installing: /home/rosuser/ros2_ws/ws_moveit/install/moveit_task_constructor_core/include/moveit/python/pybind11/detail/smart_holder_type_casters.h
[380.099s] -- Installing: /home/rosuser/ros2_ws/ws_moveit/install/moveit_task_constructor_core/include/moveit/python/pybind11/detail/class.h
[380.099s] -- Installing: /home/rosuser/ros2_ws/ws_moveit/install/moveit_task_constructor_core/include/moveit/python/pybind11/detail/internals.h
[380.099s] -- Installing: /home/rosuser/ros2_ws/ws_moveit/install/moveit_task_constructor_core/include/moveit/python/pybind11/detail/type_caster_base.h
[380.100s] -- Installing: /home/rosuser/ros2_ws/ws_moveit/install/moveit_task_constructor_core/include/moveit/python/pybind11/detail/type_caster_odr_guard.h
[380.100s] -- Installing: /home/rosuser/ros2_ws/ws_moveit/install/moveit_task_constructor_core/include/moveit/python/pybind11/detail/common.h
[380.100s] -- Installing: /home/rosuser/ros2_ws/ws_moveit/install/moveit_task_constructor_core/include/moveit/python/pybind11/detail/smart_holder_sfinae_hooks_only.h
[380.100s] -- Installing: /home/rosuser/ros2_ws/ws_moveit/install/moveit_task_constructor_core/include/moveit/python/pybind11/detail/typeid.h
[380.100s] -- Installing: /home/rosuser/ros2_ws/ws_moveit/install/moveit_task_constructor_core/include/moveit/python/pybind11/detail/descr.h
[380.100s] -- Installing: /home/rosuser/ros2_ws/ws_moveit/install/moveit_task_constructor_core/include/moveit/python/pybind11/detail/dynamic_raw_ptr_cast_if_possible.h
[380.100s] -- Installing: /home/rosuser/ros2_ws/ws_moveit/install/moveit_task_constructor_core/include/moveit/python/pybind11/stl_bind.h
[380.101s] -- Installing: /home/rosuser/ros2_ws/ws_moveit/install/moveit_task_constructor_core/include/moveit/python/pybind11/gil.h
[380.101s] -- Installing: /home/rosuser/ros2_ws/ws_moveit/install/moveit_task_constructor_core/include/moveit/python/pybind11/eigen.h
[380.101s] -- Installing: /home/rosuser/ros2_ws/ws_moveit/install/moveit_task_constructor_core/include/moveit/python/pybind11/pybind11.h
[380.102s] -- Installing: /home/rosuser/ros2_ws/ws_moveit/install/moveit_task_constructor_core/include/moveit/python/pybind11/type_caster_pyobject_ptr.h
[380.102s] -- Installing: /home/rosuser/ros2_ws/ws_moveit/install/moveit_task_constructor_core/include/moveit/python/pybind11/typing.h
[380.102s] -- Installing: /home/rosuser/ros2_ws/ws_moveit/install/moveit_task_constructor_core/include/moveit/python/pybind11/functional.h
[380.103s] -- Installing: /home/rosuser/ros2_ws/ws_moveit/install/moveit_task_constructor_core/include/moveit/python/pybind11/eigen
[380.103s] -- Installing: /home/rosuser/ros2_ws/ws_moveit/install/moveit_task_constructor_core/include/moveit/python/pybind11/eigen/tensor.h
[380.104s] -- Installing: /home/rosuser/ros2_ws/ws_moveit/install/moveit_task_constructor_core/include/moveit/python/pybind11/eigen/matrix.h
[380.106s] -- Installing: /home/rosuser/ros2_ws/ws_moveit/install/moveit_task_constructor_core/include/moveit/python/pybind11/eigen/common.h
[380.106s] -- Installing: /home/rosuser/ros2_ws/ws_moveit/install/moveit_task_constructor_core/share/moveit_task_constructor_core/cmake/pybind11Config.cmake
[380.109s] -- Installing: /home/rosuser/ros2_ws/ws_moveit/install/moveit_task_constructor_core/share/moveit_task_constructor_core/cmake/pybind11ConfigVersion.cmake
[380.109s] -- Installing: /home/rosuser/ros2_ws/ws_moveit/install/moveit_task_constructor_core/share/moveit_task_constructor_core/cmake/FindPythonLibsNew.cmake
[380.109s] -- Installing: /home/rosuser/ros2_ws/ws_moveit/install/moveit_task_constructor_core/share/moveit_task_constructor_core/cmake/pybind11Common.cmake
[380.109s] -- Installing: /home/rosuser/ros2_ws/ws_moveit/install/moveit_task_constructor_core/share/moveit_task_constructor_core/cmake/pybind11Tools.cmake
[380.109s] -- Installing: /home/rosuser/ros2_ws/ws_moveit/install/moveit_task_constructor_core/share/moveit_task_constructor_core/cmake/pybind11NewTools.cmake
[380.110s] -- Installing: /home/rosuser/ros2_ws/ws_moveit/install/moveit_task_constructor_core/share/moveit_task_constructor_core/cmake/pybind11Targets.cmake
[380.111s] -- Installing: /home/rosuser/ros2_ws/ws_moveit/install/moveit_task_constructor_core/share/pkgconfig/pybind11.pc
[380.113s] -- Installing: /home/rosuser/ros2_ws/ws_moveit/install/moveit_task_constructor_core/local/lib/python3.10/dist-packages/pymoveit_mtc.cpython-310-aarch64-linux-gnu.so
[380.114s] -- Set runtime path of "/home/rosuser/ros2_ws/ws_moveit/install/moveit_task_constructor_core/local/lib/python3.10/dist-packages/pymoveit_mtc.cpython-310-aarch64-linux-gnu.so" to ""
[380.115s] -- Up-to-date: /home/rosuser/ros2_ws/ws_moveit/install/moveit_task_constructor_core/include
[380.115s] -- Up-to-date: /home/rosuser/ros2_ws/ws_moveit/install/moveit_task_constructor_core/include/moveit
[380.115s] -- Installing: /home/rosuser/ros2_ws/ws_moveit/install/moveit_task_constructor_core/include/moveit/task_constructor
[380.116s] -- Installing: /home/rosuser/ros2_ws/ws_moveit/install/moveit_task_constructor_core/include/moveit/task_constructor/stages.h
[380.116s] -- Installing: /home/rosuser/ros2_ws/ws_moveit/install/moveit_task_constructor_core/include/moveit/task_constructor/trajectory_execution_info.h
[380.116s] -- Installing: /home/rosuser/ros2_ws/ws_moveit/install/moveit_task_constructor_core/include/moveit/task_constructor/solvers.h
[380.116s] -- Installing: /home/rosuser/ros2_ws/ws_moveit/install/moveit_task_constructor_core/include/moveit/task_constructor/stages
[380.117s] -- Installing: /home/rosuser/ros2_ws/ws_moveit/install/moveit_task_constructor_core/include/moveit/task_constructor/stages/fix_collision_objects.h
[380.117s] -- Installing: /home/rosuser/ros2_ws/ws_moveit/install/moveit_task_constructor_core/include/moveit/task_constructor/stages/predicate_filter.h
[380.117s] -- Installing: /home/rosuser/ros2_ws/ws_moveit/install/moveit_task_constructor_core/include/moveit/task_constructor/stages/connect.h
[380.118s] -- Installing: /home/rosuser/ros2_ws/ws_moveit/install/moveit_task_constructor_core/include/moveit/task_constructor/stages/passthrough.h
[380.118s] -- Installing: /home/rosuser/ros2_ws/ws_moveit/install/moveit_task_constructor_core/include/moveit/task_constructor/stages/simple_grasp.h
[380.118s] -- Installing: /home/rosuser/ros2_ws/ws_moveit/install/moveit_task_constructor_core/include/moveit/task_constructor/stages/fixed_state.h
[380.118s] -- Installing: /home/rosuser/ros2_ws/ws_moveit/install/moveit_task_constructor_core/include/moveit/task_constructor/stages/generate_pose.h
[380.118s] -- Installing: /home/rosuser/ros2_ws/ws_moveit/install/moveit_task_constructor_core/include/moveit/task_constructor/stages/move_to.h
[380.118s] -- Installing: /home/rosuser/ros2_ws/ws_moveit/install/moveit_task_constructor_core/include/moveit/task_constructor/stages/pick.h
[380.118s] -- Installing: /home/rosuser/ros2_ws/ws_moveit/install/moveit_task_constructor_core/include/moveit/task_constructor/stages/current_state.h
[380.118s] -- Installing: /home/rosuser/ros2_ws/ws_moveit/install/moveit_task_constructor_core/include/moveit/task_constructor/stages/modify_planning_scene.h
[380.119s] -- Installing: /home/rosuser/ros2_ws/ws_moveit/install/moveit_task_constructor_core/include/moveit/task_constructor/stages/generate_place_pose.h
[380.119s] -- Installing: /home/rosuser/ros2_ws/ws_moveit/install/moveit_task_constructor_core/include/moveit/task_constructor/stages/move_relative.h
[380.119s] -- Installing: /home/rosuser/ros2_ws/ws_moveit/install/moveit_task_constructor_core/include/moveit/task_constructor/stages/noop.h
[380.120s] -- Installing: /home/rosuser/ros2_ws/ws_moveit/install/moveit_task_constructor_core/include/moveit/task_constructor/stages/generate_random_pose.h
[380.120s] -- Installing: /home/rosuser/ros2_ws/ws_moveit/install/moveit_task_constructor_core/include/moveit/task_constructor/stages/fixed_cartesian_poses.h
[380.120s] -- Installing: /home/rosuser/ros2_ws/ws_moveit/install/moveit_task_constructor_core/include/moveit/task_constructor/stages/generate_grasp_pose.h
[380.120s] -- Installing: /home/rosuser/ros2_ws/ws_moveit/install/moveit_task_constructor_core/include/moveit/task_constructor/stages/compute_ik.h
[380.120s] -- Installing: /home/rosuser/ros2_ws/ws_moveit/install/moveit_task_constructor_core/include/moveit/task_constructor/stage.h
[380.120s] -- Installing: /home/rosuser/ros2_ws/ws_moveit/install/moveit_task_constructor_core/include/moveit/task_constructor/type_traits.h
[380.120s] -- Installing: /home/rosuser/ros2_ws/ws_moveit/install/moveit_task_constructor_core/include/moveit/task_constructor/container.h
[380.120s] -- Installing: /home/rosuser/ros2_ws/ws_moveit/install/moveit_task_constructor_core/include/moveit/task_constructor/properties.h
[380.120s] -- Installing: /home/rosuser/ros2_ws/ws_moveit/install/moveit_task_constructor_core/include/moveit/task_constructor/cost_terms.h
[380.120s] -- Installing: /home/rosuser/ros2_ws/ws_moveit/install/moveit_task_constructor_core/include/moveit/task_constructor/utils.h
[380.120s] -- Installing: /home/rosuser/ros2_ws/ws_moveit/install/moveit_task_constructor_core/include/moveit/task_constructor/moveit_compat.h
[380.120s] -- Installing: /home/rosuser/ros2_ws/ws_moveit/install/moveit_task_constructor_core/include/moveit/task_constructor/cost_queue.h
[380.120s] -- Installing: /home/rosuser/ros2_ws/ws_moveit/install/moveit_task_constructor_core/include/moveit/task_constructor/solvers
[380.121s] -- Installing: /home/rosuser/ros2_ws/ws_moveit/install/moveit_task_constructor_core/include/moveit/task_constructor/solvers/multi_planner.h
[380.121s] -- Installing: /home/rosuser/ros2_ws/ws_moveit/install/moveit_task_constructor_core/include/moveit/task_constructor/solvers/cartesian_path.h
[380.121s] -- Installing: /home/rosuser/ros2_ws/ws_moveit/install/moveit_task_constructor_core/include/moveit/task_constructor/solvers/planner_interface.h
[380.121s] -- Installing: /home/rosuser/ros2_ws/ws_moveit/install/moveit_task_constructor_core/include/moveit/task_constructor/solvers/joint_interpolation.h
[380.121s] -- Installing: /home/rosuser/ros2_ws/ws_moveit/install/moveit_task_constructor_core/include/moveit/task_constructor/solvers/pipeline_planner.h
[380.121s] -- Installing: /home/rosuser/ros2_ws/ws_moveit/install/moveit_task_constructor_core/include/moveit/task_constructor/merge.h
[380.122s] -- Installing: /home/rosuser/ros2_ws/ws_moveit/install/moveit_task_constructor_core/include/moveit/task_constructor/introspection.h
[380.122s] -- Installing: /home/rosuser/ros2_ws/ws_moveit/install/moveit_task_constructor_core/include/moveit/task_constructor/marker_tools.h
[380.122s] -- Installing: /home/rosuser/ros2_ws/ws_moveit/install/moveit_task_constructor_core/include/moveit/task_constructor/storage.h
[380.122s] -- Installing: /home/rosuser/ros2_ws/ws_moveit/install/moveit_task_constructor_core/include/moveit/task_constructor/task.h
[380.122s] -- Up-to-date: /home/rosuser/ros2_ws/ws_moveit/install/moveit_task_constructor_core/include/moveit/python
[380.124s] -- Installing: /home/rosuser/ros2_ws/ws_moveit/install/moveit_task_constructor_core/include/moveit/python/task_constructor
[380.124s] -- Installing: /home/rosuser/ros2_ws/ws_moveit/install/moveit_task_constructor_core/include/moveit/python/task_constructor/properties.h
[380.124s] -- Installing: /home/rosuser/ros2_ws/ws_moveit/install/moveit_task_constructor_core/share/moveit_task_constructor_core/motion_planning_stages_plugin_description.xml
[380.126s] -- Installing: /home/rosuser/ros2_ws/ws_moveit/install/moveit_task_constructor_core/share/moveit_task_constructor_core/environment/library_path.sh
[380.126s] -- Installing: /home/rosuser/ros2_ws/ws_moveit/install/moveit_task_constructor_core/share/moveit_task_constructor_core/environment/library_path.dsv
[380.126s] -- Installing: /home/rosuser/ros2_ws/ws_moveit/install/moveit_task_constructor_core/share/ament_index/resource_index/package_run_dependencies/moveit_task_constructor_core
[380.128s] -- Installing: /home/rosuser/ros2_ws/ws_moveit/install/moveit_task_constructor_core/share/ament_index/resource_index/parent_prefix_path/moveit_task_constructor_core
[380.129s] -- Installing: /home/rosuser/ros2_ws/ws_moveit/install/moveit_task_constructor_core/share/moveit_task_constructor_core/environment/ament_prefix_path.sh
[380.129s] -- Installing: /home/rosuser/ros2_ws/ws_moveit/install/moveit_task_constructor_core/share/moveit_task_constructor_core/environment/ament_prefix_path.dsv
[380.130s] -- Installing: /home/rosuser/ros2_ws/ws_moveit/install/moveit_task_constructor_core/share/moveit_task_constructor_core/environment/path.sh
[380.130s] -- Installing: /home/rosuser/ros2_ws/ws_moveit/install/moveit_task_constructor_core/share/moveit_task_constructor_core/environment/path.dsv
[380.130s] -- Installing: /home/rosuser/ros2_ws/ws_moveit/install/moveit_task_constructor_core/share/moveit_task_constructor_core/local_setup.bash
[380.130s] -- Installing: /home/rosuser/ros2_ws/ws_moveit/install/moveit_task_constructor_core/share/moveit_task_constructor_core/local_setup.sh
[380.131s] -- Installing: /home/rosuser/ros2_ws/ws_moveit/install/moveit_task_constructor_core/share/moveit_task_constructor_core/local_setup.zsh
[380.131s] -- Installing: /home/rosuser/ros2_ws/ws_moveit/install/moveit_task_constructor_core/share/moveit_task_constructor_core/local_setup.dsv
[380.131s] -- Installing: /home/rosuser/ros2_ws/ws_moveit/install/moveit_task_constructor_core/share/moveit_task_constructor_core/package.dsv
[380.131s] -- Installing: /home/rosuser/ros2_ws/ws_moveit/install/moveit_task_constructor_core/share/ament_index/resource_index/packages/moveit_task_constructor_core
[380.131s] -- Installing: /home/rosuser/ros2_ws/ws_moveit/install/moveit_task_constructor_core/share/ament_index/resource_index/moveit_task_constructor_core__pluginlib__plugin/moveit_task_constructor_core
[380.132s] -- Installing: /home/rosuser/ros2_ws/ws_moveit/install/moveit_task_constructor_core/share/moveit_task_constructor_core/cmake/moveit_task_constructor_coreTargetsExport.cmake
[380.132s] -- Installing: /home/rosuser/ros2_ws/ws_moveit/install/moveit_task_constructor_core/share/moveit_task_constructor_core/cmake/moveit_task_constructor_coreTargetsExport-release.cmake
[380.132s] -- Installing: /home/rosuser/ros2_ws/ws_moveit/install/moveit_task_constructor_core/share/moveit_task_constructor_core/cmake/ament_cmake_export_targets-extras.cmake
[380.133s] -- Installing: /home/rosuser/ros2_ws/ws_moveit/install/moveit_task_constructor_core/share/moveit_task_constructor_core/cmake/ament_cmake_export_dependencies-extras.cmake
[380.133s] -- Installing: /home/rosuser/ros2_ws/ws_moveit/install/moveit_task_constructor_core/share/moveit_task_constructor_core/cmake/moveit_task_constructor_coreConfig.cmake
[380.133s] -- Installing: /home/rosuser/ros2_ws/ws_moveit/install/moveit_task_constructor_core/share/moveit_task_constructor_core/cmake/moveit_task_constructor_coreConfig-version.cmake
[380.134s] -- Installing: /home/rosuser/ros2_ws/ws_moveit/install/moveit_task_constructor_core/share/moveit_task_constructor_core/package.xml
[380.137s] Invoked command in '/home/rosuser/ros2_ws/ws_moveit/build/moveit_task_constructor_core' returned '0': AMENT_PREFIX_PATH=/home/rosuser/ros2_ws/ws_moveit/install/moveit_planners:/home/rosuser/ros2_ws/ws_moveit/install/pilz_industrial_motion_planner:/home/rosuser/ros2_ws/ws_moveit/install/moveit_resources_prbt_pg70_support:/home/rosuser/ros2_ws/ws_moveit/install/moveit_ros_planning_interface:/home/rosuser/ros2_ws/ws_moveit/install/moveit_resources_prbt_moveit_config:/home/rosuser/ros2_ws/ws_moveit/install/moveit_ros_move_group:/home/rosuser/ros2_ws/ws_moveit/install/moveit_ros_warehouse:/home/rosuser/ros2_ws/ws_moveit/install/moveit_planners_ompl:/home/rosuser/ros2_ws/ws_moveit/install/moveit_kinematics:/home/rosuser/ros2_ws/ws_moveit/install/moveit_ros_planning:/home/rosuser/ros2_ws/ws_moveit/install/moveit_planners_chomp:/home/rosuser/ros2_ws/ws_moveit/install/pilz_industrial_motion_planner_testutils:/home/rosuser/ros2_ws/ws_moveit/install/moveit_simple_controller_manager:/home/rosuser/ros2_ws/ws_moveit/install/moveit_ros_occupancy_map_monitor:/home/rosuser/ros2_ws/ws_moveit/install/moveit_resources_prbt_ikfast_manipulator_plugin:/home/rosuser/ros2_ws/ws_moveit/install/chomp_motion_planner:/home/rosuser/ros2_ws/ws_moveit/install/moveit_core:/home/rosuser/ros2_ws/ws_moveit/install/rviz_marker_tools:/home/rosuser/ros2_ws/ws_moveit/install/moveit_resources_panda_moveit_config:/home/rosuser/ros2_ws/ws_moveit/install/moveit_resources_fanuc_moveit_config:/home/rosuser/ros2_ws/ws_moveit/install/moveit_configs_utils:/home/rosuser/ros2_ws/ws_moveit/install/srdfdom:/home/rosuser/ros2_ws/ws_moveit/install/moveit_task_constructor_msgs:/home/rosuser/ros2_ws/ws_moveit/install/moveit_resources_prbt_support:/home/rosuser/ros2_ws/ws_moveit/install/moveit_resources_pr2_description:/home/rosuser/ros2_ws/ws_moveit/install/moveit_resources_panda_description:/home/rosuser/ros2_ws/ws_moveit/install/moveit_resources_fanuc_description:/home/rosuser/ros2_ws/ws_moveit/install/moveit_common:/home/rosuser/ros2_ws/ws_moveit/install/launch_param_builder:${AMENT_PREFIX_PATH} CMAKE_PREFIX_PATH=/home/rosuser/ros2_ws/ws_moveit/install/moveit_planners:/home/rosuser/ros2_ws/ws_moveit/install/pilz_industrial_motion_planner:/home/rosuser/ros2_ws/ws_moveit/install/moveit_resources_prbt_pg70_support:/home/rosuser/ros2_ws/ws_moveit/install/moveit_ros_planning_interface:/home/rosuser/ros2_ws/ws_moveit/install/moveit_resources_prbt_moveit_config:/home/rosuser/ros2_ws/ws_moveit/install/moveit_ros_move_group:/home/rosuser/ros2_ws/ws_moveit/install/moveit_ros_warehouse:/home/rosuser/ros2_ws/ws_moveit/install/moveit_planners_ompl:/home/rosuser/ros2_ws/ws_moveit/install/moveit_kinematics:/home/rosuser/ros2_ws/ws_moveit/install/moveit_ros_planning:/home/rosuser/ros2_ws/ws_moveit/install/moveit_planners_chomp:/home/rosuser/ros2_ws/ws_moveit/install/pilz_industrial_motion_planner_testutils:/home/rosuser/ros2_ws/ws_moveit/install/moveit_simple_controller_manager:/home/rosuser/ros2_ws/ws_moveit/install/moveit_ros_occupancy_map_monitor:/home/rosuser/ros2_ws/ws_moveit/install/moveit_resources_prbt_ikfast_manipulator_plugin:/home/rosuser/ros2_ws/ws_moveit/install/chomp_motion_planner:/home/rosuser/ros2_ws/ws_moveit/install/moveit_core:/home/rosuser/ros2_ws/ws_moveit/install/rviz_marker_tools:/home/rosuser/ros2_ws/ws_moveit/install/moveit_resources_panda_moveit_config:/home/rosuser/ros2_ws/ws_moveit/install/moveit_resources_fanuc_moveit_config:/home/rosuser/ros2_ws/ws_moveit/install/srdfdom:/home/rosuser/ros2_ws/ws_moveit/install/moveit_task_constructor_msgs:/home/rosuser/ros2_ws/ws_moveit/install/moveit_resources_prbt_support:/home/rosuser/ros2_ws/ws_moveit/install/moveit_resources_pr2_description:/home/rosuser/ros2_ws/ws_moveit/install/moveit_resources_panda_description:/home/rosuser/ros2_ws/ws_moveit/install/moveit_resources_fanuc_description:/home/rosuser/ros2_ws/ws_moveit/install/moveit_common:/opt/ros/humble LD_LIBRARY_PATH=/home/rosuser/ros2_ws/ws_moveit/install/pilz_industrial_motion_planner/lib:/home/rosuser/ros2_ws/ws_moveit/install/moveit_ros_planning_interface/lib:/home/rosuser/ros2_ws/ws_moveit/install/moveit_ros_move_group/lib:/home/rosuser/ros2_ws/ws_moveit/install/moveit_ros_warehouse/lib:/home/rosuser/ros2_ws/ws_moveit/install/moveit_planners_ompl/lib:/home/rosuser/ros2_ws/ws_moveit/install/moveit_kinematics/lib:/home/rosuser/ros2_ws/ws_moveit/install/moveit_ros_planning/lib:/home/rosuser/ros2_ws/ws_moveit/install/moveit_planners_chomp/lib:/home/rosuser/ros2_ws/ws_moveit/install/pilz_industrial_motion_planner_testutils/lib:/home/rosuser/ros2_ws/ws_moveit/install/moveit_simple_controller_manager/lib:/home/rosuser/ros2_ws/ws_moveit/install/moveit_ros_occupancy_map_monitor/lib:/home/rosuser/ros2_ws/ws_moveit/install/moveit_resources_prbt_ikfast_manipulator_plugin/lib:/home/rosuser/ros2_ws/ws_moveit/install/chomp_motion_planner/lib:/home/rosuser/ros2_ws/ws_moveit/install/moveit_core/lib:/home/rosuser/ros2_ws/ws_moveit/install/rviz_marker_tools/lib:/home/rosuser/ros2_ws/ws_moveit/install/srdfdom/lib:/home/rosuser/ros2_ws/ws_moveit/install/moveit_task_constructor_msgs/lib:${LD_LIBRARY_PATH} PATH=/home/rosuser/ros2_ws/ws_moveit/install/moveit_core/bin:${PATH} PYTHONPATH=/home/rosuser/ros2_ws/ws_moveit/install/moveit_configs_utils/lib/python3.10/site-packages:/home/rosuser/ros2_ws/ws_moveit/install/srdfdom/local/lib/python3.10/dist-packages:/home/rosuser/ros2_ws/ws_moveit/install/moveit_task_constructor_msgs/local/lib/python3.10/dist-packages:/home/rosuser/ros2_ws/ws_moveit/install/launch_param_builder/lib/python3.10/site-packages:${PYTHONPATH} /usr/bin/cmake --install /home/rosuser/ros2_ws/ws_moveit/build/moveit_task_constructor_core
