[0.037s] Invoking command in '/home/rosuser/ros2_ws/ws_moveit/build/moveit_kinematics': AMENT_PREFIX_PATH=/home/rosuser/ros2_ws/ws_moveit/install/moveit_ros_planning:/home/rosuser/ros2_ws/ws_moveit/install/moveit_ros_occupancy_map_monitor:/home/rosuser/ros2_ws/ws_moveit/install/moveit_core:/home/rosuser/ros2_ws/ws_moveit/install/moveit_resources_panda_moveit_config:/home/rosuser/ros2_ws/ws_moveit/install/moveit_resources_fanuc_moveit_config:/home/rosuser/ros2_ws/ws_moveit/install/moveit_configs_utils:/home/rosuser/ros2_ws/ws_moveit/install/srdfdom:/home/rosuser/ros2_ws/ws_moveit/install/moveit_resources_pr2_description:/home/rosuser/ros2_ws/ws_moveit/install/moveit_resources_panda_description:/home/rosuser/ros2_ws/ws_moveit/install/moveit_resources_fanuc_description:/home/rosuser/ros2_ws/ws_moveit/install/moveit_common:/home/rosuser/ros2_ws/ws_moveit/install/launch_param_builder:${AMENT_PREFIX_PATH} CMAKE_PREFIX_PATH=/home/rosuser/ros2_ws/ws_moveit/install/moveit_ros_planning:/home/rosuser/ros2_ws/ws_moveit/install/moveit_ros_occupancy_map_monitor:/home/rosuser/ros2_ws/ws_moveit/install/moveit_core:/home/rosuser/ros2_ws/ws_moveit/install/moveit_resources_panda_moveit_config:/home/rosuser/ros2_ws/ws_moveit/install/moveit_resources_fanuc_moveit_config:/home/rosuser/ros2_ws/ws_moveit/install/srdfdom:/home/rosuser/ros2_ws/ws_moveit/install/moveit_resources_pr2_description:/home/rosuser/ros2_ws/ws_moveit/install/moveit_resources_panda_description:/home/rosuser/ros2_ws/ws_moveit/install/moveit_resources_fanuc_description:/home/rosuser/ros2_ws/ws_moveit/install/moveit_common:/opt/ros/humble LD_LIBRARY_PATH=/home/rosuser/ros2_ws/ws_moveit/install/moveit_ros_planning/lib:/home/rosuser/ros2_ws/ws_moveit/install/moveit_ros_occupancy_map_monitor/lib:/home/rosuser/ros2_ws/ws_moveit/install/moveit_core/lib:/home/rosuser/ros2_ws/ws_moveit/install/srdfdom/lib:${LD_LIBRARY_PATH} PATH=/home/rosuser/ros2_ws/ws_moveit/install/moveit_core/bin:${PATH} PYTHONPATH=/home/rosuser/ros2_ws/ws_moveit/install/moveit_configs_utils/lib/python3.10/site-packages:/home/rosuser/ros2_ws/ws_moveit/install/srdfdom/local/lib/python3.10/dist-packages:/home/rosuser/ros2_ws/ws_moveit/install/launch_param_builder/lib/python3.10/site-packages:${PYTHONPATH} /usr/bin/cmake /home/rosuser/ros2_ws/ws_moveit/src/moveit2/moveit_kinematics -DCMAKE_BUILD_TYPE=Release -DCMAKE_INSTALL_PREFIX=/home/rosuser/ros2_ws/ws_moveit/install/moveit_kinematics
[0.178s] -- The C compiler identification is GNU 11.4.0
[0.232s] -- The CXX compiler identification is GNU 11.4.0
[0.239s] -- Detecting C compiler ABI info
[0.312s] -- Detecting C compiler ABI info - done
[0.319s] -- Check for working C compiler: /usr/bin/cc - skipped
[0.319s] -- Detecting C compile features
[0.321s] -- Detecting C compile features - done
[0.323s] -- Detecting CXX compiler ABI info
[0.390s] -- Detecting CXX compiler ABI info - done
[0.396s] -- Check for working CXX compiler: /usr/bin/c++ - skipped
[0.396s] -- Detecting CXX compile features
[0.397s] -- Detecting CXX compile features - done
[0.400s] -- Found moveit_common: 2.5.9 (/home/rosuser/ros2_ws/ws_moveit/install/moveit_common/share/moveit_common/cmake)
[0.405s] -- Found ament_cmake: 1.3.11 (/opt/ros/humble/share/ament_cmake/cmake)
[0.529s] -- Found Python3: /usr/bin/python3 (found version "3.10.12") found components: Interpreter 
[0.731s] -- Found tf2_kdl: 0.25.12 (/opt/ros/humble/share/tf2_kdl/cmake)
[0.779s] -- Found rosidl_generator_c: 3.1.6 (/opt/ros/humble/share/rosidl_generator_c/cmake)
[0.792s] -- Found rosidl_adapter: 3.1.6 (/opt/ros/humble/share/rosidl_adapter/cmake)
[0.828s] -- Found rosidl_generator_cpp: 3.1.6 (/opt/ros/humble/share/rosidl_generator_cpp/cmake)
[0.875s] -- Using all available rosidl_typesupport_c: rosidl_typesupport_fastrtps_c;rosidl_typesupport_introspection_c
[0.913s] -- Using all available rosidl_typesupport_cpp: rosidl_typesupport_fastrtps_cpp;rosidl_typesupport_introspection_cpp
[1.007s] -- Found eigen3_cmake_module: 0.1.1 (/opt/ros/humble/share/eigen3_cmake_module/cmake)
[1.008s] -- Found Eigen3: TRUE (found version "3.4.0") 
[1.008s] -- Ensuring Eigen3 include directory is part of orocos-kdl CMake target
[1.093s] -- Found rmw_implementation_cmake: 6.1.2 (/opt/ros/humble/share/rmw_implementation_cmake/cmake)
[1.097s] -- Found rmw_fastrtps_cpp: 6.2.7 (/opt/ros/humble/share/rmw_fastrtps_cpp/cmake)
[1.192s] -- Found OpenSSL: /usr/lib/aarch64-linux-gnu/libcrypto.so (found version "3.0.2")  
[1.215s] -- Found FastRTPS: /opt/ros/humble/include  
[1.258s] -- Using RMW implementation 'rmw_fastrtps_cpp' as default
[1.271s] -- Looking for pthread.h
[1.355s] -- Looking for pthread.h - found
[1.356s] -- Performing Test CMAKE_HAVE_LIBC_PTHREAD
[1.448s] -- Performing Test CMAKE_HAVE_LIBC_PTHREAD - Success
[1.449s] -- Found Threads: TRUE  
[1.545s] -- Found kdl_parser: 2.6.4 (/opt/ros/humble/share/kdl_parser/cmake)
[1.549s] -- Found random_numbers: 2.0.1 (/opt/ros/humble/share/random_numbers/cmake)
[1.559s] -- Found pluginlib: 5.1.0 (/opt/ros/humble/share/pluginlib/cmake)
[1.573s] -- Found moveit_core: 2.5.9 (/home/rosuser/ros2_ws/ws_moveit/install/moveit_core/share/moveit_core/cmake)
[1.612s] -- Found Boost: /usr/lib/aarch64-linux-gnu/cmake/Boost-1.74.0/BoostConfig.cmake (found version "1.74.0") found components: chrono date_time filesystem iostreams program_options regex serialization system thread 
[1.642s] -- Found parameter_traits: 0.4.0 (/opt/ros/humble/share/parameter_traits/cmake)
[1.656s] -- Found rclcpp_lifecycle: 16.0.12 (/opt/ros/humble/share/rclcpp_lifecycle/cmake)
[1.676s] -- Found Boost: /usr/lib/aarch64-linux-gnu/cmake/Boost-1.74.0/BoostConfig.cmake (found version "1.74.0") found components: filesystem 
[1.746s] -- library: /usr/lib/aarch64-linux-gnu/libcurl.so
[1.904s] -- Found moveit_ros_planning: 2.5.9 (/home/rosuser/ros2_ws/ws_moveit/install/moveit_ros_planning/share/moveit_ros_planning/cmake)
[1.908s] -- Found Boost: /usr/lib/aarch64-linux-gnu/cmake/Boost-1.74.0/BoostConfig.cmake (found version "1.74.0") found components: system filesystem date_time program_options thread chrono 
[1.931s] -- Found Boost: /usr/lib/aarch64-linux-gnu/cmake/Boost-1.74.0/BoostConfig.cmake (found version "1.74.0") found components: program_options system 
[1.972s] -- Found ament_cmake_gtest: 1.3.11 (/opt/ros/humble/share/ament_cmake_gtest/cmake)
[1.978s] -- Found ros_testing: 0.4.0 (/opt/ros/humble/share/ros_testing/cmake)
[1.982s] -- Found launch_testing_ament_cmake: 1.0.8 (/opt/ros/humble/share/launch_testing_ament_cmake/cmake)
[1.985s] -- Found python_cmake_module: 0.10.0 (/opt/ros/humble/share/python_cmake_module/cmake)
[2.002s] -- Found PythonInterp: /usr/bin/python3 (found suitable version "3.10.12", minimum required is "3.6") 
[2.006s] -- Found PythonLibs: /usr/lib/aarch64-linux-gnu/libpython3.10.so (found suitable version "3.10.12", minimum required is "3.5") 
[2.006s] -- Using PYTHON_EXECUTABLE: /usr/bin/python3
[2.006s] -- Using PYTHON_INCLUDE_DIRS: /usr/include/python3.10
[2.006s] -- Using PYTHON_LIBRARIES: /usr/lib/aarch64-linux-gnu/libpython3.10.so
[2.021s] -- Found PythonExtra: .so  
[2.023s] -- Found moveit_resources_fanuc_description: 2.0.7 (/home/rosuser/ros2_ws/ws_moveit/install/moveit_resources_fanuc_description/share/moveit_resources_fanuc_description/cmake)
[2.023s] -- Found moveit_resources_fanuc_moveit_config: 2.0.7 (/home/rosuser/ros2_ws/ws_moveit/install/moveit_resources_fanuc_moveit_config/share/moveit_resources_fanuc_moveit_config/cmake)
[2.024s] -- Found moveit_resources_panda_description: 2.0.7 (/home/rosuser/ros2_ws/ws_moveit/install/moveit_resources_panda_description/share/moveit_resources_panda_description/cmake)
[2.025s] -- Found moveit_resources_panda_moveit_config: 2.0.7 (/home/rosuser/ros2_ws/ws_moveit/install/moveit_resources_panda_moveit_config/share/moveit_resources_panda_moveit_config/cmake)
[2.028s] -- Found gtest sources under '/opt/ros/humble/src/gtest_vendor': C++ tests using 'Google Test' will be built
[2.039s] -- Found ament_lint_auto: 0.12.12 (/opt/ros/humble/share/ament_lint_auto/cmake)
[2.049s] -- Found launch_testing_ament_cmake: 1.0.8 (/opt/ros/humble/share/launch_testing_ament_cmake/cmake)
[2.049s] -- Found python_cmake_module: 0.10.0 (/opt/ros/humble/share/python_cmake_module/cmake)
[2.068s] -- Using PYTHON_EXECUTABLE: /usr/bin/python3
[2.068s] -- Using PYTHON_INCLUDE_DIRS: /usr/include/python3.10
[2.068s] -- Using PYTHON_LIBRARIES: /usr/lib/aarch64-linux-gnu/libpython3.10.so
[2.101s] -- Added test 'cppcheck' to perform static code analysis on C / C++ code
[2.101s] -- Configured cppcheck include dirs: /home/rosuser/ros2_ws/ws_moveit/src/moveit2/moveit_kinematics/kdl_kinematics_plugin/include;/home/rosuser/ros2_ws/ws_moveit/src/moveit2/moveit_kinematics/lma_kinematics_plugin/include;/home/rosuser/ros2_ws/ws_moveit/src/moveit2/moveit_kinematics/srv_kinematics_plugin/include;/home/rosuser/ros2_ws/ws_moveit/src/moveit2/moveit_kinematics/cached_ik_kinematics_plugin/include
[2.101s] -- Configured cppcheck exclude dirs and/or files: 
[2.105s] -- Added test 'lint_cmake' to check CMake code style
[2.107s] -- Configuring done
[2.195s] -- Generating done
[2.221s] -- Build files have been written to: /home/rosuser/ros2_ws/ws_moveit/build/moveit_kinematics
[2.240s] Invoked command in '/home/rosuser/ros2_ws/ws_moveit/build/moveit_kinematics' returned '0': AMENT_PREFIX_PATH=/home/rosuser/ros2_ws/ws_moveit/install/moveit_ros_planning:/home/rosuser/ros2_ws/ws_moveit/install/moveit_ros_occupancy_map_monitor:/home/rosuser/ros2_ws/ws_moveit/install/moveit_core:/home/rosuser/ros2_ws/ws_moveit/install/moveit_resources_panda_moveit_config:/home/rosuser/ros2_ws/ws_moveit/install/moveit_resources_fanuc_moveit_config:/home/rosuser/ros2_ws/ws_moveit/install/moveit_configs_utils:/home/rosuser/ros2_ws/ws_moveit/install/srdfdom:/home/rosuser/ros2_ws/ws_moveit/install/moveit_resources_pr2_description:/home/rosuser/ros2_ws/ws_moveit/install/moveit_resources_panda_description:/home/rosuser/ros2_ws/ws_moveit/install/moveit_resources_fanuc_description:/home/rosuser/ros2_ws/ws_moveit/install/moveit_common:/home/rosuser/ros2_ws/ws_moveit/install/launch_param_builder:${AMENT_PREFIX_PATH} CMAKE_PREFIX_PATH=/home/rosuser/ros2_ws/ws_moveit/install/moveit_ros_planning:/home/rosuser/ros2_ws/ws_moveit/install/moveit_ros_occupancy_map_monitor:/home/rosuser/ros2_ws/ws_moveit/install/moveit_core:/home/rosuser/ros2_ws/ws_moveit/install/moveit_resources_panda_moveit_config:/home/rosuser/ros2_ws/ws_moveit/install/moveit_resources_fanuc_moveit_config:/home/rosuser/ros2_ws/ws_moveit/install/srdfdom:/home/rosuser/ros2_ws/ws_moveit/install/moveit_resources_pr2_description:/home/rosuser/ros2_ws/ws_moveit/install/moveit_resources_panda_description:/home/rosuser/ros2_ws/ws_moveit/install/moveit_resources_fanuc_description:/home/rosuser/ros2_ws/ws_moveit/install/moveit_common:/opt/ros/humble LD_LIBRARY_PATH=/home/rosuser/ros2_ws/ws_moveit/install/moveit_ros_planning/lib:/home/rosuser/ros2_ws/ws_moveit/install/moveit_ros_occupancy_map_monitor/lib:/home/rosuser/ros2_ws/ws_moveit/install/moveit_core/lib:/home/rosuser/ros2_ws/ws_moveit/install/srdfdom/lib:${LD_LIBRARY_PATH} PATH=/home/rosuser/ros2_ws/ws_moveit/install/moveit_core/bin:${PATH} PYTHONPATH=/home/rosuser/ros2_ws/ws_moveit/install/moveit_configs_utils/lib/python3.10/site-packages:/home/rosuser/ros2_ws/ws_moveit/install/srdfdom/local/lib/python3.10/dist-packages:/home/rosuser/ros2_ws/ws_moveit/install/launch_param_builder/lib/python3.10/site-packages:${PYTHONPATH} /usr/bin/cmake /home/rosuser/ros2_ws/ws_moveit/src/moveit2/moveit_kinematics -DCMAKE_BUILD_TYPE=Release -DCMAKE_INSTALL_PREFIX=/home/rosuser/ros2_ws/ws_moveit/install/moveit_kinematics
[2.241s] Invoking command in '/home/rosuser/ros2_ws/ws_moveit/build/moveit_kinematics': AMENT_PREFIX_PATH=/home/rosuser/ros2_ws/ws_moveit/install/moveit_ros_planning:/home/rosuser/ros2_ws/ws_moveit/install/moveit_ros_occupancy_map_monitor:/home/rosuser/ros2_ws/ws_moveit/install/moveit_core:/home/rosuser/ros2_ws/ws_moveit/install/moveit_resources_panda_moveit_config:/home/rosuser/ros2_ws/ws_moveit/install/moveit_resources_fanuc_moveit_config:/home/rosuser/ros2_ws/ws_moveit/install/moveit_configs_utils:/home/rosuser/ros2_ws/ws_moveit/install/srdfdom:/home/rosuser/ros2_ws/ws_moveit/install/moveit_resources_pr2_description:/home/rosuser/ros2_ws/ws_moveit/install/moveit_resources_panda_description:/home/rosuser/ros2_ws/ws_moveit/install/moveit_resources_fanuc_description:/home/rosuser/ros2_ws/ws_moveit/install/moveit_common:/home/rosuser/ros2_ws/ws_moveit/install/launch_param_builder:${AMENT_PREFIX_PATH} CMAKE_PREFIX_PATH=/home/rosuser/ros2_ws/ws_moveit/install/moveit_ros_planning:/home/rosuser/ros2_ws/ws_moveit/install/moveit_ros_occupancy_map_monitor:/home/rosuser/ros2_ws/ws_moveit/install/moveit_core:/home/rosuser/ros2_ws/ws_moveit/install/moveit_resources_panda_moveit_config:/home/rosuser/ros2_ws/ws_moveit/install/moveit_resources_fanuc_moveit_config:/home/rosuser/ros2_ws/ws_moveit/install/srdfdom:/home/rosuser/ros2_ws/ws_moveit/install/moveit_resources_pr2_description:/home/rosuser/ros2_ws/ws_moveit/install/moveit_resources_panda_description:/home/rosuser/ros2_ws/ws_moveit/install/moveit_resources_fanuc_description:/home/rosuser/ros2_ws/ws_moveit/install/moveit_common:/opt/ros/humble LD_LIBRARY_PATH=/home/rosuser/ros2_ws/ws_moveit/install/moveit_ros_planning/lib:/home/rosuser/ros2_ws/ws_moveit/install/moveit_ros_occupancy_map_monitor/lib:/home/rosuser/ros2_ws/ws_moveit/install/moveit_core/lib:/home/rosuser/ros2_ws/ws_moveit/install/srdfdom/lib:${LD_LIBRARY_PATH} PATH=/home/rosuser/ros2_ws/ws_moveit/install/moveit_core/bin:${PATH} PYTHONPATH=/home/rosuser/ros2_ws/ws_moveit/install/moveit_configs_utils/lib/python3.10/site-packages:/home/rosuser/ros2_ws/ws_moveit/install/srdfdom/local/lib/python3.10/dist-packages:/home/rosuser/ros2_ws/ws_moveit/install/launch_param_builder/lib/python3.10/site-packages:${PYTHONPATH} /usr/bin/cmake --build /home/rosuser/ros2_ws/ws_moveit/build/moveit_kinematics -- -j8 -l8
[2.289s] [  5%] [32mBuilding CXX object gtest/CMakeFiles/gtest_main.dir/src/gtest_main.cc.o[0m
[2.297s] [ 10%] [32mBuilding CXX object lma_kinematics_plugin/CMakeFiles/moveit_lma_kinematics_plugin.dir/src/lma_kinematics_plugin.cpp.o[0m
[2.297s] [ 15%] [32mBuilding CXX object cached_ik_kinematics_plugin/CMakeFiles/moveit_cached_ik_kinematics_base.dir/src/ik_cache.cpp.o[0m
[2.297s] [ 21%] [32mBuilding CXX object kdl_kinematics_plugin/CMakeFiles/moveit_kdl_kinematics_plugin.dir/src/kdl_kinematics_plugin.cpp.o[0m
[2.298s] [ 26%] [32mBuilding CXX object gtest/CMakeFiles/gtest.dir/src/gtest-all.cc.o[0m
[2.298s] [ 31%] [32mBuilding CXX object srv_kinematics_plugin/CMakeFiles/moveit_srv_kinematics_plugin.dir/src/srv_kinematics_plugin.cpp.o[0m
[2.306s] [ 36%] [32mBuilding CXX object kdl_kinematics_plugin/CMakeFiles/moveit_kdl_kinematics_plugin.dir/src/chainiksolver_vel_mimic_svd.cpp.o[0m
[4.252s] [ 42%] [32m[1mLinking CXX static library libgtest_main.a[0m
[4.330s] [ 42%] Built target gtest_main
[4.386s] [ 47%] [32mBuilding CXX object test/CMakeFiles/benchmark_ik.dir/benchmark_ik.cpp.o[0m
[25.419s] [ 52%] [32m[1mLinking CXX static library libgtest.a[0m
[25.613s] [ 52%] Built target gtest
[28.806s] [ 57%] [32m[1mLinking CXX shared library libmoveit_lma_kinematics_plugin.so[0m
[29.251s] [ 57%] Built target moveit_lma_kinematics_plugin
[29.655s] [ 63%] [32m[1mLinking CXX shared library libmoveit_srv_kinematics_plugin.so[0m
[29.730s] [ 68%] [32m[1mLinking CXX shared library libmoveit_cached_ik_kinematics_base.so[0m
[29.930s] [ 68%] Built target moveit_srv_kinematics_plugin
[30.025s] [ 68%] Built target moveit_cached_ik_kinematics_base
[30.509s] [ 73%] [32m[1mLinking CXX shared library libmoveit_kdl_kinematics_plugin.so[0m
[30.731s] [ 73%] Built target moveit_kdl_kinematics_plugin
[30.754s] [ 78%] [32mBuilding CXX object cached_ik_kinematics_plugin/CMakeFiles/moveit_cached_ik_kinematics_plugin.dir/src/cached_ik_kinematics_plugin.cpp.o[0m
[32.293s] [ 84%] [32m[1mLinking CXX executable benchmark_ik[0m
[32.563s] [ 84%] Built target benchmark_ik
[32.585s] [ 89%] [32mBuilding CXX object test/CMakeFiles/test_kinematics_plugin.dir/test_kinematics_plugin.cpp.o[0m
[38.103s] [ 94%] [32m[1mLinking CXX shared library libmoveit_cached_ik_kinematics_plugin.so[0m
[38.275s] [ 94%] Built target moveit_cached_ik_kinematics_plugin
[47.498s] [100%] [32m[1mLinking CXX executable test_kinematics_plugin[0m
[47.753s] [100%] Built target test_kinematics_plugin
[47.766s] Invoked command in '/home/rosuser/ros2_ws/ws_moveit/build/moveit_kinematics' returned '0': AMENT_PREFIX_PATH=/home/rosuser/ros2_ws/ws_moveit/install/moveit_ros_planning:/home/rosuser/ros2_ws/ws_moveit/install/moveit_ros_occupancy_map_monitor:/home/rosuser/ros2_ws/ws_moveit/install/moveit_core:/home/rosuser/ros2_ws/ws_moveit/install/moveit_resources_panda_moveit_config:/home/rosuser/ros2_ws/ws_moveit/install/moveit_resources_fanuc_moveit_config:/home/rosuser/ros2_ws/ws_moveit/install/moveit_configs_utils:/home/rosuser/ros2_ws/ws_moveit/install/srdfdom:/home/rosuser/ros2_ws/ws_moveit/install/moveit_resources_pr2_description:/home/rosuser/ros2_ws/ws_moveit/install/moveit_resources_panda_description:/home/rosuser/ros2_ws/ws_moveit/install/moveit_resources_fanuc_description:/home/rosuser/ros2_ws/ws_moveit/install/moveit_common:/home/rosuser/ros2_ws/ws_moveit/install/launch_param_builder:${AMENT_PREFIX_PATH} CMAKE_PREFIX_PATH=/home/rosuser/ros2_ws/ws_moveit/install/moveit_ros_planning:/home/rosuser/ros2_ws/ws_moveit/install/moveit_ros_occupancy_map_monitor:/home/rosuser/ros2_ws/ws_moveit/install/moveit_core:/home/rosuser/ros2_ws/ws_moveit/install/moveit_resources_panda_moveit_config:/home/rosuser/ros2_ws/ws_moveit/install/moveit_resources_fanuc_moveit_config:/home/rosuser/ros2_ws/ws_moveit/install/srdfdom:/home/rosuser/ros2_ws/ws_moveit/install/moveit_resources_pr2_description:/home/rosuser/ros2_ws/ws_moveit/install/moveit_resources_panda_description:/home/rosuser/ros2_ws/ws_moveit/install/moveit_resources_fanuc_description:/home/rosuser/ros2_ws/ws_moveit/install/moveit_common:/opt/ros/humble LD_LIBRARY_PATH=/home/rosuser/ros2_ws/ws_moveit/install/moveit_ros_planning/lib:/home/rosuser/ros2_ws/ws_moveit/install/moveit_ros_occupancy_map_monitor/lib:/home/rosuser/ros2_ws/ws_moveit/install/moveit_core/lib:/home/rosuser/ros2_ws/ws_moveit/install/srdfdom/lib:${LD_LIBRARY_PATH} PATH=/home/rosuser/ros2_ws/ws_moveit/install/moveit_core/bin:${PATH} PYTHONPATH=/home/rosuser/ros2_ws/ws_moveit/install/moveit_configs_utils/lib/python3.10/site-packages:/home/rosuser/ros2_ws/ws_moveit/install/srdfdom/local/lib/python3.10/dist-packages:/home/rosuser/ros2_ws/ws_moveit/install/launch_param_builder/lib/python3.10/site-packages:${PYTHONPATH} /usr/bin/cmake --build /home/rosuser/ros2_ws/ws_moveit/build/moveit_kinematics -- -j8 -l8
[47.767s] Invoking command in '/home/rosuser/ros2_ws/ws_moveit/build/moveit_kinematics': AMENT_PREFIX_PATH=/home/rosuser/ros2_ws/ws_moveit/install/moveit_ros_planning:/home/rosuser/ros2_ws/ws_moveit/install/moveit_ros_occupancy_map_monitor:/home/rosuser/ros2_ws/ws_moveit/install/moveit_core:/home/rosuser/ros2_ws/ws_moveit/install/moveit_resources_panda_moveit_config:/home/rosuser/ros2_ws/ws_moveit/install/moveit_resources_fanuc_moveit_config:/home/rosuser/ros2_ws/ws_moveit/install/moveit_configs_utils:/home/rosuser/ros2_ws/ws_moveit/install/srdfdom:/home/rosuser/ros2_ws/ws_moveit/install/moveit_resources_pr2_description:/home/rosuser/ros2_ws/ws_moveit/install/moveit_resources_panda_description:/home/rosuser/ros2_ws/ws_moveit/install/moveit_resources_fanuc_description:/home/rosuser/ros2_ws/ws_moveit/install/moveit_common:/home/rosuser/ros2_ws/ws_moveit/install/launch_param_builder:${AMENT_PREFIX_PATH} CMAKE_PREFIX_PATH=/home/rosuser/ros2_ws/ws_moveit/install/moveit_ros_planning:/home/rosuser/ros2_ws/ws_moveit/install/moveit_ros_occupancy_map_monitor:/home/rosuser/ros2_ws/ws_moveit/install/moveit_core:/home/rosuser/ros2_ws/ws_moveit/install/moveit_resources_panda_moveit_config:/home/rosuser/ros2_ws/ws_moveit/install/moveit_resources_fanuc_moveit_config:/home/rosuser/ros2_ws/ws_moveit/install/srdfdom:/home/rosuser/ros2_ws/ws_moveit/install/moveit_resources_pr2_description:/home/rosuser/ros2_ws/ws_moveit/install/moveit_resources_panda_description:/home/rosuser/ros2_ws/ws_moveit/install/moveit_resources_fanuc_description:/home/rosuser/ros2_ws/ws_moveit/install/moveit_common:/opt/ros/humble LD_LIBRARY_PATH=/home/rosuser/ros2_ws/ws_moveit/install/moveit_ros_planning/lib:/home/rosuser/ros2_ws/ws_moveit/install/moveit_ros_occupancy_map_monitor/lib:/home/rosuser/ros2_ws/ws_moveit/install/moveit_core/lib:/home/rosuser/ros2_ws/ws_moveit/install/srdfdom/lib:${LD_LIBRARY_PATH} PATH=/home/rosuser/ros2_ws/ws_moveit/install/moveit_core/bin:${PATH} PYTHONPATH=/home/rosuser/ros2_ws/ws_moveit/install/moveit_configs_utils/lib/python3.10/site-packages:/home/rosuser/ros2_ws/ws_moveit/install/srdfdom/local/lib/python3.10/dist-packages:/home/rosuser/ros2_ws/ws_moveit/install/launch_param_builder/lib/python3.10/site-packages:${PYTHONPATH} /usr/bin/cmake --install /home/rosuser/ros2_ws/ws_moveit/build/moveit_kinematics
[47.772s] -- Install configuration: "Release"
[47.772s] -- Installing: /home/rosuser/ros2_ws/ws_moveit/install/moveit_kinematics/share/moveit_kinematics/kdl_kinematics_plugin_description.xml
[47.773s] -- Installing: /home/rosuser/ros2_ws/ws_moveit/install/moveit_kinematics/share/moveit_kinematics/lma_kinematics_plugin_description.xml
[47.773s] -- Installing: /home/rosuser/ros2_ws/ws_moveit/install/moveit_kinematics/share/moveit_kinematics/srv_kinematics_plugin_description.xml
[47.773s] -- Installing: /home/rosuser/ros2_ws/ws_moveit/install/moveit_kinematics/share/moveit_kinematics/cached_ik_kinematics_plugin_description.xml
[47.773s] -- Installing: /home/rosuser/ros2_ws/ws_moveit/install/moveit_kinematics/include
[47.774s] -- Installing: /home/rosuser/ros2_ws/ws_moveit/install/moveit_kinematics/include/moveit
[47.774s] -- Installing: /home/rosuser/ros2_ws/ws_moveit/install/moveit_kinematics/include/moveit/cached_ik_kinematics_plugin
[47.774s] -- Installing: /home/rosuser/ros2_ws/ws_moveit/install/moveit_kinematics/include/moveit/cached_ik_kinematics_plugin/cached_ik_kinematics_plugin-inl.h
[47.774s] -- Installing: /home/rosuser/ros2_ws/ws_moveit/install/moveit_kinematics/include/moveit/cached_ik_kinematics_plugin/detail
[47.774s] -- Installing: /home/rosuser/ros2_ws/ws_moveit/install/moveit_kinematics/include/moveit/cached_ik_kinematics_plugin/detail/NearestNeighborsGNAT.h
[47.774s] -- Installing: /home/rosuser/ros2_ws/ws_moveit/install/moveit_kinematics/include/moveit/cached_ik_kinematics_plugin/detail/GreedyKCenters.h
[47.774s] -- Installing: /home/rosuser/ros2_ws/ws_moveit/install/moveit_kinematics/include/moveit/cached_ik_kinematics_plugin/detail/NearestNeighbors.h
[47.774s] -- Installing: /home/rosuser/ros2_ws/ws_moveit/install/moveit_kinematics/include/moveit/cached_ik_kinematics_plugin/cached_ik_kinematics_plugin.h
[47.774s] -- Installing: /home/rosuser/ros2_ws/ws_moveit/install/moveit_kinematics/share/moveit_kinematics/launch
[47.775s] -- Installing: /home/rosuser/ros2_ws/ws_moveit/install/moveit_kinematics/share/moveit_kinematics/launch/measure_ik_call_cost.launch
[47.775s] -- Installing: /home/rosuser/ros2_ws/ws_moveit/install/moveit_kinematics/lib/moveit_kinematics/auto_create_ikfast_moveit_plugin.sh
[47.775s] -- Installing: /home/rosuser/ros2_ws/ws_moveit/install/moveit_kinematics/lib/moveit_kinematics/create_ikfast_moveit_plugin.py
[47.775s] -- Installing: /home/rosuser/ros2_ws/ws_moveit/install/moveit_kinematics/lib/moveit_kinematics/round_collada_numbers.py
[47.775s] -- Installing: /home/rosuser/ros2_ws/ws_moveit/install/moveit_kinematics/share/moveit_kinematics/ikfast_kinematics_plugin/templates
[47.775s] -- Installing: /home/rosuser/ros2_ws/ws_moveit/install/moveit_kinematics/share/moveit_kinematics/ikfast_kinematics_plugin/templates/ikfast61_moveit_plugin_template.cpp
[47.776s] -- Installing: /home/rosuser/ros2_ws/ws_moveit/install/moveit_kinematics/share/moveit_kinematics/ikfast_kinematics_plugin/templates/ikfast.h
[47.776s] -- Installing: /home/rosuser/ros2_ws/ws_moveit/install/moveit_kinematics/share/moveit_kinematics/ikfast_kinematics_plugin/templates/CMakeLists.txt
[47.776s] -- Up-to-date: /home/rosuser/ros2_ws/ws_moveit/install/moveit_kinematics/include
[47.776s] -- Up-to-date: /home/rosuser/ros2_ws/ws_moveit/install/moveit_kinematics/include/moveit
[47.776s] -- Installing: /home/rosuser/ros2_ws/ws_moveit/install/moveit_kinematics/include/moveit/kdl_kinematics_plugin
[47.776s] -- Installing: /home/rosuser/ros2_ws/ws_moveit/install/moveit_kinematics/include/moveit/kdl_kinematics_plugin/joint_mimic.hpp
[47.776s] -- Installing: /home/rosuser/ros2_ws/ws_moveit/install/moveit_kinematics/include/moveit/kdl_kinematics_plugin/kdl_kinematics_plugin.h
[47.776s] -- Installing: /home/rosuser/ros2_ws/ws_moveit/install/moveit_kinematics/include/moveit/kdl_kinematics_plugin/chainiksolver_vel_mimic_svd.hpp
[47.776s] -- Up-to-date: /home/rosuser/ros2_ws/ws_moveit/install/moveit_kinematics/include
[47.776s] -- Up-to-date: /home/rosuser/ros2_ws/ws_moveit/install/moveit_kinematics/include/moveit
[47.776s] -- Installing: /home/rosuser/ros2_ws/ws_moveit/install/moveit_kinematics/include/moveit/lma_kinematics_plugin
[47.776s] -- Installing: /home/rosuser/ros2_ws/ws_moveit/install/moveit_kinematics/include/moveit/lma_kinematics_plugin/lma_kinematics_plugin.h
[47.777s] -- Up-to-date: /home/rosuser/ros2_ws/ws_moveit/install/moveit_kinematics/include
[47.777s] -- Up-to-date: /home/rosuser/ros2_ws/ws_moveit/install/moveit_kinematics/include/moveit
[47.777s] -- Installing: /home/rosuser/ros2_ws/ws_moveit/install/moveit_kinematics/include/moveit/srv_kinematics_plugin
[47.777s] -- Installing: /home/rosuser/ros2_ws/ws_moveit/install/moveit_kinematics/include/moveit/srv_kinematics_plugin/srv_kinematics_plugin.h
[47.777s] -- Installing: /home/rosuser/ros2_ws/ws_moveit/install/moveit_kinematics/share/moveit_kinematics/config
[47.777s] -- Installing: /home/rosuser/ros2_ws/ws_moveit/install/moveit_kinematics/share/moveit_kinematics/config/fanuc-kdl-singular-test.yaml
[47.777s] -- Installing: /home/rosuser/ros2_ws/ws_moveit/install/moveit_kinematics/share/moveit_kinematics/config/fanuc-lma-singular-test.yaml
[47.777s] -- Installing: /home/rosuser/ros2_ws/ws_moveit/install/moveit_kinematics/share/moveit_kinematics/config/fanuc-kdl-test.yaml
[47.777s] -- Installing: /home/rosuser/ros2_ws/ws_moveit/install/moveit_kinematics/share/moveit_kinematics/config/panda-lma-test.yaml
[47.777s] -- Installing: /home/rosuser/ros2_ws/ws_moveit/install/moveit_kinematics/share/moveit_kinematics/config/fanuc-lma-test.yaml
[47.778s] -- Installing: /home/rosuser/ros2_ws/ws_moveit/install/moveit_kinematics/share/moveit_kinematics/config/panda-kdl-test.yaml
[47.778s] -- Installing: /home/rosuser/ros2_ws/ws_moveit/install/moveit_kinematics/share/moveit_kinematics/config/panda-kdl-singular-test.yaml
[47.778s] -- Installing: /home/rosuser/ros2_ws/ws_moveit/install/moveit_kinematics/share/moveit_kinematics/config/panda-lma-singular-test.yaml
[47.778s] -- Up-to-date: /home/rosuser/ros2_ws/ws_moveit/install/moveit_kinematics/share/moveit_kinematics/launch
[47.778s] -- Installing: /home/rosuser/ros2_ws/ws_moveit/install/moveit_kinematics/share/moveit_kinematics/launch/panda-lma.test.py
[47.778s] -- Installing: /home/rosuser/ros2_ws/ws_moveit/install/moveit_kinematics/share/moveit_kinematics/launch/fanuc-kdl-singular.test.py
[47.778s] -- Installing: /home/rosuser/ros2_ws/ws_moveit/install/moveit_kinematics/share/moveit_kinematics/launch/fanuc-lma.test.py
[47.778s] -- Installing: /home/rosuser/ros2_ws/ws_moveit/install/moveit_kinematics/share/moveit_kinematics/launch/fanuc-kdl.test.py
[47.778s] -- Installing: /home/rosuser/ros2_ws/ws_moveit/install/moveit_kinematics/share/moveit_kinematics/launch/panda-kdl.test.py
[47.778s] -- Installing: /home/rosuser/ros2_ws/ws_moveit/install/moveit_kinematics/share/moveit_kinematics/launch/panda-kdl-singular.test.py
[47.778s] -- Installing: /home/rosuser/ros2_ws/ws_moveit/install/moveit_kinematics/share/moveit_kinematics/launch/fanuc-lma-singular.test.py
[47.778s] -- Installing: /home/rosuser/ros2_ws/ws_moveit/install/moveit_kinematics/share/moveit_kinematics/launch/panda-lma-singular.test.py
[47.779s] -- Installing: /home/rosuser/ros2_ws/ws_moveit/install/moveit_kinematics/lib/moveit_kinematics/benchmark_ik
[47.779s] -- Set runtime path of "/home/rosuser/ros2_ws/ws_moveit/install/moveit_kinematics/lib/moveit_kinematics/benchmark_ik" to ""
[47.779s] -- Installing: /home/rosuser/ros2_ws/ws_moveit/install/moveit_kinematics/lib/moveit_kinematics/test_kinematics_plugin
[47.780s] -- Set runtime path of "/home/rosuser/ros2_ws/ws_moveit/install/moveit_kinematics/lib/moveit_kinematics/test_kinematics_plugin" to ""
[47.780s] -- Installing: /home/rosuser/ros2_ws/ws_moveit/install/moveit_kinematics/lib/libmoveit_cached_ik_kinematics_base.so.2.5.9
[47.780s] -- Set runtime path of "/home/rosuser/ros2_ws/ws_moveit/install/moveit_kinematics/lib/libmoveit_cached_ik_kinematics_base.so.2.5.9" to ""
[47.780s] -- Installing: /home/rosuser/ros2_ws/ws_moveit/install/moveit_kinematics/lib/libmoveit_cached_ik_kinematics_base.so
[47.780s] -- Installing: /home/rosuser/ros2_ws/ws_moveit/install/moveit_kinematics/lib/libmoveit_cached_ik_kinematics_plugin.so.2.5.9
[47.781s] -- Set runtime path of "/home/rosuser/ros2_ws/ws_moveit/install/moveit_kinematics/lib/libmoveit_cached_ik_kinematics_plugin.so.2.5.9" to ""
[47.781s] -- Installing: /home/rosuser/ros2_ws/ws_moveit/install/moveit_kinematics/lib/libmoveit_cached_ik_kinematics_plugin.so
[47.781s] -- Installing: /home/rosuser/ros2_ws/ws_moveit/install/moveit_kinematics/lib/libmoveit_kdl_kinematics_plugin.so
[47.782s] -- Set runtime path of "/home/rosuser/ros2_ws/ws_moveit/install/moveit_kinematics/lib/libmoveit_kdl_kinematics_plugin.so" to ""
[47.782s] -- Installing: /home/rosuser/ros2_ws/ws_moveit/install/moveit_kinematics/lib/libmoveit_lma_kinematics_plugin.so.2.5.9
[47.782s] -- Set runtime path of "/home/rosuser/ros2_ws/ws_moveit/install/moveit_kinematics/lib/libmoveit_lma_kinematics_plugin.so.2.5.9" to ""
[47.782s] -- Installing: /home/rosuser/ros2_ws/ws_moveit/install/moveit_kinematics/lib/libmoveit_lma_kinematics_plugin.so
[47.782s] -- Installing: /home/rosuser/ros2_ws/ws_moveit/install/moveit_kinematics/lib/libmoveit_srv_kinematics_plugin.so.2.5.9
[47.783s] -- Set runtime path of "/home/rosuser/ros2_ws/ws_moveit/install/moveit_kinematics/lib/libmoveit_srv_kinematics_plugin.so.2.5.9" to ""
[47.783s] -- Installing: /home/rosuser/ros2_ws/ws_moveit/install/moveit_kinematics/lib/libmoveit_srv_kinematics_plugin.so
[47.783s] -- Installing: /home/rosuser/ros2_ws/ws_moveit/install/moveit_kinematics/share/moveit_kinematics/environment/library_path.sh
[47.783s] -- Installing: /home/rosuser/ros2_ws/ws_moveit/install/moveit_kinematics/share/moveit_kinematics/environment/library_path.dsv
[47.783s] -- Installing: /home/rosuser/ros2_ws/ws_moveit/install/moveit_kinematics/share/ament_index/resource_index/package_run_dependencies/moveit_kinematics
[47.783s] -- Installing: /home/rosuser/ros2_ws/ws_moveit/install/moveit_kinematics/share/ament_index/resource_index/parent_prefix_path/moveit_kinematics
[47.783s] -- Installing: /home/rosuser/ros2_ws/ws_moveit/install/moveit_kinematics/share/moveit_kinematics/environment/ament_prefix_path.sh
[47.783s] -- Installing: /home/rosuser/ros2_ws/ws_moveit/install/moveit_kinematics/share/moveit_kinematics/environment/ament_prefix_path.dsv
[47.783s] -- Installing: /home/rosuser/ros2_ws/ws_moveit/install/moveit_kinematics/share/moveit_kinematics/environment/path.sh
[47.784s] -- Installing: /home/rosuser/ros2_ws/ws_moveit/install/moveit_kinematics/share/moveit_kinematics/environment/path.dsv
[47.784s] -- Installing: /home/rosuser/ros2_ws/ws_moveit/install/moveit_kinematics/share/moveit_kinematics/local_setup.bash
[47.784s] -- Installing: /home/rosuser/ros2_ws/ws_moveit/install/moveit_kinematics/share/moveit_kinematics/local_setup.sh
[47.784s] -- Installing: /home/rosuser/ros2_ws/ws_moveit/install/moveit_kinematics/share/moveit_kinematics/local_setup.zsh
[47.784s] -- Installing: /home/rosuser/ros2_ws/ws_moveit/install/moveit_kinematics/share/moveit_kinematics/local_setup.dsv
[47.784s] -- Installing: /home/rosuser/ros2_ws/ws_moveit/install/moveit_kinematics/share/moveit_kinematics/package.dsv
[47.784s] -- Installing: /home/rosuser/ros2_ws/ws_moveit/install/moveit_kinematics/share/ament_index/resource_index/packages/moveit_kinematics
[47.784s] -- Installing: /home/rosuser/ros2_ws/ws_moveit/install/moveit_kinematics/share/ament_index/resource_index/moveit_core__pluginlib__plugin/moveit_kinematics
[47.784s] -- Installing: /home/rosuser/ros2_ws/ws_moveit/install/moveit_kinematics/share/moveit_kinematics/cmake/export_moveit_kinematicsExport.cmake
[47.785s] -- Installing: /home/rosuser/ros2_ws/ws_moveit/install/moveit_kinematics/share/moveit_kinematics/cmake/export_moveit_kinematicsExport-release.cmake
[47.785s] -- Installing: /home/rosuser/ros2_ws/ws_moveit/install/moveit_kinematics/share/moveit_kinematics/cmake/ConfigExtras.cmake
[47.785s] -- Installing: /home/rosuser/ros2_ws/ws_moveit/install/moveit_kinematics/share/moveit_kinematics/cmake/ament_cmake_export_targets-extras.cmake
[47.785s] -- Installing: /home/rosuser/ros2_ws/ws_moveit/install/moveit_kinematics/share/moveit_kinematics/cmake/ament_cmake_export_dependencies-extras.cmake
[47.785s] -- Installing: /home/rosuser/ros2_ws/ws_moveit/install/moveit_kinematics/share/moveit_kinematics/cmake/moveit_kinematicsConfig.cmake
[47.785s] -- Installing: /home/rosuser/ros2_ws/ws_moveit/install/moveit_kinematics/share/moveit_kinematics/cmake/moveit_kinematicsConfig-version.cmake
[47.785s] -- Installing: /home/rosuser/ros2_ws/ws_moveit/install/moveit_kinematics/share/moveit_kinematics/package.xml
[47.788s] Invoked command in '/home/rosuser/ros2_ws/ws_moveit/build/moveit_kinematics' returned '0': AMENT_PREFIX_PATH=/home/rosuser/ros2_ws/ws_moveit/install/moveit_ros_planning:/home/rosuser/ros2_ws/ws_moveit/install/moveit_ros_occupancy_map_monitor:/home/rosuser/ros2_ws/ws_moveit/install/moveit_core:/home/rosuser/ros2_ws/ws_moveit/install/moveit_resources_panda_moveit_config:/home/rosuser/ros2_ws/ws_moveit/install/moveit_resources_fanuc_moveit_config:/home/rosuser/ros2_ws/ws_moveit/install/moveit_configs_utils:/home/rosuser/ros2_ws/ws_moveit/install/srdfdom:/home/rosuser/ros2_ws/ws_moveit/install/moveit_resources_pr2_description:/home/rosuser/ros2_ws/ws_moveit/install/moveit_resources_panda_description:/home/rosuser/ros2_ws/ws_moveit/install/moveit_resources_fanuc_description:/home/rosuser/ros2_ws/ws_moveit/install/moveit_common:/home/rosuser/ros2_ws/ws_moveit/install/launch_param_builder:${AMENT_PREFIX_PATH} CMAKE_PREFIX_PATH=/home/rosuser/ros2_ws/ws_moveit/install/moveit_ros_planning:/home/rosuser/ros2_ws/ws_moveit/install/moveit_ros_occupancy_map_monitor:/home/rosuser/ros2_ws/ws_moveit/install/moveit_core:/home/rosuser/ros2_ws/ws_moveit/install/moveit_resources_panda_moveit_config:/home/rosuser/ros2_ws/ws_moveit/install/moveit_resources_fanuc_moveit_config:/home/rosuser/ros2_ws/ws_moveit/install/srdfdom:/home/rosuser/ros2_ws/ws_moveit/install/moveit_resources_pr2_description:/home/rosuser/ros2_ws/ws_moveit/install/moveit_resources_panda_description:/home/rosuser/ros2_ws/ws_moveit/install/moveit_resources_fanuc_description:/home/rosuser/ros2_ws/ws_moveit/install/moveit_common:/opt/ros/humble LD_LIBRARY_PATH=/home/rosuser/ros2_ws/ws_moveit/install/moveit_ros_planning/lib:/home/rosuser/ros2_ws/ws_moveit/install/moveit_ros_occupancy_map_monitor/lib:/home/rosuser/ros2_ws/ws_moveit/install/moveit_core/lib:/home/rosuser/ros2_ws/ws_moveit/install/srdfdom/lib:${LD_LIBRARY_PATH} PATH=/home/rosuser/ros2_ws/ws_moveit/install/moveit_core/bin:${PATH} PYTHONPATH=/home/rosuser/ros2_ws/ws_moveit/install/moveit_configs_utils/lib/python3.10/site-packages:/home/rosuser/ros2_ws/ws_moveit/install/srdfdom/local/lib/python3.10/dist-packages:/home/rosuser/ros2_ws/ws_moveit/install/launch_param_builder/lib/python3.10/site-packages:${PYTHONPATH} /usr/bin/cmake --install /home/rosuser/ros2_ws/ws_moveit/build/moveit_kinematics
