[0.407s] Invoking command in '/home/rosuser/ros2_ws/ws_moveit/src/launch_param_builder': PYTHONPATH=/home/rosuser/ros2_ws/ws_moveit/build/launch_param_builder/prefix_override:/usr/lib/python3/dist-packages/colcon_core/task/python/colcon_distutils_commands:/home/rosuser/ros2_ws/ws_moveit/install/launch_param_builder/lib/python3.10/site-packages:${PYTHONPATH} /usr/bin/python3 -W ignore:setup.py install is deprecated -W ignore:easy_install command is deprecated setup.py egg_info --egg-base ../../build/launch_param_builder build --build-base /home/rosuser/ros2_ws/ws_moveit/build/launch_param_builder/build install --record /home/rosuser/ros2_ws/ws_moveit/build/launch_param_builder/install.log --single-version-externally-managed install_data
[0.549s] running egg_info
[0.550s] creating ../../build/launch_param_builder/launch_param_builder.egg-info
[0.550s] writing ../../build/launch_param_builder/launch_param_builder.egg-info/PKG-INFO
[0.550s] writing dependency_links to ../../build/launch_param_builder/launch_param_builder.egg-info/dependency_links.txt
[0.550s] writing entry points to ../../build/launch_param_builder/launch_param_builder.egg-info/entry_points.txt
[0.550s] writing requirements to ../../build/launch_param_builder/launch_param_builder.egg-info/requires.txt
[0.550s] writing top-level names to ../../build/launch_param_builder/launch_param_builder.egg-info/top_level.txt
[0.551s] writing manifest file '../../build/launch_param_builder/launch_param_builder.egg-info/SOURCES.txt'
[0.553s] reading manifest file '../../build/launch_param_builder/launch_param_builder.egg-info/SOURCES.txt'
[0.553s] adding license file 'LICENSE'
[0.553s] writing manifest file '../../build/launch_param_builder/launch_param_builder.egg-info/SOURCES.txt'
[0.553s] running build
[0.553s] running build_py
[0.553s] creating /home/rosuser/ros2_ws/ws_moveit/build/launch_param_builder/build
[0.554s] creating /home/rosuser/ros2_ws/ws_moveit/build/launch_param_builder/build/lib
[0.554s] creating /home/rosuser/ros2_ws/ws_moveit/build/launch_param_builder/build/lib/launch_param_builder
[0.554s] copying launch_param_builder/__init__.py -> /home/rosuser/ros2_ws/ws_moveit/build/launch_param_builder/build/lib/launch_param_builder
[0.554s] copying launch_param_builder/utils.py -> /home/rosuser/ros2_ws/ws_moveit/build/launch_param_builder/build/lib/launch_param_builder
[0.554s] copying launch_param_builder/launch_param_builder.py -> /home/rosuser/ros2_ws/ws_moveit/build/launch_param_builder/build/lib/launch_param_builder
[0.554s] running install
[0.555s] running install_lib
[0.555s] creating /home/rosuser/ros2_ws/ws_moveit/install/launch_param_builder/lib/python3.10/site-packages/launch_param_builder
[0.555s] copying /home/rosuser/ros2_ws/ws_moveit/build/launch_param_builder/build/lib/launch_param_builder/__init__.py -> /home/rosuser/ros2_ws/ws_moveit/install/launch_param_builder/lib/python3.10/site-packages/launch_param_builder
[0.555s] copying /home/rosuser/ros2_ws/ws_moveit/build/launch_param_builder/build/lib/launch_param_builder/utils.py -> /home/rosuser/ros2_ws/ws_moveit/install/launch_param_builder/lib/python3.10/site-packages/launch_param_builder
[0.555s] copying /home/rosuser/ros2_ws/ws_moveit/build/launch_param_builder/build/lib/launch_param_builder/launch_param_builder.py -> /home/rosuser/ros2_ws/ws_moveit/install/launch_param_builder/lib/python3.10/site-packages/launch_param_builder
[0.556s] byte-compiling /home/rosuser/ros2_ws/ws_moveit/install/launch_param_builder/lib/python3.10/site-packages/launch_param_builder/__init__.py to __init__.cpython-310.pyc
[0.556s] byte-compiling /home/rosuser/ros2_ws/ws_moveit/install/launch_param_builder/lib/python3.10/site-packages/launch_param_builder/utils.py to utils.cpython-310.pyc
[0.556s] byte-compiling /home/rosuser/ros2_ws/ws_moveit/install/launch_param_builder/lib/python3.10/site-packages/launch_param_builder/launch_param_builder.py to launch_param_builder.cpython-310.pyc
[0.556s] running install_data
[0.557s] creating /home/rosuser/ros2_ws/ws_moveit/install/launch_param_builder/share/ament_index
[0.557s] creating /home/rosuser/ros2_ws/ws_moveit/install/launch_param_builder/share/ament_index/resource_index
[0.557s] creating /home/rosuser/ros2_ws/ws_moveit/install/launch_param_builder/share/ament_index/resource_index/packages
[0.557s] copying resource/launch_param_builder -> /home/rosuser/ros2_ws/ws_moveit/install/launch_param_builder/share/ament_index/resource_index/packages
[0.557s] creating /home/rosuser/ros2_ws/ws_moveit/install/launch_param_builder/share/launch_param_builder/launch
[0.557s] copying example/launch_param_builder_example.launch.py -> /home/rosuser/ros2_ws/ws_moveit/install/launch_param_builder/share/launch_param_builder/launch
[0.557s] creating /home/rosuser/ros2_ws/ws_moveit/install/launch_param_builder/share/launch_param_builder/config
[0.557s] copying test/data/parameter_file -> /home/rosuser/ros2_ws/ws_moveit/install/launch_param_builder/share/launch_param_builder/config
[0.557s] copying test/data/parameters.yaml -> /home/rosuser/ros2_ws/ws_moveit/install/launch_param_builder/share/launch_param_builder/config
[0.557s] copying test/data/param_file_to_inject.yaml -> /home/rosuser/ros2_ws/ws_moveit/install/launch_param_builder/share/launch_param_builder/config
[0.557s] copying test/data/parameter.xacro -> /home/rosuser/ros2_ws/ws_moveit/install/launch_param_builder/share/launch_param_builder/config
[0.558s] copying test/data/parameters_injection.yaml -> /home/rosuser/ros2_ws/ws_moveit/install/launch_param_builder/share/launch_param_builder/config
[0.558s] copying package.xml -> /home/rosuser/ros2_ws/ws_moveit/install/launch_param_builder/share/launch_param_builder
[0.558s] creating /home/rosuser/ros2_ws/ws_moveit/install/launch_param_builder/lib/launch_param_builder
[0.558s] copying example/example_node.py -> /home/rosuser/ros2_ws/ws_moveit/install/launch_param_builder/lib/launch_param_builder
[0.558s] running install_egg_info
[0.559s] Copying ../../build/launch_param_builder/launch_param_builder.egg-info to /home/rosuser/ros2_ws/ws_moveit/install/launch_param_builder/lib/python3.10/site-packages/launch_param_builder-0.1.1-py3.10.egg-info
[0.559s] running install_scripts
[0.570s] writing list of installed files to '/home/rosuser/ros2_ws/ws_moveit/build/launch_param_builder/install.log'
[0.585s] Invoked command in '/home/rosuser/ros2_ws/ws_moveit/src/launch_param_builder' returned '0': PYTHONPATH=/home/rosuser/ros2_ws/ws_moveit/build/launch_param_builder/prefix_override:/usr/lib/python3/dist-packages/colcon_core/task/python/colcon_distutils_commands:/home/rosuser/ros2_ws/ws_moveit/install/launch_param_builder/lib/python3.10/site-packages:${PYTHONPATH} /usr/bin/python3 -W ignore:setup.py install is deprecated -W ignore:easy_install command is deprecated setup.py egg_info --egg-base ../../build/launch_param_builder build --build-base /home/rosuser/ros2_ws/ws_moveit/build/launch_param_builder/build install --record /home/rosuser/ros2_ws/ws_moveit/build/launch_param_builder/install.log --single-version-externally-managed install_data
