[0.010s] Invoking command in '/home/rosuser/ros2_ws/ws_moveit/build/moveit_core': AMENT_PREFIX_PATH=/home/rosuser/ros2_ws/ws_moveit/install/moveit_resources_panda_moveit_config:/home/rosuser/ros2_ws/ws_moveit/install/srdfdom:/home/rosuser/ros2_ws/ws_moveit/install/moveit_resources_pr2_description:/home/rosuser/ros2_ws/ws_moveit/install/moveit_resources_panda_description:/home/rosuser/ros2_ws/ws_moveit/install/moveit_common:${AMENT_PREFIX_PATH} CMAKE_PREFIX_PATH=/home/rosuser/ros2_ws/ws_moveit/install/moveit_resources_panda_moveit_config:/home/rosuser/ros2_ws/ws_moveit/install/srdfdom:/home/rosuser/ros2_ws/ws_moveit/install/moveit_resources_pr2_description:/home/rosuser/ros2_ws/ws_moveit/install/moveit_resources_panda_description:/home/rosuser/ros2_ws/ws_moveit/install/moveit_common:/opt/ros/humble LD_LIBRARY_PATH=/home/rosuser/ros2_ws/ws_moveit/install/srdfdom/lib:${LD_LIBRARY_PATH} PYTHONPATH=/home/rosuser/ros2_ws/ws_moveit/install/srdfdom/local/lib/python3.10/dist-packages:${PYTHONPATH} /usr/bin/cmake /home/rosuser/ros2_ws/ws_moveit/src/moveit2/moveit_core -DCMAKE_BUILD_TYPE=Release -DCMAKE_INSTALL_PREFIX=/home/rosuser/ros2_ws/ws_moveit/install/moveit_core
[0.061s] -- The CXX compiler identification is GNU 11.4.0
[0.066s] -- Detecting CXX compiler ABI info
[0.119s] -- Detecting CXX compiler ABI info - done
[0.124s] -- Check for working CXX compiler: /usr/bin/c++ - skipped
[0.124s] -- Detecting CXX compile features
[0.125s] -- Detecting CXX compile features - done
[0.126s] -- Found moveit_common: 2.5.9 (/home/rosuser/ros2_ws/ws_moveit/install/moveit_common/share/moveit_common/cmake)
[0.128s] -- Found ament_cmake: 1.3.11 (/opt/ros/humble/share/ament_cmake/cmake)
[0.215s] -- Found Python3: /usr/bin/python3 (found version "3.10.12") found components: Interpreter 
[0.324s] -- Found angles: 1.15.0 (/opt/ros/humble/share/angles/cmake)
[0.341s] -- Found Bullet: /usr/lib/aarch64-linux-gnu/libBulletDynamics.so (Required is at least version "2.87") 
[0.343s] -- Found common_interfaces: 4.8.0 (/opt/ros/humble/share/common_interfaces/cmake)
[0.345s] -- Found eigen_stl_containers: 1.1.0 (/opt/ros/humble/share/eigen_stl_containers/cmake)
[0.352s] -- Found eigen3_cmake_module: 0.1.1 (/opt/ros/humble/share/eigen3_cmake_module/cmake)
[0.356s] -- Found Eigen3: TRUE (found version "3.4.0") 
[0.359s] -- Found generate_parameter_library: 0.4.0 (/opt/ros/humble/share/generate_parameter_library/cmake)
[0.363s] -- Found parameter_traits: 0.4.0 (/opt/ros/humble/share/parameter_traits/cmake)
[0.392s] -- Found rosidl_generator_c: 3.1.6 (/opt/ros/humble/share/rosidl_generator_c/cmake)
[0.396s] -- Found rosidl_adapter: 3.1.6 (/opt/ros/humble/share/rosidl_adapter/cmake)
[0.402s] -- Found rosidl_generator_cpp: 3.1.6 (/opt/ros/humble/share/rosidl_generator_cpp/cmake)
[0.410s] -- Using all available rosidl_typesupport_c: rosidl_typesupport_fastrtps_c;rosidl_typesupport_introspection_c
[0.420s] -- Using all available rosidl_typesupport_cpp: rosidl_typesupport_fastrtps_cpp;rosidl_typesupport_introspection_cpp
[0.456s] -- Found rmw_implementation_cmake: 6.1.2 (/opt/ros/humble/share/rmw_implementation_cmake/cmake)
[0.458s] -- Found rmw_fastrtps_cpp: 6.2.7 (/opt/ros/humble/share/rmw_fastrtps_cpp/cmake)
[0.515s] -- Found OpenSSL: /usr/lib/aarch64-linux-gnu/libcrypto.so (found version "3.0.2")  
[0.532s] -- Found FastRTPS: /opt/ros/humble/include  
[0.564s] -- Using RMW implementation 'rmw_fastrtps_cpp' as default
[0.571s] -- Looking for C++ include pthread.h
[0.644s] -- Looking for C++ include pthread.h - found
[0.644s] -- Performing Test CMAKE_HAVE_LIBC_PTHREAD
[0.713s] -- Performing Test CMAKE_HAVE_LIBC_PTHREAD - Success
[0.714s] -- Found Threads: TRUE  
[0.761s] -- Found rclcpp_lifecycle: 16.0.12 (/opt/ros/humble/share/rclcpp_lifecycle/cmake)
[0.776s] -- Found geometric_shapes: 2.3.2 (/opt/ros/humble/share/geometric_shapes/cmake)
[0.783s] -- Found Boost: /usr/lib/aarch64-linux-gnu/cmake/Boost-1.74.0/BoostConfig.cmake (found version "1.74.0") found components: filesystem 
[0.848s] -- library: /usr/lib/aarch64-linux-gnu/libcurl.so
[0.889s] -- Found kdl_parser: 2.6.4 (/opt/ros/humble/share/kdl_parser/cmake)
[0.895s] -- Ensuring Eigen3 include directory is part of orocos-kdl CMake target
[0.899s] -- Found moveit_msgs: 2.2.1 (/opt/ros/humble/share/moveit_msgs/cmake)
[0.976s] -- Found pluginlib: 5.1.0 (/opt/ros/humble/share/pluginlib/cmake)
[0.992s] -- Found srdfdom: 2.0.7 (/home/rosuser/ros2_ws/ws_moveit/install/srdfdom/share/srdfdom/cmake)
[1.002s] -- Found tf2_eigen: 0.25.12 (/opt/ros/humble/share/tf2_eigen/cmake)
[1.054s] -- Found tf2_geometry_msgs: 0.25.12 (/opt/ros/humble/share/tf2_geometry_msgs/cmake)
[1.058s] -- Found tf2_kdl: 0.25.12 (/opt/ros/humble/share/tf2_kdl/cmake)
[1.086s] -- Found Boost: /usr/lib/aarch64-linux-gnu/cmake/Boost-1.74.0/BoostConfig.cmake (found version "1.74.0") found components: chrono date_time filesystem iostreams program_options regex serialization system thread 
[1.087s] --  *** Building MoveIt 2.5.9-Alpha ***
[1.090s] -- Performing Test COMPILER_HAS_HIDDEN_VISIBILITY
[1.157s] -- Performing Test COMPILER_HAS_HIDDEN_VISIBILITY - Success
[1.157s] -- Performing Test COMPILER_HAS_HIDDEN_INLINE_VISIBILITY
[1.226s] -- Performing Test COMPILER_HAS_HIDDEN_INLINE_VISIBILITY - Success
[1.226s] -- Performing Test COMPILER_HAS_DEPRECATED_ATTR
[1.293s] -- Performing Test COMPILER_HAS_DEPRECATED_ATTR - Success
[1.297s] -- Found ament_cmake_gtest: 1.3.11 (/opt/ros/humble/share/ament_cmake_gtest/cmake)
[1.299s] -- Found gtest sources under '/opt/ros/humble/src/gtest_vendor': C++ tests using 'Google Test' will be built
[1.327s] -- The C compiler identification is GNU 11.4.0
[1.331s] -- Detecting C compiler ABI info
[1.398s] -- Detecting C compiler ABI info - done
[1.404s] -- Check for working C compiler: /usr/bin/cc - skipped
[1.404s] -- Detecting C compile features
[1.405s] -- Detecting C compile features - done
[1.412s] -- Found ament_cmake_gmock: 1.3.11 (/opt/ros/humble/share/ament_cmake_gmock/cmake)
[1.417s] -- Found gmock sources under '/opt/ros/humble/src/gmock_vendor': C++ tests using 'Google Mock' will be built
[1.419s] -- Found ament_cmake_gtest: 1.3.11 (/opt/ros/humble/share/ament_cmake_gtest/cmake)
[1.419s] -- Found gtest sources under '/opt/ros/humble/src/gtest_vendor': C++ tests using 'Google Test' will be built
[1.423s] -- Found ament_cmake_gtest: 1.3.11 (/opt/ros/humble/share/ament_cmake_gtest/cmake)
[1.424s] -- Found gtest sources under '/opt/ros/humble/src/gtest_vendor': C++ tests using 'Google Test' will be built
[1.434s] -- Found ament_cmake_gtest: 1.3.11 (/opt/ros/humble/share/ament_cmake_gtest/cmake)
[1.435s] -- Found gtest sources under '/opt/ros/humble/src/gtest_vendor': C++ tests using 'Google Test' will be built
[1.444s] -- Found ament_lint_auto: 0.12.12 (/opt/ros/humble/share/ament_lint_auto/cmake)
[1.445s] -- Found ament_cmake_gtest: 1.3.11 (/opt/ros/humble/share/ament_cmake_gtest/cmake)
[1.445s] -- Found gtest sources under '/opt/ros/humble/src/gtest_vendor': C++ tests using 'Google Test' will be built
[1.456s] -- Found ament_cmake_gtest: 1.3.11 (/opt/ros/humble/share/ament_cmake_gtest/cmake)
[1.457s] -- Found gtest sources under '/opt/ros/humble/src/gtest_vendor': C++ tests using 'Google Test' will be built
[1.464s] -- Found ament_cmake_gtest: 1.3.11 (/opt/ros/humble/share/ament_cmake_gtest/cmake)
[1.464s] -- Found gtest sources under '/opt/ros/humble/src/gtest_vendor': C++ tests using 'Google Test' will be built
[1.469s] -- Found ament_cmake_gtest: 1.3.11 (/opt/ros/humble/share/ament_cmake_gtest/cmake)
[1.470s] -- Found gmock sources under '/opt/ros/humble/src/gmock_vendor': C++ tests using 'Google Mock' will be built
[1.470s] -- Found gtest sources under '/opt/ros/humble/src/gtest_vendor': C++ tests using 'Google Test' will be built
[1.476s] -- Found gtest sources under '/opt/ros/humble/src/gtest_vendor': C++ tests using 'Google Test' will be built
[1.480s] -- Found gtest sources under '/opt/ros/humble/src/gtest_vendor': C++ tests using 'Google Test' will be built
[1.486s] -- Found ament_cmake_gtest: 1.3.11 (/opt/ros/humble/share/ament_cmake_gtest/cmake)
[1.487s] -- Found gtest sources under '/opt/ros/humble/src/gtest_vendor': C++ tests using 'Google Test' will be built
[1.497s] -- Found gtest sources under '/opt/ros/humble/src/gtest_vendor': C++ tests using 'Google Test' will be built
[1.505s] -- Found gtest sources under '/opt/ros/humble/src/gtest_vendor': C++ tests using 'Google Test' will be built
[1.511s] -- Found gtest sources under '/opt/ros/humble/src/gtest_vendor': C++ tests using 'Google Test' will be built
[1.515s] -- Found ament_lint_auto: 0.12.12 (/opt/ros/humble/share/ament_lint_auto/cmake)
[1.535s] -- Added test 'cppcheck' to perform static code analysis on C / C++ code
[1.536s] -- Configured cppcheck include dirs: /home/rosuser/ros2_ws/ws_moveit/src/moveit2/moveit_core/exceptions/include;/home/rosuser/ros2_ws/ws_moveit/src/moveit2/moveit_core/collision_detection/include;/home/rosuser/ros2_ws/ws_moveit/src/moveit2/moveit_core/collision_detection_fcl/include;/home/rosuser/ros2_ws/ws_moveit/src/moveit2/moveit_core/collision_detection_bullet/include;/home/rosuser/ros2_ws/ws_moveit/src/moveit2/moveit_core/constraint_samplers/include;/home/rosuser/ros2_ws/ws_moveit/src/moveit2/moveit_core/controller_manager/include;/home/rosuser/ros2_ws/ws_moveit/src/moveit2/moveit_core/distance_field/include;/home/rosuser/ros2_ws/ws_moveit/src/moveit2/moveit_core/collision_distance_field/include;/home/rosuser/ros2_ws/ws_moveit/src/moveit2/moveit_core/dynamics_solver/include;/home/rosuser/ros2_ws/ws_moveit/src/moveit2/moveit_core/kinematics_base/include;/home/rosuser/ros2_ws/ws_moveit/src/moveit2/moveit_core/kinematics_metrics/include;/home/rosuser/ros2_ws/ws_moveit/src/moveit2/moveit_core/robot_model/include;/home/rosuser/ros2_ws/ws_moveit/src/moveit2/moveit_core/transforms/include;/home/rosuser/ros2_ws/ws_moveit/src/moveit2/moveit_core/robot_state/include;/home/rosuser/ros2_ws/ws_moveit/src/moveit2/moveit_core/robot_trajectory/include;/home/rosuser/ros2_ws/ws_moveit/src/moveit2/moveit_core/kinematic_constraints/include;/home/rosuser/ros2_ws/ws_moveit/src/moveit2/moveit_core/macros/include;/home/rosuser/ros2_ws/ws_moveit/src/moveit2/moveit_core/online_signal_smoothing/include;/home/rosuser/ros2_ws/ws_moveit/src/moveit2/moveit_core/planning_interface/include;/home/rosuser/ros2_ws/ws_moveit/src/moveit2/moveit_core/planning_request_adapter/include;/home/rosuser/ros2_ws/ws_moveit/src/moveit2/moveit_core/planning_scene/include;/home/rosuser/ros2_ws/ws_moveit/src/moveit2/moveit_core/sensor_manager/include;/home/rosuser/ros2_ws/ws_moveit/src/moveit2/moveit_core/trajectory_processing/include;/home/rosuser/ros2_ws/ws_moveit/src/moveit2/moveit_core/utils/include
[1.536s] -- Configured cppcheck exclude dirs and/or files: 
[1.538s] -- Added test 'pep257' to check Python code against some of the docstring style conventions in PEP 257
[1.540s] -- Added test 'xmllint' to check XML markup files
[1.542s] -- Configuring done
[1.979s] -- Generating done
[2.113s] -- Build files have been written to: /home/rosuser/ros2_ws/ws_moveit/build/moveit_core
[2.145s] Invoked command in '/home/rosuser/ros2_ws/ws_moveit/build/moveit_core' returned '0': AMENT_PREFIX_PATH=/home/rosuser/ros2_ws/ws_moveit/install/moveit_resources_panda_moveit_config:/home/rosuser/ros2_ws/ws_moveit/install/srdfdom:/home/rosuser/ros2_ws/ws_moveit/install/moveit_resources_pr2_description:/home/rosuser/ros2_ws/ws_moveit/install/moveit_resources_panda_description:/home/rosuser/ros2_ws/ws_moveit/install/moveit_common:${AMENT_PREFIX_PATH} CMAKE_PREFIX_PATH=/home/rosuser/ros2_ws/ws_moveit/install/moveit_resources_panda_moveit_config:/home/rosuser/ros2_ws/ws_moveit/install/srdfdom:/home/rosuser/ros2_ws/ws_moveit/install/moveit_resources_pr2_description:/home/rosuser/ros2_ws/ws_moveit/install/moveit_resources_panda_description:/home/rosuser/ros2_ws/ws_moveit/install/moveit_common:/opt/ros/humble LD_LIBRARY_PATH=/home/rosuser/ros2_ws/ws_moveit/install/srdfdom/lib:${LD_LIBRARY_PATH} PYTHONPATH=/home/rosuser/ros2_ws/ws_moveit/install/srdfdom/local/lib/python3.10/dist-packages:${PYTHONPATH} /usr/bin/cmake /home/rosuser/ros2_ws/ws_moveit/src/moveit2/moveit_core -DCMAKE_BUILD_TYPE=Release -DCMAKE_INSTALL_PREFIX=/home/rosuser/ros2_ws/ws_moveit/install/moveit_core
[2.147s] Invoking command in '/home/rosuser/ros2_ws/ws_moveit/build/moveit_core': AMENT_PREFIX_PATH=/home/rosuser/ros2_ws/ws_moveit/install/moveit_resources_panda_moveit_config:/home/rosuser/ros2_ws/ws_moveit/install/srdfdom:/home/rosuser/ros2_ws/ws_moveit/install/moveit_resources_pr2_description:/home/rosuser/ros2_ws/ws_moveit/install/moveit_resources_panda_description:/home/rosuser/ros2_ws/ws_moveit/install/moveit_common:${AMENT_PREFIX_PATH} CMAKE_PREFIX_PATH=/home/rosuser/ros2_ws/ws_moveit/install/moveit_resources_panda_moveit_config:/home/rosuser/ros2_ws/ws_moveit/install/srdfdom:/home/rosuser/ros2_ws/ws_moveit/install/moveit_resources_pr2_description:/home/rosuser/ros2_ws/ws_moveit/install/moveit_resources_panda_description:/home/rosuser/ros2_ws/ws_moveit/install/moveit_common:/opt/ros/humble LD_LIBRARY_PATH=/home/rosuser/ros2_ws/ws_moveit/install/srdfdom/lib:${LD_LIBRARY_PATH} PYTHONPATH=/home/rosuser/ros2_ws/ws_moveit/install/srdfdom/local/lib/python3.10/dist-packages:${PYTHONPATH} /usr/bin/cmake --build /home/rosuser/ros2_ws/ws_moveit/build/moveit_core -- -j8 -l8
[2.198s] [  1%] [32mBuilding CXX object distance_field/CMakeFiles/moveit_distance_field.dir/src/distance_field.cpp.o[0m
[2.204s] [  2%] [32mBuilding CXX object transforms/CMakeFiles/moveit_transforms.dir/src/transforms.cpp.o[0m
[2.204s] [  2%] [32mBuilding CXX object gtest/CMakeFiles/gtest.dir/src/gtest-all.cc.o[0m
[2.204s] [  3%] [32mBuilding CXX object kinematics_base/CMakeFiles/moveit_kinematics_base.dir/src/kinematics_base.cpp.o[0m
[2.204s] [  4%] [32mBuilding CXX object exceptions/CMakeFiles/moveit_exceptions.dir/src/exceptions.cpp.o[0m
[2.204s] [  5%] [32mBuilding CXX object gtest/CMakeFiles/gtest_main.dir/src/gtest_main.cc.o[0m
[2.213s] [  6%] [32mBuilding CXX object utils/CMakeFiles/moveit_utils.dir/src/lexical_casts.cpp.o[0m
[2.219s] [  6%] [32mBuilding CXX object gmock/CMakeFiles/gmock.dir/opt/ros/humble/src/gtest_vendor/src/gtest-all.cc.o[0m
[2.850s] [  6%] [32mBuilding CXX object utils/CMakeFiles/moveit_utils.dir/src/message_checks.cpp.o[0m
[3.052s] [  6%] [32m[1mLinking CXX shared library libmoveit_exceptions.so[0m
[3.236s] [  6%] Built target moveit_exceptions
[3.273s] [  6%] [32mBuilding CXX object gmock/CMakeFiles/gmock_main.dir/src/gmock_main.cc.o[0m
[3.419s] [  6%] [32m[1mLinking CXX static library libgtest_main.a[0m
[3.455s] [  6%] Built target gtest_main
[3.471s] [  7%] [32mBuilding CXX object utils/CMakeFiles/moveit_utils.dir/src/rclcpp_utils.cpp.o[0m
[3.861s] [  8%] [32mBuilding CXX object distance_field/CMakeFiles/moveit_distance_field.dir/src/find_internal_points.cpp.o[0m
[4.555s] [  9%] [32m[1mLinking CXX shared library libmoveit_utils.so[0m
[5.798s] [ 10%] [32m[1mLinking CXX static library libgmock_main.a[0m
[5.858s] [ 10%] Built target gmock_main
[5.872s] [ 10%] [32mBuilding CXX object distance_field/CMakeFiles/moveit_distance_field.dir/src/propagation_distance_field.cpp.o[0m
[5.922s] [ 10%] Built target moveit_utils
[5.960s] [ 11%] [32mBuilding CXX object online_signal_smoothing/CMakeFiles/moveit_smoothing_base.dir/src/smoothing_base_class.cpp.o[0m
[7.851s] [ 12%] [34m[1mRunning `/opt/ros/humble/bin/generate_parameter_library_cpp /home/rosuser/ros2_ws/ws_moveit/build/moveit_core/online_signal_smoothing/include/moveit_core/moveit_butterworth_parameters.hpp /home/rosuser/ros2_ws/ws_moveit/src/moveit2/moveit_core/online_signal_smoothing/src/butterworth_parameters.yaml `[0m
[8.123s] [ 13%] [34m[1mCreating deprecated header file /home/rosuser/ros2_ws/ws_moveit/build/moveit_core/online_signal_smoothing/include/moveit_butterworth_parameters.hpp[0m
[8.207s] [ 13%] Built target moveit_butterworth_parameters
[8.229s] [ 14%] [32mBuilding CXX object gmock/CMakeFiles/gmock.dir/src/gmock-all.cc.o[0m
[11.950s] [ 14%] [32m[1mLinking CXX shared library libmoveit_smoothing_base.so[0m
[12.366s] [ 14%] Built target moveit_smoothing_base
[12.401s] [ 14%] [32mBuilding CXX object version/CMakeFiles/moveit_version.dir/version.cpp.o[0m
[12.486s] [ 15%] [32m[1mLinking CXX executable moveit_version[0m
[12.703s] [ 15%] Built target moveit_version
[13.434s] [ 15%] [32m[1mLinking CXX shared library libmoveit_kinematics_base.so[0m
[13.671s] [ 15%] Built target moveit_kinematics_base
[13.699s] [ 15%] [32mBuilding CXX object robot_model/CMakeFiles/moveit_robot_model.dir/src/aabb.cpp.o[0m
[13.703s] [ 16%] [32mBuilding CXX object robot_model/CMakeFiles/moveit_robot_model.dir/src/fixed_joint_model.cpp.o[0m
[14.908s] [ 16%] [32mBuilding CXX object robot_model/CMakeFiles/moveit_robot_model.dir/src/floating_joint_model.cpp.o[0m
[16.717s] [ 17%] [32mBuilding CXX object robot_model/CMakeFiles/moveit_robot_model.dir/src/joint_model.cpp.o[0m
[17.802s] [ 17%] [32mBuilding CXX object robot_model/CMakeFiles/moveit_robot_model.dir/src/joint_model_group.cpp.o[0m
[18.390s] [ 17%] [32m[1mLinking CXX shared library libmoveit_transforms.so[0m
[18.909s] [ 17%] Built target moveit_transforms
[18.990s] [ 18%] [32mBuilding CXX object robot_model/CMakeFiles/moveit_robot_model.dir/src/link_model.cpp.o[0m
[19.115s] [ 19%] [32m[1mLinking CXX static library libgmock.a[0m
[19.490s] [ 19%] Built target gmock
[19.519s] [ 20%] [32mBuilding CXX object robot_model/CMakeFiles/moveit_robot_model.dir/src/planar_joint_model.cpp.o[0m
[20.333s] [ 21%] [32m[1mLinking CXX static library libgtest.a[0m
[20.541s] [ 21%] Built target gtest
[20.569s] [ 21%] [32mBuilding CXX object robot_model/CMakeFiles/moveit_robot_model.dir/src/prismatic_joint_model.cpp.o[0m
[21.784s] [ 21%] [32mBuilding CXX object transforms/CMakeFiles/test_transforms.dir/test/test_transforms.cpp.o[0m
[26.657s] [ 22%] [32mBuilding CXX object robot_model/CMakeFiles/moveit_robot_model.dir/src/revolute_joint_model.cpp.o[0m
[28.030s] [ 22%] [32mBuilding CXX object robot_model/CMakeFiles/moveit_robot_model.dir/src/robot_model.cpp.o[0m
[29.452s] [ 23%] [32m[1mLinking CXX shared library libmoveit_distance_field.so[0m
[30.309s] [ 23%] Built target moveit_distance_field
[30.385s] [ 24%] [32mBuilding CXX object distance_field/CMakeFiles/test_voxel_grid.dir/test/test_voxel_grid.cpp.o[0m
[30.395s] [ 25%] [32mBuilding CXX object distance_field/CMakeFiles/test_distance_field.dir/test/test_distance_field.cpp.o[0m
[32.042s] [ 26%] [32m[1mLinking CXX executable test_transforms[0m
[32.340s] [ 26%] Built target test_transforms
[36.714s] [ 26%] [32m[1mLinking CXX executable test_voxel_grid[0m
[36.854s] [ 26%] Built target test_voxel_grid
[39.711s] [ 27%] [32m[1mLinking CXX shared library libmoveit_robot_model.so[0m
[39.828s] [ 27%] Built target moveit_robot_model
[39.847s] [ 28%] [32mBuilding CXX object robot_state/CMakeFiles/moveit_robot_state.dir/src/attached_body.cpp.o[0m
[39.847s] [ 29%] [32mBuilding CXX object online_signal_smoothing/CMakeFiles/moveit_butterworth_filter.dir/src/butterworth_filter.cpp.o[0m
[39.849s] [ 30%] [32mBuilding CXX object robot_state/CMakeFiles/moveit_robot_state.dir/src/robot_state.cpp.o[0m
[39.849s] [ 30%] [32mBuilding CXX object robot_state/CMakeFiles/moveit_robot_state.dir/src/conversions.cpp.o[0m
[39.849s] [ 31%] [32mBuilding CXX object utils/CMakeFiles/moveit_test_utils.dir/src/robot_model_test_utils.cpp.o[0m
[39.852s] [ 31%] [32mBuilding CXX object robot_state/CMakeFiles/moveit_robot_state.dir/src/cartesian_interpolator.cpp.o[0m
[41.772s] [ 31%] [32m[1mLinking CXX executable test_distance_field[0m
[42.167s] [ 31%] Built target test_distance_field
[54.839s] [ 31%] [32m[1mLinking CXX shared library libmoveit_butterworth_filter.so[0m
[55.094s] [ 31%] Built target moveit_butterworth_filter
[55.134s] [ 31%] [32mBuilding CXX object online_signal_smoothing/CMakeFiles/test_butterworth_filter.dir/test/test_butterworth_filter.cpp.o[0m
[59.727s] [ 32%] [32m[1mLinking CXX shared library libmoveit_test_utils.so[0m
[59.985s] [ 32%] Built target moveit_test_utils
[60.020s] [ 33%] [32mBuilding CXX object robot_model/CMakeFiles/test_robot_model.dir/test/test.cpp.o[0m
[64.910s] [ 34%] [32m[1mLinking CXX executable test_butterworth_filter[0m
[65.128s] [ 34%] Built target test_butterworth_filter
[66.705s] [ 34%] [32m[1mLinking CXX executable test_robot_model[0m
[67.118s] [ 34%] Built target test_robot_model
[74.069s] [ 35%] [32m[1mLinking CXX shared library libmoveit_robot_state.so[0m
[74.215s] [ 35%] Built target moveit_robot_state
[74.245s] [ 35%] [32mBuilding CXX object collision_detection/CMakeFiles/moveit_collision_detection.dir/src/allvalid/collision_env_allvalid.cpp.o[0m
[74.248s] [ 36%] [32mBuilding CXX object robot_trajectory/CMakeFiles/moveit_robot_trajectory.dir/src/robot_trajectory.cpp.o[0m
[74.260s] [ 37%] [32mBuilding CXX object kinematics_metrics/CMakeFiles/moveit_kinematics_metrics.dir/src/kinematics_metrics.cpp.o[0m
[74.260s] [ 37%] [32mBuilding CXX object dynamics_solver/CMakeFiles/moveit_dynamics_solver.dir/src/dynamics_solver.cpp.o[0m
[74.264s] [ 38%] [32mBuilding CXX object robot_state/CMakeFiles/test_robot_state.dir/test/robot_state_test.cpp.o[0m
[74.265s] [ 38%] [32mBuilding CXX object robot_state/CMakeFiles/test_aabb.dir/test/test_aabb.cpp.o[0m
[74.283s] [ 38%] [32mBuilding CXX object robot_state/CMakeFiles/test_robot_state_benchmark.dir/test/robot_state_benchmark.cpp.o[0m
[74.291s] [ 38%] [32mBuilding CXX object robot_state/CMakeFiles/test_robot_state_complex.dir/test/test_kinematic_complex.cpp.o[0m
[102.342s] [ 39%] [32mBuilding CXX object collision_detection/CMakeFiles/moveit_collision_detection.dir/src/collision_common.cpp.o[0m
[112.016s] [ 40%] [32m[1mLinking CXX shared library libmoveit_dynamics_solver.so[0m
[113.410s] [ 40%] Built target moveit_dynamics_solver
[113.594s] [ 41%] [32mBuilding CXX object robot_state/CMakeFiles/test_cartesian_interpolator.dir/test/test_cartesian_interpolator.cpp.o[0m
[118.573s] [ 42%] [32m[1mLinking CXX executable test_robot_state_benchmark[0m
[120.704s] [ 42%] Built target test_robot_state_benchmark
[136.210s] [ 43%] [32m[1mLinking CXX executable test_robot_state_complex[0m
[138.522s] [ 43%] Built target test_robot_state_complex
[142.663s] [ 44%] [32mBuilding CXX object collision_detection/CMakeFiles/moveit_collision_detection.dir/src/collision_octomap_filter.cpp.o[0m
[143.173s] [ 44%] [32m[1mLinking CXX shared library libmoveit_robot_trajectory.so[0m
[143.815s] [ 45%] [32m[1mLinking CXX executable test_aabb[0m
[143.855s] [ 45%] Built target moveit_robot_trajectory
[144.576s] [ 45%] Built target test_aabb
[146.863s] [ 46%] [32m[1mLinking CXX executable test_robot_state[0m
[147.405s] [ 46%] Built target test_robot_state
[147.955s] [ 46%] [32m[1mLinking CXX executable test_cartesian_interpolator[0m
[148.220s] [ 46%] Built target test_cartesian_interpolator
[150.478s] [ 47%] [32mBuilding CXX object collision_detection/CMakeFiles/moveit_collision_detection.dir/src/world_diff.cpp.o[0m
[152.243s] [ 47%] [32mBuilding CXX object collision_detection/CMakeFiles/moveit_collision_detection.dir/src/world.cpp.o[0m
[153.881s] [ 47%] [32m[1mLinking CXX shared library libmoveit_kinematics_metrics.so[0m
[154.025s] [ 47%] Built target moveit_kinematics_metrics
[155.279s] [ 48%] [32mBuilding CXX object collision_detection/CMakeFiles/moveit_collision_detection.dir/src/collision_plugin_cache.cpp.o[0m
[163.737s] [ 48%] [32mBuilding CXX object collision_detection/CMakeFiles/moveit_collision_detection.dir/src/collision_env.cpp.o[0m
[167.469s] [ 49%] [32mBuilding CXX object collision_detection/CMakeFiles/moveit_collision_detection.dir/src/collision_tools.cpp.o[0m
[172.176s] [ 49%] [32mBuilding CXX object collision_detection/CMakeFiles/moveit_collision_detection.dir/src/collision_matrix.cpp.o[0m
[175.749s] [ 49%] [32m[1mLinking CXX shared library libmoveit_collision_detection.so[0m
[175.876s] [ 49%] Built target moveit_collision_detection
[175.890s] [ 50%] [32mBuilding CXX object robot_trajectory/CMakeFiles/test_robot_trajectory.dir/test/test_robot_trajectory.cpp.o[0m
[181.732s] [ 50%] [32m[1mLinking CXX executable test_robot_trajectory[0m
[181.928s] [ 50%] Built target test_robot_trajectory
[181.943s] [ 51%] [32mBuilding CXX object collision_detection_bullet/CMakeFiles/moveit_collision_detection_bullet.dir/src/bullet_integration/bullet_utils.cpp.o[0m
[186.663s] [ 52%] [32mBuilding CXX object collision_detection_bullet/CMakeFiles/moveit_collision_detection_bullet.dir/src/bullet_integration/bullet_discrete_bvh_manager.cpp.o[0m
[189.972s] [ 52%] [32mBuilding CXX object collision_detection_bullet/CMakeFiles/moveit_collision_detection_bullet.dir/src/bullet_integration/bullet_cast_bvh_manager.cpp.o[0m
[193.527s] [ 53%] [32mBuilding CXX object collision_detection_bullet/CMakeFiles/moveit_collision_detection_bullet.dir/src/collision_env_bullet.cpp.o[0m
[194.537s] [ 53%] [32mBuilding CXX object collision_detection_bullet/CMakeFiles/moveit_collision_detection_bullet.dir/src/bullet_integration/bullet_bvh_manager.cpp.o[0m
[198.516s] [ 54%] [32mBuilding CXX object collision_detection_bullet/CMakeFiles/moveit_collision_detection_bullet.dir/src/bullet_integration/contact_checker_common.cpp.o[0m
[198.835s] [ 55%] [32mBuilding CXX object collision_detection_bullet/CMakeFiles/moveit_collision_detection_bullet.dir/src/bullet_integration/ros_bullet_utils.cpp.o[0m
[202.453s] [ 55%] [32m[1mLinking CXX shared library libmoveit_collision_detection_bullet.so[0m
[202.597s] [ 55%] Built target moveit_collision_detection_bullet
[202.615s] [ 56%] [32mBuilding CXX object collision_detection/CMakeFiles/test_world_diff.dir/test/test_world_diff.cpp.o[0m
[202.620s] [ 57%] [32mBuilding CXX object collision_detection/CMakeFiles/test_all_valid.dir/test/test_all_valid.cpp.o[0m
[202.621s] [ 58%] [32mBuilding CXX object planning_interface/CMakeFiles/moveit_planning_interface.dir/src/planning_interface.cpp.o[0m
[202.621s] [ 59%] [32mBuilding CXX object collision_detection/CMakeFiles/test_world.dir/test/test_world.cpp.o[0m
[202.621s] [ 60%] [32mBuilding CXX object collision_detection_fcl/CMakeFiles/moveit_collision_detection_fcl.dir/src/collision_common.cpp.o[0m
[203.650s] [ 62%] [32mBuilding CXX object collision_detection_bullet/CMakeFiles/test_bullet_collision_detection.dir/test/test_bullet_collision_detection_pr2.cpp.o[0m
[203.650s] [ 62%] [32mBuilding CXX object collision_detection_bullet/CMakeFiles/test_bullet_collision_detection_panda.dir/test/test_bullet_collision_detection_panda.cpp.o[0m
[203.655s] [ 62%] [32mBuilding CXX object trajectory_processing/CMakeFiles/moveit_trajectory_processing.dir/src/iterative_time_parameterization.cpp.o[0m
[212.364s] [ 63%] [32m[1mLinking CXX executable test_world_diff[0m
[213.078s] [ 63%] Built target test_world_diff
[213.167s] [ 63%] [32mBuilding CXX object collision_detection_bullet/CMakeFiles/test_bullet_continuous_collision_checking.dir/test/test_bullet_continuous_collision_checking.cpp.o[0m
[215.108s] [ 63%] [32m[1mLinking CXX executable test_world[0m
[215.262s] [ 63%] [32m[1mLinking CXX executable test_all_valid[0m
[215.952s] [ 63%] Built target test_world
[216.350s] [ 63%] Built target test_all_valid
[223.742s] [ 64%] [32mBuilding CXX object trajectory_processing/CMakeFiles/moveit_trajectory_processing.dir/src/iterative_spline_parameterization.cpp.o[0m
[227.211s] [ 65%] [32m[1mLinking CXX executable test_bullet_collision_detection_panda[0m
[227.834s] [ 65%] Built target test_bullet_collision_detection_panda
[228.320s] [ 66%] [32mBuilding CXX object planning_interface/CMakeFiles/moveit_planning_interface.dir/src/planning_response.cpp.o[0m
[228.906s] [ 66%] [32mBuilding CXX object collision_detection_fcl/CMakeFiles/moveit_collision_detection_fcl.dir/src/collision_env_fcl.cpp.o[0m
[232.335s] [ 66%] [32m[1mLinking CXX executable test_bullet_collision_detection[0m
[232.985s] [ 66%] Built target test_bullet_collision_detection
[237.415s] [ 66%] [32mBuilding CXX object trajectory_processing/CMakeFiles/moveit_trajectory_processing.dir/src/time_optimal_trajectory_generation.cpp.o[0m
[237.445s] [ 67%] [32m[1mLinking CXX executable test_bullet_continuous_collision_checking[0m
[237.801s] [ 67%] Built target test_bullet_continuous_collision_checking
[237.999s] [ 67%] [32m[1mLinking CXX shared library libmoveit_planning_interface.so[0m
[238.140s] [ 67%] Built target moveit_planning_interface
[239.422s] [ 68%] [32m[1mLinking CXX shared library libmoveit_collision_detection_fcl.so[0m
[239.578s] [ 68%] Built target moveit_collision_detection_fcl
[244.086s] [ 69%] [32mBuilding CXX object trajectory_processing/CMakeFiles/moveit_trajectory_processing.dir/src/trajectory_tools.cpp.o[0m
[244.556s] [ 69%] [32mBuilding CXX object trajectory_processing/CMakeFiles/moveit_trajectory_processing.dir/src/ruckig_traj_smoothing.cpp.o[0m
[250.993s] [ 70%] [32m[1mLinking CXX shared library libmoveit_trajectory_processing.so[0m
[251.120s] [ 70%] Built target moveit_trajectory_processing
[251.158s] [ 71%] [32mBuilding CXX object collision_detection_fcl/CMakeFiles/test_fcl_collision_detection_panda.dir/test/test_fcl_collision_detection_panda.cpp.o[0m
[257.628s] [ 72%] [32m[1mLinking CXX executable test_fcl_collision_detection_panda[0m
[257.876s] [ 72%] Built target test_fcl_collision_detection_panda
[257.890s] [ 73%] [32mBuilding CXX object trajectory_processing/CMakeFiles/test_time_optimal_trajectory_generation.dir/test/test_time_optimal_trajectory_generation.cpp.o[0m
[257.892s] [ 73%] [32mBuilding CXX object trajectory_processing/CMakeFiles/test_time_parameterization.dir/test/test_time_parameterization.cpp.o[0m
[257.892s] [ 74%] [32mBuilding CXX object trajectory_processing/CMakeFiles/test_ruckig_traj_smoothing.dir/test/test_ruckig_traj_smoothing.cpp.o[0m
[265.726s] [ 75%] [32m[1mLinking CXX executable test_time_parameterization[0m
[265.742s] [ 75%] [32m[1mLinking CXX executable test_ruckig_traj_smoothing[0m
[266.047s] [ 75%] Built target test_time_parameterization
[266.075s] [ 76%] [32mBuilding CXX object collision_detection_fcl/CMakeFiles/test_fcl_collision_detection.dir/test/test_fcl_collision_detection_pr2.cpp.o[0m
[266.075s] [ 76%] [32mBuilding CXX object collision_detection_fcl/CMakeFiles/test_fcl_collision_env.dir/test/test_fcl_env.cpp.o[0m
[266.075s] [ 77%] [32mBuilding CXX object kinematic_constraints/CMakeFiles/moveit_kinematic_constraints.dir/src/kinematic_constraint.cpp.o[0m
[266.075s] [ 77%] [32mBuilding CXX object kinematic_constraints/CMakeFiles/moveit_kinematic_constraints.dir/src/utils.cpp.o[0m
[266.108s] [ 77%] Built target test_ruckig_traj_smoothing
[268.848s] [ 78%] [32m[1mLinking CXX executable test_time_optimal_trajectory_generation[0m
[269.399s] [ 78%] Built target test_time_optimal_trajectory_generation
[282.388s] [ 79%] [32m[1mLinking CXX executable test_fcl_collision_env[0m
[283.334s] [ 79%] Built target test_fcl_collision_env
[284.292s] [ 79%] [32m[1mLinking CXX executable test_fcl_collision_detection[0m
[284.602s] [ 79%] Built target test_fcl_collision_detection
[286.435s] [ 80%] [32m[1mLinking CXX shared library libmoveit_kinematic_constraints.so[0m
[286.600s] [ 80%] Built target moveit_kinematic_constraints
[286.625s] [ 81%] [32mBuilding CXX object kinematic_constraints/CMakeFiles/test_constraints.dir/test/test_constraints.cpp.o[0m
[286.626s] [ 81%] [32mBuilding CXX object kinematic_constraints/CMakeFiles/test_orientation_constraints.dir/test/test_orientation_constraints.cpp.o[0m
[286.626s] [ 82%] [32mBuilding CXX object planning_scene/CMakeFiles/moveit_planning_scene.dir/src/planning_scene.cpp.o[0m
[298.496s] [ 82%] [32m[1mLinking CXX executable test_orientation_constraints[0m
[298.905s] [ 82%] Built target test_orientation_constraints
[300.187s] [ 83%] [32m[1mLinking CXX executable test_constraints[0m
[300.453s] [ 83%] Built target test_constraints
[304.358s] [ 84%] [32m[1mLinking CXX shared library libmoveit_planning_scene.so[0m
[304.497s] [ 84%] Built target moveit_planning_scene
[304.517s] [ 85%] [32mBuilding CXX object collision_distance_field/CMakeFiles/moveit_collision_distance_field.dir/src/collision_distance_field_types.cpp.o[0m
[304.517s] [ 86%] [32mBuilding CXX object planning_request_adapter/CMakeFiles/moveit_planning_request_adapter.dir/src/planning_request_adapter.cpp.o[0m
[304.518s] [ 87%] [32mBuilding CXX object constraint_samplers/CMakeFiles/moveit_constraint_samplers.dir/src/constraint_sampler.cpp.o[0m
[304.520s] [ 88%] [32mBuilding CXX object planning_scene/CMakeFiles/test_collision_objects.dir/test/test_collision_objects.cpp.o[0m
[304.522s] [ 89%] [32mBuilding CXX object planning_scene/CMakeFiles/test_planning_scene.dir/test/test_planning_scene.cpp.o[0m
[312.942s] [ 89%] [32mBuilding CXX object collision_distance_field/CMakeFiles/moveit_collision_distance_field.dir/src/collision_common_distance_field.cpp.o[0m
[314.099s] [ 89%] [32mBuilding CXX object constraint_samplers/CMakeFiles/moveit_constraint_samplers.dir/src/constraint_sampler_manager.cpp.o[0m
[314.396s] [ 89%] [32m[1mLinking CXX shared library libmoveit_planning_request_adapter.so[0m
[314.654s] [ 89%] Built target moveit_planning_request_adapter
[314.673s] [ 90%] [32mBuilding CXX object constraint_samplers/CMakeFiles/moveit_constraint_samplers.dir/src/constraint_sampler_tools.cpp.o[0m
[314.689s] [ 90%] [32mBuilding CXX object planning_scene/CMakeFiles/test_multi_threaded.dir/test/test_multi_threaded.cpp.o[0m
[314.690s] [ 90%] [32mBuilding CXX object collision_detection_fcl/CMakeFiles/collision_detector_fcl_plugin.dir/src/collision_detector_fcl_plugin_loader.cpp.o[0m
[314.701s] [ 90%] [32mBuilding CXX object collision_detection_bullet/CMakeFiles/collision_detector_bullet_plugin.dir/src/collision_detector_bullet_plugin_loader.cpp.o[0m
[322.896s] [ 90%] [32m[1mLinking CXX executable test_collision_objects[0m
[324.074s] [ 90%] Built target test_collision_objects
[324.107s] [ 90%] [32mBuilding CXX object constraint_samplers/CMakeFiles/moveit_constraint_samplers.dir/src/default_constraint_samplers.cpp.o[0m
[341.950s] [ 90%] [32m[1mLinking CXX executable test_planning_scene[0m
[345.593s] [ 90%] Built target test_planning_scene
[349.285s] [ 91%] [32m[1mLinking CXX shared library libcollision_detector_fcl_plugin.so[0m
[349.316s] [ 92%] [32m[1mLinking CXX shared library libcollision_detector_bullet_plugin.so[0m
[349.673s] [ 92%] Built target collision_detector_fcl_plugin
[349.693s] [ 92%] [32mBuilding CXX object collision_distance_field/CMakeFiles/moveit_collision_distance_field.dir/src/collision_env_hybrid.cpp.o[0m
[349.695s] [ 92%] Built target collision_detector_bullet_plugin
[350.124s] [ 93%] [32m[1mLinking CXX executable test_multi_threaded[0m
[350.649s] [ 93%] Built target test_multi_threaded
[353.968s] [ 94%] [32mBuilding CXX object constraint_samplers/CMakeFiles/moveit_constraint_samplers.dir/src/union_constraint_sampler.cpp.o[0m
[357.166s] [ 95%] [32mBuilding CXX object collision_distance_field/CMakeFiles/moveit_collision_distance_field.dir/src/collision_env_distance_field.cpp.o[0m
[359.375s] [ 95%] [32m[1mLinking CXX shared library libmoveit_constraint_samplers.so[0m
[359.514s] [ 95%] Built target moveit_constraint_samplers
[359.538s] [ 96%] [32mBuilding CXX object constraint_samplers/CMakeFiles/test_constraint_samplers.dir/test/pr2_arm_kinematics_plugin.cpp.o[0m
[359.538s] [ 97%] [32mBuilding CXX object constraint_samplers/CMakeFiles/test_constraint_samplers.dir/test/test_constraint_samplers.cpp.o[0m
[366.308s] [ 97%] [32mBuilding CXX object constraint_samplers/CMakeFiles/test_constraint_samplers.dir/test/pr2_arm_ik.cpp.o[0m
[368.926s] [ 98%] [32m[1mLinking CXX shared library libmoveit_collision_distance_field.so[0m
[369.176s] [ 98%] Built target moveit_collision_distance_field
[369.195s] [ 99%] [32mBuilding CXX object collision_distance_field/CMakeFiles/test_collision_distance_field.dir/test/test_collision_distance_field.cpp.o[0m
[372.515s] [100%] [32m[1mLinking CXX executable test_constraint_samplers[0m
[372.849s] [100%] Built target test_constraint_samplers
[377.190s] [100%] [32m[1mLinking CXX executable test_collision_distance_field[0m
[377.377s] [100%] Built target test_collision_distance_field
[377.398s] Invoked command in '/home/rosuser/ros2_ws/ws_moveit/build/moveit_core' returned '0': AMENT_PREFIX_PATH=/home/rosuser/ros2_ws/ws_moveit/install/moveit_resources_panda_moveit_config:/home/rosuser/ros2_ws/ws_moveit/install/srdfdom:/home/rosuser/ros2_ws/ws_moveit/install/moveit_resources_pr2_description:/home/rosuser/ros2_ws/ws_moveit/install/moveit_resources_panda_description:/home/rosuser/ros2_ws/ws_moveit/install/moveit_common:${AMENT_PREFIX_PATH} CMAKE_PREFIX_PATH=/home/rosuser/ros2_ws/ws_moveit/install/moveit_resources_panda_moveit_config:/home/rosuser/ros2_ws/ws_moveit/install/srdfdom:/home/rosuser/ros2_ws/ws_moveit/install/moveit_resources_pr2_description:/home/rosuser/ros2_ws/ws_moveit/install/moveit_resources_panda_description:/home/rosuser/ros2_ws/ws_moveit/install/moveit_common:/opt/ros/humble LD_LIBRARY_PATH=/home/rosuser/ros2_ws/ws_moveit/install/srdfdom/lib:${LD_LIBRARY_PATH} PYTHONPATH=/home/rosuser/ros2_ws/ws_moveit/install/srdfdom/local/lib/python3.10/dist-packages:${PYTHONPATH} /usr/bin/cmake --build /home/rosuser/ros2_ws/ws_moveit/build/moveit_core -- -j8 -l8
[377.402s] Invoking command in '/home/rosuser/ros2_ws/ws_moveit/build/moveit_core': AMENT_PREFIX_PATH=/home/rosuser/ros2_ws/ws_moveit/install/moveit_resources_panda_moveit_config:/home/rosuser/ros2_ws/ws_moveit/install/srdfdom:/home/rosuser/ros2_ws/ws_moveit/install/moveit_resources_pr2_description:/home/rosuser/ros2_ws/ws_moveit/install/moveit_resources_panda_description:/home/rosuser/ros2_ws/ws_moveit/install/moveit_common:${AMENT_PREFIX_PATH} CMAKE_PREFIX_PATH=/home/rosuser/ros2_ws/ws_moveit/install/moveit_resources_panda_moveit_config:/home/rosuser/ros2_ws/ws_moveit/install/srdfdom:/home/rosuser/ros2_ws/ws_moveit/install/moveit_resources_pr2_description:/home/rosuser/ros2_ws/ws_moveit/install/moveit_resources_panda_description:/home/rosuser/ros2_ws/ws_moveit/install/moveit_common:/opt/ros/humble LD_LIBRARY_PATH=/home/rosuser/ros2_ws/ws_moveit/install/srdfdom/lib:${LD_LIBRARY_PATH} PYTHONPATH=/home/rosuser/ros2_ws/ws_moveit/install/srdfdom/local/lib/python3.10/dist-packages:${PYTHONPATH} /usr/bin/cmake --install /home/rosuser/ros2_ws/ws_moveit/build/moveit_core
[377.408s] -- Install configuration: "Release"
[377.408s] -- Installing: /home/rosuser/ros2_ws/ws_moveit/install/moveit_core/include/moveit/version.h
[377.408s] -- Up-to-date: /home/rosuser/ros2_ws/ws_moveit/install/moveit_core/include
[377.408s] -- Up-to-date: /home/rosuser/ros2_ws/ws_moveit/install/moveit_core/include/moveit
[377.409s] -- Installing: /home/rosuser/ros2_ws/ws_moveit/install/moveit_core/include/moveit/collision_distance_field
[377.409s] -- Installing: /home/rosuser/ros2_ws/ws_moveit/install/moveit_core/include/moveit/collision_distance_field/collision_detector_allocator_hybrid.h
[377.409s] -- Installing: /home/rosuser/ros2_ws/ws_moveit/install/moveit_core/include/moveit/collision_distance_field/collision_distance_field_types.h
[377.409s] -- Installing: /home/rosuser/ros2_ws/ws_moveit/install/moveit_core/include/moveit/collision_distance_field/collision_env_hybrid.h
[377.409s] -- Installing: /home/rosuser/ros2_ws/ws_moveit/install/moveit_core/include/moveit/collision_distance_field/collision_detector_allocator_distance_field.h
[377.409s] -- Installing: /home/rosuser/ros2_ws/ws_moveit/install/moveit_core/include/moveit/collision_distance_field/collision_common_distance_field.h
[377.409s] -- Installing: /home/rosuser/ros2_ws/ws_moveit/install/moveit_core/include/moveit/collision_distance_field/collision_env_distance_field.h
[377.409s] -- Installing: /home/rosuser/ros2_ws/ws_moveit/install/moveit_core/include/moveit_collision_distance_field_export.h
[377.410s] -- Up-to-date: /home/rosuser/ros2_ws/ws_moveit/install/moveit_core/include
[377.410s] -- Up-to-date: /home/rosuser/ros2_ws/ws_moveit/install/moveit_core/include/moveit
[377.410s] -- Installing: /home/rosuser/ros2_ws/ws_moveit/install/moveit_core/include/moveit/constraint_samplers
[377.410s] -- Installing: /home/rosuser/ros2_ws/ws_moveit/install/moveit_core/include/moveit/constraint_samplers/default_constraint_samplers.h
[377.410s] -- Installing: /home/rosuser/ros2_ws/ws_moveit/install/moveit_core/include/moveit/constraint_samplers/union_constraint_sampler.h
[377.410s] -- Installing: /home/rosuser/ros2_ws/ws_moveit/install/moveit_core/include/moveit/constraint_samplers/constraint_sampler.h
[377.410s] -- Installing: /home/rosuser/ros2_ws/ws_moveit/install/moveit_core/include/moveit/constraint_samplers/constraint_sampler_tools.h
[377.410s] -- Installing: /home/rosuser/ros2_ws/ws_moveit/install/moveit_core/include/moveit/constraint_samplers/constraint_sampler_allocator.h
[377.411s] -- Installing: /home/rosuser/ros2_ws/ws_moveit/install/moveit_core/include/moveit/constraint_samplers/constraint_sampler_manager.h
[377.411s] -- Up-to-date: /home/rosuser/ros2_ws/ws_moveit/install/moveit_core/include
[377.411s] -- Up-to-date: /home/rosuser/ros2_ws/ws_moveit/install/moveit_core/include/moveit
[377.411s] -- Installing: /home/rosuser/ros2_ws/ws_moveit/install/moveit_core/include/moveit/controller_manager
[377.411s] -- Installing: /home/rosuser/ros2_ws/ws_moveit/install/moveit_core/include/moveit/controller_manager/controller_manager.h
[377.411s] -- Up-to-date: /home/rosuser/ros2_ws/ws_moveit/install/moveit_core/include
[377.411s] -- Up-to-date: /home/rosuser/ros2_ws/ws_moveit/install/moveit_core/include/moveit
[377.411s] -- Installing: /home/rosuser/ros2_ws/ws_moveit/install/moveit_core/include/moveit/distance_field
[377.411s] -- Installing: /home/rosuser/ros2_ws/ws_moveit/install/moveit_core/include/moveit/distance_field/voxel_grid.h
[377.411s] -- Installing: /home/rosuser/ros2_ws/ws_moveit/install/moveit_core/include/moveit/distance_field/find_internal_points.h
[377.411s] -- Installing: /home/rosuser/ros2_ws/ws_moveit/install/moveit_core/include/moveit/distance_field/distance_field.h
[377.411s] -- Installing: /home/rosuser/ros2_ws/ws_moveit/install/moveit_core/include/moveit/distance_field/propagation_distance_field.h
[377.412s] -- Up-to-date: /home/rosuser/ros2_ws/ws_moveit/install/moveit_core/include
[377.412s] -- Up-to-date: /home/rosuser/ros2_ws/ws_moveit/install/moveit_core/include/moveit
[377.412s] -- Installing: /home/rosuser/ros2_ws/ws_moveit/install/moveit_core/include/moveit/dynamics_solver
[377.412s] -- Installing: /home/rosuser/ros2_ws/ws_moveit/install/moveit_core/include/moveit/dynamics_solver/dynamics_solver.h
[377.412s] -- Up-to-date: /home/rosuser/ros2_ws/ws_moveit/install/moveit_core/include
[377.412s] -- Up-to-date: /home/rosuser/ros2_ws/ws_moveit/install/moveit_core/include/moveit
[377.412s] -- Installing: /home/rosuser/ros2_ws/ws_moveit/install/moveit_core/include/moveit/exceptions
[377.412s] -- Installing: /home/rosuser/ros2_ws/ws_moveit/install/moveit_core/include/moveit/exceptions/exceptions.h
[377.412s] -- Up-to-date: /home/rosuser/ros2_ws/ws_moveit/install/moveit_core/include
[377.413s] -- Up-to-date: /home/rosuser/ros2_ws/ws_moveit/install/moveit_core/include/moveit
[377.413s] -- Installing: /home/rosuser/ros2_ws/ws_moveit/install/moveit_core/include/moveit/kinematics_base
[377.413s] -- Installing: /home/rosuser/ros2_ws/ws_moveit/install/moveit_core/include/moveit/kinematics_base/kinematics_base.h
[377.413s] -- Installing: /home/rosuser/ros2_ws/ws_moveit/install/moveit_core/include/moveit_kinematics_base_export.h
[377.413s] -- Up-to-date: /home/rosuser/ros2_ws/ws_moveit/install/moveit_core/include
[377.413s] -- Up-to-date: /home/rosuser/ros2_ws/ws_moveit/install/moveit_core/include/moveit
[377.413s] -- Installing: /home/rosuser/ros2_ws/ws_moveit/install/moveit_core/include/moveit/kinematic_constraints
[377.413s] -- Installing: /home/rosuser/ros2_ws/ws_moveit/install/moveit_core/include/moveit/kinematic_constraints/utils.h
[377.413s] -- Installing: /home/rosuser/ros2_ws/ws_moveit/install/moveit_core/include/moveit/kinematic_constraints/kinematic_constraint.h
[377.413s] -- Up-to-date: /home/rosuser/ros2_ws/ws_moveit/install/moveit_core/include
[377.413s] -- Up-to-date: /home/rosuser/ros2_ws/ws_moveit/install/moveit_core/include/moveit
[377.413s] -- Installing: /home/rosuser/ros2_ws/ws_moveit/install/moveit_core/include/moveit/kinematics_metrics
[377.413s] -- Installing: /home/rosuser/ros2_ws/ws_moveit/install/moveit_core/include/moveit/kinematics_metrics/kinematics_metrics.h
[377.414s] -- Up-to-date: /home/rosuser/ros2_ws/ws_moveit/install/moveit_core/include
[377.414s] -- Up-to-date: /home/rosuser/ros2_ws/ws_moveit/install/moveit_core/include/moveit
[377.414s] -- Installing: /home/rosuser/ros2_ws/ws_moveit/install/moveit_core/include/moveit/macros
[377.414s] -- Installing: /home/rosuser/ros2_ws/ws_moveit/install/moveit_core/include/moveit/macros/class_forward.h
[377.414s] -- Installing: /home/rosuser/ros2_ws/ws_moveit/install/moveit_core/include/moveit/macros/console_colors.h
[377.414s] -- Installing: /home/rosuser/ros2_ws/ws_moveit/install/moveit_core/include/moveit/macros/deprecation.h
[377.414s] -- Installing: /home/rosuser/ros2_ws/ws_moveit/install/moveit_core/include/moveit/macros/declare_ptr.h
[377.414s] -- Installing: /home/rosuser/ros2_ws/ws_moveit/install/moveit_core/include/moveit_core
[377.414s] -- Installing: /home/rosuser/ros2_ws/ws_moveit/install/moveit_core/include/moveit_core/moveit_butterworth_parameters.hpp
[377.414s] -- Up-to-date: /home/rosuser/ros2_ws/ws_moveit/install/moveit_core/include
[377.414s] -- Up-to-date: /home/rosuser/ros2_ws/ws_moveit/install/moveit_core/include/moveit
[377.415s] -- Installing: /home/rosuser/ros2_ws/ws_moveit/install/moveit_core/include/moveit/online_signal_smoothing
[377.415s] -- Installing: /home/rosuser/ros2_ws/ws_moveit/install/moveit_core/include/moveit/online_signal_smoothing/smoothing_base_class.h
[377.415s] -- Installing: /home/rosuser/ros2_ws/ws_moveit/install/moveit_core/include/moveit/online_signal_smoothing/butterworth_filter.h
[377.415s] -- Installing: /home/rosuser/ros2_ws/ws_moveit/install/moveit_core/include/moveit_smoothing_base_export.h
[377.415s] -- Installing: /home/rosuser/ros2_ws/ws_moveit/install/moveit_core/include/moveit_butterworth_filter_export.h
[377.415s] -- Up-to-date: /home/rosuser/ros2_ws/ws_moveit/install/moveit_core/include
[377.415s] -- Up-to-date: /home/rosuser/ros2_ws/ws_moveit/install/moveit_core/include/moveit
[377.415s] -- Installing: /home/rosuser/ros2_ws/ws_moveit/install/moveit_core/include/moveit/planning_interface
[377.415s] -- Installing: /home/rosuser/ros2_ws/ws_moveit/install/moveit_core/include/moveit/planning_interface/planning_request.h
[377.415s] -- Installing: /home/rosuser/ros2_ws/ws_moveit/install/moveit_core/include/moveit/planning_interface/planning_interface.h
[377.416s] -- Installing: /home/rosuser/ros2_ws/ws_moveit/install/moveit_core/include/moveit/planning_interface/planning_response.h
[377.416s] -- Up-to-date: /home/rosuser/ros2_ws/ws_moveit/install/moveit_core/include
[377.416s] -- Up-to-date: /home/rosuser/ros2_ws/ws_moveit/install/moveit_core/include/moveit
[377.416s] -- Installing: /home/rosuser/ros2_ws/ws_moveit/install/moveit_core/include/moveit/planning_request_adapter
[377.416s] -- Installing: /home/rosuser/ros2_ws/ws_moveit/install/moveit_core/include/moveit/planning_request_adapter/planning_request_adapter.h
[377.416s] -- Up-to-date: /home/rosuser/ros2_ws/ws_moveit/install/moveit_core/include
[377.416s] -- Up-to-date: /home/rosuser/ros2_ws/ws_moveit/install/moveit_core/include/moveit
[377.416s] -- Installing: /home/rosuser/ros2_ws/ws_moveit/install/moveit_core/include/moveit/planning_scene
[377.416s] -- Installing: /home/rosuser/ros2_ws/ws_moveit/install/moveit_core/include/moveit/planning_scene/planning_scene.h
[377.416s] -- Installing: /home/rosuser/ros2_ws/ws_moveit/install/moveit_core/include/moveit_planning_scene_export.h
[377.416s] -- Up-to-date: /home/rosuser/ros2_ws/ws_moveit/install/moveit_core/include
[377.416s] -- Up-to-date: /home/rosuser/ros2_ws/ws_moveit/install/moveit_core/include/moveit
[377.416s] -- Installing: /home/rosuser/ros2_ws/ws_moveit/install/moveit_core/include/moveit/robot_model
[377.416s] -- Installing: /home/rosuser/ros2_ws/ws_moveit/install/moveit_core/include/moveit/robot_model/planar_joint_model.h
[377.416s] -- Installing: /home/rosuser/ros2_ws/ws_moveit/install/moveit_core/include/moveit/robot_model/aabb.h
[377.416s] -- Installing: /home/rosuser/ros2_ws/ws_moveit/install/moveit_core/include/moveit/robot_model/revolute_joint_model.h
[377.417s] -- Installing: /home/rosuser/ros2_ws/ws_moveit/install/moveit_core/include/moveit/robot_model/robot_model.h
[377.417s] -- Installing: /home/rosuser/ros2_ws/ws_moveit/install/moveit_core/include/moveit/robot_model/link_model.h
[377.417s] -- Installing: /home/rosuser/ros2_ws/ws_moveit/install/moveit_core/include/moveit/robot_model/floating_joint_model.h
[377.417s] -- Installing: /home/rosuser/ros2_ws/ws_moveit/install/moveit_core/include/moveit/robot_model/joint_model.h
[377.417s] -- Installing: /home/rosuser/ros2_ws/ws_moveit/install/moveit_core/include/moveit/robot_model/prismatic_joint_model.h
[377.417s] -- Installing: /home/rosuser/ros2_ws/ws_moveit/install/moveit_core/include/moveit/robot_model/joint_model_group.h
[377.417s] -- Installing: /home/rosuser/ros2_ws/ws_moveit/install/moveit_core/include/moveit/robot_model/fixed_joint_model.h
[377.418s] -- Up-to-date: /home/rosuser/ros2_ws/ws_moveit/install/moveit_core/include
[377.418s] -- Up-to-date: /home/rosuser/ros2_ws/ws_moveit/install/moveit_core/include/moveit
[377.418s] -- Installing: /home/rosuser/ros2_ws/ws_moveit/install/moveit_core/include/moveit/robot_state
[377.418s] -- Installing: /home/rosuser/ros2_ws/ws_moveit/install/moveit_core/include/moveit/robot_state/conversions.h
[377.418s] -- Installing: /home/rosuser/ros2_ws/ws_moveit/install/moveit_core/include/moveit/robot_state/cartesian_interpolator.h
[377.418s] -- Installing: /home/rosuser/ros2_ws/ws_moveit/install/moveit_core/include/moveit/robot_state/robot_state.h
[377.418s] -- Installing: /home/rosuser/ros2_ws/ws_moveit/install/moveit_core/include/moveit/robot_state/attached_body.h
[377.418s] -- Up-to-date: /home/rosuser/ros2_ws/ws_moveit/install/moveit_core/include
[377.419s] -- Up-to-date: /home/rosuser/ros2_ws/ws_moveit/install/moveit_core/include/moveit
[377.419s] -- Installing: /home/rosuser/ros2_ws/ws_moveit/install/moveit_core/include/moveit/robot_trajectory
[377.419s] -- Installing: /home/rosuser/ros2_ws/ws_moveit/install/moveit_core/include/moveit/robot_trajectory/robot_trajectory.h
[377.419s] -- Up-to-date: /home/rosuser/ros2_ws/ws_moveit/install/moveit_core/include
[377.419s] -- Up-to-date: /home/rosuser/ros2_ws/ws_moveit/install/moveit_core/include/moveit
[377.419s] -- Installing: /home/rosuser/ros2_ws/ws_moveit/install/moveit_core/include/moveit/sensor_manager
[377.419s] -- Installing: /home/rosuser/ros2_ws/ws_moveit/install/moveit_core/include/moveit/sensor_manager/sensor_manager.h
[377.419s] -- Up-to-date: /home/rosuser/ros2_ws/ws_moveit/install/moveit_core/include
[377.419s] -- Up-to-date: /home/rosuser/ros2_ws/ws_moveit/install/moveit_core/include/moveit
[377.419s] -- Installing: /home/rosuser/ros2_ws/ws_moveit/install/moveit_core/include/moveit/trajectory_processing
[377.419s] -- Installing: /home/rosuser/ros2_ws/ws_moveit/install/moveit_core/include/moveit/trajectory_processing/iterative_time_parameterization.h
[377.419s] -- Installing: /home/rosuser/ros2_ws/ws_moveit/install/moveit_core/include/moveit/trajectory_processing/iterative_spline_parameterization.h
[377.419s] -- Installing: /home/rosuser/ros2_ws/ws_moveit/install/moveit_core/include/moveit/trajectory_processing/trajectory_tools.h
[377.419s] -- Installing: /home/rosuser/ros2_ws/ws_moveit/install/moveit_core/include/moveit/trajectory_processing/time_optimal_trajectory_generation.h
[377.419s] -- Installing: /home/rosuser/ros2_ws/ws_moveit/install/moveit_core/include/moveit/trajectory_processing/time_parameterization.h
[377.419s] -- Installing: /home/rosuser/ros2_ws/ws_moveit/install/moveit_core/include/moveit/trajectory_processing/ruckig_traj_smoothing.h
[377.420s] -- Up-to-date: /home/rosuser/ros2_ws/ws_moveit/install/moveit_core/include
[377.420s] -- Up-to-date: /home/rosuser/ros2_ws/ws_moveit/install/moveit_core/include/moveit
[377.420s] -- Installing: /home/rosuser/ros2_ws/ws_moveit/install/moveit_core/include/moveit/transforms
[377.420s] -- Installing: /home/rosuser/ros2_ws/ws_moveit/install/moveit_core/include/moveit/transforms/transforms.h
[377.420s] -- Up-to-date: /home/rosuser/ros2_ws/ws_moveit/install/moveit_core/include
[377.420s] -- Up-to-date: /home/rosuser/ros2_ws/ws_moveit/install/moveit_core/include/moveit
[377.420s] -- Installing: /home/rosuser/ros2_ws/ws_moveit/install/moveit_core/include/moveit/utils
[377.420s] -- Installing: /home/rosuser/ros2_ws/ws_moveit/install/moveit_core/include/moveit/utils/lexical_casts.h
[377.420s] -- Installing: /home/rosuser/ros2_ws/ws_moveit/install/moveit_core/include/moveit/utils/moveit_error_code.h
[377.420s] -- Installing: /home/rosuser/ros2_ws/ws_moveit/install/moveit_core/include/moveit/utils/rclcpp_utils.h
[377.420s] -- Installing: /home/rosuser/ros2_ws/ws_moveit/install/moveit_core/include/moveit/utils/robot_model_test_utils.h
[377.420s] -- Installing: /home/rosuser/ros2_ws/ws_moveit/install/moveit_core/include/moveit/utils/message_checks.h
[377.421s] -- Installing: /home/rosuser/ros2_ws/ws_moveit/install/moveit_core/bin/moveit_version
[377.421s] -- Up-to-date: /home/rosuser/ros2_ws/ws_moveit/install/moveit_core/include
[377.421s] -- Up-to-date: /home/rosuser/ros2_ws/ws_moveit/install/moveit_core/include/moveit
[377.421s] -- Installing: /home/rosuser/ros2_ws/ws_moveit/install/moveit_core/include/moveit/collision_detection
[377.421s] -- Installing: /home/rosuser/ros2_ws/ws_moveit/install/moveit_core/include/moveit/collision_detection/collision_env.h
[377.421s] -- Installing: /home/rosuser/ros2_ws/ws_moveit/install/moveit_core/include/moveit/collision_detection/test_collision_common_panda.h
[377.422s] -- Installing: /home/rosuser/ros2_ws/ws_moveit/install/moveit_core/include/moveit/collision_detection/collision_common.h
[377.422s] -- Installing: /home/rosuser/ros2_ws/ws_moveit/install/moveit_core/include/moveit/collision_detection/collision_detector_allocator.h
[377.422s] -- Installing: /home/rosuser/ros2_ws/ws_moveit/install/moveit_core/include/moveit/collision_detection/collision_tools.h
[377.422s] -- Installing: /home/rosuser/ros2_ws/ws_moveit/install/moveit_core/include/moveit/collision_detection/world.h
[377.422s] -- Installing: /home/rosuser/ros2_ws/ws_moveit/install/moveit_core/include/moveit/collision_detection/occupancy_map.h
[377.422s] -- Installing: /home/rosuser/ros2_ws/ws_moveit/install/moveit_core/include/moveit/collision_detection/collision_plugin_cache.h
[377.422s] -- Installing: /home/rosuser/ros2_ws/ws_moveit/install/moveit_core/include/moveit/collision_detection/test_collision_common_pr2.h
[377.422s] -- Installing: /home/rosuser/ros2_ws/ws_moveit/install/moveit_core/include/moveit/collision_detection/collision_matrix.h
[377.422s] -- Installing: /home/rosuser/ros2_ws/ws_moveit/install/moveit_core/include/moveit/collision_detection/world_diff.h
[377.422s] -- Installing: /home/rosuser/ros2_ws/ws_moveit/install/moveit_core/include/moveit/collision_detection/collision_plugin.h
[377.422s] -- Installing: /home/rosuser/ros2_ws/ws_moveit/install/moveit_core/include/moveit/collision_detection/collision_octomap_filter.h
[377.422s] -- Installing: /home/rosuser/ros2_ws/ws_moveit/install/moveit_core/include/moveit/collision_detection/allvalid
[377.422s] -- Installing: /home/rosuser/ros2_ws/ws_moveit/install/moveit_core/include/moveit/collision_detection/allvalid/collision_env_allvalid.h
[377.422s] -- Installing: /home/rosuser/ros2_ws/ws_moveit/install/moveit_core/include/moveit/collision_detection/allvalid/collision_detector_allocator_allvalid.h
[377.422s] -- Installing: /home/rosuser/ros2_ws/ws_moveit/install/moveit_core/include/moveit_collision_detection_export.h
[377.423s] -- Up-to-date: /home/rosuser/ros2_ws/ws_moveit/install/moveit_core/include
[377.423s] -- Up-to-date: /home/rosuser/ros2_ws/ws_moveit/install/moveit_core/include/moveit
[377.423s] -- Installing: /home/rosuser/ros2_ws/ws_moveit/install/moveit_core/include/moveit/collision_detection_bullet
[377.423s] -- Installing: /home/rosuser/ros2_ws/ws_moveit/install/moveit_core/include/moveit/collision_detection_bullet/bullet_integration
[377.423s] -- Installing: /home/rosuser/ros2_ws/ws_moveit/install/moveit_core/include/moveit/collision_detection_bullet/bullet_integration/bullet_utils.h
[377.423s] -- Installing: /home/rosuser/ros2_ws/ws_moveit/install/moveit_core/include/moveit/collision_detection_bullet/bullet_integration/bullet_discrete_bvh_manager.h
[377.423s] -- Installing: /home/rosuser/ros2_ws/ws_moveit/install/moveit_core/include/moveit/collision_detection_bullet/bullet_integration/ros_bullet_utils.h
[377.423s] -- Installing: /home/rosuser/ros2_ws/ws_moveit/install/moveit_core/include/moveit/collision_detection_bullet/bullet_integration/contact_checker_common.h
[377.423s] -- Installing: /home/rosuser/ros2_ws/ws_moveit/install/moveit_core/include/moveit/collision_detection_bullet/bullet_integration/bullet_cast_bvh_manager.h
[377.423s] -- Installing: /home/rosuser/ros2_ws/ws_moveit/install/moveit_core/include/moveit/collision_detection_bullet/bullet_integration/basic_types.h
[377.424s] -- Installing: /home/rosuser/ros2_ws/ws_moveit/install/moveit_core/include/moveit/collision_detection_bullet/bullet_integration/bullet_bvh_manager.h
[377.424s] -- Installing: /home/rosuser/ros2_ws/ws_moveit/install/moveit_core/include/moveit/collision_detection_bullet/collision_detector_allocator_bullet.h
[377.424s] -- Installing: /home/rosuser/ros2_ws/ws_moveit/install/moveit_core/include/moveit/collision_detection_bullet/collision_env_bullet.h
[377.424s] -- Installing: /home/rosuser/ros2_ws/ws_moveit/install/moveit_core/include/moveit/collision_detection_bullet/collision_detector_bullet_plugin_loader.h
[377.424s] -- Installing: /home/rosuser/ros2_ws/ws_moveit/install/moveit_core/include/moveit_collision_detection_bullet_export.h
[377.424s] -- Up-to-date: /home/rosuser/ros2_ws/ws_moveit/install/moveit_core/include
[377.425s] -- Up-to-date: /home/rosuser/ros2_ws/ws_moveit/install/moveit_core/include/moveit
[377.425s] -- Installing: /home/rosuser/ros2_ws/ws_moveit/install/moveit_core/include/moveit/collision_detection_fcl
[377.425s] -- Installing: /home/rosuser/ros2_ws/ws_moveit/install/moveit_core/include/moveit/collision_detection_fcl/collision_common.h
[377.425s] -- Installing: /home/rosuser/ros2_ws/ws_moveit/install/moveit_core/include/moveit/collision_detection_fcl/fcl_compat.h
[377.425s] -- Installing: /home/rosuser/ros2_ws/ws_moveit/install/moveit_core/include/moveit/collision_detection_fcl/collision_env_fcl.h
[377.425s] -- Installing: /home/rosuser/ros2_ws/ws_moveit/install/moveit_core/include/moveit/collision_detection_fcl/collision_detector_allocator_fcl.h
[377.425s] -- Installing: /home/rosuser/ros2_ws/ws_moveit/install/moveit_core/include/moveit/collision_detection_fcl/collision_detector_fcl_plugin_loader.h
[377.425s] -- Installing: /home/rosuser/ros2_ws/ws_moveit/install/moveit_core/include/moveit_collision_detection_fcl_export.h
[377.425s] -- Installing: /home/rosuser/ros2_ws/ws_moveit/install/moveit_core/lib/libcollision_detector_bullet_plugin.so.2.5.9
[377.425s] -- Set runtime path of "/home/rosuser/ros2_ws/ws_moveit/install/moveit_core/lib/libcollision_detector_bullet_plugin.so.2.5.9" to ""
[377.426s] -- Installing: /home/rosuser/ros2_ws/ws_moveit/install/moveit_core/lib/libcollision_detector_bullet_plugin.so
[377.426s] -- Installing: /home/rosuser/ros2_ws/ws_moveit/install/moveit_core/lib/libmoveit_butterworth_filter.so.2.5.9
[377.426s] -- Set runtime path of "/home/rosuser/ros2_ws/ws_moveit/install/moveit_core/lib/libmoveit_butterworth_filter.so.2.5.9" to ""
[377.426s] -- Installing: /home/rosuser/ros2_ws/ws_moveit/install/moveit_core/lib/libmoveit_butterworth_filter.so
[377.426s] -- Installing: /home/rosuser/ros2_ws/ws_moveit/install/moveit_core/lib/libmoveit_collision_distance_field.so.2.5.9
[377.427s] -- Set runtime path of "/home/rosuser/ros2_ws/ws_moveit/install/moveit_core/lib/libmoveit_collision_distance_field.so.2.5.9" to ""
[377.427s] -- Installing: /home/rosuser/ros2_ws/ws_moveit/install/moveit_core/lib/libmoveit_collision_distance_field.so
[377.427s] -- Installing: /home/rosuser/ros2_ws/ws_moveit/install/moveit_core/lib/libmoveit_collision_detection.so.2.5.9
[377.428s] -- Set runtime path of "/home/rosuser/ros2_ws/ws_moveit/install/moveit_core/lib/libmoveit_collision_detection.so.2.5.9" to ""
[377.429s] -- Installing: /home/rosuser/ros2_ws/ws_moveit/install/moveit_core/lib/libmoveit_collision_detection.so
[377.429s] -- Installing: /home/rosuser/ros2_ws/ws_moveit/install/moveit_core/lib/libmoveit_collision_detection_fcl.so.2.5.9
[377.429s] -- Set runtime path of "/home/rosuser/ros2_ws/ws_moveit/install/moveit_core/lib/libmoveit_collision_detection_fcl.so.2.5.9" to ""
[377.429s] -- Installing: /home/rosuser/ros2_ws/ws_moveit/install/moveit_core/lib/libmoveit_collision_detection_fcl.so
[377.429s] -- Installing: /home/rosuser/ros2_ws/ws_moveit/install/moveit_core/lib/libmoveit_collision_detection_bullet.so.2.5.9
[377.430s] -- Set runtime path of "/home/rosuser/ros2_ws/ws_moveit/install/moveit_core/lib/libmoveit_collision_detection_bullet.so.2.5.9" to ""
[377.430s] -- Installing: /home/rosuser/ros2_ws/ws_moveit/install/moveit_core/lib/libmoveit_collision_detection_bullet.so
[377.430s] -- Installing: /home/rosuser/ros2_ws/ws_moveit/install/moveit_core/lib/libmoveit_dynamics_solver.so.2.5.9
[377.430s] -- Set runtime path of "/home/rosuser/ros2_ws/ws_moveit/install/moveit_core/lib/libmoveit_dynamics_solver.so.2.5.9" to ""
[377.430s] -- Installing: /home/rosuser/ros2_ws/ws_moveit/install/moveit_core/lib/libmoveit_dynamics_solver.so
[377.430s] -- Installing: /home/rosuser/ros2_ws/ws_moveit/install/moveit_core/lib/libmoveit_constraint_samplers.so.2.5.9
[377.430s] -- Set runtime path of "/home/rosuser/ros2_ws/ws_moveit/install/moveit_core/lib/libmoveit_constraint_samplers.so.2.5.9" to ""
[377.430s] -- Installing: /home/rosuser/ros2_ws/ws_moveit/install/moveit_core/lib/libmoveit_constraint_samplers.so
[377.430s] -- Installing: /home/rosuser/ros2_ws/ws_moveit/install/moveit_core/lib/libmoveit_distance_field.so.2.5.9
[377.431s] -- Set runtime path of "/home/rosuser/ros2_ws/ws_moveit/install/moveit_core/lib/libmoveit_distance_field.so.2.5.9" to ""
[377.431s] -- Installing: /home/rosuser/ros2_ws/ws_moveit/install/moveit_core/lib/libmoveit_distance_field.so
[377.431s] -- Installing: /home/rosuser/ros2_ws/ws_moveit/install/moveit_core/lib/libmoveit_exceptions.so.2.5.9
[377.431s] -- Set runtime path of "/home/rosuser/ros2_ws/ws_moveit/install/moveit_core/lib/libmoveit_exceptions.so.2.5.9" to ""
[377.431s] -- Installing: /home/rosuser/ros2_ws/ws_moveit/install/moveit_core/lib/libmoveit_exceptions.so
[377.432s] -- Installing: /home/rosuser/ros2_ws/ws_moveit/install/moveit_core/lib/libmoveit_kinematics_base.so
[377.432s] -- Set runtime path of "/home/rosuser/ros2_ws/ws_moveit/install/moveit_core/lib/libmoveit_kinematics_base.so" to ""
[377.432s] -- Installing: /home/rosuser/ros2_ws/ws_moveit/install/moveit_core/lib/libmoveit_kinematic_constraints.so.2.5.9
[377.432s] -- Set runtime path of "/home/rosuser/ros2_ws/ws_moveit/install/moveit_core/lib/libmoveit_kinematic_constraints.so.2.5.9" to ""
[377.432s] -- Installing: /home/rosuser/ros2_ws/ws_moveit/install/moveit_core/lib/libmoveit_kinematic_constraints.so
[377.432s] -- Installing: /home/rosuser/ros2_ws/ws_moveit/install/moveit_core/lib/libmoveit_kinematics_metrics.so.2.5.9
[377.433s] -- Set runtime path of "/home/rosuser/ros2_ws/ws_moveit/install/moveit_core/lib/libmoveit_kinematics_metrics.so.2.5.9" to ""
[377.433s] -- Installing: /home/rosuser/ros2_ws/ws_moveit/install/moveit_core/lib/libmoveit_kinematics_metrics.so
[377.433s] -- Installing: /home/rosuser/ros2_ws/ws_moveit/install/moveit_core/lib/libmoveit_planning_interface.so.2.5.9
[377.433s] -- Set runtime path of "/home/rosuser/ros2_ws/ws_moveit/install/moveit_core/lib/libmoveit_planning_interface.so.2.5.9" to ""
[377.434s] -- Installing: /home/rosuser/ros2_ws/ws_moveit/install/moveit_core/lib/libmoveit_planning_interface.so
[377.434s] -- Installing: /home/rosuser/ros2_ws/ws_moveit/install/moveit_core/lib/libmoveit_planning_scene.so.2.5.9
[377.434s] -- Set runtime path of "/home/rosuser/ros2_ws/ws_moveit/install/moveit_core/lib/libmoveit_planning_scene.so.2.5.9" to ""
[377.435s] -- Installing: /home/rosuser/ros2_ws/ws_moveit/install/moveit_core/lib/libmoveit_planning_scene.so
[377.435s] -- Installing: /home/rosuser/ros2_ws/ws_moveit/install/moveit_core/lib/libmoveit_planning_request_adapter.so.2.5.9
[377.435s] -- Set runtime path of "/home/rosuser/ros2_ws/ws_moveit/install/moveit_core/lib/libmoveit_planning_request_adapter.so.2.5.9" to ""
[377.435s] -- Installing: /home/rosuser/ros2_ws/ws_moveit/install/moveit_core/lib/libmoveit_planning_request_adapter.so
[377.436s] -- Installing: /home/rosuser/ros2_ws/ws_moveit/install/moveit_core/lib/libmoveit_robot_model.so.2.5.9
[377.436s] -- Set runtime path of "/home/rosuser/ros2_ws/ws_moveit/install/moveit_core/lib/libmoveit_robot_model.so.2.5.9" to ""
[377.437s] -- Installing: /home/rosuser/ros2_ws/ws_moveit/install/moveit_core/lib/libmoveit_robot_model.so
[377.437s] -- Installing: /home/rosuser/ros2_ws/ws_moveit/install/moveit_core/lib/libmoveit_robot_state.so.2.5.9
[377.438s] -- Set runtime path of "/home/rosuser/ros2_ws/ws_moveit/install/moveit_core/lib/libmoveit_robot_state.so.2.5.9" to ""
[377.438s] -- Installing: /home/rosuser/ros2_ws/ws_moveit/install/moveit_core/lib/libmoveit_robot_state.so
[377.438s] -- Installing: /home/rosuser/ros2_ws/ws_moveit/install/moveit_core/lib/libmoveit_robot_trajectory.so.2.5.9
[377.439s] -- Set runtime path of "/home/rosuser/ros2_ws/ws_moveit/install/moveit_core/lib/libmoveit_robot_trajectory.so.2.5.9" to ""
[377.439s] -- Installing: /home/rosuser/ros2_ws/ws_moveit/install/moveit_core/lib/libmoveit_robot_trajectory.so
[377.439s] -- Installing: /home/rosuser/ros2_ws/ws_moveit/install/moveit_core/lib/libmoveit_smoothing_base.so.2.5.9
[377.439s] -- Set runtime path of "/home/rosuser/ros2_ws/ws_moveit/install/moveit_core/lib/libmoveit_smoothing_base.so.2.5.9" to ""
[377.439s] -- Installing: /home/rosuser/ros2_ws/ws_moveit/install/moveit_core/lib/libmoveit_smoothing_base.so
[377.439s] -- Installing: /home/rosuser/ros2_ws/ws_moveit/install/moveit_core/lib/libmoveit_test_utils.so.2.5.9
[377.440s] -- Set runtime path of "/home/rosuser/ros2_ws/ws_moveit/install/moveit_core/lib/libmoveit_test_utils.so.2.5.9" to ""
[377.440s] -- Installing: /home/rosuser/ros2_ws/ws_moveit/install/moveit_core/lib/libmoveit_test_utils.so
[377.440s] -- Installing: /home/rosuser/ros2_ws/ws_moveit/install/moveit_core/lib/libmoveit_trajectory_processing.so.2.5.9
[377.440s] -- Set runtime path of "/home/rosuser/ros2_ws/ws_moveit/install/moveit_core/lib/libmoveit_trajectory_processing.so.2.5.9" to ""
[377.440s] -- Installing: /home/rosuser/ros2_ws/ws_moveit/install/moveit_core/lib/libmoveit_trajectory_processing.so
[377.440s] -- Installing: /home/rosuser/ros2_ws/ws_moveit/install/moveit_core/lib/libmoveit_transforms.so.2.5.9
[377.440s] -- Set runtime path of "/home/rosuser/ros2_ws/ws_moveit/install/moveit_core/lib/libmoveit_transforms.so.2.5.9" to ""
[377.440s] -- Installing: /home/rosuser/ros2_ws/ws_moveit/install/moveit_core/lib/libmoveit_transforms.so
[377.440s] -- Installing: /home/rosuser/ros2_ws/ws_moveit/install/moveit_core/lib/libmoveit_utils.so.2.5.9
[377.440s] -- Set runtime path of "/home/rosuser/ros2_ws/ws_moveit/install/moveit_core/lib/libmoveit_utils.so.2.5.9" to ""
[377.440s] -- Installing: /home/rosuser/ros2_ws/ws_moveit/install/moveit_core/lib/libmoveit_utils.so
[377.440s] -- Installing: /home/rosuser/ros2_ws/ws_moveit/install/moveit_core/share/moveit_core/environment/library_path.sh
[377.441s] -- Installing: /home/rosuser/ros2_ws/ws_moveit/install/moveit_core/share/moveit_core/environment/library_path.dsv
[377.442s] -- Installing: /home/rosuser/ros2_ws/ws_moveit/install/moveit_core/share/moveit_core/collision_detector_fcl_description.xml
[377.442s] -- Installing: /home/rosuser/ros2_ws/ws_moveit/install/moveit_core/share/moveit_core/collision_detector_bullet_description.xml
[377.442s] -- Installing: /home/rosuser/ros2_ws/ws_moveit/install/moveit_core/share/moveit_core/filter_plugin_butterworth.xml
[377.442s] -- Installing: /home/rosuser/ros2_ws/ws_moveit/install/moveit_core/share/ament_index/resource_index/package_run_dependencies/moveit_core
[377.442s] -- Installing: /home/rosuser/ros2_ws/ws_moveit/install/moveit_core/share/ament_index/resource_index/parent_prefix_path/moveit_core
[377.442s] -- Installing: /home/rosuser/ros2_ws/ws_moveit/install/moveit_core/share/moveit_core/environment/ament_prefix_path.sh
[377.443s] -- Installing: /home/rosuser/ros2_ws/ws_moveit/install/moveit_core/share/moveit_core/environment/ament_prefix_path.dsv
[377.443s] -- Installing: /home/rosuser/ros2_ws/ws_moveit/install/moveit_core/share/moveit_core/environment/path.sh
[377.443s] -- Installing: /home/rosuser/ros2_ws/ws_moveit/install/moveit_core/share/moveit_core/environment/path.dsv
[377.443s] -- Installing: /home/rosuser/ros2_ws/ws_moveit/install/moveit_core/share/moveit_core/local_setup.bash
[377.443s] -- Installing: /home/rosuser/ros2_ws/ws_moveit/install/moveit_core/share/moveit_core/local_setup.sh
[377.443s] -- Installing: /home/rosuser/ros2_ws/ws_moveit/install/moveit_core/share/moveit_core/local_setup.zsh
[377.443s] -- Installing: /home/rosuser/ros2_ws/ws_moveit/install/moveit_core/share/moveit_core/local_setup.dsv
[377.443s] -- Installing: /home/rosuser/ros2_ws/ws_moveit/install/moveit_core/share/moveit_core/package.dsv
[377.444s] -- Installing: /home/rosuser/ros2_ws/ws_moveit/install/moveit_core/share/ament_index/resource_index/packages/moveit_core
[377.444s] -- Installing: /home/rosuser/ros2_ws/ws_moveit/install/moveit_core/share/ament_index/resource_index/moveit_core__pluginlib__plugin/moveit_core
[377.444s] -- Installing: /home/rosuser/ros2_ws/ws_moveit/install/moveit_core/share/moveit_core/cmake/export_moveit_coreExport.cmake
[377.444s] -- Installing: /home/rosuser/ros2_ws/ws_moveit/install/moveit_core/share/moveit_core/cmake/export_moveit_coreExport-release.cmake
[377.444s] -- Installing: /home/rosuser/ros2_ws/ws_moveit/install/moveit_core/share/moveit_core/cmake/ConfigExtras.cmake
[377.444s] -- Installing: /home/rosuser/ros2_ws/ws_moveit/install/moveit_core/share/moveit_core/cmake/ament_cmake_export_targets-extras.cmake
[377.444s] -- Installing: /home/rosuser/ros2_ws/ws_moveit/install/moveit_core/share/moveit_core/cmake/ament_cmake_export_dependencies-extras.cmake
[377.444s] -- Installing: /home/rosuser/ros2_ws/ws_moveit/install/moveit_core/share/moveit_core/cmake/moveit_coreConfig.cmake
[377.444s] -- Installing: /home/rosuser/ros2_ws/ws_moveit/install/moveit_core/share/moveit_core/cmake/moveit_coreConfig-version.cmake
[377.445s] -- Installing: /home/rosuser/ros2_ws/ws_moveit/install/moveit_core/share/moveit_core/package.xml
[377.447s] Invoked command in '/home/rosuser/ros2_ws/ws_moveit/build/moveit_core' returned '0': AMENT_PREFIX_PATH=/home/rosuser/ros2_ws/ws_moveit/install/moveit_resources_panda_moveit_config:/home/rosuser/ros2_ws/ws_moveit/install/srdfdom:/home/rosuser/ros2_ws/ws_moveit/install/moveit_resources_pr2_description:/home/rosuser/ros2_ws/ws_moveit/install/moveit_resources_panda_description:/home/rosuser/ros2_ws/ws_moveit/install/moveit_common:${AMENT_PREFIX_PATH} CMAKE_PREFIX_PATH=/home/rosuser/ros2_ws/ws_moveit/install/moveit_resources_panda_moveit_config:/home/rosuser/ros2_ws/ws_moveit/install/srdfdom:/home/rosuser/ros2_ws/ws_moveit/install/moveit_resources_pr2_description:/home/rosuser/ros2_ws/ws_moveit/install/moveit_resources_panda_description:/home/rosuser/ros2_ws/ws_moveit/install/moveit_common:/opt/ros/humble LD_LIBRARY_PATH=/home/rosuser/ros2_ws/ws_moveit/install/srdfdom/lib:${LD_LIBRARY_PATH} PYTHONPATH=/home/rosuser/ros2_ws/ws_moveit/install/srdfdom/local/lib/python3.10/dist-packages:${PYTHONPATH} /usr/bin/cmake --install /home/rosuser/ros2_ws/ws_moveit/build/moveit_core
