In file included from [01m[K/home/rosuser/ros2_ws/ws_moveit/src/move_arm/src/move_to_pose.cpp:3[m[K:
[01m[K/opt/ros/humble/include/tf2_geometry_msgs/tf2_geometry_msgs/tf2_geometry_msgs.h:35:2:[m[K [01;35m[Kwarning: [m[K#warning This header is obsolete, please include tf2_geometry_msgs/tf2_geometry_msgs.hpp instead [[01;35m[K]8;;https://gcc.gnu.org/onlinedocs/gcc/Warning-Options.html#index-Wcpp-Wcpp]8;;[m[K]
   35 | #[01;35m[Kwarning[m[K This header is obsolete, please include tf2_geometry_msgs/tf2_geometry_msgs.hpp instead
      |  [01;35m[K^~~~~~~[m[K
In file included from [01m[K/home/rosuser/ros2_ws/ws_moveit/src/move_arm/src/move_arm.cpp:3[m[K:
[01m[K/opt/ros/humble/include/tf2_geometry_msgs/tf2_geometry_msgs/tf2_geometry_msgs.h:35:2:[m[K [01;35m[Kwarning: [m[K#warning This header is obsolete, please include tf2_geometry_msgs/tf2_geometry_msgs.hpp instead [[01;35m[K]8;;https://gcc.gnu.org/onlinedocs/gcc/Warning-Options.html#index-Wcpp-Wcpp]8;;[m[K]
   35 | #[01;35m[Kwarning[m[K This header is obsolete, please include tf2_geometry_msgs/tf2_geometry_msgs.hpp instead
      |  [01;35m[K^~~~~~~[m[K
[01m[K/home/rosuser/ros2_ws/ws_moveit/src/move_arm/src/move_to_pose.cpp:26:48:[m[K [01;31m[Kerror: [m[K‘[01m[KString[m[K’ in namespace ‘[01m[Kstd_msgs::msg[m[K’ does not name a type
   26 |     void gesture_callback(const std_msgs::msg::[01;31m[KString[m[K::SharedPtr msg)
      |                                                [01;31m[K^~~~~~[m[K
[01m[K/home/rosuser/ros2_ws/ws_moveit/src/move_arm/src/move_to_pose.cpp:26:66:[m[K [01;31m[Kerror: [m[Kexpected unqualified-id before ‘[01m[Kmsg[m[K’
   26 |     void gesture_callback(const std_msgs::msg::String::SharedPtr [01;31m[Kmsg[m[K)
      |                                                                  [01;31m[K^~~[m[K
[01m[K/home/rosuser/ros2_ws/ws_moveit/src/move_arm/src/move_to_pose.cpp:26:65:[m[K [01;31m[Kerror: [m[Kexpected ‘[01m[K)[m[K’ before ‘[01m[Kmsg[m[K’
   26 |     void gesture_callback[34m[K([m[Kconst std_msgs::msg::String::SharedPtr[01;31m[K [m[K[32m[Kmsg[m[K)
      |                          [34m[K~[m[K                                      [01;31m[K^[m[K[32m[K~~~[m[K
      |                                                                 [32m[K)[m[K
[01m[K/home/rosuser/ros2_ws/ws_moveit/src/move_arm/src/move_to_pose.cpp:26:56:[m[K [01;31m[Kerror: [m[Kexpected ‘[01m[K;[m[K’ at end of member declaration
   26 |     void gesture_callback(const std_msgs::msg::String::[01;31m[KSharedPtr[m[K msg)
      |                                                        [01;31m[K^~~~~~~~~[m[K
      |                                                                 [32m[K;[m[K
[01m[K/home/rosuser/ros2_ws/ws_moveit/src/move_arm/src/move_to_pose.cpp:26:66:[m[K [01;31m[Kerror: [m[K‘[01m[Kmsg[m[K’ does not name a type
   26 |     void gesture_callback(const std_msgs::msg::String::SharedPtr [01;31m[Kmsg[m[K)
      |                                                                  [01;31m[K^~~[m[K
[01m[K/home/rosuser/ros2_ws/ws_moveit/src/move_arm/src/move_to_pose.cpp:85:41:[m[K [01;31m[Kerror: [m[K‘[01m[KString[m[K’ is not a member of ‘[01m[Kstd_msgs::msg[m[K’
   85 |     rclcpp::Subscription<std_msgs::msg::[01;31m[KString[m[K>::SharedPtr gesture_sub_;
      |                                         [01;31m[K^~~~~~[m[K
[01m[K/home/rosuser/ros2_ws/ws_moveit/src/move_arm/src/move_to_pose.cpp:85:47:[m[K [01;31m[Kerror: [m[Ktemplate argument 1 is invalid
   85 |     rclcpp::Subscription<std_msgs::msg::String[01;31m[K>[m[K::SharedPtr gesture_sub_;
      |                                               [01;31m[K^[m[K
[01m[K/home/rosuser/ros2_ws/ws_moveit/src/move_arm/src/move_to_pose.cpp:85:47:[m[K [01;31m[Kerror: [m[Ktemplate argument 3 is invalid
[01m[K/home/rosuser/ros2_ws/ws_moveit/src/move_arm/src/move_to_pose.cpp:85:47:[m[K [01;31m[Kerror: [m[Ktemplate argument 4 is invalid
[01m[K/home/rosuser/ros2_ws/ws_moveit/src/move_arm/src/move_to_pose.cpp:85:47:[m[K [01;31m[Kerror: [m[Ktemplate argument 5 is invalid
[01m[K/home/rosuser/ros2_ws/ws_moveit/src/move_arm/src/move_to_pose.cpp:85:50:[m[K [01;31m[Kerror: [m[Kexpected ‘[01m[K;[m[K’ at end of member declaration
   85 |     rclcpp::Subscription<std_msgs::msg::String>::[01;31m[KSharedPtr[m[K gesture_sub_;
      |                                                  [01;31m[K^~~~~~~~~[m[K
      |                                                           [32m[K;[m[K
[01m[K/home/rosuser/ros2_ws/ws_moveit/src/move_arm/src/move_to_pose.cpp:85:60:[m[K [01;31m[Kerror: [m[K‘[01m[Kgesture_sub_[m[K’ does not name a type
   85 |     rclcpp::Subscription<std_msgs::msg::String>::SharedPtr [01;31m[Kgesture_sub_[m[K;
      |                                                            [01;31m[K^~~~~~~~~~~~[m[K
[01m[K/home/rosuser/ros2_ws/ws_moveit/src/move_arm/src/move_to_pose.cpp:[m[K In constructor ‘[01m[KMoveToPose::MoveToPose()[m[K’:
[01m[K/home/rosuser/ros2_ws/ws_moveit/src/move_arm/src/move_to_pose.cpp:15:9:[m[K [01;31m[Kerror: [m[K‘[01m[Kgesture_sub_[m[K’ was not declared in this scope
   15 |         [01;31m[Kgesture_sub_[m[K = this->create_subscription<std_msgs::msg::String>(
      |         [01;31m[K^~~~~~~~~~~~[m[K
[01m[K/home/rosuser/ros2_ws/ws_moveit/src/move_arm/src/move_to_pose.cpp:15:65:[m[K [01;31m[Kerror: [m[K‘[01m[KString[m[K’ is not a member of ‘[01m[Kstd_msgs::msg[m[K’
   15 |         gesture_sub_ = this->create_subscription<std_msgs::msg::[01;31m[KString[m[K>(
      |                                                                 [01;31m[K^~~~~~[m[K
[01m[K/home/rosuser/ros2_ws/ws_moveit/src/move_arm/src/move_to_pose.cpp:15:72:[m[K [01;31m[Kerror: [m[Kno matching function for call to ‘[01m[KMoveToPose::create_subscription<<expression error> >(const char [8], int, std::_Bind_helper<false, void (MoveToPose::*)(...), MoveToPose*, const std::_Placeholder<1>&>::type)[m[K’
   15 |         gesture_sub_ = [01;31m[Kthis->create_subscription<std_msgs::msg::String>([m[K
      |                        [01;31m[K~~~~~~~~~~~~~~~~~~~~~~~~~~~~~~~~~~~~~~~~~~~~~~~~^[m[K
   16 | [01;31m[K            "gesture",[m[K
      |             [01;31m[K~~~~~~~~~~[m[K                                                  
   17 | [01;31m[K            10,[m[K
      |             [01;31m[K~~~[m[K                                                         
   18 | [01;31m[K            std::bind(&MoveToPose::gesture_callback, this, _1)[m[K
      |             [01;31m[K~~~~~~~~~~~~~~~~~~~~~~~~~~~~~~~~~~~~~~~~~~~~~~~~~~[m[K          
   19 | [01;31m[K        )[m[K;
      |         [01;31m[K~[m[K                                                               
In file included from [01m[K/opt/ros/humble/include/rclcpp/rclcpp/executors/single_threaded_executor.hpp:28[m[K,
                 from [01m[K/opt/ros/humble/include/rclcpp/rclcpp/executors.hpp:22[m[K,
                 from [01m[K/opt/ros/humble/include/rclcpp/rclcpp/rclcpp.hpp:155[m[K,
                 from [01m[K/home/rosuser/ros2_ws/ws_moveit/src/move_arm/src/move_to_pose.cpp:2[m[K:
[01m[K/opt/ros/humble/include/rclcpp/rclcpp/node.hpp:219:3:[m[K [01;36m[Knote: [m[Kcandidate: ‘[01m[Ktemplate<class MessageT, class CallbackT, class AllocatorT, class SubscriptionT, class MessageMemoryStrategyT> std::shared_ptr<ROSMessageT> rclcpp::Node::create_subscription(const string&, const rclcpp::QoS&, CallbackT&&, const rclcpp::SubscriptionOptionsWithAllocator<AllocatorT>&, typename MessageMemoryStrategyT::SharedPtr)[m[K’
  219 |   [01;36m[Kcreate_subscription[m[K(
      |   [01;36m[K^~~~~~~~~~~~~~~~~~~[m[K
[01m[K/opt/ros/humble/include/rclcpp/rclcpp/node.hpp:219:3:[m[K [01;36m[Knote: [m[K  template argument deduction/substitution failed:
[01m[K/home/rosuser/ros2_ws/ws_moveit/src/move_arm/src/move_to_pose.cpp:15:72:[m[K [01;31m[Kerror: [m[Ktemplate argument 1 is invalid
   15 |         gesture_sub_ = [01;31m[Kthis->create_subscription<std_msgs::msg::String>([m[K
      |                        [01;31m[K~~~~~~~~~~~~~~~~~~~~~~~~~~~~~~~~~~~~~~~~~~~~~~~~^[m[K
   16 | [01;31m[K            "gesture",[m[K
      |             [01;31m[K~~~~~~~~~~[m[K                                                  
   17 | [01;31m[K            10,[m[K
      |             [01;31m[K~~~[m[K                                                         
   18 | [01;31m[K            std::bind(&MoveToPose::gesture_callback, this, _1)[m[K
      |             [01;31m[K~~~~~~~~~~~~~~~~~~~~~~~~~~~~~~~~~~~~~~~~~~~~~~~~~~[m[K          
   19 | [01;31m[K        )[m[K;
      |         [01;31m[K~[m[K                                                               
In file included from [01m[K/usr/include/aarch64-linux-gnu/c++/11/bits/c++allocator.h:33[m[K,
                 from [01m[K/usr/include/c++/11/bits/allocator.h:46[m[K,
                 from [01m[K/usr/include/c++/11/memory:64[m[K,
                 from [01m[K/home/rosuser/ros2_ws/ws_moveit/src/move_arm/src/move_to_pose.cpp:1[m[K:
/usr/include/c++/11/ext/new_allocator.h: In instantiation of ‘[01m[Kvoid __gnu_cxx::new_allocator<_Tp>::construct(_Up*, _Args&& ...) [with _Up = moveit::planning_interface::MoveGroupInterface; _Args = {MoveToPose*, const char (&)[10]}; _Tp = moveit::planning_interface::MoveGroupInterface][m[K’:
[01m[K/usr/include/c++/11/bits/alloc_traits.h:516:17:[m[K   required from ‘[01m[Kstatic void std::allocator_traits<std::allocator<_Tp1> >::construct(std::allocator_traits<std::allocator<_Tp1> >::allocator_type&, _Up*, _Args&& ...) [with _Up = moveit::planning_interface::MoveGroupInterface; _Args = {MoveToPose*, const char (&)[10]}; _Tp = moveit::planning_interface::MoveGroupInterface; std::allocator_traits<std::allocator<_Tp1> >::allocator_type = std::allocator<moveit::planning_interface::MoveGroupInterface>][m[K’
[01m[K/usr/include/c++/11/bits/shared_ptr_base.h:519:39:[m[K   required from ‘[01m[Kstd::_Sp_counted_ptr_inplace<_Tp, _Alloc, _Lp>::_Sp_counted_ptr_inplace(_Alloc, _Args&& ...) [with _Args = {MoveToPose*, const char (&)[10]}; _Tp = moveit::planning_interface::MoveGroupInterface; _Alloc = std::allocator<moveit::planning_interface::MoveGroupInterface>; __gnu_cxx::_Lock_policy _Lp = __gnu_cxx::_S_atomic][m[K’
[01m[K/usr/include/c++/11/bits/shared_ptr_base.h:650:16:[m[K   required from ‘[01m[Kstd::__shared_count<_Lp>::__shared_count(_Tp*&, std::_Sp_alloc_shared_tag<_Alloc>, _Args&& ...) [with _Tp = moveit::planning_interface::MoveGroupInterface; _Alloc = std::allocator<moveit::planning_interface::MoveGroupInterface>; _Args = {MoveToPose*, const char (&)[10]}; __gnu_cxx::_Lock_policy _Lp = __gnu_cxx::_S_atomic][m[K’
[01m[K/usr/include/c++/11/bits/shared_ptr_base.h:1342:14:[m[K   required from ‘[01m[Kstd::__shared_ptr<_Tp, _Lp>::__shared_ptr(std::_Sp_alloc_shared_tag<_Tp>, _Args&& ...) [with _Alloc = std::allocator<moveit::planning_interface::MoveGroupInterface>; _Args = {MoveToPose*, const char (&)[10]}; _Tp = moveit::planning_interface::MoveGroupInterface; __gnu_cxx::_Lock_policy _Lp = __gnu_cxx::_S_atomic][m[K’
[01m[K/usr/include/c++/11/bits/shared_ptr.h:409:59:[m[K   required from ‘[01m[Kstd::shared_ptr<_Tp>::shared_ptr(std::_Sp_alloc_shared_tag<_Tp>, _Args&& ...) [with _Alloc = std::allocator<moveit::planning_interface::MoveGroupInterface>; _Args = {MoveToPose*, const char (&)[10]}; _Tp = moveit::planning_interface::MoveGroupInterface][m[K’
[01m[K/usr/include/c++/11/bits/shared_ptr.h:862:14:[m[K   required from ‘[01m[Kstd::shared_ptr<_Tp> std::allocate_shared(const _Alloc&, _Args&& ...) [with _Tp = moveit::planning_interface::MoveGroupInterface; _Alloc = std::allocator<moveit::planning_interface::MoveGroupInterface>; _Args = {MoveToPose*, const char (&)[10]}][m[K’
[01m[K/usr/include/c++/11/bits/shared_ptr.h:878:39:[m[K   required from ‘[01m[Kstd::shared_ptr<_Tp> std::make_shared(_Args&& ...) [with _Tp = moveit::planning_interface::MoveGroupInterface; _Args = {MoveToPose*, const char (&)[10]}][m[K’
[01m[K/home/rosuser/ros2_ws/ws_moveit/src/move_arm/src/move_to_pose.cpp:21:87:[m[K   required from here
[01m[K/usr/include/c++/11/ext/new_allocator.h:162:11:[m[K [01;31m[Kerror: [m[Kno matching function for call to ‘[01m[Kmoveit::planning_interface::MoveGroupInterface::MoveGroupInterface(MoveToPose*, const char [10])[m[K’
  162 |         { [01;31m[K::new((void *)__p) _Up(std::forward<_Args>(__args)...)[m[K; }
      |           [01;31m[K^~~~~~~~~~~~~~~~~~~~~~~~~~~~~~~~~~~~~~~~~~~~~~~~~~~~~~[m[K
In file included from [01m[K/home/rosuser/ros2_ws/ws_moveit/src/move_arm/src/move_to_pose.cpp:5[m[K:
[01m[K/home/rosuser/ros2_ws/ws_moveit/install/moveit_ros_planning_interface/include/moveit/move_group_interface/move_group_interface.h:159:3:[m[K [01;36m[Knote: [m[Kcandidate: ‘[01m[Kmoveit::planning_interface::MoveGroupInterface::MoveGroupInterface(moveit::planning_interface::MoveGroupInterface&&)[m[K’
  159 |   [01;36m[KMoveGroupInterface[m[K(MoveGroupInterface&& other) noexcept;
      |   [01;36m[K^~~~~~~~~~~~~~~~~~[m[K
[01m[K/home/rosuser/ros2_ws/ws_moveit/install/moveit_ros_planning_interface/include/moveit/move_group_interface/move_group_interface.h:159:3:[m[K [01;36m[Knote: [m[K  candidate expects 1 argument, 2 provided
[01m[K/home/rosuser/ros2_ws/ws_moveit/install/moveit_ros_planning_interface/include/moveit/move_group_interface/move_group_interface.h:145:3:[m[K [01;36m[Knote: [m[Kcandidate: ‘[01m[Kmoveit::planning_interface::MoveGroupInterface::MoveGroupInterface(const SharedPtr&, const string&, const std::shared_ptr<tf2_ros::Buffer>&, const rclcpp::Duration&)[m[K’
  145 |   [01;36m[KMoveGroupInterface[m[K(const rclcpp::Node::SharedPtr& node, const std::string& group,
      |   [01;36m[K^~~~~~~~~~~~~~~~~~[m[K
[01m[K/home/rosuser/ros2_ws/ws_moveit/install/moveit_ros_planning_interface/include/moveit/move_group_interface/move_group_interface.h:145:53:[m[K [01;36m[Knote: [m[K  no known conversion for argument 1 from ‘[01m[KMoveToPose*[m[K’ to ‘[01m[Kconst SharedPtr&[m[K’ {aka ‘[01m[Kconst std::shared_ptr<rclcpp::Node>&[m[K’}
  145 |   MoveGroupInterface([01;36m[Kconst rclcpp::Node::SharedPtr& node[m[K, const std::string& group,
      |                      [01;36m[K~~~~~~~~~~~~~~~~~~~~~~~~~~~~~~~^~~~[m[K
[01m[K/home/rosuser/ros2_ws/ws_moveit/install/moveit_ros_planning_interface/include/moveit/move_group_interface/move_group_interface.h:134:3:[m[K [01;36m[Knote: [m[Kcandidate: ‘[01m[Kmoveit::planning_interface::MoveGroupInterface::MoveGroupInterface(const SharedPtr&, const moveit::planning_interface::MoveGroupInterface::Options&, const std::shared_ptr<tf2_ros::Buffer>&, const rclcpp::Duration&)[m[K’
  134 |   [01;36m[KMoveGroupInterface[m[K(const rclcpp::Node::SharedPtr& node, const Options& opt,
      |   [01;36m[K^~~~~~~~~~~~~~~~~~[m[K
[01m[K/home/rosuser/ros2_ws/ws_moveit/install/moveit_ros_planning_interface/include/moveit/move_group_interface/move_group_interface.h:134:53:[m[K [01;36m[Knote: [m[K  no known conversion for argument 1 from ‘[01m[KMoveToPose*[m[K’ to ‘[01m[Kconst SharedPtr&[m[K’ {aka ‘[01m[Kconst std::shared_ptr<rclcpp::Node>&[m[K’}
  134 |   MoveGroupInterface([01;36m[Kconst rclcpp::Node::SharedPtr& node[m[K, const Options& opt,
      |                      [01;36m[K~~~~~~~~~~~~~~~~~~~~~~~~~~~~~~~^~~~[m[K
gmake[2]: *** [CMakeFiles/move_to_pose.dir/build.make:76: CMakeFiles/move_to_pose.dir/src/move_to_pose.cpp.o] Error 1
gmake[1]: *** [CMakeFiles/Makefile2:165: CMakeFiles/move_to_pose.dir/all] Error 2
gmake[1]: *** Waiting for unfinished jobs....
gmake: *** [Makefile:146: all] Error 2
