[0.056s] Invoking command in '/home/rosuser/ros2_ws/ws_moveit/build/move_arm': AMENT_PREFIX_PATH=/home/rosuser/ros2_ws/ws_moveit/install/moveit_configs_utils:/home/rosuser/ros2_ws/ws_moveit/install/launch_param_builder:/home/rosuser/ros2_ws/ws_moveit/install/pilz_industrial_motion_planner_testutils:/home/rosuser/ros2_ws/ws_moveit/install/moveit_runtime:/home/rosuser/ros2_ws/ws_moveit/install/moveit2_tutorials:/home/rosuser/ros2_ws/ws_moveit/install/moveit:/home/rosuser/ros2_ws/ws_moveit/install/moveit_planners:/home/rosuser/ros2_ws/ws_moveit/install/pilz_industrial_motion_planner:/home/rosuser/ros2_ws/ws_moveit/install/moveit_visual_tools:/home/rosuser/ros2_ws/ws_moveit/install/moveit_task_constructor_visualization:/home/rosuser/ros2_ws/ws_moveit/install/moveit_task_constructor_demo:/home/rosuser/ros2_ws/ws_moveit/install/moveit_task_constructor_capabilities:/home/rosuser/ros2_ws/ws_moveit/install/moveit_task_constructor_core:/home/rosuser/ros2_ws/ws_moveit/install/moveit_ros_control_interface:/home/rosuser/ros2_ws/ws_moveit/install/moveit_plugins:/home/rosuser/ros2_ws/ws_moveit/install/moveit_simple_controller_manager:/home/rosuser/ros2_ws/ws_moveit/install/moveit_setup_assistant:/home/rosuser/ros2_ws/ws_moveit/install/moveit_setup_srdf_plugins:/home/rosuser/ros2_ws/ws_moveit/install/moveit_setup_core_plugins:/home/rosuser/ros2_ws/ws_moveit/install/moveit_setup_controllers:/home/rosuser/ros2_ws/ws_moveit/install/moveit_setup_app_plugins:/home/rosuser/ros2_ws/ws_moveit/install/moveit_setup_framework:/home/rosuser/ros2_ws/ws_moveit/install/moveit_servo:/home/rosuser/ros2_ws/ws_moveit/install/moveit_ros:/home/rosuser/ros2_ws/ws_moveit/install/moveit_ros_visualization:/home/rosuser/ros2_ws/ws_moveit/install/moveit_hybrid_planning:/home/rosuser/ros2_ws/ws_moveit/install/moveit_ros_planning_interface:/home/rosuser/ros2_ws/ws_moveit/install/moveit_ros_benchmarks:/home/rosuser/ros2_ws/ws_moveit/install/moveit_ros_warehouse:/home/rosuser/ros2_ws/ws_moveit/install/moveit_ros_robot_interaction:/home/rosuser/ros2_ws/ws_moveit/install/moveit_ros_perception:/home/rosuser/ros2_ws/ws_moveit/install/moveit_resources_prbt_pg70_support:/home/rosuser/ros2_ws/ws_moveit/install/moveit_resources_prbt_moveit_config:/home/rosuser/ros2_ws/ws_moveit/install/moveit_ros_move_group:/home/rosuser/ros2_ws/ws_moveit/install/moveit_planners_ompl:/home/rosuser/ros2_ws/ws_moveit/install/moveit_ros_planning:/home/rosuser/ros2_ws/ws_moveit/install/moveit_ros_occupancy_map_monitor:/home/rosuser/ros2_ws/ws_moveit/install/moveit_resources_prbt_ikfast_manipulator_plugin:/home/rosuser/ros2_ws/ws_moveit/install/moveit_planners_chomp:/home/rosuser/ros2_ws/ws_moveit/install/moveit_kinematics:/home/rosuser/ros2_ws/ws_moveit/install/moveit_chomp_optimizer_adapter:/home/rosuser/ros2_ws/ws_moveit/install/chomp_motion_planner:/home/rosuser/ros2_ws/ws_moveit/install/moveit_core:/home/rosuser/ros2_ws/ws_moveit/install/srdfdom:/home/rosuser/ros2_ws/ws_moveit/install/rviz_marker_tools:/home/rosuser/ros2_ws/ws_moveit/install/rosparam_shortcuts:/home/rosuser/ros2_ws/ws_moveit/install/moveit_task_constructor_msgs:/home/rosuser/ros2_ws/ws_moveit/install/moveit_resources_prbt_support:/home/rosuser/ros2_ws/ws_moveit/install/moveit_resources:/home/rosuser/ros2_ws/ws_moveit/install/moveit_resources_pr2_description:/home/rosuser/ros2_ws/ws_moveit/install/moveit_resources_panda_moveit_config:/home/rosuser/ros2_ws/ws_moveit/install/moveit_resources_panda_description:/home/rosuser/ros2_ws/ws_moveit/install/moveit_resources_fanuc_moveit_config:/home/rosuser/ros2_ws/ws_moveit/install/moveit_resources_fanuc_description:/home/rosuser/ros2_ws/ws_moveit/install/moveit_common:/opt/ros/humble CMAKE_PREFIX_PATH=/home/rosuser/ros2_ws/ws_moveit/install/moveit_ros_planning_interface:/home/rosuser/ros2_ws/ws_moveit/install/moveit_ros_move_group:/home/rosuser/ros2_ws/ws_moveit/install/moveit_ros_warehouse:/home/rosuser/ros2_ws/ws_moveit/install/moveit_planners_ompl:/home/rosuser/ros2_ws/ws_moveit/install/moveit_kinematics:/home/rosuser/ros2_ws/ws_moveit/install/moveit_ros_planning:/home/rosuser/ros2_ws/ws_moveit/install/moveit_simple_controller_manager:/home/rosuser/ros2_ws/ws_moveit/install/moveit_ros_occupancy_map_monitor:/home/rosuser/ros2_ws/ws_moveit/install/moveit_core:/home/rosuser/ros2_ws/ws_moveit/install/moveit_resources_panda_moveit_config:/home/rosuser/ros2_ws/ws_moveit/install/moveit_resources_fanuc_moveit_config:/home/rosuser/ros2_ws/ws_moveit/install/srdfdom:/home/rosuser/ros2_ws/ws_moveit/install/moveit_resources_pr2_description:/home/rosuser/ros2_ws/ws_moveit/install/moveit_resources_panda_description:/home/rosuser/ros2_ws/ws_moveit/install/moveit_resources_fanuc_description:/home/rosuser/ros2_ws/ws_moveit/install/moveit_common:/home/rosuser/ros2_ws/ws_moveit/install/pilz_industrial_motion_planner_testutils:/home/rosuser/ros2_ws/ws_moveit/install/moveit_runtime:/home/rosuser/ros2_ws/ws_moveit/install/moveit2_tutorials:/home/rosuser/ros2_ws/ws_moveit/install/moveit:/home/rosuser/ros2_ws/ws_moveit/install/moveit_planners:/home/rosuser/ros2_ws/ws_moveit/install/pilz_industrial_motion_planner:/home/rosuser/ros2_ws/ws_moveit/install/moveit_visual_tools:/home/rosuser/ros2_ws/ws_moveit/install/moveit_task_constructor_visualization:/home/rosuser/ros2_ws/ws_moveit/install/moveit_task_constructor_demo:/home/rosuser/ros2_ws/ws_moveit/install/moveit_task_constructor_capabilities:/home/rosuser/ros2_ws/ws_moveit/install/moveit_task_constructor_core:/home/rosuser/ros2_ws/ws_moveit/install/moveit_ros_control_interface:/home/rosuser/ros2_ws/ws_moveit/install/moveit_plugins:/home/rosuser/ros2_ws/ws_moveit/install/moveit_setup_assistant:/home/rosuser/ros2_ws/ws_moveit/install/moveit_setup_srdf_plugins:/home/rosuser/ros2_ws/ws_moveit/install/moveit_setup_core_plugins:/home/rosuser/ros2_ws/ws_moveit/install/moveit_setup_controllers:/home/rosuser/ros2_ws/ws_moveit/install/moveit_setup_app_plugins:/home/rosuser/ros2_ws/ws_moveit/install/moveit_setup_framework:/home/rosuser/ros2_ws/ws_moveit/install/moveit_servo:/home/rosuser/ros2_ws/ws_moveit/install/moveit_ros:/home/rosuser/ros2_ws/ws_moveit/install/moveit_ros_visualization:/home/rosuser/ros2_ws/ws_moveit/install/moveit_hybrid_planning:/home/rosuser/ros2_ws/ws_moveit/install/moveit_ros_benchmarks:/home/rosuser/ros2_ws/ws_moveit/install/moveit_ros_robot_interaction:/home/rosuser/ros2_ws/ws_moveit/install/moveit_ros_perception:/home/rosuser/ros2_ws/ws_moveit/install/moveit_resources_prbt_pg70_support:/home/rosuser/ros2_ws/ws_moveit/install/moveit_resources_prbt_moveit_config:/home/rosuser/ros2_ws/ws_moveit/install/moveit_resources_prbt_ikfast_manipulator_plugin:/home/rosuser/ros2_ws/ws_moveit/install/moveit_planners_chomp:/home/rosuser/ros2_ws/ws_moveit/install/moveit_chomp_optimizer_adapter:/home/rosuser/ros2_ws/ws_moveit/install/chomp_motion_planner:/home/rosuser/ros2_ws/ws_moveit/install/rviz_marker_tools:/home/rosuser/ros2_ws/ws_moveit/install/rosparam_shortcuts:/home/rosuser/ros2_ws/ws_moveit/install/moveit_task_constructor_msgs:/home/rosuser/ros2_ws/ws_moveit/install/moveit_resources_prbt_support:/home/rosuser/ros2_ws/ws_moveit/install/moveit_resources:/home/rosuser/ros2_ws/ws_moveit/install/moveit_configs_utils:/home/rosuser/ros2_ws/ws_moveit/install/launch_param_builder:/opt/ros/humble LD_LIBRARY_PATH=/home/rosuser/ros2_ws/ws_moveit/install/moveit_ros_planning_interface/lib:/home/rosuser/ros2_ws/ws_moveit/install/moveit_ros_move_group/lib:/home/rosuser/ros2_ws/ws_moveit/install/moveit_ros_warehouse/lib:/home/rosuser/ros2_ws/ws_moveit/install/moveit_planners_ompl/lib:/home/rosuser/ros2_ws/ws_moveit/install/moveit_kinematics/lib:/home/rosuser/ros2_ws/ws_moveit/install/moveit_ros_planning/lib:/home/rosuser/ros2_ws/ws_moveit/install/moveit_simple_controller_manager/lib:/home/rosuser/ros2_ws/ws_moveit/install/moveit_ros_occupancy_map_monitor/lib:/home/rosuser/ros2_ws/ws_moveit/install/moveit_core/lib:/home/rosuser/ros2_ws/ws_moveit/install/srdfdom/lib:/home/rosuser/ros2_ws/ws_moveit/install/pilz_industrial_motion_planner_testutils/lib:/home/rosuser/ros2_ws/ws_moveit/install/pilz_industrial_motion_planner/lib:/home/rosuser/ros2_ws/ws_moveit/install/moveit_visual_tools/lib:/home/rosuser/ros2_ws/ws_moveit/install/moveit_task_constructor_visualization/lib:/home/rosuser/ros2_ws/ws_moveit/install/moveit_task_constructor_demo/lib:/home/rosuser/ros2_ws/ws_moveit/install/moveit_task_constructor_capabilities/lib:/home/rosuser/ros2_ws/ws_moveit/install/moveit_task_constructor_core/lib:/home/rosuser/ros2_ws/ws_moveit/install/moveit_ros_control_interface/lib:/home/rosuser/ros2_ws/ws_moveit/install/moveit_setup_assistant/lib:/home/rosuser/ros2_ws/ws_moveit/install/moveit_setup_srdf_plugins/lib:/home/rosuser/ros2_ws/ws_moveit/install/moveit_setup_core_plugins/lib:/home/rosuser/ros2_ws/ws_moveit/install/moveit_setup_controllers/lib:/home/rosuser/ros2_ws/ws_moveit/install/moveit_setup_app_plugins/lib:/home/rosuser/ros2_ws/ws_moveit/install/moveit_setup_framework/lib:/home/rosuser/ros2_ws/ws_moveit/install/moveit_servo/lib:/home/rosuser/ros2_ws/ws_moveit/install/moveit_ros_visualization/lib:/home/rosuser/ros2_ws/ws_moveit/install/moveit_hybrid_planning/lib:/home/rosuser/ros2_ws/ws_moveit/install/moveit_ros_benchmarks/lib:/home/rosuser/ros2_ws/ws_moveit/install/moveit_ros_robot_interaction/lib:/home/rosuser/ros2_ws/ws_moveit/install/moveit_ros_perception/lib:/home/rosuser/ros2_ws/ws_moveit/install/moveit_resources_prbt_ikfast_manipulator_plugin/lib:/home/rosuser/ros2_ws/ws_moveit/install/moveit_planners_chomp/lib:/home/rosuser/ros2_ws/ws_moveit/install/moveit_chomp_optimizer_adapter/lib:/home/rosuser/ros2_ws/ws_moveit/install/chomp_motion_planner/lib:/home/rosuser/ros2_ws/ws_moveit/install/rviz_marker_tools/lib:/home/rosuser/ros2_ws/ws_moveit/install/rosparam_shortcuts/lib:/home/rosuser/ros2_ws/ws_moveit/install/moveit_task_constructor_msgs/lib:/opt/ros/humble/opt/rviz_ogre_vendor/lib:/opt/ros/humble/lib/aarch64-linux-gnu:/opt/ros/humble/lib PYTHONPATH=/home/rosuser/ros2_ws/ws_moveit/install/moveit_configs_utils/lib/python3.10/site-packages:/home/rosuser/ros2_ws/ws_moveit/install/launch_param_builder/lib/python3.10/site-packages:/home/rosuser/ros2_ws/ws_moveit/install/moveit_task_constructor_core/local/lib/python3.10/dist-packages:/home/rosuser/ros2_ws/ws_moveit/install/srdfdom/local/lib/python3.10/dist-packages:/home/rosuser/ros2_ws/ws_moveit/install/moveit_task_constructor_msgs/local/lib/python3.10/dist-packages:/opt/ros/humble/lib/python3.10/site-packages:/opt/ros/humble/local/lib/python3.10/dist-packages /usr/bin/cmake --build /home/rosuser/ros2_ws/ws_moveit/build/move_arm -- -j8 -l8
[0.100s] -- Found ament_cmake: 1.3.11 (/opt/ros/humble/share/ament_cmake/cmake)
[0.186s] -- Found moveit_ros_planning_interface: 2.5.9 (/home/rosuser/ros2_ws/ws_moveit/install/moveit_ros_planning_interface/share/moveit_ros_planning_interface/cmake)
[0.193s] -- Found Boost: /usr/lib/aarch64-linux-gnu/cmake/Boost-1.74.0/BoostConfig.cmake (found version "1.74.0") found components: date_time filesystem program_options system thread 
[0.211s] -- Found rosidl_generator_c: 3.1.6 (/opt/ros/humble/share/rosidl_generator_c/cmake)
[0.213s] -- Found rosidl_adapter: 3.1.6 (/opt/ros/humble/share/rosidl_adapter/cmake)
[0.219s] -- Found rosidl_generator_cpp: 3.1.6 (/opt/ros/humble/share/rosidl_generator_cpp/cmake)
[0.226s] -- Using all available rosidl_typesupport_c: rosidl_typesupport_fastrtps_c;rosidl_typesupport_introspection_c
[0.240s] -- Using all available rosidl_typesupport_cpp: rosidl_typesupport_fastrtps_cpp;rosidl_typesupport_introspection_cpp
[0.378s] -- Found Boost: /usr/lib/aarch64-linux-gnu/cmake/Boost-1.74.0/BoostConfig.cmake (found version "1.74.0") found components: chrono date_time filesystem iostreams program_options regex serialization system thread 
[0.398s] -- Found parameter_traits: 0.4.0 (/opt/ros/humble/share/parameter_traits/cmake)
[0.414s] -- Found rmw_implementation_cmake: 6.1.2 (/opt/ros/humble/share/rmw_implementation_cmake/cmake)
[0.417s] -- Found rmw_fastrtps_cpp: 6.2.7 (/opt/ros/humble/share/rmw_fastrtps_cpp/cmake)
[0.527s] -- Using RMW implementation 'rmw_fastrtps_cpp' as default
[0.561s] -- Found rclcpp_lifecycle: 16.0.12 (/opt/ros/humble/share/rclcpp_lifecycle/cmake)
[0.576s] -- Found Boost: /usr/lib/aarch64-linux-gnu/cmake/Boost-1.74.0/BoostConfig.cmake (found version "1.74.0") found components: filesystem 
[0.601s] -- library: /usr/lib/aarch64-linux-gnu/libcurl.so
[0.624s] -- Ensuring Eigen3 include directory is part of orocos-kdl CMake target
[0.706s] -- Found Boost: /usr/lib/aarch64-linux-gnu/cmake/Boost-1.74.0/BoostConfig.cmake (found version "1.74.0") found components: system filesystem date_time program_options thread chrono 
[0.728s] -- Found Boost: /usr/lib/aarch64-linux-gnu/cmake/Boost-1.74.0/BoostConfig.cmake (found version "1.74.0") found components: thread system filesystem regex date_time program_options 
[0.741s] -- Found Boost: /usr/lib/aarch64-linux-gnu/cmake/Boost-1.74.0/BoostConfig.cmake (found version "1.74.0") found components: system filesystem date_time program_options thread 
[0.764s] -- Found ament_lint_auto: 0.12.12 (/opt/ros/humble/share/ament_lint_auto/cmake)
[0.807s] -- Added test 'cppcheck' to perform static code analysis on C / C++ code
[0.807s] -- Configured cppcheck include dirs: $<BUILD_INTERFACE:/home/rosuser/ros2_ws/ws_moveit/src/move_arm/include>
[0.807s] -- Configured cppcheck exclude dirs and/or files: 
[0.807s] -- Added test 'lint_cmake' to check CMake code style
[0.808s] -- Added test 'uncrustify' to check C / C++ code style
[0.808s] -- Configured uncrustify additional arguments: 
[0.808s] -- Added test 'xmllint' to check XML markup files
[0.809s] -- Configuring done
[0.852s] -- Generating done
[0.859s] -- Build files have been written to: /home/rosuser/ros2_ws/ws_moveit/build/move_arm
[0.887s] [35m[1mConsolidate compiler generated dependencies of target move_arm[0m
[0.899s] [ 25%] [32mBuilding CXX object CMakeFiles/move_to_pose.dir/src/move_to_pose.cpp.o[0m
[0.919s] [ 50%] [32mBuilding CXX object CMakeFiles/move_arm.dir/src/move_arm.cpp.o[0m
[1.214s] In file included from [01m[K/home/rosuser/ros2_ws/ws_moveit/src/move_arm/src/move_to_pose.cpp:3[m[K:
[1.214s] [01m[K/opt/ros/humble/include/tf2_geometry_msgs/tf2_geometry_msgs/tf2_geometry_msgs.h:35:2:[m[K [01;35m[Kwarning: [m[K#warning This header is obsolete, please include tf2_geometry_msgs/tf2_geometry_msgs.hpp instead [[01;35m[K]8;;https://gcc.gnu.org/onlinedocs/gcc/Warning-Options.html#index-Wcpp-Wcpp]8;;[m[K]
[1.214s]    35 | #[01;35m[Kwarning[m[K This header is obsolete, please include tf2_geometry_msgs/tf2_geometry_msgs.hpp instead
[1.214s]       |  [01;35m[K^~~~~~~[m[K
[1.214s] In file included from [01m[K/home/rosuser/ros2_ws/ws_moveit/src/move_arm/src/move_arm.cpp:3[m[K:
[1.214s] [01m[K/opt/ros/humble/include/tf2_geometry_msgs/tf2_geometry_msgs/tf2_geometry_msgs.h:35:2:[m[K [01;35m[Kwarning: [m[K#warning This header is obsolete, please include tf2_geometry_msgs/tf2_geometry_msgs.hpp instead [[01;35m[K]8;;https://gcc.gnu.org/onlinedocs/gcc/Warning-Options.html#index-Wcpp-Wcpp]8;;[m[K]
[1.214s]    35 | #[01;35m[Kwarning[m[K This header is obsolete, please include tf2_geometry_msgs/tf2_geometry_msgs.hpp instead
[1.214s]       |  [01;35m[K^~~~~~~[m[K
[5.082s] [01m[K/home/rosuser/ros2_ws/ws_moveit/src/move_arm/src/move_to_pose.cpp:26:48:[m[K [01;31m[Kerror: [m[K‘[01m[KString[m[K’ in namespace ‘[01m[Kstd_msgs::msg[m[K’ does not name a type
[5.082s]    26 |     void gesture_callback(const std_msgs::msg::[01;31m[KString[m[K::SharedPtr msg)
[5.083s]       |                                                [01;31m[K^~~~~~[m[K
[5.083s] [01m[K/home/rosuser/ros2_ws/ws_moveit/src/move_arm/src/move_to_pose.cpp:26:66:[m[K [01;31m[Kerror: [m[Kexpected unqualified-id before ‘[01m[Kmsg[m[K’
[5.083s]    26 |     void gesture_callback(const std_msgs::msg::String::SharedPtr [01;31m[Kmsg[m[K)
[5.083s]       |                                                                  [01;31m[K^~~[m[K
[5.083s] [01m[K/home/rosuser/ros2_ws/ws_moveit/src/move_arm/src/move_to_pose.cpp:26:65:[m[K [01;31m[Kerror: [m[Kexpected ‘[01m[K)[m[K’ before ‘[01m[Kmsg[m[K’
[5.083s]    26 |     void gesture_callback[34m[K([m[Kconst std_msgs::msg::String::SharedPtr[01;31m[K [m[K[32m[Kmsg[m[K)
[5.083s]       |                          [34m[K~[m[K                                      [01;31m[K^[m[K[32m[K~~~[m[K
[5.084s]       |                                                                 [32m[K)[m[K
[5.084s] [01m[K/home/rosuser/ros2_ws/ws_moveit/src/move_arm/src/move_to_pose.cpp:26:56:[m[K [01;31m[Kerror: [m[Kexpected ‘[01m[K;[m[K’ at end of member declaration
[5.084s]    26 |     void gesture_callback(const std_msgs::msg::String::[01;31m[KSharedPtr[m[K msg)
[5.084s]       |                                                        [01;31m[K^~~~~~~~~[m[K
[5.084s]       |                                                                 [32m[K;[m[K
[5.084s] [01m[K/home/rosuser/ros2_ws/ws_moveit/src/move_arm/src/move_to_pose.cpp:26:66:[m[K [01;31m[Kerror: [m[K‘[01m[Kmsg[m[K’ does not name a type
[5.084s]    26 |     void gesture_callback(const std_msgs::msg::String::SharedPtr [01;31m[Kmsg[m[K)
[5.084s]       |                                                                  [01;31m[K^~~[m[K
[5.085s] [01m[K/home/rosuser/ros2_ws/ws_moveit/src/move_arm/src/move_to_pose.cpp:85:41:[m[K [01;31m[Kerror: [m[K‘[01m[KString[m[K’ is not a member of ‘[01m[Kstd_msgs::msg[m[K’
[5.085s]    85 |     rclcpp::Subscription<std_msgs::msg::[01;31m[KString[m[K>::SharedPtr gesture_sub_;
[5.085s]       |                                         [01;31m[K^~~~~~[m[K
[5.085s] [01m[K/home/rosuser/ros2_ws/ws_moveit/src/move_arm/src/move_to_pose.cpp:85:47:[m[K [01;31m[Kerror: [m[Ktemplate argument 1 is invalid
[5.085s]    85 |     rclcpp::Subscription<std_msgs::msg::String[01;31m[K>[m[K::SharedPtr gesture_sub_;
[5.085s]       |                                               [01;31m[K^[m[K
[5.085s] [01m[K/home/rosuser/ros2_ws/ws_moveit/src/move_arm/src/move_to_pose.cpp:85:47:[m[K [01;31m[Kerror: [m[Ktemplate argument 3 is invalid
[5.085s] [01m[K/home/rosuser/ros2_ws/ws_moveit/src/move_arm/src/move_to_pose.cpp:85:47:[m[K [01;31m[Kerror: [m[Ktemplate argument 4 is invalid
[5.085s] [01m[K/home/rosuser/ros2_ws/ws_moveit/src/move_arm/src/move_to_pose.cpp:85:47:[m[K [01;31m[Kerror: [m[Ktemplate argument 5 is invalid
[5.085s] [01m[K/home/rosuser/ros2_ws/ws_moveit/src/move_arm/src/move_to_pose.cpp:85:50:[m[K [01;31m[Kerror: [m[Kexpected ‘[01m[K;[m[K’ at end of member declaration
[5.086s]    85 |     rclcpp::Subscription<std_msgs::msg::String>::[01;31m[KSharedPtr[m[K gesture_sub_;
[5.086s]       |                                                  [01;31m[K^~~~~~~~~[m[K
[5.086s]       |                                                           [32m[K;[m[K
[5.090s] [01m[K/home/rosuser/ros2_ws/ws_moveit/src/move_arm/src/move_to_pose.cpp:85:60:[m[K [01;31m[Kerror: [m[K‘[01m[Kgesture_sub_[m[K’ does not name a type
[5.090s]    85 |     rclcpp::Subscription<std_msgs::msg::String>::SharedPtr [01;31m[Kgesture_sub_[m[K;
[5.090s]       |                                                            [01;31m[K^~~~~~~~~~~~[m[K
[5.112s] [01m[K/home/rosuser/ros2_ws/ws_moveit/src/move_arm/src/move_to_pose.cpp:[m[K In constructor ‘[01m[KMoveToPose::MoveToPose()[m[K’:
[5.112s] [01m[K/home/rosuser/ros2_ws/ws_moveit/src/move_arm/src/move_to_pose.cpp:15:9:[m[K [01;31m[Kerror: [m[K‘[01m[Kgesture_sub_[m[K’ was not declared in this scope
[5.112s]    15 |         [01;31m[Kgesture_sub_[m[K = this->create_subscription<std_msgs::msg::String>(
[5.112s]       |         [01;31m[K^~~~~~~~~~~~[m[K
[5.114s] [01m[K/home/rosuser/ros2_ws/ws_moveit/src/move_arm/src/move_to_pose.cpp:15:65:[m[K [01;31m[Kerror: [m[K‘[01m[KString[m[K’ is not a member of ‘[01m[Kstd_msgs::msg[m[K’
[5.115s]    15 |         gesture_sub_ = this->create_subscription<std_msgs::msg::[01;31m[KString[m[K>(
[5.115s]       |                                                                 [01;31m[K^~~~~~[m[K
[5.121s] [01m[K/home/rosuser/ros2_ws/ws_moveit/src/move_arm/src/move_to_pose.cpp:15:72:[m[K [01;31m[Kerror: [m[Kno matching function for call to ‘[01m[KMoveToPose::create_subscription<<expression error> >(const char [8], int, std::_Bind_helper<false, void (MoveToPose::*)(...), MoveToPose*, const std::_Placeholder<1>&>::type)[m[K’
[5.121s]    15 |         gesture_sub_ = [01;31m[Kthis->create_subscription<std_msgs::msg::String>([m[K
[5.121s]       |                        [01;31m[K~~~~~~~~~~~~~~~~~~~~~~~~~~~~~~~~~~~~~~~~~~~~~~~~^[m[K
[5.121s]    16 | [01;31m[K            "gesture",[m[K
[5.121s]       |             [01;31m[K~~~~~~~~~~[m[K                                                  
[5.121s]    17 | [01;31m[K            10,[m[K
[5.121s]       |             [01;31m[K~~~[m[K                                                         
[5.121s]    18 | [01;31m[K            std::bind(&MoveToPose::gesture_callback, this, _1)[m[K
[5.121s]       |             [01;31m[K~~~~~~~~~~~~~~~~~~~~~~~~~~~~~~~~~~~~~~~~~~~~~~~~~~[m[K          
[5.121s]    19 | [01;31m[K        )[m[K;
[5.121s]       |         [01;31m[K~[m[K                                                               
[5.122s] In file included from [01m[K/opt/ros/humble/include/rclcpp/rclcpp/executors/single_threaded_executor.hpp:28[m[K,
[5.122s]                  from [01m[K/opt/ros/humble/include/rclcpp/rclcpp/executors.hpp:22[m[K,
[5.122s]                  from [01m[K/opt/ros/humble/include/rclcpp/rclcpp/rclcpp.hpp:155[m[K,
[5.122s]                  from [01m[K/home/rosuser/ros2_ws/ws_moveit/src/move_arm/src/move_to_pose.cpp:2[m[K:
[5.122s] [01m[K/opt/ros/humble/include/rclcpp/rclcpp/node.hpp:219:3:[m[K [01;36m[Knote: [m[Kcandidate: ‘[01m[Ktemplate<class MessageT, class CallbackT, class AllocatorT, class SubscriptionT, class MessageMemoryStrategyT> std::shared_ptr<ROSMessageT> rclcpp::Node::create_subscription(const string&, const rclcpp::QoS&, CallbackT&&, const rclcpp::SubscriptionOptionsWithAllocator<AllocatorT>&, typename MessageMemoryStrategyT::SharedPtr)[m[K’
[5.122s]   219 |   [01;36m[Kcreate_subscription[m[K(
[5.122s]       |   [01;36m[K^~~~~~~~~~~~~~~~~~~[m[K
[5.122s] [01m[K/opt/ros/humble/include/rclcpp/rclcpp/node.hpp:219:3:[m[K [01;36m[Knote: [m[K  template argument deduction/substitution failed:
[5.122s] [01m[K/home/rosuser/ros2_ws/ws_moveit/src/move_arm/src/move_to_pose.cpp:15:72:[m[K [01;31m[Kerror: [m[Ktemplate argument 1 is invalid
[5.122s]    15 |         gesture_sub_ = [01;31m[Kthis->create_subscription<std_msgs::msg::String>([m[K
[5.122s]       |                        [01;31m[K~~~~~~~~~~~~~~~~~~~~~~~~~~~~~~~~~~~~~~~~~~~~~~~~^[m[K
[5.122s]    16 | [01;31m[K            "gesture",[m[K
[5.123s]       |             [01;31m[K~~~~~~~~~~[m[K                                                  
[5.123s]    17 | [01;31m[K            10,[m[K
[5.123s]       |             [01;31m[K~~~[m[K                                                         
[5.123s]    18 | [01;31m[K            std::bind(&MoveToPose::gesture_callback, this, _1)[m[K
[5.124s]       |             [01;31m[K~~~~~~~~~~~~~~~~~~~~~~~~~~~~~~~~~~~~~~~~~~~~~~~~~~[m[K          
[5.124s]    19 | [01;31m[K        )[m[K;
[5.124s]       |         [01;31m[K~[m[K                                                               
[6.505s] In file included from [01m[K/usr/include/aarch64-linux-gnu/c++/11/bits/c++allocator.h:33[m[K,
[6.505s]                  from [01m[K/usr/include/c++/11/bits/allocator.h:46[m[K,
[6.505s]                  from [01m[K/usr/include/c++/11/memory:64[m[K,
[6.505s]                  from [01m[K/home/rosuser/ros2_ws/ws_moveit/src/move_arm/src/move_to_pose.cpp:1[m[K:
[6.505s] /usr/include/c++/11/ext/new_allocator.h: In instantiation of ‘[01m[Kvoid __gnu_cxx::new_allocator<_Tp>::construct(_Up*, _Args&& ...) [with _Up = moveit::planning_interface::MoveGroupInterface; _Args = {MoveToPose*, const char (&)[10]}; _Tp = moveit::planning_interface::MoveGroupInterface][m[K’:
[6.505s] [01m[K/usr/include/c++/11/bits/alloc_traits.h:516:17:[m[K   required from ‘[01m[Kstatic void std::allocator_traits<std::allocator<_Tp1> >::construct(std::allocator_traits<std::allocator<_Tp1> >::allocator_type&, _Up*, _Args&& ...) [with _Up = moveit::planning_interface::MoveGroupInterface; _Args = {MoveToPose*, const char (&)[10]}; _Tp = moveit::planning_interface::MoveGroupInterface; std::allocator_traits<std::allocator<_Tp1> >::allocator_type = std::allocator<moveit::planning_interface::MoveGroupInterface>][m[K’
[6.505s] [01m[K/usr/include/c++/11/bits/shared_ptr_base.h:519:39:[m[K   required from ‘[01m[Kstd::_Sp_counted_ptr_inplace<_Tp, _Alloc, _Lp>::_Sp_counted_ptr_inplace(_Alloc, _Args&& ...) [with _Args = {MoveToPose*, const char (&)[10]}; _Tp = moveit::planning_interface::MoveGroupInterface; _Alloc = std::allocator<moveit::planning_interface::MoveGroupInterface>; __gnu_cxx::_Lock_policy _Lp = __gnu_cxx::_S_atomic][m[K’
[6.505s] [01m[K/usr/include/c++/11/bits/shared_ptr_base.h:650:16:[m[K   required from ‘[01m[Kstd::__shared_count<_Lp>::__shared_count(_Tp*&, std::_Sp_alloc_shared_tag<_Alloc>, _Args&& ...) [with _Tp = moveit::planning_interface::MoveGroupInterface; _Alloc = std::allocator<moveit::planning_interface::MoveGroupInterface>; _Args = {MoveToPose*, const char (&)[10]}; __gnu_cxx::_Lock_policy _Lp = __gnu_cxx::_S_atomic][m[K’
[6.505s] [01m[K/usr/include/c++/11/bits/shared_ptr_base.h:1342:14:[m[K   required from ‘[01m[Kstd::__shared_ptr<_Tp, _Lp>::__shared_ptr(std::_Sp_alloc_shared_tag<_Tp>, _Args&& ...) [with _Alloc = std::allocator<moveit::planning_interface::MoveGroupInterface>; _Args = {MoveToPose*, const char (&)[10]}; _Tp = moveit::planning_interface::MoveGroupInterface; __gnu_cxx::_Lock_policy _Lp = __gnu_cxx::_S_atomic][m[K’
[6.505s] [01m[K/usr/include/c++/11/bits/shared_ptr.h:409:59:[m[K   required from ‘[01m[Kstd::shared_ptr<_Tp>::shared_ptr(std::_Sp_alloc_shared_tag<_Tp>, _Args&& ...) [with _Alloc = std::allocator<moveit::planning_interface::MoveGroupInterface>; _Args = {MoveToPose*, const char (&)[10]}; _Tp = moveit::planning_interface::MoveGroupInterface][m[K’
[6.505s] [01m[K/usr/include/c++/11/bits/shared_ptr.h:862:14:[m[K   required from ‘[01m[Kstd::shared_ptr<_Tp> std::allocate_shared(const _Alloc&, _Args&& ...) [with _Tp = moveit::planning_interface::MoveGroupInterface; _Alloc = std::allocator<moveit::planning_interface::MoveGroupInterface>; _Args = {MoveToPose*, const char (&)[10]}][m[K’
[6.505s] [01m[K/usr/include/c++/11/bits/shared_ptr.h:878:39:[m[K   required from ‘[01m[Kstd::shared_ptr<_Tp> std::make_shared(_Args&& ...) [with _Tp = moveit::planning_interface::MoveGroupInterface; _Args = {MoveToPose*, const char (&)[10]}][m[K’
[6.505s] [01m[K/home/rosuser/ros2_ws/ws_moveit/src/move_arm/src/move_to_pose.cpp:21:87:[m[K   required from here
[6.505s] [01m[K/usr/include/c++/11/ext/new_allocator.h:162:11:[m[K [01;31m[Kerror: [m[Kno matching function for call to ‘[01m[Kmoveit::planning_interface::MoveGroupInterface::MoveGroupInterface(MoveToPose*, const char [10])[m[K’
[6.505s]   162 |         { [01;31m[K::new((void *)__p) _Up(std::forward<_Args>(__args)...)[m[K; }
[6.505s]       |           [01;31m[K^~~~~~~~~~~~~~~~~~~~~~~~~~~~~~~~~~~~~~~~~~~~~~~~~~~~~~[m[K
[6.505s] In file included from [01m[K/home/rosuser/ros2_ws/ws_moveit/src/move_arm/src/move_to_pose.cpp:5[m[K:
[6.506s] [01m[K/home/rosuser/ros2_ws/ws_moveit/install/moveit_ros_planning_interface/include/moveit/move_group_interface/move_group_interface.h:159:3:[m[K [01;36m[Knote: [m[Kcandidate: ‘[01m[Kmoveit::planning_interface::MoveGroupInterface::MoveGroupInterface(moveit::planning_interface::MoveGroupInterface&&)[m[K’
[6.506s]   159 |   [01;36m[KMoveGroupInterface[m[K(MoveGroupInterface&& other) noexcept;
[6.506s]       |   [01;36m[K^~~~~~~~~~~~~~~~~~[m[K
[6.506s] [01m[K/home/rosuser/ros2_ws/ws_moveit/install/moveit_ros_planning_interface/include/moveit/move_group_interface/move_group_interface.h:159:3:[m[K [01;36m[Knote: [m[K  candidate expects 1 argument, 2 provided
[6.506s] [01m[K/home/rosuser/ros2_ws/ws_moveit/install/moveit_ros_planning_interface/include/moveit/move_group_interface/move_group_interface.h:145:3:[m[K [01;36m[Knote: [m[Kcandidate: ‘[01m[Kmoveit::planning_interface::MoveGroupInterface::MoveGroupInterface(const SharedPtr&, const string&, const std::shared_ptr<tf2_ros::Buffer>&, const rclcpp::Duration&)[m[K’
[6.506s]   145 |   [01;36m[KMoveGroupInterface[m[K(const rclcpp::Node::SharedPtr& node, const std::string& group,
[6.506s]       |   [01;36m[K^~~~~~~~~~~~~~~~~~[m[K
[6.506s] [01m[K/home/rosuser/ros2_ws/ws_moveit/install/moveit_ros_planning_interface/include/moveit/move_group_interface/move_group_interface.h:145:53:[m[K [01;36m[Knote: [m[K  no known conversion for argument 1 from ‘[01m[KMoveToPose*[m[K’ to ‘[01m[Kconst SharedPtr&[m[K’ {aka ‘[01m[Kconst std::shared_ptr<rclcpp::Node>&[m[K’}
[6.506s]   145 |   MoveGroupInterface([01;36m[Kconst rclcpp::Node::SharedPtr& node[m[K, const std::string& group,
[6.506s]       |                      [01;36m[K~~~~~~~~~~~~~~~~~~~~~~~~~~~~~~~^~~~[m[K
[6.506s] [01m[K/home/rosuser/ros2_ws/ws_moveit/install/moveit_ros_planning_interface/include/moveit/move_group_interface/move_group_interface.h:134:3:[m[K [01;36m[Knote: [m[Kcandidate: ‘[01m[Kmoveit::planning_interface::MoveGroupInterface::MoveGroupInterface(const SharedPtr&, const moveit::planning_interface::MoveGroupInterface::Options&, const std::shared_ptr<tf2_ros::Buffer>&, const rclcpp::Duration&)[m[K’
[6.506s]   134 |   [01;36m[KMoveGroupInterface[m[K(const rclcpp::Node::SharedPtr& node, const Options& opt,
[6.506s]       |   [01;36m[K^~~~~~~~~~~~~~~~~~[m[K
[6.506s] [01m[K/home/rosuser/ros2_ws/ws_moveit/install/moveit_ros_planning_interface/include/moveit/move_group_interface/move_group_interface.h:134:53:[m[K [01;36m[Knote: [m[K  no known conversion for argument 1 from ‘[01m[KMoveToPose*[m[K’ to ‘[01m[Kconst SharedPtr&[m[K’ {aka ‘[01m[Kconst std::shared_ptr<rclcpp::Node>&[m[K’}
[6.506s]   134 |   MoveGroupInterface([01;36m[Kconst rclcpp::Node::SharedPtr& node[m[K, const Options& opt,
[6.506s]       |                      [01;36m[K~~~~~~~~~~~~~~~~~~~~~~~~~~~~~~~^~~~[m[K
[6.997s] gmake[2]: *** [CMakeFiles/move_to_pose.dir/build.make:76: CMakeFiles/move_to_pose.dir/src/move_to_pose.cpp.o] Error 1
[6.998s] gmake[1]: *** [CMakeFiles/Makefile2:165: CMakeFiles/move_to_pose.dir/all] Error 2
[6.998s] gmake[1]: *** Waiting for unfinished jobs....
[7.899s] [ 75%] [32m[1mLinking CXX executable move_arm[0m
[8.229s] [ 75%] Built target move_arm
[8.231s] gmake: *** [Makefile:146: all] Error 2
[8.247s] Invoked command in '/home/rosuser/ros2_ws/ws_moveit/build/move_arm' returned '2': AMENT_PREFIX_PATH=/home/rosuser/ros2_ws/ws_moveit/install/moveit_configs_utils:/home/rosuser/ros2_ws/ws_moveit/install/launch_param_builder:/home/rosuser/ros2_ws/ws_moveit/install/pilz_industrial_motion_planner_testutils:/home/rosuser/ros2_ws/ws_moveit/install/moveit_runtime:/home/rosuser/ros2_ws/ws_moveit/install/moveit2_tutorials:/home/rosuser/ros2_ws/ws_moveit/install/moveit:/home/rosuser/ros2_ws/ws_moveit/install/moveit_planners:/home/rosuser/ros2_ws/ws_moveit/install/pilz_industrial_motion_planner:/home/rosuser/ros2_ws/ws_moveit/install/moveit_visual_tools:/home/rosuser/ros2_ws/ws_moveit/install/moveit_task_constructor_visualization:/home/rosuser/ros2_ws/ws_moveit/install/moveit_task_constructor_demo:/home/rosuser/ros2_ws/ws_moveit/install/moveit_task_constructor_capabilities:/home/rosuser/ros2_ws/ws_moveit/install/moveit_task_constructor_core:/home/rosuser/ros2_ws/ws_moveit/install/moveit_ros_control_interface:/home/rosuser/ros2_ws/ws_moveit/install/moveit_plugins:/home/rosuser/ros2_ws/ws_moveit/install/moveit_simple_controller_manager:/home/rosuser/ros2_ws/ws_moveit/install/moveit_setup_assistant:/home/rosuser/ros2_ws/ws_moveit/install/moveit_setup_srdf_plugins:/home/rosuser/ros2_ws/ws_moveit/install/moveit_setup_core_plugins:/home/rosuser/ros2_ws/ws_moveit/install/moveit_setup_controllers:/home/rosuser/ros2_ws/ws_moveit/install/moveit_setup_app_plugins:/home/rosuser/ros2_ws/ws_moveit/install/moveit_setup_framework:/home/rosuser/ros2_ws/ws_moveit/install/moveit_servo:/home/rosuser/ros2_ws/ws_moveit/install/moveit_ros:/home/rosuser/ros2_ws/ws_moveit/install/moveit_ros_visualization:/home/rosuser/ros2_ws/ws_moveit/install/moveit_hybrid_planning:/home/rosuser/ros2_ws/ws_moveit/install/moveit_ros_planning_interface:/home/rosuser/ros2_ws/ws_moveit/install/moveit_ros_benchmarks:/home/rosuser/ros2_ws/ws_moveit/install/moveit_ros_warehouse:/home/rosuser/ros2_ws/ws_moveit/install/moveit_ros_robot_interaction:/home/rosuser/ros2_ws/ws_moveit/install/moveit_ros_perception:/home/rosuser/ros2_ws/ws_moveit/install/moveit_resources_prbt_pg70_support:/home/rosuser/ros2_ws/ws_moveit/install/moveit_resources_prbt_moveit_config:/home/rosuser/ros2_ws/ws_moveit/install/moveit_ros_move_group:/home/rosuser/ros2_ws/ws_moveit/install/moveit_planners_ompl:/home/rosuser/ros2_ws/ws_moveit/install/moveit_ros_planning:/home/rosuser/ros2_ws/ws_moveit/install/moveit_ros_occupancy_map_monitor:/home/rosuser/ros2_ws/ws_moveit/install/moveit_resources_prbt_ikfast_manipulator_plugin:/home/rosuser/ros2_ws/ws_moveit/install/moveit_planners_chomp:/home/rosuser/ros2_ws/ws_moveit/install/moveit_kinematics:/home/rosuser/ros2_ws/ws_moveit/install/moveit_chomp_optimizer_adapter:/home/rosuser/ros2_ws/ws_moveit/install/chomp_motion_planner:/home/rosuser/ros2_ws/ws_moveit/install/moveit_core:/home/rosuser/ros2_ws/ws_moveit/install/srdfdom:/home/rosuser/ros2_ws/ws_moveit/install/rviz_marker_tools:/home/rosuser/ros2_ws/ws_moveit/install/rosparam_shortcuts:/home/rosuser/ros2_ws/ws_moveit/install/moveit_task_constructor_msgs:/home/rosuser/ros2_ws/ws_moveit/install/moveit_resources_prbt_support:/home/rosuser/ros2_ws/ws_moveit/install/moveit_resources:/home/rosuser/ros2_ws/ws_moveit/install/moveit_resources_pr2_description:/home/rosuser/ros2_ws/ws_moveit/install/moveit_resources_panda_moveit_config:/home/rosuser/ros2_ws/ws_moveit/install/moveit_resources_panda_description:/home/rosuser/ros2_ws/ws_moveit/install/moveit_resources_fanuc_moveit_config:/home/rosuser/ros2_ws/ws_moveit/install/moveit_resources_fanuc_description:/home/rosuser/ros2_ws/ws_moveit/install/moveit_common:/opt/ros/humble CMAKE_PREFIX_PATH=/home/rosuser/ros2_ws/ws_moveit/install/moveit_ros_planning_interface:/home/rosuser/ros2_ws/ws_moveit/install/moveit_ros_move_group:/home/rosuser/ros2_ws/ws_moveit/install/moveit_ros_warehouse:/home/rosuser/ros2_ws/ws_moveit/install/moveit_planners_ompl:/home/rosuser/ros2_ws/ws_moveit/install/moveit_kinematics:/home/rosuser/ros2_ws/ws_moveit/install/moveit_ros_planning:/home/rosuser/ros2_ws/ws_moveit/install/moveit_simple_controller_manager:/home/rosuser/ros2_ws/ws_moveit/install/moveit_ros_occupancy_map_monitor:/home/rosuser/ros2_ws/ws_moveit/install/moveit_core:/home/rosuser/ros2_ws/ws_moveit/install/moveit_resources_panda_moveit_config:/home/rosuser/ros2_ws/ws_moveit/install/moveit_resources_fanuc_moveit_config:/home/rosuser/ros2_ws/ws_moveit/install/srdfdom:/home/rosuser/ros2_ws/ws_moveit/install/moveit_resources_pr2_description:/home/rosuser/ros2_ws/ws_moveit/install/moveit_resources_panda_description:/home/rosuser/ros2_ws/ws_moveit/install/moveit_resources_fanuc_description:/home/rosuser/ros2_ws/ws_moveit/install/moveit_common:/home/rosuser/ros2_ws/ws_moveit/install/pilz_industrial_motion_planner_testutils:/home/rosuser/ros2_ws/ws_moveit/install/moveit_runtime:/home/rosuser/ros2_ws/ws_moveit/install/moveit2_tutorials:/home/rosuser/ros2_ws/ws_moveit/install/moveit:/home/rosuser/ros2_ws/ws_moveit/install/moveit_planners:/home/rosuser/ros2_ws/ws_moveit/install/pilz_industrial_motion_planner:/home/rosuser/ros2_ws/ws_moveit/install/moveit_visual_tools:/home/rosuser/ros2_ws/ws_moveit/install/moveit_task_constructor_visualization:/home/rosuser/ros2_ws/ws_moveit/install/moveit_task_constructor_demo:/home/rosuser/ros2_ws/ws_moveit/install/moveit_task_constructor_capabilities:/home/rosuser/ros2_ws/ws_moveit/install/moveit_task_constructor_core:/home/rosuser/ros2_ws/ws_moveit/install/moveit_ros_control_interface:/home/rosuser/ros2_ws/ws_moveit/install/moveit_plugins:/home/rosuser/ros2_ws/ws_moveit/install/moveit_setup_assistant:/home/rosuser/ros2_ws/ws_moveit/install/moveit_setup_srdf_plugins:/home/rosuser/ros2_ws/ws_moveit/install/moveit_setup_core_plugins:/home/rosuser/ros2_ws/ws_moveit/install/moveit_setup_controllers:/home/rosuser/ros2_ws/ws_moveit/install/moveit_setup_app_plugins:/home/rosuser/ros2_ws/ws_moveit/install/moveit_setup_framework:/home/rosuser/ros2_ws/ws_moveit/install/moveit_servo:/home/rosuser/ros2_ws/ws_moveit/install/moveit_ros:/home/rosuser/ros2_ws/ws_moveit/install/moveit_ros_visualization:/home/rosuser/ros2_ws/ws_moveit/install/moveit_hybrid_planning:/home/rosuser/ros2_ws/ws_moveit/install/moveit_ros_benchmarks:/home/rosuser/ros2_ws/ws_moveit/install/moveit_ros_robot_interaction:/home/rosuser/ros2_ws/ws_moveit/install/moveit_ros_perception:/home/rosuser/ros2_ws/ws_moveit/install/moveit_resources_prbt_pg70_support:/home/rosuser/ros2_ws/ws_moveit/install/moveit_resources_prbt_moveit_config:/home/rosuser/ros2_ws/ws_moveit/install/moveit_resources_prbt_ikfast_manipulator_plugin:/home/rosuser/ros2_ws/ws_moveit/install/moveit_planners_chomp:/home/rosuser/ros2_ws/ws_moveit/install/moveit_chomp_optimizer_adapter:/home/rosuser/ros2_ws/ws_moveit/install/chomp_motion_planner:/home/rosuser/ros2_ws/ws_moveit/install/rviz_marker_tools:/home/rosuser/ros2_ws/ws_moveit/install/rosparam_shortcuts:/home/rosuser/ros2_ws/ws_moveit/install/moveit_task_constructor_msgs:/home/rosuser/ros2_ws/ws_moveit/install/moveit_resources_prbt_support:/home/rosuser/ros2_ws/ws_moveit/install/moveit_resources:/home/rosuser/ros2_ws/ws_moveit/install/moveit_configs_utils:/home/rosuser/ros2_ws/ws_moveit/install/launch_param_builder:/opt/ros/humble LD_LIBRARY_PATH=/home/rosuser/ros2_ws/ws_moveit/install/moveit_ros_planning_interface/lib:/home/rosuser/ros2_ws/ws_moveit/install/moveit_ros_move_group/lib:/home/rosuser/ros2_ws/ws_moveit/install/moveit_ros_warehouse/lib:/home/rosuser/ros2_ws/ws_moveit/install/moveit_planners_ompl/lib:/home/rosuser/ros2_ws/ws_moveit/install/moveit_kinematics/lib:/home/rosuser/ros2_ws/ws_moveit/install/moveit_ros_planning/lib:/home/rosuser/ros2_ws/ws_moveit/install/moveit_simple_controller_manager/lib:/home/rosuser/ros2_ws/ws_moveit/install/moveit_ros_occupancy_map_monitor/lib:/home/rosuser/ros2_ws/ws_moveit/install/moveit_core/lib:/home/rosuser/ros2_ws/ws_moveit/install/srdfdom/lib:/home/rosuser/ros2_ws/ws_moveit/install/pilz_industrial_motion_planner_testutils/lib:/home/rosuser/ros2_ws/ws_moveit/install/pilz_industrial_motion_planner/lib:/home/rosuser/ros2_ws/ws_moveit/install/moveit_visual_tools/lib:/home/rosuser/ros2_ws/ws_moveit/install/moveit_task_constructor_visualization/lib:/home/rosuser/ros2_ws/ws_moveit/install/moveit_task_constructor_demo/lib:/home/rosuser/ros2_ws/ws_moveit/install/moveit_task_constructor_capabilities/lib:/home/rosuser/ros2_ws/ws_moveit/install/moveit_task_constructor_core/lib:/home/rosuser/ros2_ws/ws_moveit/install/moveit_ros_control_interface/lib:/home/rosuser/ros2_ws/ws_moveit/install/moveit_setup_assistant/lib:/home/rosuser/ros2_ws/ws_moveit/install/moveit_setup_srdf_plugins/lib:/home/rosuser/ros2_ws/ws_moveit/install/moveit_setup_core_plugins/lib:/home/rosuser/ros2_ws/ws_moveit/install/moveit_setup_controllers/lib:/home/rosuser/ros2_ws/ws_moveit/install/moveit_setup_app_plugins/lib:/home/rosuser/ros2_ws/ws_moveit/install/moveit_setup_framework/lib:/home/rosuser/ros2_ws/ws_moveit/install/moveit_servo/lib:/home/rosuser/ros2_ws/ws_moveit/install/moveit_ros_visualization/lib:/home/rosuser/ros2_ws/ws_moveit/install/moveit_hybrid_planning/lib:/home/rosuser/ros2_ws/ws_moveit/install/moveit_ros_benchmarks/lib:/home/rosuser/ros2_ws/ws_moveit/install/moveit_ros_robot_interaction/lib:/home/rosuser/ros2_ws/ws_moveit/install/moveit_ros_perception/lib:/home/rosuser/ros2_ws/ws_moveit/install/moveit_resources_prbt_ikfast_manipulator_plugin/lib:/home/rosuser/ros2_ws/ws_moveit/install/moveit_planners_chomp/lib:/home/rosuser/ros2_ws/ws_moveit/install/moveit_chomp_optimizer_adapter/lib:/home/rosuser/ros2_ws/ws_moveit/install/chomp_motion_planner/lib:/home/rosuser/ros2_ws/ws_moveit/install/rviz_marker_tools/lib:/home/rosuser/ros2_ws/ws_moveit/install/rosparam_shortcuts/lib:/home/rosuser/ros2_ws/ws_moveit/install/moveit_task_constructor_msgs/lib:/opt/ros/humble/opt/rviz_ogre_vendor/lib:/opt/ros/humble/lib/aarch64-linux-gnu:/opt/ros/humble/lib PYTHONPATH=/home/rosuser/ros2_ws/ws_moveit/install/moveit_configs_utils/lib/python3.10/site-packages:/home/rosuser/ros2_ws/ws_moveit/install/launch_param_builder/lib/python3.10/site-packages:/home/rosuser/ros2_ws/ws_moveit/install/moveit_task_constructor_core/local/lib/python3.10/dist-packages:/home/rosuser/ros2_ws/ws_moveit/install/srdfdom/local/lib/python3.10/dist-packages:/home/rosuser/ros2_ws/ws_moveit/install/moveit_task_constructor_msgs/local/lib/python3.10/dist-packages:/opt/ros/humble/lib/python3.10/site-packages:/opt/ros/humble/local/lib/python3.10/dist-packages /usr/bin/cmake --build /home/rosuser/ros2_ws/ws_moveit/build/move_arm -- -j8 -l8
