[0.029s] Invoking command in '/home/rosuser/ros2_ws/ws_moveit/build/moveit_ros_perception': AMENT_PREFIX_PATH=/home/rosuser/ros2_ws/ws_moveit/install/moveit_ros_planning:/home/rosuser/ros2_ws/ws_moveit/install/moveit_ros_occupancy_map_monitor:/home/rosuser/ros2_ws/ws_moveit/install/moveit_core:/home/rosuser/ros2_ws/ws_moveit/install/moveit_resources_panda_moveit_config:/home/rosuser/ros2_ws/ws_moveit/install/moveit_configs_utils:/home/rosuser/ros2_ws/ws_moveit/install/srdfdom:/home/rosuser/ros2_ws/ws_moveit/install/moveit_resources_pr2_description:/home/rosuser/ros2_ws/ws_moveit/install/moveit_resources_panda_description:/home/rosuser/ros2_ws/ws_moveit/install/moveit_common:/home/rosuser/ros2_ws/ws_moveit/install/launch_param_builder:${AMENT_PREFIX_PATH} CMAKE_PREFIX_PATH=/home/rosuser/ros2_ws/ws_moveit/install/moveit_ros_planning:/home/rosuser/ros2_ws/ws_moveit/install/moveit_ros_occupancy_map_monitor:/home/rosuser/ros2_ws/ws_moveit/install/moveit_core:/home/rosuser/ros2_ws/ws_moveit/install/moveit_resources_panda_moveit_config:/home/rosuser/ros2_ws/ws_moveit/install/srdfdom:/home/rosuser/ros2_ws/ws_moveit/install/moveit_resources_pr2_description:/home/rosuser/ros2_ws/ws_moveit/install/moveit_resources_panda_description:/home/rosuser/ros2_ws/ws_moveit/install/moveit_common:/opt/ros/humble LD_LIBRARY_PATH=/home/rosuser/ros2_ws/ws_moveit/install/moveit_ros_planning/lib:/home/rosuser/ros2_ws/ws_moveit/install/moveit_ros_occupancy_map_monitor/lib:/home/rosuser/ros2_ws/ws_moveit/install/moveit_core/lib:/home/rosuser/ros2_ws/ws_moveit/install/srdfdom/lib:${LD_LIBRARY_PATH} PATH=/home/rosuser/ros2_ws/ws_moveit/install/moveit_core/bin:${PATH} PYTHONPATH=/home/rosuser/ros2_ws/ws_moveit/install/moveit_configs_utils/lib/python3.10/site-packages:/home/rosuser/ros2_ws/ws_moveit/install/srdfdom/local/lib/python3.10/dist-packages:/home/rosuser/ros2_ws/ws_moveit/install/launch_param_builder/lib/python3.10/site-packages:${PYTHONPATH} /usr/bin/cmake /home/rosuser/ros2_ws/ws_moveit/src/moveit2/moveit_ros/perception -DCMAKE_BUILD_TYPE=Release -DCMAKE_INSTALL_PREFIX=/home/rosuser/ros2_ws/ws_moveit/install/moveit_ros_perception
[0.114s] -- The C compiler identification is GNU 11.4.0
[0.218s] -- The CXX compiler identification is GNU 11.4.0
[0.226s] -- Detecting C compiler ABI info
[0.318s] -- Detecting C compiler ABI info - done
[0.323s] -- Check for working C compiler: /usr/bin/cc - skipped
[0.324s] -- Detecting C compile features
[0.324s] -- Detecting C compile features - done
[0.327s] -- Detecting CXX compiler ABI info
[0.398s] -- Detecting CXX compiler ABI info - done
[0.404s] -- Check for working CXX compiler: /usr/bin/c++ - skipped
[0.404s] -- Detecting CXX compile features
[0.404s] -- Detecting CXX compile features - done
[0.406s] -- Found moveit_common: 2.5.9 (/home/rosuser/ros2_ws/ws_moveit/install/moveit_common/share/moveit_common/cmake)
[0.411s] -- Found ament_cmake: 1.3.11 (/opt/ros/humble/share/ament_cmake/cmake)
[0.546s] -- Found Python3: /usr/bin/python3 (found version "3.10.12") found components: Interpreter 
[0.715s] -- Found OpenGL: /usr/lib/aarch64-linux-gnu/libOpenGL.so   
[0.758s] -- Found GLEW: /usr/include (found version "2.2.0") 
[0.766s] -- Found PkgConfig: /usr/bin/pkg-config (found version "0.29.2") 
[0.766s] -- Checking for module 'glut'
[0.772s] --   No package 'glut' found
[0.774s] -- Found GLUT: /usr/lib/aarch64-linux-gnu/libglut.so  
[0.778s] -- Found cv_bridge: 3.2.1 (/opt/ros/humble/share/cv_bridge/cmake)
[0.826s] -- Found rosidl_generator_c: 3.1.6 (/opt/ros/humble/share/rosidl_generator_c/cmake)
[0.831s] -- Found rosidl_adapter: 3.1.6 (/opt/ros/humble/share/rosidl_adapter/cmake)
[0.840s] -- Found rosidl_generator_cpp: 3.1.6 (/opt/ros/humble/share/rosidl_generator_cpp/cmake)
[0.852s] -- Using all available rosidl_typesupport_c: rosidl_typesupport_fastrtps_c;rosidl_typesupport_introspection_c
[0.868s] -- Using all available rosidl_typesupport_cpp: rosidl_typesupport_fastrtps_cpp;rosidl_typesupport_introspection_cpp
[0.919s] -- Found moveit_core: 2.5.9 (/home/rosuser/ros2_ws/ws_moveit/install/moveit_core/share/moveit_core/cmake)
[1.154s] -- Found Boost: /usr/lib/aarch64-linux-gnu/cmake/Boost-1.74.0/BoostConfig.cmake (found version "1.74.0") found components: chrono date_time filesystem iostreams program_options regex serialization system thread 
[1.204s] -- Found parameter_traits: 0.4.0 (/opt/ros/humble/share/parameter_traits/cmake)
[1.252s] -- Found rmw_implementation_cmake: 6.1.2 (/opt/ros/humble/share/rmw_implementation_cmake/cmake)
[1.255s] -- Found rmw_fastrtps_cpp: 6.2.7 (/opt/ros/humble/share/rmw_fastrtps_cpp/cmake)
[1.348s] -- Found OpenSSL: /usr/lib/aarch64-linux-gnu/libcrypto.so (found version "3.0.2")  
[1.373s] -- Found FastRTPS: /opt/ros/humble/include  
[1.408s] -- Using RMW implementation 'rmw_fastrtps_cpp' as default
[1.417s] -- Found Threads: TRUE  
[1.455s] -- Found Eigen3: TRUE (found version "3.4.0") 
[1.459s] -- Found rclcpp_lifecycle: 16.0.12 (/opt/ros/humble/share/rclcpp_lifecycle/cmake)
[1.478s] -- Found Boost: /usr/lib/aarch64-linux-gnu/cmake/Boost-1.74.0/BoostConfig.cmake (found version "1.74.0") found components: filesystem 
[1.541s] -- library: /usr/lib/aarch64-linux-gnu/libcurl.so
[1.593s] -- Ensuring Eigen3 include directory is part of orocos-kdl CMake target
[1.965s] -- Found image_transport: 3.1.11 (/opt/ros/humble/share/image_transport/cmake)
[1.973s] -- Found moveit_ros_occupancy_map_monitor: 2.5.9 (/home/rosuser/ros2_ws/ws_moveit/install/moveit_ros_occupancy_map_monitor/share/moveit_ros_occupancy_map_monitor/cmake)
[2.507s] -- Found OpenMP_C: -fopenmp (found version "4.5") 
[2.691s] -- Found OpenMP_CXX: -fopenmp (found version "4.5") 
[2.691s] -- Found OpenMP: TRUE (found version "4.5")  
[2.701s] -- Found OpenCV: /usr (found version "4.5.4") 
[2.704s] -- Found Boost: /usr/lib/aarch64-linux-gnu/cmake/Boost-1.74.0/BoostConfig.cmake (found version "1.74.0") found components: thread 
[2.738s] -- Performing Test COMPILER_HAS_HIDDEN_VISIBILITY
[2.902s] -- Performing Test COMPILER_HAS_HIDDEN_VISIBILITY - Success
[2.904s] -- Performing Test COMPILER_HAS_HIDDEN_INLINE_VISIBILITY
[3.065s] -- Performing Test COMPILER_HAS_HIDDEN_INLINE_VISIBILITY - Success
[3.065s] -- Performing Test COMPILER_HAS_DEPRECATED_ATTR
[3.264s] -- Performing Test COMPILER_HAS_DEPRECATED_ATTR - Success
[3.324s] -- Found ament_lint_auto: 0.12.12 (/opt/ros/humble/share/ament_lint_auto/cmake)
[3.366s] -- Added test 'cppcheck' to perform static code analysis on C / C++ code
[3.366s] -- Configured cppcheck include dirs: /home/rosuser/ros2_ws/ws_moveit/src/moveit2/moveit_ros/perception/depth_image_octomap_updater/include;/home/rosuser/ros2_ws/ws_moveit/src/moveit2/moveit_ros/perception/lazy_free_space_updater/include;/home/rosuser/ros2_ws/ws_moveit/src/moveit2/moveit_ros/perception/mesh_filter/include;/home/rosuser/ros2_ws/ws_moveit/src/moveit2/moveit_ros/perception/point_containment_filter/include;/home/rosuser/ros2_ws/ws_moveit/src/moveit2/moveit_ros/perception/pointcloud_octomap_updater/include;/home/rosuser/ros2_ws/ws_moveit/src/moveit2/moveit_ros/perception/semantic_world/include
[3.367s] -- Configured cppcheck exclude dirs and/or files: 
[3.369s] -- Added test 'lint_cmake' to check CMake code style
[3.370s] -- Added test 'xmllint' to check XML markup files
[3.374s] -- Configuring done
[3.563s] -- Generating done
[3.596s] -- Build files have been written to: /home/rosuser/ros2_ws/ws_moveit/build/moveit_ros_perception
[3.612s] Invoked command in '/home/rosuser/ros2_ws/ws_moveit/build/moveit_ros_perception' returned '0': AMENT_PREFIX_PATH=/home/rosuser/ros2_ws/ws_moveit/install/moveit_ros_planning:/home/rosuser/ros2_ws/ws_moveit/install/moveit_ros_occupancy_map_monitor:/home/rosuser/ros2_ws/ws_moveit/install/moveit_core:/home/rosuser/ros2_ws/ws_moveit/install/moveit_resources_panda_moveit_config:/home/rosuser/ros2_ws/ws_moveit/install/moveit_configs_utils:/home/rosuser/ros2_ws/ws_moveit/install/srdfdom:/home/rosuser/ros2_ws/ws_moveit/install/moveit_resources_pr2_description:/home/rosuser/ros2_ws/ws_moveit/install/moveit_resources_panda_description:/home/rosuser/ros2_ws/ws_moveit/install/moveit_common:/home/rosuser/ros2_ws/ws_moveit/install/launch_param_builder:${AMENT_PREFIX_PATH} CMAKE_PREFIX_PATH=/home/rosuser/ros2_ws/ws_moveit/install/moveit_ros_planning:/home/rosuser/ros2_ws/ws_moveit/install/moveit_ros_occupancy_map_monitor:/home/rosuser/ros2_ws/ws_moveit/install/moveit_core:/home/rosuser/ros2_ws/ws_moveit/install/moveit_resources_panda_moveit_config:/home/rosuser/ros2_ws/ws_moveit/install/srdfdom:/home/rosuser/ros2_ws/ws_moveit/install/moveit_resources_pr2_description:/home/rosuser/ros2_ws/ws_moveit/install/moveit_resources_panda_description:/home/rosuser/ros2_ws/ws_moveit/install/moveit_common:/opt/ros/humble LD_LIBRARY_PATH=/home/rosuser/ros2_ws/ws_moveit/install/moveit_ros_planning/lib:/home/rosuser/ros2_ws/ws_moveit/install/moveit_ros_occupancy_map_monitor/lib:/home/rosuser/ros2_ws/ws_moveit/install/moveit_core/lib:/home/rosuser/ros2_ws/ws_moveit/install/srdfdom/lib:${LD_LIBRARY_PATH} PATH=/home/rosuser/ros2_ws/ws_moveit/install/moveit_core/bin:${PATH} PYTHONPATH=/home/rosuser/ros2_ws/ws_moveit/install/moveit_configs_utils/lib/python3.10/site-packages:/home/rosuser/ros2_ws/ws_moveit/install/srdfdom/local/lib/python3.10/dist-packages:/home/rosuser/ros2_ws/ws_moveit/install/launch_param_builder/lib/python3.10/site-packages:${PYTHONPATH} /usr/bin/cmake /home/rosuser/ros2_ws/ws_moveit/src/moveit2/moveit_ros/perception -DCMAKE_BUILD_TYPE=Release -DCMAKE_INSTALL_PREFIX=/home/rosuser/ros2_ws/ws_moveit/install/moveit_ros_perception
[3.615s] Invoking command in '/home/rosuser/ros2_ws/ws_moveit/build/moveit_ros_perception': AMENT_PREFIX_PATH=/home/rosuser/ros2_ws/ws_moveit/install/moveit_ros_planning:/home/rosuser/ros2_ws/ws_moveit/install/moveit_ros_occupancy_map_monitor:/home/rosuser/ros2_ws/ws_moveit/install/moveit_core:/home/rosuser/ros2_ws/ws_moveit/install/moveit_resources_panda_moveit_config:/home/rosuser/ros2_ws/ws_moveit/install/moveit_configs_utils:/home/rosuser/ros2_ws/ws_moveit/install/srdfdom:/home/rosuser/ros2_ws/ws_moveit/install/moveit_resources_pr2_description:/home/rosuser/ros2_ws/ws_moveit/install/moveit_resources_panda_description:/home/rosuser/ros2_ws/ws_moveit/install/moveit_common:/home/rosuser/ros2_ws/ws_moveit/install/launch_param_builder:${AMENT_PREFIX_PATH} CMAKE_PREFIX_PATH=/home/rosuser/ros2_ws/ws_moveit/install/moveit_ros_planning:/home/rosuser/ros2_ws/ws_moveit/install/moveit_ros_occupancy_map_monitor:/home/rosuser/ros2_ws/ws_moveit/install/moveit_core:/home/rosuser/ros2_ws/ws_moveit/install/moveit_resources_panda_moveit_config:/home/rosuser/ros2_ws/ws_moveit/install/srdfdom:/home/rosuser/ros2_ws/ws_moveit/install/moveit_resources_pr2_description:/home/rosuser/ros2_ws/ws_moveit/install/moveit_resources_panda_description:/home/rosuser/ros2_ws/ws_moveit/install/moveit_common:/opt/ros/humble LD_LIBRARY_PATH=/home/rosuser/ros2_ws/ws_moveit/install/moveit_ros_planning/lib:/home/rosuser/ros2_ws/ws_moveit/install/moveit_ros_occupancy_map_monitor/lib:/home/rosuser/ros2_ws/ws_moveit/install/moveit_core/lib:/home/rosuser/ros2_ws/ws_moveit/install/srdfdom/lib:${LD_LIBRARY_PATH} PATH=/home/rosuser/ros2_ws/ws_moveit/install/moveit_core/bin:${PATH} PYTHONPATH=/home/rosuser/ros2_ws/ws_moveit/install/moveit_configs_utils/lib/python3.10/site-packages:/home/rosuser/ros2_ws/ws_moveit/install/srdfdom/local/lib/python3.10/dist-packages:/home/rosuser/ros2_ws/ws_moveit/install/launch_param_builder/lib/python3.10/site-packages:${PYTHONPATH} /usr/bin/cmake --build /home/rosuser/ros2_ws/ws_moveit/build/moveit_ros_perception -- -j8 -l8
[3.664s] [  5%] [32mBuilding CXX object lazy_free_space_updater/CMakeFiles/moveit_lazy_free_space_updater.dir/src/lazy_free_space_updater.cpp.o[0m
[5.153s] [ 10%] [32m[1mLinking CXX shared library libmoveit_lazy_free_space_updater.so[0m
[5.321s] [ 10%] Built target moveit_lazy_free_space_updater
[5.337s] [ 15%] [32mBuilding CXX object semantic_world/CMakeFiles/moveit_semantic_world.dir/src/semantic_world.cpp.o[0m
[21.824s] [ 20%] [32m[1mLinking CXX shared library libmoveit_semantic_world.so[0m
[22.174s] [ 20%] Built target moveit_semantic_world
[22.205s] [ 25%] [32mBuilding CXX object mesh_filter/CMakeFiles/moveit_mesh_filter.dir/src/mesh_filter_base.cpp.o[0m
[25.398s] [ 30%] [32mBuilding CXX object mesh_filter/CMakeFiles/moveit_mesh_filter.dir/src/gl_mesh.cpp.o[0m
[26.567s] [ 35%] [32mBuilding CXX object mesh_filter/CMakeFiles/moveit_mesh_filter.dir/src/gl_renderer.cpp.o[0m
[27.396s] [ 40%] [32mBuilding CXX object mesh_filter/CMakeFiles/moveit_mesh_filter.dir/src/stereo_camera_model.cpp.o[0m
[28.442s] [ 45%] [32mBuilding CXX object mesh_filter/CMakeFiles/moveit_mesh_filter.dir/src/sensor_model.cpp.o[0m
[29.504s] [ 50%] [32m[1mLinking CXX shared library libmoveit_mesh_filter.so[0m
[29.709s] [ 50%] Built target moveit_mesh_filter
[29.730s] [ 55%] [32mBuilding CXX object point_containment_filter/CMakeFiles/moveit_point_containment_filter.dir/src/shape_mask.cpp.o[0m
[31.923s] [ 60%] [32m[1mLinking CXX shared library libmoveit_point_containment_filter.so[0m
[32.076s] [ 60%] Built target moveit_point_containment_filter
[32.098s] [ 65%] [32mBuilding CXX object depth_image_octomap_updater/CMakeFiles/moveit_depth_image_octomap_updater_core.dir/src/depth_image_octomap_updater.cpp.o[0m
[37.108s] [ 70%] [32m[1mLinking CXX shared library libmoveit_depth_image_octomap_updater_core.so[0m
[37.269s] [ 70%] Built target moveit_depth_image_octomap_updater_core
[37.283s] [ 75%] [32mBuilding CXX object pointcloud_octomap_updater/CMakeFiles/moveit_pointcloud_octomap_updater_core.dir/src/pointcloud_octomap_updater.cpp.o[0m
[47.375s] [ 80%] [32m[1mLinking CXX shared library libmoveit_pointcloud_octomap_updater_core.so[0m
[47.587s] [ 80%] Built target moveit_pointcloud_octomap_updater_core
[47.604s] [ 85%] [32mBuilding CXX object depth_image_octomap_updater/CMakeFiles/moveit_depth_image_octomap_updater.dir/src/updater_plugin.cpp.o[0m
[47.604s] [ 90%] [32mBuilding CXX object pointcloud_octomap_updater/CMakeFiles/moveit_pointcloud_octomap_updater.dir/src/plugin_init.cpp.o[0m
[51.735s] [ 95%] [32m[1mLinking CXX shared library libmoveit_depth_image_octomap_updater.so[0m
[51.863s] [ 95%] Built target moveit_depth_image_octomap_updater
[52.014s] [100%] [32m[1mLinking CXX shared library libmoveit_pointcloud_octomap_updater.so[0m
[52.156s] [100%] Built target moveit_pointcloud_octomap_updater
[52.167s] Invoked command in '/home/rosuser/ros2_ws/ws_moveit/build/moveit_ros_perception' returned '0': AMENT_PREFIX_PATH=/home/rosuser/ros2_ws/ws_moveit/install/moveit_ros_planning:/home/rosuser/ros2_ws/ws_moveit/install/moveit_ros_occupancy_map_monitor:/home/rosuser/ros2_ws/ws_moveit/install/moveit_core:/home/rosuser/ros2_ws/ws_moveit/install/moveit_resources_panda_moveit_config:/home/rosuser/ros2_ws/ws_moveit/install/moveit_configs_utils:/home/rosuser/ros2_ws/ws_moveit/install/srdfdom:/home/rosuser/ros2_ws/ws_moveit/install/moveit_resources_pr2_description:/home/rosuser/ros2_ws/ws_moveit/install/moveit_resources_panda_description:/home/rosuser/ros2_ws/ws_moveit/install/moveit_common:/home/rosuser/ros2_ws/ws_moveit/install/launch_param_builder:${AMENT_PREFIX_PATH} CMAKE_PREFIX_PATH=/home/rosuser/ros2_ws/ws_moveit/install/moveit_ros_planning:/home/rosuser/ros2_ws/ws_moveit/install/moveit_ros_occupancy_map_monitor:/home/rosuser/ros2_ws/ws_moveit/install/moveit_core:/home/rosuser/ros2_ws/ws_moveit/install/moveit_resources_panda_moveit_config:/home/rosuser/ros2_ws/ws_moveit/install/srdfdom:/home/rosuser/ros2_ws/ws_moveit/install/moveit_resources_pr2_description:/home/rosuser/ros2_ws/ws_moveit/install/moveit_resources_panda_description:/home/rosuser/ros2_ws/ws_moveit/install/moveit_common:/opt/ros/humble LD_LIBRARY_PATH=/home/rosuser/ros2_ws/ws_moveit/install/moveit_ros_planning/lib:/home/rosuser/ros2_ws/ws_moveit/install/moveit_ros_occupancy_map_monitor/lib:/home/rosuser/ros2_ws/ws_moveit/install/moveit_core/lib:/home/rosuser/ros2_ws/ws_moveit/install/srdfdom/lib:${LD_LIBRARY_PATH} PATH=/home/rosuser/ros2_ws/ws_moveit/install/moveit_core/bin:${PATH} PYTHONPATH=/home/rosuser/ros2_ws/ws_moveit/install/moveit_configs_utils/lib/python3.10/site-packages:/home/rosuser/ros2_ws/ws_moveit/install/srdfdom/local/lib/python3.10/dist-packages:/home/rosuser/ros2_ws/ws_moveit/install/launch_param_builder/lib/python3.10/site-packages:${PYTHONPATH} /usr/bin/cmake --build /home/rosuser/ros2_ws/ws_moveit/build/moveit_ros_perception -- -j8 -l8
[52.170s] Invoking command in '/home/rosuser/ros2_ws/ws_moveit/build/moveit_ros_perception': AMENT_PREFIX_PATH=/home/rosuser/ros2_ws/ws_moveit/install/moveit_ros_planning:/home/rosuser/ros2_ws/ws_moveit/install/moveit_ros_occupancy_map_monitor:/home/rosuser/ros2_ws/ws_moveit/install/moveit_core:/home/rosuser/ros2_ws/ws_moveit/install/moveit_resources_panda_moveit_config:/home/rosuser/ros2_ws/ws_moveit/install/moveit_configs_utils:/home/rosuser/ros2_ws/ws_moveit/install/srdfdom:/home/rosuser/ros2_ws/ws_moveit/install/moveit_resources_pr2_description:/home/rosuser/ros2_ws/ws_moveit/install/moveit_resources_panda_description:/home/rosuser/ros2_ws/ws_moveit/install/moveit_common:/home/rosuser/ros2_ws/ws_moveit/install/launch_param_builder:${AMENT_PREFIX_PATH} CMAKE_PREFIX_PATH=/home/rosuser/ros2_ws/ws_moveit/install/moveit_ros_planning:/home/rosuser/ros2_ws/ws_moveit/install/moveit_ros_occupancy_map_monitor:/home/rosuser/ros2_ws/ws_moveit/install/moveit_core:/home/rosuser/ros2_ws/ws_moveit/install/moveit_resources_panda_moveit_config:/home/rosuser/ros2_ws/ws_moveit/install/srdfdom:/home/rosuser/ros2_ws/ws_moveit/install/moveit_resources_pr2_description:/home/rosuser/ros2_ws/ws_moveit/install/moveit_resources_panda_description:/home/rosuser/ros2_ws/ws_moveit/install/moveit_common:/opt/ros/humble LD_LIBRARY_PATH=/home/rosuser/ros2_ws/ws_moveit/install/moveit_ros_planning/lib:/home/rosuser/ros2_ws/ws_moveit/install/moveit_ros_occupancy_map_monitor/lib:/home/rosuser/ros2_ws/ws_moveit/install/moveit_core/lib:/home/rosuser/ros2_ws/ws_moveit/install/srdfdom/lib:${LD_LIBRARY_PATH} PATH=/home/rosuser/ros2_ws/ws_moveit/install/moveit_core/bin:${PATH} PYTHONPATH=/home/rosuser/ros2_ws/ws_moveit/install/moveit_configs_utils/lib/python3.10/site-packages:/home/rosuser/ros2_ws/ws_moveit/install/srdfdom/local/lib/python3.10/dist-packages:/home/rosuser/ros2_ws/ws_moveit/install/launch_param_builder/lib/python3.10/site-packages:${PYTHONPATH} /usr/bin/cmake --install /home/rosuser/ros2_ws/ws_moveit/build/moveit_ros_perception
[52.175s] -- Install configuration: "Release"
[52.176s] -- Installing: /home/rosuser/ros2_ws/ws_moveit/install/moveit_ros_perception/include
[52.177s] -- Installing: /home/rosuser/ros2_ws/ws_moveit/install/moveit_ros_perception/include/moveit
[52.177s] -- Installing: /home/rosuser/ros2_ws/ws_moveit/install/moveit_ros_perception/include/moveit/lazy_free_space_updater
[52.177s] -- Installing: /home/rosuser/ros2_ws/ws_moveit/install/moveit_ros_perception/include/moveit/lazy_free_space_updater/lazy_free_space_updater.h
[52.177s] -- Up-to-date: /home/rosuser/ros2_ws/ws_moveit/install/moveit_ros_perception/include
[52.177s] -- Up-to-date: /home/rosuser/ros2_ws/ws_moveit/install/moveit_ros_perception/include/moveit
[52.177s] -- Installing: /home/rosuser/ros2_ws/ws_moveit/install/moveit_ros_perception/include/moveit/point_containment_filter
[52.177s] -- Installing: /home/rosuser/ros2_ws/ws_moveit/install/moveit_ros_perception/include/moveit/point_containment_filter/shape_mask.h
[52.177s] -- Up-to-date: /home/rosuser/ros2_ws/ws_moveit/install/moveit_ros_perception/include
[52.177s] -- Up-to-date: /home/rosuser/ros2_ws/ws_moveit/install/moveit_ros_perception/include/moveit
[52.177s] -- Installing: /home/rosuser/ros2_ws/ws_moveit/install/moveit_ros_perception/include/moveit/pointcloud_octomap_updater
[52.177s] -- Installing: /home/rosuser/ros2_ws/ws_moveit/install/moveit_ros_perception/include/moveit/pointcloud_octomap_updater/pointcloud_octomap_updater.h
[52.177s] -- Up-to-date: /home/rosuser/ros2_ws/ws_moveit/install/moveit_ros_perception/include
[52.177s] -- Up-to-date: /home/rosuser/ros2_ws/ws_moveit/install/moveit_ros_perception/include/moveit
[52.177s] -- Installing: /home/rosuser/ros2_ws/ws_moveit/install/moveit_ros_perception/include/moveit/mesh_filter
[52.177s] -- Installing: /home/rosuser/ros2_ws/ws_moveit/install/moveit_ros_perception/include/moveit/mesh_filter/gl_mesh.h
[52.177s] -- Installing: /home/rosuser/ros2_ws/ws_moveit/install/moveit_ros_perception/include/moveit/mesh_filter/sensor_model.h
[52.177s] -- Installing: /home/rosuser/ros2_ws/ws_moveit/install/moveit_ros_perception/include/moveit/mesh_filter/gl_renderer.h
[52.178s] -- Installing: /home/rosuser/ros2_ws/ws_moveit/install/moveit_ros_perception/include/moveit/mesh_filter/depth_self_filter_nodelet.h
[52.178s] -- Installing: /home/rosuser/ros2_ws/ws_moveit/install/moveit_ros_perception/include/moveit/mesh_filter/stereo_camera_model.h
[52.178s] -- Installing: /home/rosuser/ros2_ws/ws_moveit/install/moveit_ros_perception/include/moveit/mesh_filter/mesh_filter.h
[52.178s] -- Installing: /home/rosuser/ros2_ws/ws_moveit/install/moveit_ros_perception/include/moveit/mesh_filter/mesh_filter_base.h
[52.178s] -- Installing: /home/rosuser/ros2_ws/ws_moveit/install/moveit_ros_perception/include/moveit/mesh_filter/filter_job.h
[52.178s] -- Installing: /home/rosuser/ros2_ws/ws_moveit/install/moveit_ros_perception/include/moveit/mesh_filter/transform_provider.h
[52.178s] -- Installing: /home/rosuser/ros2_ws/ws_moveit/install/moveit_ros_perception/include/moveit_mesh_filter_export.h
[52.178s] -- Up-to-date: /home/rosuser/ros2_ws/ws_moveit/install/moveit_ros_perception/include
[52.178s] -- Up-to-date: /home/rosuser/ros2_ws/ws_moveit/install/moveit_ros_perception/include/moveit
[52.178s] -- Installing: /home/rosuser/ros2_ws/ws_moveit/install/moveit_ros_perception/include/moveit/depth_image_octomap_updater
[52.178s] -- Installing: /home/rosuser/ros2_ws/ws_moveit/install/moveit_ros_perception/include/moveit/depth_image_octomap_updater/depth_image_octomap_updater.h
[52.178s] -- Up-to-date: /home/rosuser/ros2_ws/ws_moveit/install/moveit_ros_perception/include
[52.179s] -- Up-to-date: /home/rosuser/ros2_ws/ws_moveit/install/moveit_ros_perception/include/moveit
[52.179s] -- Installing: /home/rosuser/ros2_ws/ws_moveit/install/moveit_ros_perception/include/moveit/semantic_world
[52.179s] -- Installing: /home/rosuser/ros2_ws/ws_moveit/install/moveit_ros_perception/include/moveit/semantic_world/semantic_world.h
[52.179s] -- Installing: /home/rosuser/ros2_ws/ws_moveit/install/moveit_ros_perception/lib/libmoveit_depth_image_octomap_updater.so.2.5.9
[52.179s] -- Set runtime path of "/home/rosuser/ros2_ws/ws_moveit/install/moveit_ros_perception/lib/libmoveit_depth_image_octomap_updater.so.2.5.9" to ""
[52.179s] -- Installing: /home/rosuser/ros2_ws/ws_moveit/install/moveit_ros_perception/lib/libmoveit_depth_image_octomap_updater.so
[52.179s] -- Installing: /home/rosuser/ros2_ws/ws_moveit/install/moveit_ros_perception/lib/libmoveit_depth_image_octomap_updater_core.so.2.5.9
[52.180s] -- Set runtime path of "/home/rosuser/ros2_ws/ws_moveit/install/moveit_ros_perception/lib/libmoveit_depth_image_octomap_updater_core.so.2.5.9" to ""
[52.180s] -- Installing: /home/rosuser/ros2_ws/ws_moveit/install/moveit_ros_perception/lib/libmoveit_depth_image_octomap_updater_core.so
[52.180s] -- Installing: /home/rosuser/ros2_ws/ws_moveit/install/moveit_ros_perception/lib/libmoveit_lazy_free_space_updater.so.2.5.9
[52.180s] -- Set runtime path of "/home/rosuser/ros2_ws/ws_moveit/install/moveit_ros_perception/lib/libmoveit_lazy_free_space_updater.so.2.5.9" to ""
[52.180s] -- Installing: /home/rosuser/ros2_ws/ws_moveit/install/moveit_ros_perception/lib/libmoveit_lazy_free_space_updater.so
[52.180s] -- Installing: /home/rosuser/ros2_ws/ws_moveit/install/moveit_ros_perception/lib/libmoveit_mesh_filter.so.2.5.9
[52.181s] -- Set runtime path of "/home/rosuser/ros2_ws/ws_moveit/install/moveit_ros_perception/lib/libmoveit_mesh_filter.so.2.5.9" to ""
[52.181s] -- Installing: /home/rosuser/ros2_ws/ws_moveit/install/moveit_ros_perception/lib/libmoveit_mesh_filter.so
[52.181s] -- Installing: /home/rosuser/ros2_ws/ws_moveit/install/moveit_ros_perception/lib/libmoveit_point_containment_filter.so.2.5.9
[52.181s] -- Set runtime path of "/home/rosuser/ros2_ws/ws_moveit/install/moveit_ros_perception/lib/libmoveit_point_containment_filter.so.2.5.9" to ""
[52.181s] -- Installing: /home/rosuser/ros2_ws/ws_moveit/install/moveit_ros_perception/lib/libmoveit_point_containment_filter.so
[52.181s] -- Installing: /home/rosuser/ros2_ws/ws_moveit/install/moveit_ros_perception/lib/libmoveit_pointcloud_octomap_updater.so.2.5.9
[52.181s] -- Set runtime path of "/home/rosuser/ros2_ws/ws_moveit/install/moveit_ros_perception/lib/libmoveit_pointcloud_octomap_updater.so.2.5.9" to ""
[52.181s] -- Installing: /home/rosuser/ros2_ws/ws_moveit/install/moveit_ros_perception/lib/libmoveit_pointcloud_octomap_updater.so
[52.182s] -- Installing: /home/rosuser/ros2_ws/ws_moveit/install/moveit_ros_perception/lib/libmoveit_pointcloud_octomap_updater_core.so.2.5.9
[52.183s] -- Set runtime path of "/home/rosuser/ros2_ws/ws_moveit/install/moveit_ros_perception/lib/libmoveit_pointcloud_octomap_updater_core.so.2.5.9" to ""
[52.183s] -- Installing: /home/rosuser/ros2_ws/ws_moveit/install/moveit_ros_perception/lib/libmoveit_pointcloud_octomap_updater_core.so
[52.183s] -- Installing: /home/rosuser/ros2_ws/ws_moveit/install/moveit_ros_perception/lib/libmoveit_semantic_world.so.2.5.9
[52.185s] -- Set runtime path of "/home/rosuser/ros2_ws/ws_moveit/install/moveit_ros_perception/lib/libmoveit_semantic_world.so.2.5.9" to ""
[52.185s] -- Installing: /home/rosuser/ros2_ws/ws_moveit/install/moveit_ros_perception/lib/libmoveit_semantic_world.so
[52.185s] -- Installing: /home/rosuser/ros2_ws/ws_moveit/install/moveit_ros_perception/share/moveit_ros_perception/environment/library_path.sh
[52.186s] -- Installing: /home/rosuser/ros2_ws/ws_moveit/install/moveit_ros_perception/share/moveit_ros_perception/environment/library_path.dsv
[52.186s] -- Installing: /home/rosuser/ros2_ws/ws_moveit/install/moveit_ros_perception/share/moveit_ros_perception/pointcloud_octomap_updater_plugin_description.xml
[52.186s] -- Installing: /home/rosuser/ros2_ws/ws_moveit/install/moveit_ros_perception/share/moveit_ros_perception/depth_image_octomap_updater_plugin_description.xml
[52.186s] -- Installing: /home/rosuser/ros2_ws/ws_moveit/install/moveit_ros_perception/share/ament_index/resource_index/package_run_dependencies/moveit_ros_perception
[52.186s] -- Installing: /home/rosuser/ros2_ws/ws_moveit/install/moveit_ros_perception/share/ament_index/resource_index/parent_prefix_path/moveit_ros_perception
[52.186s] -- Installing: /home/rosuser/ros2_ws/ws_moveit/install/moveit_ros_perception/share/moveit_ros_perception/environment/ament_prefix_path.sh
[52.186s] -- Installing: /home/rosuser/ros2_ws/ws_moveit/install/moveit_ros_perception/share/moveit_ros_perception/environment/ament_prefix_path.dsv
[52.186s] -- Installing: /home/rosuser/ros2_ws/ws_moveit/install/moveit_ros_perception/share/moveit_ros_perception/environment/path.sh
[52.186s] -- Installing: /home/rosuser/ros2_ws/ws_moveit/install/moveit_ros_perception/share/moveit_ros_perception/environment/path.dsv
[52.187s] -- Installing: /home/rosuser/ros2_ws/ws_moveit/install/moveit_ros_perception/share/moveit_ros_perception/local_setup.bash
[52.187s] -- Installing: /home/rosuser/ros2_ws/ws_moveit/install/moveit_ros_perception/share/moveit_ros_perception/local_setup.sh
[52.187s] -- Installing: /home/rosuser/ros2_ws/ws_moveit/install/moveit_ros_perception/share/moveit_ros_perception/local_setup.zsh
[52.187s] -- Installing: /home/rosuser/ros2_ws/ws_moveit/install/moveit_ros_perception/share/moveit_ros_perception/local_setup.dsv
[52.187s] -- Installing: /home/rosuser/ros2_ws/ws_moveit/install/moveit_ros_perception/share/moveit_ros_perception/package.dsv
[52.187s] -- Installing: /home/rosuser/ros2_ws/ws_moveit/install/moveit_ros_perception/share/ament_index/resource_index/packages/moveit_ros_perception
[52.188s] -- Installing: /home/rosuser/ros2_ws/ws_moveit/install/moveit_ros_perception/share/ament_index/resource_index/moveit_ros_occupancy_map_monitor__pluginlib__plugin/moveit_ros_perception
[52.188s] -- Installing: /home/rosuser/ros2_ws/ws_moveit/install/moveit_ros_perception/share/moveit_ros_perception/cmake/export_moveit_ros_perceptionExport.cmake
[52.188s] -- Installing: /home/rosuser/ros2_ws/ws_moveit/install/moveit_ros_perception/share/moveit_ros_perception/cmake/export_moveit_ros_perceptionExport-release.cmake
[52.188s] -- Installing: /home/rosuser/ros2_ws/ws_moveit/install/moveit_ros_perception/share/moveit_ros_perception/cmake/ConfigExtras.cmake
[52.188s] -- Installing: /home/rosuser/ros2_ws/ws_moveit/install/moveit_ros_perception/share/moveit_ros_perception/cmake/ament_cmake_export_targets-extras.cmake
[52.188s] -- Installing: /home/rosuser/ros2_ws/ws_moveit/install/moveit_ros_perception/share/moveit_ros_perception/cmake/ament_cmake_export_dependencies-extras.cmake
[52.188s] -- Installing: /home/rosuser/ros2_ws/ws_moveit/install/moveit_ros_perception/share/moveit_ros_perception/cmake/moveit_ros_perceptionConfig.cmake
[52.188s] -- Installing: /home/rosuser/ros2_ws/ws_moveit/install/moveit_ros_perception/share/moveit_ros_perception/cmake/moveit_ros_perceptionConfig-version.cmake
[52.188s] -- Installing: /home/rosuser/ros2_ws/ws_moveit/install/moveit_ros_perception/share/moveit_ros_perception/package.xml
[52.191s] Invoked command in '/home/rosuser/ros2_ws/ws_moveit/build/moveit_ros_perception' returned '0': AMENT_PREFIX_PATH=/home/rosuser/ros2_ws/ws_moveit/install/moveit_ros_planning:/home/rosuser/ros2_ws/ws_moveit/install/moveit_ros_occupancy_map_monitor:/home/rosuser/ros2_ws/ws_moveit/install/moveit_core:/home/rosuser/ros2_ws/ws_moveit/install/moveit_resources_panda_moveit_config:/home/rosuser/ros2_ws/ws_moveit/install/moveit_configs_utils:/home/rosuser/ros2_ws/ws_moveit/install/srdfdom:/home/rosuser/ros2_ws/ws_moveit/install/moveit_resources_pr2_description:/home/rosuser/ros2_ws/ws_moveit/install/moveit_resources_panda_description:/home/rosuser/ros2_ws/ws_moveit/install/moveit_common:/home/rosuser/ros2_ws/ws_moveit/install/launch_param_builder:${AMENT_PREFIX_PATH} CMAKE_PREFIX_PATH=/home/rosuser/ros2_ws/ws_moveit/install/moveit_ros_planning:/home/rosuser/ros2_ws/ws_moveit/install/moveit_ros_occupancy_map_monitor:/home/rosuser/ros2_ws/ws_moveit/install/moveit_core:/home/rosuser/ros2_ws/ws_moveit/install/moveit_resources_panda_moveit_config:/home/rosuser/ros2_ws/ws_moveit/install/srdfdom:/home/rosuser/ros2_ws/ws_moveit/install/moveit_resources_pr2_description:/home/rosuser/ros2_ws/ws_moveit/install/moveit_resources_panda_description:/home/rosuser/ros2_ws/ws_moveit/install/moveit_common:/opt/ros/humble LD_LIBRARY_PATH=/home/rosuser/ros2_ws/ws_moveit/install/moveit_ros_planning/lib:/home/rosuser/ros2_ws/ws_moveit/install/moveit_ros_occupancy_map_monitor/lib:/home/rosuser/ros2_ws/ws_moveit/install/moveit_core/lib:/home/rosuser/ros2_ws/ws_moveit/install/srdfdom/lib:${LD_LIBRARY_PATH} PATH=/home/rosuser/ros2_ws/ws_moveit/install/moveit_core/bin:${PATH} PYTHONPATH=/home/rosuser/ros2_ws/ws_moveit/install/moveit_configs_utils/lib/python3.10/site-packages:/home/rosuser/ros2_ws/ws_moveit/install/srdfdom/local/lib/python3.10/dist-packages:/home/rosuser/ros2_ws/ws_moveit/install/launch_param_builder/lib/python3.10/site-packages:${PYTHONPATH} /usr/bin/cmake --install /home/rosuser/ros2_ws/ws_moveit/build/moveit_ros_perception
