[0.006s] Invoking command in '/home/rosuser/ros2_ws/ws_moveit/build/srdfdom': CMAKE_PREFIX_PATH=/opt/ros/humble /usr/bin/cmake /home/rosuser/ros2_ws/ws_moveit/src/srdfdom -DCMAKE_BUILD_TYPE=Release -DCMAKE_INSTALL_PREFIX=/home/rosuser/ros2_ws/ws_moveit/install/srdfdom
[0.072s] -- The CXX compiler identification is GNU 11.4.0
[0.079s] -- Detecting CXX compiler ABI info
[0.143s] -- Detecting CXX compiler ABI info - done
[0.148s] -- Check for working CXX compiler: /usr/bin/c++ - skipped
[0.149s] -- Detecting CXX compile features
[0.149s] -- Detecting CXX compile features - done
[0.156s] -- Found Boost: /usr/lib/aarch64-linux-gnu/cmake/Boost-1.74.0/BoostConfig.cmake (found version "1.74.0")  
[0.165s] -- Found ament_cmake: 1.3.11 (/opt/ros/humble/share/ament_cmake/cmake)
[0.268s] -- Found Python3: /usr/bin/python3 (found version "3.10.12") found components: Interpreter 
[0.342s] -- Found urdf: 2.6.1 (/opt/ros/humble/share/urdf/cmake)
[0.373s] -- Found TinyXML2 via Config file: TinyXML2_DIR-NOTFOUND
[0.419s] -- Found ament_cmake_gtest: 1.3.11 (/opt/ros/humble/share/ament_cmake_gtest/cmake)
[0.421s] -- Found ament_cmake_pytest: 1.3.11 (/opt/ros/humble/share/ament_cmake_pytest/cmake)
[0.625s] -- Locale nl_NL not available. Locale test will not be meaningful.
[0.626s] -- Found gtest sources under '/opt/ros/humble/src/gtest_vendor': C++ tests using 'Google Test' will be built
[0.663s] -- The C compiler identification is GNU 11.4.0
[0.667s] -- Detecting C compiler ABI info
[0.711s] -- Detecting C compiler ABI info - done
[0.716s] -- Check for working C compiler: /usr/bin/cc - skipped
[0.716s] -- Detecting C compile features
[0.716s] -- Detecting C compile features - done
[0.719s] -- Looking for C++ include pthread.h
[0.782s] -- Looking for C++ include pthread.h - found
[0.782s] -- Performing Test CMAKE_HAVE_LIBC_PTHREAD
[0.838s] -- Performing Test CMAKE_HAVE_LIBC_PTHREAD - Success
[0.839s] -- Found Threads: TRUE  
[0.842s] -- Found ament_lint_auto: 0.12.12 (/opt/ros/humble/share/ament_lint_auto/cmake)
[0.856s] -- Configuring done
[0.866s] -- Generating done
[0.869s] -- Build files have been written to: /home/rosuser/ros2_ws/ws_moveit/build/srdfdom
[0.873s] Invoked command in '/home/rosuser/ros2_ws/ws_moveit/build/srdfdom' returned '0': CMAKE_PREFIX_PATH=/opt/ros/humble /usr/bin/cmake /home/rosuser/ros2_ws/ws_moveit/src/srdfdom -DCMAKE_BUILD_TYPE=Release -DCMAKE_INSTALL_PREFIX=/home/rosuser/ros2_ws/ws_moveit/install/srdfdom
[0.875s] Invoking command in '/home/rosuser/ros2_ws/ws_moveit/build/srdfdom': CMAKE_PREFIX_PATH=/opt/ros/humble /usr/bin/cmake --build /home/rosuser/ros2_ws/ws_moveit/build/srdfdom -- -j8 -l8
[0.908s] [  9%] [32mBuilding CXX object CMakeFiles/srdfdom.dir/src/srdf_writer.cpp.o[0m
[0.908s] [ 18%] [32mBuilding CXX object gtest/CMakeFiles/gtest_main.dir/src/gtest_main.cc.o[0m
[0.909s] [ 27%] [32mBuilding CXX object CMakeFiles/srdfdom.dir/src/model.cpp.o[0m
[0.911s] [ 36%] [32mBuilding CXX object gtest/CMakeFiles/gtest.dir/src/gtest-all.cc.o[0m
[0.917s] [ 36%] Built target ament_cmake_python_copy_srdfdom
[1.173s] running egg_info
[1.173s] creating srdfdom.egg-info
[1.173s] writing srdfdom.egg-info/PKG-INFO
[1.174s] writing dependency_links to srdfdom.egg-info/dependency_links.txt
[1.174s] writing top-level names to srdfdom.egg-info/top_level.txt
[1.175s] writing manifest file 'srdfdom.egg-info/SOURCES.txt'
[1.176s] reading manifest file 'srdfdom.egg-info/SOURCES.txt'
[1.177s] writing manifest file 'srdfdom.egg-info/SOURCES.txt'
[1.208s] [ 36%] Built target ament_cmake_python_build_srdfdom_egg
[1.720s] [ 45%] [32m[1mLinking CXX static library libgtest_main.a[0m
[1.753s] [ 45%] Built target gtest_main
[3.670s] [ 54%] [32m[1mLinking CXX shared library libsrdfdom.so[0m
[3.737s] [ 54%] Built target srdfdom
[6.363s] [ 63%] [32m[1mLinking CXX static library libgtest.a[0m
[6.387s] [ 63%] Built target gtest
[6.398s] [ 72%] [32mBuilding CXX object CMakeFiles/test_cpp_C.dir/test/test_parser.cpp.o[0m
[6.399s] [ 81%] [32mBuilding CXX object CMakeFiles/test_cpp_nl_NL.UTF-8.dir/test/test_parser.cpp.o[0m
[7.999s] [ 90%] [32m[1mLinking CXX executable test_cpp_nl_NL.UTF-8[0m
[7.999s] [100%] [32m[1mLinking CXX executable test_cpp_C[0m
[8.063s] [100%] Built target test_cpp_nl_NL.UTF-8
[8.065s] [100%] Built target test_cpp_C
[8.077s] Invoked command in '/home/rosuser/ros2_ws/ws_moveit/build/srdfdom' returned '0': CMAKE_PREFIX_PATH=/opt/ros/humble /usr/bin/cmake --build /home/rosuser/ros2_ws/ws_moveit/build/srdfdom -- -j8 -l8
[8.080s] Invoking command in '/home/rosuser/ros2_ws/ws_moveit/build/srdfdom': CMAKE_PREFIX_PATH=/opt/ros/humble /usr/bin/cmake --install /home/rosuser/ros2_ws/ws_moveit/build/srdfdom
[8.085s] -- Install configuration: "Release"
[8.086s] -- Installing: /home/rosuser/ros2_ws/ws_moveit/install/srdfdom/lib/libsrdfdom.so.2.0.7
[8.086s] -- Set runtime path of "/home/rosuser/ros2_ws/ws_moveit/install/srdfdom/lib/libsrdfdom.so.2.0.7" to ""
[8.086s] -- Installing: /home/rosuser/ros2_ws/ws_moveit/install/srdfdom/lib/libsrdfdom.so
[8.086s] -- Installing: /home/rosuser/ros2_ws/ws_moveit/install/srdfdom/include/srdfdom
[8.086s] -- Installing: /home/rosuser/ros2_ws/ws_moveit/install/srdfdom/include/srdfdom/srdfdom
[8.086s] -- Installing: /home/rosuser/ros2_ws/ws_moveit/install/srdfdom/include/srdfdom/srdfdom/srdf_writer.h
[8.086s] -- Installing: /home/rosuser/ros2_ws/ws_moveit/install/srdfdom/include/srdfdom/srdfdom/model.h
[8.087s] -- Installing: /home/rosuser/ros2_ws/ws_moveit/install/srdfdom/include/srdfdom/srdfdom/visibility_control.h
[8.087s] -- Installing: /home/rosuser/ros2_ws/ws_moveit/install/srdfdom/lib/srdfdom/display_srdf
[8.087s] -- Installing: /home/rosuser/ros2_ws/ws_moveit/install/srdfdom/share/srdfdom/environment/pythonpath.sh
[8.087s] -- Installing: /home/rosuser/ros2_ws/ws_moveit/install/srdfdom/share/srdfdom/environment/pythonpath.dsv
[8.087s] -- Installing: /home/rosuser/ros2_ws/ws_moveit/install/srdfdom/local/lib/python3.10/dist-packages/srdfdom-2.0.7-py3.10.egg-info
[8.087s] -- Installing: /home/rosuser/ros2_ws/ws_moveit/install/srdfdom/local/lib/python3.10/dist-packages/srdfdom-2.0.7-py3.10.egg-info/dependency_links.txt
[8.087s] -- Installing: /home/rosuser/ros2_ws/ws_moveit/install/srdfdom/local/lib/python3.10/dist-packages/srdfdom-2.0.7-py3.10.egg-info/PKG-INFO
[8.087s] -- Installing: /home/rosuser/ros2_ws/ws_moveit/install/srdfdom/local/lib/python3.10/dist-packages/srdfdom-2.0.7-py3.10.egg-info/SOURCES.txt
[8.087s] -- Installing: /home/rosuser/ros2_ws/ws_moveit/install/srdfdom/local/lib/python3.10/dist-packages/srdfdom-2.0.7-py3.10.egg-info/top_level.txt
[8.088s] -- Installing: /home/rosuser/ros2_ws/ws_moveit/install/srdfdom/local/lib/python3.10/dist-packages/srdfdom
[8.088s] -- Installing: /home/rosuser/ros2_ws/ws_moveit/install/srdfdom/local/lib/python3.10/dist-packages/srdfdom/__init__.py
[8.088s] -- Installing: /home/rosuser/ros2_ws/ws_moveit/install/srdfdom/local/lib/python3.10/dist-packages/srdfdom/srdf.py
[8.106s] Listing '/home/rosuser/ros2_ws/ws_moveit/install/srdfdom/local/lib/python3.10/dist-packages/srdfdom'...
[8.106s] Compiling '/home/rosuser/ros2_ws/ws_moveit/install/srdfdom/local/lib/python3.10/dist-packages/srdfdom/__init__.py'...
[8.106s] Compiling '/home/rosuser/ros2_ws/ws_moveit/install/srdfdom/local/lib/python3.10/dist-packages/srdfdom/srdf.py'...
[8.110s] -- Installing: /home/rosuser/ros2_ws/ws_moveit/install/srdfdom/share/srdfdom/environment/library_path.sh
[8.110s] -- Installing: /home/rosuser/ros2_ws/ws_moveit/install/srdfdom/share/srdfdom/environment/library_path.dsv
[8.110s] -- Installing: /home/rosuser/ros2_ws/ws_moveit/install/srdfdom/share/ament_index/resource_index/package_run_dependencies/srdfdom
[8.111s] -- Installing: /home/rosuser/ros2_ws/ws_moveit/install/srdfdom/share/ament_index/resource_index/parent_prefix_path/srdfdom
[8.111s] -- Installing: /home/rosuser/ros2_ws/ws_moveit/install/srdfdom/share/srdfdom/environment/ament_prefix_path.sh
[8.111s] -- Installing: /home/rosuser/ros2_ws/ws_moveit/install/srdfdom/share/srdfdom/environment/ament_prefix_path.dsv
[8.111s] -- Installing: /home/rosuser/ros2_ws/ws_moveit/install/srdfdom/share/srdfdom/environment/path.sh
[8.111s] -- Installing: /home/rosuser/ros2_ws/ws_moveit/install/srdfdom/share/srdfdom/environment/path.dsv
[8.111s] -- Installing: /home/rosuser/ros2_ws/ws_moveit/install/srdfdom/share/srdfdom/local_setup.bash
[8.111s] -- Installing: /home/rosuser/ros2_ws/ws_moveit/install/srdfdom/share/srdfdom/local_setup.sh
[8.111s] -- Installing: /home/rosuser/ros2_ws/ws_moveit/install/srdfdom/share/srdfdom/local_setup.zsh
[8.111s] -- Installing: /home/rosuser/ros2_ws/ws_moveit/install/srdfdom/share/srdfdom/local_setup.dsv
[8.111s] -- Installing: /home/rosuser/ros2_ws/ws_moveit/install/srdfdom/share/srdfdom/package.dsv
[8.111s] -- Installing: /home/rosuser/ros2_ws/ws_moveit/install/srdfdom/share/ament_index/resource_index/packages/srdfdom
[8.112s] -- Installing: /home/rosuser/ros2_ws/ws_moveit/install/srdfdom/share/srdfdom/cmake/srdfdomTargetsExport.cmake
[8.112s] -- Installing: /home/rosuser/ros2_ws/ws_moveit/install/srdfdom/share/srdfdom/cmake/srdfdomTargetsExport-release.cmake
[8.112s] -- Installing: /home/rosuser/ros2_ws/ws_moveit/install/srdfdom/share/srdfdom/cmake/ament_cmake_export_targets-extras.cmake
[8.112s] -- Installing: /home/rosuser/ros2_ws/ws_moveit/install/srdfdom/share/srdfdom/cmake/ament_cmake_export_dependencies-extras.cmake
[8.112s] -- Installing: /home/rosuser/ros2_ws/ws_moveit/install/srdfdom/share/srdfdom/cmake/srdfdomConfig.cmake
[8.112s] -- Installing: /home/rosuser/ros2_ws/ws_moveit/install/srdfdom/share/srdfdom/cmake/srdfdomConfig-version.cmake
[8.112s] -- Installing: /home/rosuser/ros2_ws/ws_moveit/install/srdfdom/share/srdfdom/package.xml
[8.115s] Invoked command in '/home/rosuser/ros2_ws/ws_moveit/build/srdfdom' returned '0': CMAKE_PREFIX_PATH=/opt/ros/humble /usr/bin/cmake --install /home/rosuser/ros2_ws/ws_moveit/build/srdfdom
