[0.083s] Invoking command in '/home/rosuser/ros2_ws/ws_moveit/build/moveit_task_constructor_visualization': AMENT_PREFIX_PATH=/home/rosuser/ros2_ws/ws_moveit/install/moveit_task_constructor_core:/home/rosuser/ros2_ws/ws_moveit/install/moveit_planners:/home/rosuser/ros2_ws/ws_moveit/install/pilz_industrial_motion_planner:/home/rosuser/ros2_ws/ws_moveit/install/moveit_ros_visualization:/home/rosuser/ros2_ws/ws_moveit/install/moveit_resources_prbt_pg70_support:/home/rosuser/ros2_ws/ws_moveit/install/moveit_ros_planning_interface:/home/rosuser/ros2_ws/ws_moveit/install/moveit_resources_prbt_moveit_config:/home/rosuser/ros2_ws/ws_moveit/install/moveit_ros_move_group:/home/rosuser/ros2_ws/ws_moveit/install/moveit_ros_warehouse:/home/rosuser/ros2_ws/ws_moveit/install/moveit_ros_robot_interaction:/home/rosuser/ros2_ws/ws_moveit/install/moveit_planners_ompl:/home/rosuser/ros2_ws/ws_moveit/install/moveit_kinematics:/home/rosuser/ros2_ws/ws_moveit/install/moveit_ros_planning:/home/rosuser/ros2_ws/ws_moveit/install/moveit_planners_chomp:/home/rosuser/ros2_ws/ws_moveit/install/pilz_industrial_motion_planner_testutils:/home/rosuser/ros2_ws/ws_moveit/install/moveit_simple_controller_manager:/home/rosuser/ros2_ws/ws_moveit/install/moveit_ros_occupancy_map_monitor:/home/rosuser/ros2_ws/ws_moveit/install/moveit_resources_prbt_ikfast_manipulator_plugin:/home/rosuser/ros2_ws/ws_moveit/install/chomp_motion_planner:/home/rosuser/ros2_ws/ws_moveit/install/moveit_core:/home/rosuser/ros2_ws/ws_moveit/install/rviz_marker_tools:/home/rosuser/ros2_ws/ws_moveit/install/moveit_resources_panda_moveit_config:/home/rosuser/ros2_ws/ws_moveit/install/moveit_resources_fanuc_moveit_config:/home/rosuser/ros2_ws/ws_moveit/install/moveit_configs_utils:/home/rosuser/ros2_ws/ws_moveit/install/srdfdom:/home/rosuser/ros2_ws/ws_moveit/install/moveit_task_constructor_msgs:/home/rosuser/ros2_ws/ws_moveit/install/moveit_resources_prbt_support:/home/rosuser/ros2_ws/ws_moveit/install/moveit_resources_pr2_description:/home/rosuser/ros2_ws/ws_moveit/install/moveit_resources_panda_description:/home/rosuser/ros2_ws/ws_moveit/install/moveit_resources_fanuc_description:/home/rosuser/ros2_ws/ws_moveit/install/moveit_common:/home/rosuser/ros2_ws/ws_moveit/install/launch_param_builder:${AMENT_PREFIX_PATH} CMAKE_MODULE_PATH=/home/rosuser/ros2_ws/ws_moveit/install/moveit_task_constructor_core/share/moveit_task_constructor_core/cmake CMAKE_PREFIX_PATH=/home/rosuser/ros2_ws/ws_moveit/install/moveit_task_constructor_core:/home/rosuser/ros2_ws/ws_moveit/install/moveit_planners:/home/rosuser/ros2_ws/ws_moveit/install/pilz_industrial_motion_planner:/home/rosuser/ros2_ws/ws_moveit/install/moveit_ros_visualization:/home/rosuser/ros2_ws/ws_moveit/install/moveit_resources_prbt_pg70_support:/home/rosuser/ros2_ws/ws_moveit/install/moveit_ros_planning_interface:/home/rosuser/ros2_ws/ws_moveit/install/moveit_resources_prbt_moveit_config:/home/rosuser/ros2_ws/ws_moveit/install/moveit_ros_move_group:/home/rosuser/ros2_ws/ws_moveit/install/moveit_ros_warehouse:/home/rosuser/ros2_ws/ws_moveit/install/moveit_ros_robot_interaction:/home/rosuser/ros2_ws/ws_moveit/install/moveit_planners_ompl:/home/rosuser/ros2_ws/ws_moveit/install/moveit_kinematics:/home/rosuser/ros2_ws/ws_moveit/install/moveit_ros_planning:/home/rosuser/ros2_ws/ws_moveit/install/moveit_planners_chomp:/home/rosuser/ros2_ws/ws_moveit/install/pilz_industrial_motion_planner_testutils:/home/rosuser/ros2_ws/ws_moveit/install/moveit_simple_controller_manager:/home/rosuser/ros2_ws/ws_moveit/install/moveit_ros_occupancy_map_monitor:/home/rosuser/ros2_ws/ws_moveit/install/moveit_resources_prbt_ikfast_manipulator_plugin:/home/rosuser/ros2_ws/ws_moveit/install/chomp_motion_planner:/home/rosuser/ros2_ws/ws_moveit/install/moveit_core:/home/rosuser/ros2_ws/ws_moveit/install/rviz_marker_tools:/home/rosuser/ros2_ws/ws_moveit/install/moveit_resources_panda_moveit_config:/home/rosuser/ros2_ws/ws_moveit/install/moveit_resources_fanuc_moveit_config:/home/rosuser/ros2_ws/ws_moveit/install/srdfdom:/home/rosuser/ros2_ws/ws_moveit/install/moveit_task_constructor_msgs:/home/rosuser/ros2_ws/ws_moveit/install/moveit_resources_prbt_support:/home/rosuser/ros2_ws/ws_moveit/install/moveit_resources_pr2_description:/home/rosuser/ros2_ws/ws_moveit/install/moveit_resources_panda_description:/home/rosuser/ros2_ws/ws_moveit/install/moveit_resources_fanuc_description:/home/rosuser/ros2_ws/ws_moveit/install/moveit_common:/opt/ros/humble LD_LIBRARY_PATH=/home/rosuser/ros2_ws/ws_moveit/install/moveit_task_constructor_core/lib:/home/rosuser/ros2_ws/ws_moveit/install/pilz_industrial_motion_planner/lib:/home/rosuser/ros2_ws/ws_moveit/install/moveit_ros_visualization/lib:/home/rosuser/ros2_ws/ws_moveit/install/moveit_ros_planning_interface/lib:/home/rosuser/ros2_ws/ws_moveit/install/moveit_ros_move_group/lib:/home/rosuser/ros2_ws/ws_moveit/install/moveit_ros_warehouse/lib:/home/rosuser/ros2_ws/ws_moveit/install/moveit_ros_robot_interaction/lib:/home/rosuser/ros2_ws/ws_moveit/install/moveit_planners_ompl/lib:/home/rosuser/ros2_ws/ws_moveit/install/moveit_kinematics/lib:/home/rosuser/ros2_ws/ws_moveit/install/moveit_ros_planning/lib:/home/rosuser/ros2_ws/ws_moveit/install/moveit_planners_chomp/lib:/home/rosuser/ros2_ws/ws_moveit/install/pilz_industrial_motion_planner_testutils/lib:/home/rosuser/ros2_ws/ws_moveit/install/moveit_simple_controller_manager/lib:/home/rosuser/ros2_ws/ws_moveit/install/moveit_ros_occupancy_map_monitor/lib:/home/rosuser/ros2_ws/ws_moveit/install/moveit_resources_prbt_ikfast_manipulator_plugin/lib:/home/rosuser/ros2_ws/ws_moveit/install/chomp_motion_planner/lib:/home/rosuser/ros2_ws/ws_moveit/install/moveit_core/lib:/home/rosuser/ros2_ws/ws_moveit/install/rviz_marker_tools/lib:/home/rosuser/ros2_ws/ws_moveit/install/srdfdom/lib:/home/rosuser/ros2_ws/ws_moveit/install/moveit_task_constructor_msgs/lib:${LD_LIBRARY_PATH} PATH=/home/rosuser/ros2_ws/ws_moveit/install/moveit_core/bin:${PATH} PYTHONPATH=/home/rosuser/ros2_ws/ws_moveit/install/moveit_task_constructor_core/local/lib/python3.10/dist-packages:/home/rosuser/ros2_ws/ws_moveit/install/moveit_configs_utils/lib/python3.10/site-packages:/home/rosuser/ros2_ws/ws_moveit/install/srdfdom/local/lib/python3.10/dist-packages:/home/rosuser/ros2_ws/ws_moveit/install/moveit_task_constructor_msgs/local/lib/python3.10/dist-packages:/home/rosuser/ros2_ws/ws_moveit/install/launch_param_builder/lib/python3.10/site-packages:${PYTHONPATH} /usr/bin/cmake /home/rosuser/ros2_ws/ws_moveit/src/moveit_task_constructor/visualization -DCMAKE_BUILD_TYPE=Release -DCMAKE_INSTALL_PREFIX=/home/rosuser/ros2_ws/ws_moveit/install/moveit_task_constructor_visualization
[0.147s] -- The C compiler identification is GNU 11.4.0
[0.198s] -- The CXX compiler identification is GNU 11.4.0
[0.205s] -- Detecting C compiler ABI info
[0.275s] -- Detecting C compiler ABI info - done
[0.284s] -- Check for working C compiler: /usr/bin/cc - skipped
[0.284s] -- Detecting C compile features
[0.284s] -- Detecting C compile features - done
[0.287s] -- Detecting CXX compiler ABI info
[0.359s] -- Detecting CXX compiler ABI info - done
[0.365s] -- Check for working CXX compiler: /usr/bin/c++ - skipped
[0.365s] -- Detecting CXX compile features
[0.367s] -- Detecting CXX compile features - done
[0.375s] -- Found ament_cmake: 1.3.11 (/opt/ros/humble/share/ament_cmake/cmake)
[0.502s] -- Found Python3: /usr/bin/python3 (found version "3.10.12") found components: Interpreter 
[0.622s] -- Found Boost: /usr/lib/aarch64-linux-gnu/cmake/Boost-1.74.0/BoostConfig.cmake (found version "1.74.0")  
[0.624s] -- Found moveit_common: 2.5.9 (/home/rosuser/ros2_ws/ws_moveit/install/moveit_common/share/moveit_common/cmake)
[0.697s] -- Found moveit_core: 2.5.9 (/home/rosuser/ros2_ws/ws_moveit/install/moveit_core/share/moveit_core/cmake)
[0.956s] -- Found Boost: /usr/lib/aarch64-linux-gnu/cmake/Boost-1.74.0/BoostConfig.cmake (found version "1.74.0") found components: chrono date_time filesystem iostreams program_options regex serialization system thread 
[1.024s] -- Found parameter_traits: 0.4.0 (/opt/ros/humble/share/parameter_traits/cmake)
[1.076s] -- Found rosidl_generator_c: 3.1.6 (/opt/ros/humble/share/rosidl_generator_c/cmake)
[1.085s] -- Found rosidl_adapter: 3.1.6 (/opt/ros/humble/share/rosidl_adapter/cmake)
[1.098s] -- Found rosidl_generator_cpp: 3.1.6 (/opt/ros/humble/share/rosidl_generator_cpp/cmake)
[1.115s] -- Using all available rosidl_typesupport_c: rosidl_typesupport_fastrtps_c;rosidl_typesupport_introspection_c
[1.138s] -- Using all available rosidl_typesupport_cpp: rosidl_typesupport_fastrtps_cpp;rosidl_typesupport_introspection_cpp
[1.190s] -- Found rmw_implementation_cmake: 6.1.2 (/opt/ros/humble/share/rmw_implementation_cmake/cmake)
[1.195s] -- Found rmw_fastrtps_cpp: 6.2.7 (/opt/ros/humble/share/rmw_fastrtps_cpp/cmake)
[1.289s] -- Found OpenSSL: /usr/lib/aarch64-linux-gnu/libcrypto.so (found version "3.0.2")  
[1.315s] -- Found FastRTPS: /opt/ros/humble/include  
[1.370s] -- Using RMW implementation 'rmw_fastrtps_cpp' as default
[1.384s] -- Found Threads: TRUE  
[1.437s] -- Found Eigen3: TRUE (found version "3.4.0") 
[1.443s] -- Found rclcpp_lifecycle: 16.0.12 (/opt/ros/humble/share/rclcpp_lifecycle/cmake)
[1.467s] -- Found Boost: /usr/lib/aarch64-linux-gnu/cmake/Boost-1.74.0/BoostConfig.cmake (found version "1.74.0") found components: filesystem 
[1.555s] -- library: /usr/lib/aarch64-linux-gnu/libcurl.so
[1.618s] -- Ensuring Eigen3 include directory is part of orocos-kdl CMake target
[1.852s] -- Found moveit_ros_visualization: 2.5.9 (/home/rosuser/ros2_ws/ws_moveit/install/moveit_ros_visualization/share/moveit_ros_visualization/cmake)
[1.854s] -- Found Boost: /usr/lib/aarch64-linux-gnu/cmake/Boost-1.74.0/BoostConfig.cmake (found version "1.74.0") found components: thread date_time system filesystem 
[1.874s] -- Found Boost: /usr/lib/aarch64-linux-gnu/cmake/Boost-1.74.0/BoostConfig.cmake (found version "1.74.0") found components: system filesystem date_time program_options thread chrono 
[1.899s] -- Found Boost: /usr/lib/aarch64-linux-gnu/cmake/Boost-1.74.0/BoostConfig.cmake (found version "1.74.0") found components: date_time filesystem program_options system thread 
[1.910s] -- Found Boost: /usr/lib/aarch64-linux-gnu/cmake/Boost-1.74.0/BoostConfig.cmake (found version "1.74.0") found components: thread system filesystem regex date_time program_options 
[1.927s] -- Found Boost: /usr/lib/aarch64-linux-gnu/cmake/Boost-1.74.0/BoostConfig.cmake (found version "1.74.0") found components: system filesystem date_time program_options thread 
[1.984s] -- Setting OGRE_DIR to: '/opt/ros/humble/share/rviz_ogre_vendor/cmake/../../../opt/rviz_ogre_vendor/lib/OGRE/cmake'
[1.986s] -- Found OGRE
[1.986s] --   static     : OFF
[1.986s] --   components : HLMS;MeshLodGenerator;Overlay;Paging;Property;RTShaderSystem;Terrain;Volume
[1.986s] --   plugins    : Plugin_BSPSceneManager;Plugin_OctreeSceneManager;Plugin_PCZSceneManager;Plugin_ParticleFX;RenderSystem_GL;RenderSystem_GL3Plus;Codec_STBI
[1.986s] --   media      : /opt/ros/humble/opt/rviz_ogre_vendor/share/OGRE/Media
[1.986s] -- OGRE_LIBRARIES: OgreHLMS;OgreMeshLodGenerator;OgreOverlay;OgrePaging;OgreProperty;OgreRTShaderSystem;OgreTerrain;OgreVolume;OgreMain
[1.986s] -- OGRE_LIBRARY_DIRS: /opt/ros/humble/opt/rviz_ogre_vendor/lib
[1.986s] -- OGRE_PLUGINS: Plugin_BSPSceneManager;Plugin_OctreeSceneManager;Plugin_PCZSceneManager;Plugin_ParticleFX;RenderSystem_GL;RenderSystem_GL3Plus;Codec_STBI
[1.986s] -- OGRE_PLUGIN_DIR: /opt/ros/humble/opt/rviz_ogre_vendor/lib/OGRE
[1.986s] -- rviz_ogre_vendor::OgreOverlay for IMPORTED_LOCATION_RELEASE: /opt/ros/humble/opt/rviz_ogre_vendor/lib/libOgreOverlay.so
[1.986s] -- rviz_ogre_vendor::OgreOverlay for IMPORTED_LOCATION_DEBUG: /opt/ros/humble/opt/rviz_ogre_vendor/lib/libOgreOverlay.so
[1.986s] -- rviz_ogre_vendor::OgreMain for IMPORTED_LOCATION_RELEASE: /opt/ros/humble/opt/rviz_ogre_vendor/lib/libOgreMain.so
[1.986s] -- rviz_ogre_vendor::OgreMain for IMPORTED_LOCATION_DEBUG: /opt/ros/humble/opt/rviz_ogre_vendor/lib/libOgreMain.so
[1.987s] -- Could not find freeimage library
[2.001s] -- Found ZLIB: /usr/lib/aarch64-linux-gnu/libz.so (found version "1.2.11") 
[2.008s] -- Found OpenGL: /usr/lib/aarch64-linux-gnu/libOpenGL.so   
[2.083s] -- Found X11: /usr/include   
[2.084s] -- Looking for XOpenDisplay in /usr/lib/aarch64-linux-gnu/libX11.so;/usr/lib/aarch64-linux-gnu/libXext.so
[2.175s] -- Looking for XOpenDisplay in /usr/lib/aarch64-linux-gnu/libX11.so;/usr/lib/aarch64-linux-gnu/libXext.so - found
[2.175s] -- Looking for gethostbyname
[2.260s] -- Looking for gethostbyname - found
[2.260s] -- Looking for connect
[2.335s] -- Looking for connect - found
[2.335s] -- Looking for remove
[2.412s] -- Looking for remove - found
[2.412s] -- Looking for shmat
[2.489s] -- Looking for shmat - found
[2.489s] -- Looking for IceConnectionNumber in ICE
[2.566s] -- Looking for IceConnectionNumber in ICE - found
[2.605s] -- Setting assimp_DIR to: '/opt/ros/humble/share/rviz_assimp_vendor/cmake/../../../opt/rviz_assimp_vendor/lib/cmake/assimp-4.1'
[2.704s] -- Found moveit_task_constructor_core: 0.1.3 (/home/rosuser/ros2_ws/ws_moveit/install/moveit_task_constructor_core/share/moveit_task_constructor_core/cmake)
[2.763s] -- Found PkgConfig: /usr/bin/pkg-config (found version "0.29.2") 
[2.764s] -- Checking for module 'yaml-0.1'
[2.778s] --   Found yaml-0.1, version 0.2.2
[2.811s] -- Found ament_cmake_gtest: 1.3.11 (/opt/ros/humble/share/ament_cmake_gtest/cmake)
[2.816s] -- Found ament_cmake_gmock: 1.3.11 (/opt/ros/humble/share/ament_cmake_gmock/cmake)
[2.820s] -- Found launch_testing_ament_cmake: 1.0.8 (/opt/ros/humble/share/launch_testing_ament_cmake/cmake)
[2.824s] -- Found python_cmake_module: 0.10.0 (/opt/ros/humble/share/python_cmake_module/cmake)
[2.840s] -- Found PythonInterp: /usr/bin/python3 (found suitable version "3.10.12", minimum required is "3.6") 
[2.846s] -- Found PythonLibs: /usr/lib/aarch64-linux-gnu/libpython3.10.so (found suitable version "3.10.12", minimum required is "3.5") 
[2.847s] -- Using PYTHON_EXECUTABLE: /usr/bin/python3
[2.847s] -- Using PYTHON_INCLUDE_DIRS: /usr/include/python3.10
[2.847s] -- Using PYTHON_LIBRARIES: /usr/lib/aarch64-linux-gnu/libpython3.10.so
[2.869s] -- Found PythonExtra: .so  
[2.878s] -- Found gtest sources under '/opt/ros/humble/src/gtest_vendor': C++ tests using 'Google Test' will be built
[2.891s] -- Found gmock sources under '/opt/ros/humble/src/gmock_vendor': C++ tests using 'Google Mock' will be built
[2.906s] -- Configuring done
[3.098s] -- Generating done
[3.122s] -- Build files have been written to: /home/rosuser/ros2_ws/ws_moveit/build/moveit_task_constructor_visualization
[3.137s] Invoked command in '/home/rosuser/ros2_ws/ws_moveit/build/moveit_task_constructor_visualization' returned '0': AMENT_PREFIX_PATH=/home/rosuser/ros2_ws/ws_moveit/install/moveit_task_constructor_core:/home/rosuser/ros2_ws/ws_moveit/install/moveit_planners:/home/rosuser/ros2_ws/ws_moveit/install/pilz_industrial_motion_planner:/home/rosuser/ros2_ws/ws_moveit/install/moveit_ros_visualization:/home/rosuser/ros2_ws/ws_moveit/install/moveit_resources_prbt_pg70_support:/home/rosuser/ros2_ws/ws_moveit/install/moveit_ros_planning_interface:/home/rosuser/ros2_ws/ws_moveit/install/moveit_resources_prbt_moveit_config:/home/rosuser/ros2_ws/ws_moveit/install/moveit_ros_move_group:/home/rosuser/ros2_ws/ws_moveit/install/moveit_ros_warehouse:/home/rosuser/ros2_ws/ws_moveit/install/moveit_ros_robot_interaction:/home/rosuser/ros2_ws/ws_moveit/install/moveit_planners_ompl:/home/rosuser/ros2_ws/ws_moveit/install/moveit_kinematics:/home/rosuser/ros2_ws/ws_moveit/install/moveit_ros_planning:/home/rosuser/ros2_ws/ws_moveit/install/moveit_planners_chomp:/home/rosuser/ros2_ws/ws_moveit/install/pilz_industrial_motion_planner_testutils:/home/rosuser/ros2_ws/ws_moveit/install/moveit_simple_controller_manager:/home/rosuser/ros2_ws/ws_moveit/install/moveit_ros_occupancy_map_monitor:/home/rosuser/ros2_ws/ws_moveit/install/moveit_resources_prbt_ikfast_manipulator_plugin:/home/rosuser/ros2_ws/ws_moveit/install/chomp_motion_planner:/home/rosuser/ros2_ws/ws_moveit/install/moveit_core:/home/rosuser/ros2_ws/ws_moveit/install/rviz_marker_tools:/home/rosuser/ros2_ws/ws_moveit/install/moveit_resources_panda_moveit_config:/home/rosuser/ros2_ws/ws_moveit/install/moveit_resources_fanuc_moveit_config:/home/rosuser/ros2_ws/ws_moveit/install/moveit_configs_utils:/home/rosuser/ros2_ws/ws_moveit/install/srdfdom:/home/rosuser/ros2_ws/ws_moveit/install/moveit_task_constructor_msgs:/home/rosuser/ros2_ws/ws_moveit/install/moveit_resources_prbt_support:/home/rosuser/ros2_ws/ws_moveit/install/moveit_resources_pr2_description:/home/rosuser/ros2_ws/ws_moveit/install/moveit_resources_panda_description:/home/rosuser/ros2_ws/ws_moveit/install/moveit_resources_fanuc_description:/home/rosuser/ros2_ws/ws_moveit/install/moveit_common:/home/rosuser/ros2_ws/ws_moveit/install/launch_param_builder:${AMENT_PREFIX_PATH} CMAKE_MODULE_PATH=/home/rosuser/ros2_ws/ws_moveit/install/moveit_task_constructor_core/share/moveit_task_constructor_core/cmake CMAKE_PREFIX_PATH=/home/rosuser/ros2_ws/ws_moveit/install/moveit_task_constructor_core:/home/rosuser/ros2_ws/ws_moveit/install/moveit_planners:/home/rosuser/ros2_ws/ws_moveit/install/pilz_industrial_motion_planner:/home/rosuser/ros2_ws/ws_moveit/install/moveit_ros_visualization:/home/rosuser/ros2_ws/ws_moveit/install/moveit_resources_prbt_pg70_support:/home/rosuser/ros2_ws/ws_moveit/install/moveit_ros_planning_interface:/home/rosuser/ros2_ws/ws_moveit/install/moveit_resources_prbt_moveit_config:/home/rosuser/ros2_ws/ws_moveit/install/moveit_ros_move_group:/home/rosuser/ros2_ws/ws_moveit/install/moveit_ros_warehouse:/home/rosuser/ros2_ws/ws_moveit/install/moveit_ros_robot_interaction:/home/rosuser/ros2_ws/ws_moveit/install/moveit_planners_ompl:/home/rosuser/ros2_ws/ws_moveit/install/moveit_kinematics:/home/rosuser/ros2_ws/ws_moveit/install/moveit_ros_planning:/home/rosuser/ros2_ws/ws_moveit/install/moveit_planners_chomp:/home/rosuser/ros2_ws/ws_moveit/install/pilz_industrial_motion_planner_testutils:/home/rosuser/ros2_ws/ws_moveit/install/moveit_simple_controller_manager:/home/rosuser/ros2_ws/ws_moveit/install/moveit_ros_occupancy_map_monitor:/home/rosuser/ros2_ws/ws_moveit/install/moveit_resources_prbt_ikfast_manipulator_plugin:/home/rosuser/ros2_ws/ws_moveit/install/chomp_motion_planner:/home/rosuser/ros2_ws/ws_moveit/install/moveit_core:/home/rosuser/ros2_ws/ws_moveit/install/rviz_marker_tools:/home/rosuser/ros2_ws/ws_moveit/install/moveit_resources_panda_moveit_config:/home/rosuser/ros2_ws/ws_moveit/install/moveit_resources_fanuc_moveit_config:/home/rosuser/ros2_ws/ws_moveit/install/srdfdom:/home/rosuser/ros2_ws/ws_moveit/install/moveit_task_constructor_msgs:/home/rosuser/ros2_ws/ws_moveit/install/moveit_resources_prbt_support:/home/rosuser/ros2_ws/ws_moveit/install/moveit_resources_pr2_description:/home/rosuser/ros2_ws/ws_moveit/install/moveit_resources_panda_description:/home/rosuser/ros2_ws/ws_moveit/install/moveit_resources_fanuc_description:/home/rosuser/ros2_ws/ws_moveit/install/moveit_common:/opt/ros/humble LD_LIBRARY_PATH=/home/rosuser/ros2_ws/ws_moveit/install/moveit_task_constructor_core/lib:/home/rosuser/ros2_ws/ws_moveit/install/pilz_industrial_motion_planner/lib:/home/rosuser/ros2_ws/ws_moveit/install/moveit_ros_visualization/lib:/home/rosuser/ros2_ws/ws_moveit/install/moveit_ros_planning_interface/lib:/home/rosuser/ros2_ws/ws_moveit/install/moveit_ros_move_group/lib:/home/rosuser/ros2_ws/ws_moveit/install/moveit_ros_warehouse/lib:/home/rosuser/ros2_ws/ws_moveit/install/moveit_ros_robot_interaction/lib:/home/rosuser/ros2_ws/ws_moveit/install/moveit_planners_ompl/lib:/home/rosuser/ros2_ws/ws_moveit/install/moveit_kinematics/lib:/home/rosuser/ros2_ws/ws_moveit/install/moveit_ros_planning/lib:/home/rosuser/ros2_ws/ws_moveit/install/moveit_planners_chomp/lib:/home/rosuser/ros2_ws/ws_moveit/install/pilz_industrial_motion_planner_testutils/lib:/home/rosuser/ros2_ws/ws_moveit/install/moveit_simple_controller_manager/lib:/home/rosuser/ros2_ws/ws_moveit/install/moveit_ros_occupancy_map_monitor/lib:/home/rosuser/ros2_ws/ws_moveit/install/moveit_resources_prbt_ikfast_manipulator_plugin/lib:/home/rosuser/ros2_ws/ws_moveit/install/chomp_motion_planner/lib:/home/rosuser/ros2_ws/ws_moveit/install/moveit_core/lib:/home/rosuser/ros2_ws/ws_moveit/install/rviz_marker_tools/lib:/home/rosuser/ros2_ws/ws_moveit/install/srdfdom/lib:/home/rosuser/ros2_ws/ws_moveit/install/moveit_task_constructor_msgs/lib:${LD_LIBRARY_PATH} PATH=/home/rosuser/ros2_ws/ws_moveit/install/moveit_core/bin:${PATH} PYTHONPATH=/home/rosuser/ros2_ws/ws_moveit/install/moveit_task_constructor_core/local/lib/python3.10/dist-packages:/home/rosuser/ros2_ws/ws_moveit/install/moveit_configs_utils/lib/python3.10/site-packages:/home/rosuser/ros2_ws/ws_moveit/install/srdfdom/local/lib/python3.10/dist-packages:/home/rosuser/ros2_ws/ws_moveit/install/moveit_task_constructor_msgs/local/lib/python3.10/dist-packages:/home/rosuser/ros2_ws/ws_moveit/install/launch_param_builder/lib/python3.10/site-packages:${PYTHONPATH} /usr/bin/cmake /home/rosuser/ros2_ws/ws_moveit/src/moveit_task_constructor/visualization -DCMAKE_BUILD_TYPE=Release -DCMAKE_INSTALL_PREFIX=/home/rosuser/ros2_ws/ws_moveit/install/moveit_task_constructor_visualization
[3.139s] Invoking command in '/home/rosuser/ros2_ws/ws_moveit/build/moveit_task_constructor_visualization': AMENT_PREFIX_PATH=/home/rosuser/ros2_ws/ws_moveit/install/moveit_task_constructor_core:/home/rosuser/ros2_ws/ws_moveit/install/moveit_planners:/home/rosuser/ros2_ws/ws_moveit/install/pilz_industrial_motion_planner:/home/rosuser/ros2_ws/ws_moveit/install/moveit_ros_visualization:/home/rosuser/ros2_ws/ws_moveit/install/moveit_resources_prbt_pg70_support:/home/rosuser/ros2_ws/ws_moveit/install/moveit_ros_planning_interface:/home/rosuser/ros2_ws/ws_moveit/install/moveit_resources_prbt_moveit_config:/home/rosuser/ros2_ws/ws_moveit/install/moveit_ros_move_group:/home/rosuser/ros2_ws/ws_moveit/install/moveit_ros_warehouse:/home/rosuser/ros2_ws/ws_moveit/install/moveit_ros_robot_interaction:/home/rosuser/ros2_ws/ws_moveit/install/moveit_planners_ompl:/home/rosuser/ros2_ws/ws_moveit/install/moveit_kinematics:/home/rosuser/ros2_ws/ws_moveit/install/moveit_ros_planning:/home/rosuser/ros2_ws/ws_moveit/install/moveit_planners_chomp:/home/rosuser/ros2_ws/ws_moveit/install/pilz_industrial_motion_planner_testutils:/home/rosuser/ros2_ws/ws_moveit/install/moveit_simple_controller_manager:/home/rosuser/ros2_ws/ws_moveit/install/moveit_ros_occupancy_map_monitor:/home/rosuser/ros2_ws/ws_moveit/install/moveit_resources_prbt_ikfast_manipulator_plugin:/home/rosuser/ros2_ws/ws_moveit/install/chomp_motion_planner:/home/rosuser/ros2_ws/ws_moveit/install/moveit_core:/home/rosuser/ros2_ws/ws_moveit/install/rviz_marker_tools:/home/rosuser/ros2_ws/ws_moveit/install/moveit_resources_panda_moveit_config:/home/rosuser/ros2_ws/ws_moveit/install/moveit_resources_fanuc_moveit_config:/home/rosuser/ros2_ws/ws_moveit/install/moveit_configs_utils:/home/rosuser/ros2_ws/ws_moveit/install/srdfdom:/home/rosuser/ros2_ws/ws_moveit/install/moveit_task_constructor_msgs:/home/rosuser/ros2_ws/ws_moveit/install/moveit_resources_prbt_support:/home/rosuser/ros2_ws/ws_moveit/install/moveit_resources_pr2_description:/home/rosuser/ros2_ws/ws_moveit/install/moveit_resources_panda_description:/home/rosuser/ros2_ws/ws_moveit/install/moveit_resources_fanuc_description:/home/rosuser/ros2_ws/ws_moveit/install/moveit_common:/home/rosuser/ros2_ws/ws_moveit/install/launch_param_builder:${AMENT_PREFIX_PATH} CMAKE_MODULE_PATH=/home/rosuser/ros2_ws/ws_moveit/install/moveit_task_constructor_core/share/moveit_task_constructor_core/cmake CMAKE_PREFIX_PATH=/home/rosuser/ros2_ws/ws_moveit/install/moveit_task_constructor_core:/home/rosuser/ros2_ws/ws_moveit/install/moveit_planners:/home/rosuser/ros2_ws/ws_moveit/install/pilz_industrial_motion_planner:/home/rosuser/ros2_ws/ws_moveit/install/moveit_ros_visualization:/home/rosuser/ros2_ws/ws_moveit/install/moveit_resources_prbt_pg70_support:/home/rosuser/ros2_ws/ws_moveit/install/moveit_ros_planning_interface:/home/rosuser/ros2_ws/ws_moveit/install/moveit_resources_prbt_moveit_config:/home/rosuser/ros2_ws/ws_moveit/install/moveit_ros_move_group:/home/rosuser/ros2_ws/ws_moveit/install/moveit_ros_warehouse:/home/rosuser/ros2_ws/ws_moveit/install/moveit_ros_robot_interaction:/home/rosuser/ros2_ws/ws_moveit/install/moveit_planners_ompl:/home/rosuser/ros2_ws/ws_moveit/install/moveit_kinematics:/home/rosuser/ros2_ws/ws_moveit/install/moveit_ros_planning:/home/rosuser/ros2_ws/ws_moveit/install/moveit_planners_chomp:/home/rosuser/ros2_ws/ws_moveit/install/pilz_industrial_motion_planner_testutils:/home/rosuser/ros2_ws/ws_moveit/install/moveit_simple_controller_manager:/home/rosuser/ros2_ws/ws_moveit/install/moveit_ros_occupancy_map_monitor:/home/rosuser/ros2_ws/ws_moveit/install/moveit_resources_prbt_ikfast_manipulator_plugin:/home/rosuser/ros2_ws/ws_moveit/install/chomp_motion_planner:/home/rosuser/ros2_ws/ws_moveit/install/moveit_core:/home/rosuser/ros2_ws/ws_moveit/install/rviz_marker_tools:/home/rosuser/ros2_ws/ws_moveit/install/moveit_resources_panda_moveit_config:/home/rosuser/ros2_ws/ws_moveit/install/moveit_resources_fanuc_moveit_config:/home/rosuser/ros2_ws/ws_moveit/install/srdfdom:/home/rosuser/ros2_ws/ws_moveit/install/moveit_task_constructor_msgs:/home/rosuser/ros2_ws/ws_moveit/install/moveit_resources_prbt_support:/home/rosuser/ros2_ws/ws_moveit/install/moveit_resources_pr2_description:/home/rosuser/ros2_ws/ws_moveit/install/moveit_resources_panda_description:/home/rosuser/ros2_ws/ws_moveit/install/moveit_resources_fanuc_description:/home/rosuser/ros2_ws/ws_moveit/install/moveit_common:/opt/ros/humble LD_LIBRARY_PATH=/home/rosuser/ros2_ws/ws_moveit/install/moveit_task_constructor_core/lib:/home/rosuser/ros2_ws/ws_moveit/install/pilz_industrial_motion_planner/lib:/home/rosuser/ros2_ws/ws_moveit/install/moveit_ros_visualization/lib:/home/rosuser/ros2_ws/ws_moveit/install/moveit_ros_planning_interface/lib:/home/rosuser/ros2_ws/ws_moveit/install/moveit_ros_move_group/lib:/home/rosuser/ros2_ws/ws_moveit/install/moveit_ros_warehouse/lib:/home/rosuser/ros2_ws/ws_moveit/install/moveit_ros_robot_interaction/lib:/home/rosuser/ros2_ws/ws_moveit/install/moveit_planners_ompl/lib:/home/rosuser/ros2_ws/ws_moveit/install/moveit_kinematics/lib:/home/rosuser/ros2_ws/ws_moveit/install/moveit_ros_planning/lib:/home/rosuser/ros2_ws/ws_moveit/install/moveit_planners_chomp/lib:/home/rosuser/ros2_ws/ws_moveit/install/pilz_industrial_motion_planner_testutils/lib:/home/rosuser/ros2_ws/ws_moveit/install/moveit_simple_controller_manager/lib:/home/rosuser/ros2_ws/ws_moveit/install/moveit_ros_occupancy_map_monitor/lib:/home/rosuser/ros2_ws/ws_moveit/install/moveit_resources_prbt_ikfast_manipulator_plugin/lib:/home/rosuser/ros2_ws/ws_moveit/install/chomp_motion_planner/lib:/home/rosuser/ros2_ws/ws_moveit/install/moveit_core/lib:/home/rosuser/ros2_ws/ws_moveit/install/rviz_marker_tools/lib:/home/rosuser/ros2_ws/ws_moveit/install/srdfdom/lib:/home/rosuser/ros2_ws/ws_moveit/install/moveit_task_constructor_msgs/lib:${LD_LIBRARY_PATH} PATH=/home/rosuser/ros2_ws/ws_moveit/install/moveit_core/bin:${PATH} PYTHONPATH=/home/rosuser/ros2_ws/ws_moveit/install/moveit_task_constructor_core/local/lib/python3.10/dist-packages:/home/rosuser/ros2_ws/ws_moveit/install/moveit_configs_utils/lib/python3.10/site-packages:/home/rosuser/ros2_ws/ws_moveit/install/srdfdom/local/lib/python3.10/dist-packages:/home/rosuser/ros2_ws/ws_moveit/install/moveit_task_constructor_msgs/local/lib/python3.10/dist-packages:/home/rosuser/ros2_ws/ws_moveit/install/launch_param_builder/lib/python3.10/site-packages:${PYTHONPATH} /usr/bin/cmake --build /home/rosuser/ros2_ws/ws_moveit/build/moveit_task_constructor_visualization -- -j8 -l8
[3.194s] [  1%] [34m[1mAutomatic MOC for target moveit_task_visualization_tools[0m
[3.195s] [  3%] [34m[1mAutomatic MOC for target motion_planning_tasks_utils[0m
[3.196s] [  4%] [34m[1mAutomatic MOC for target gtest_main[0m
[3.198s] [  6%] [34m[1mAutomatic MOC for target gtest[0m
[3.199s] [  7%] [34m[1mAutomatic MOC for target motion_planning_tasks_properties[0m
[3.213s] [  9%] [34m[1mAutomatic MOC for target gmock[0m
[3.216s] [ 10%] [34m[1mAutomatic MOC for target gmock_main[0m
[3.242s] [ 10%] Built target gtest_autogen
[3.248s] [ 10%] Built target gtest_main_autogen
[3.253s] [ 10%] Built target motion_planning_tasks_properties_autogen
[3.263s] [ 10%] Built target gmock_autogen
[3.275s] [ 10%] Built target gmock_main_autogen
[3.290s] [ 12%] [32mBuilding CXX object motion_planning_tasks/properties/CMakeFiles/motion_planning_tasks_properties.dir/motion_planning_tasks_properties_autogen/mocs_compilation.cpp.o[0m
[3.291s] [ 13%] [32mBuilding CXX object gtest/CMakeFiles/gtest_main.dir/gtest_main_autogen/mocs_compilation.cpp.o[0m
[3.297s] [ 15%] [32mBuilding CXX object gmock/CMakeFiles/gmock.dir/gmock_autogen/mocs_compilation.cpp.o[0m
[3.311s] [ 16%] [32mBuilding CXX object gtest/CMakeFiles/gtest.dir/gtest_autogen/mocs_compilation.cpp.o[0m
[3.311s] [ 18%] [32mBuilding CXX object motion_planning_tasks/properties/CMakeFiles/motion_planning_tasks_properties.dir/property_factory.cpp.o[0m
[3.323s] [ 20%] [32mBuilding CXX object gmock/CMakeFiles/gmock_main.dir/gmock_main_autogen/mocs_compilation.cpp.o[0m
[3.348s] [ 21%] [32mBuilding CXX object motion_planning_tasks/properties/CMakeFiles/motion_planning_tasks_properties.dir/property_from_yaml.cpp.o[0m
[3.348s] [ 23%] [32mBuilding CXX object gmock/CMakeFiles/gmock.dir/opt/ros/humble/src/gtest_vendor/src/gtest-all.cc.o[0m
[3.348s] [ 24%] [32mBuilding CXX object gtest/CMakeFiles/gtest_main.dir/src/gtest_main.cc.o[0m
[3.377s] [ 26%] [32mBuilding CXX object gmock/CMakeFiles/gmock_main.dir/src/gmock_main.cc.o[0m
[3.379s] [ 27%] [32mBuilding CXX object gtest/CMakeFiles/gtest.dir/src/gtest-all.cc.o[0m
[3.768s] [ 27%] Built target motion_planning_tasks_utils_autogen
[3.839s] [ 29%] [32mBuilding CXX object motion_planning_tasks/utils/CMakeFiles/motion_planning_tasks_utils.dir/motion_planning_tasks_utils_autogen/mocs_compilation.cpp.o[0m
[3.902s] [ 30%] [32mBuilding CXX object motion_planning_tasks/utils/CMakeFiles/motion_planning_tasks_utils.dir/flat_merge_proxy_model.cpp.o[0m
[4.810s] [ 30%] Built target moveit_task_visualization_tools_autogen
[4.849s] [ 32%] [32mBuilding CXX object motion_planning_tasks/utils/CMakeFiles/motion_planning_tasks_utils.dir/tree_merge_proxy_model.cpp.o[0m
[5.505s] [ 33%] [32m[1mLinking CXX static library libgtest_main.a[0m
[5.665s] [ 33%] Built target gtest_main
[5.724s] [ 35%] [32mBuilding CXX object gmock/CMakeFiles/gmock.dir/src/gmock-all.cc.o[0m
[6.453s] [ 36%] [32m[1mLinking CXX static library libgmock_main.a[0m
[6.542s] [ 36%] Built target gmock_main
[6.574s] [ 38%] [32mBuilding CXX object motion_planning_tasks/utils/CMakeFiles/motion_planning_tasks_utils.dir/icon.cpp.o[0m
[6.810s] [ 40%] [32mBuilding CXX object visualization_tools/CMakeFiles/moveit_task_visualization_tools.dir/moveit_task_visualization_tools_autogen/mocs_compilation.cpp.o[0m
[8.873s] [ 41%] [32mBuilding CXX object visualization_tools/CMakeFiles/moveit_task_visualization_tools.dir/src/display_solution.cpp.o[0m
[10.219s] [ 43%] [32mBuilding CXX object visualization_tools/CMakeFiles/moveit_task_visualization_tools.dir/src/marker_visualization.cpp.o[0m
[10.471s] [ 44%] [32m[1mLinking CXX shared library libmotion_planning_tasks_utils.so[0m
[11.289s] [ 44%] Built target motion_planning_tasks_utils
[11.324s] [ 46%] [32mBuilding CXX object visualization_tools/CMakeFiles/moveit_task_visualization_tools.dir/src/task_solution_panel.cpp.o[0m
[13.937s] [ 47%] [32m[1mLinking CXX shared library libmotion_planning_tasks_properties.so[0m
[14.670s] [ 49%] [32mBuilding CXX object visualization_tools/CMakeFiles/moveit_task_visualization_tools.dir/src/task_solution_visualization.cpp.o[0m
[16.405s] [ 49%] Built target motion_planning_tasks_properties
[26.567s] [ 50%] [32m[1mLinking CXX static library libgtest.a[0m
[26.645s] [ 52%] [32m[1mLinking CXX static library libgmock.a[0m
[26.660s] [ 52%] Built target gtest
[26.704s] [ 53%] [34m[1mAutomatic MOC for target moveit_task_constructor_visualization-test-merge-models[0m
[26.763s] [ 53%] Built target gmock
[26.794s] [ 53%] Built target moveit_task_constructor_visualization-test-merge-models_autogen
[26.840s] [ 55%] [32mBuilding CXX object motion_planning_tasks/test/CMakeFiles/moveit_task_constructor_visualization-test-merge-models.dir/test_merge_models.cpp.o[0m
[26.840s] [ 56%] [32mBuilding CXX object motion_planning_tasks/test/CMakeFiles/moveit_task_constructor_visualization-test-merge-models.dir/moveit_task_constructor_visualization-test-merge-models_autogen/mocs_compilation.cpp.o[0m
[32.852s] [ 58%] [32m[1mLinking CXX executable moveit_task_constructor_visualization-test-merge-models[0m
[33.579s] [ 58%] Built target moveit_task_constructor_visualization-test-merge-models
[43.399s] [ 60%] [32m[1mLinking CXX shared library libmoveit_task_visualization_tools.so[0m
[46.380s] [ 60%] Built target moveit_task_visualization_tools
[46.416s] [ 61%] [34m[1mAutomatic MOC for target motion_planning_tasks_rviz_plugin[0m
[49.056s] [ 61%] Built target motion_planning_tasks_rviz_plugin_autogen
[49.068s] [ 63%] [34m[1mGenerating ui_task_view.h[0m
[49.068s] [ 64%] [34m[1mAutomatic RCC for resources.qrc[0m
[49.113s] [ 66%] [34m[1mGenerating ui_task_panel.h[0m
[49.144s] [ 67%] [34m[1mGenerating ui_global_settings.h[0m
[49.165s] [ 69%] [32mBuilding CXX object motion_planning_tasks/src/CMakeFiles/motion_planning_tasks_rviz_plugin.dir/motion_planning_tasks_rviz_plugin_autogen/mocs_compilation.cpp.o[0m
[49.166s] [ 70%] [32mBuilding CXX object motion_planning_tasks/src/CMakeFiles/motion_planning_tasks_rviz_plugin.dir/factory_model.cpp.o[0m
[50.179s] [ 73%] [32mBuilding CXX object motion_planning_tasks/src/CMakeFiles/motion_planning_tasks_rviz_plugin.dir/plugin_init.cpp.o[0m
[50.180s] [ 73%] [32mBuilding CXX object motion_planning_tasks/src/CMakeFiles/motion_planning_tasks_rviz_plugin.dir/remote_task_model.cpp.o[0m
[51.208s] [ 75%] [32mBuilding CXX object motion_planning_tasks/src/CMakeFiles/motion_planning_tasks_rviz_plugin.dir/local_task_model.cpp.o[0m
[51.209s] [ 76%] [32mBuilding CXX object motion_planning_tasks/src/CMakeFiles/motion_planning_tasks_rviz_plugin.dir/meta_task_list_model.cpp.o[0m
[51.216s] [ 78%] [32mBuilding CXX object motion_planning_tasks/src/CMakeFiles/motion_planning_tasks_rviz_plugin.dir/job_queue.cpp.o[0m
[52.276s] [ 80%] [32mBuilding CXX object motion_planning_tasks/src/CMakeFiles/motion_planning_tasks_rviz_plugin.dir/task_display.cpp.o[0m
[52.278s] [ 81%] [32mBuilding CXX object motion_planning_tasks/src/CMakeFiles/motion_planning_tasks_rviz_plugin.dir/icons.cpp.o[0m
[54.169s] [ 83%] [32mBuilding CXX object motion_planning_tasks/src/CMakeFiles/motion_planning_tasks_rviz_plugin.dir/task_list_model.cpp.o[0m
[113.271s] [ 86%] [32mBuilding CXX object motion_planning_tasks/src/CMakeFiles/motion_planning_tasks_rviz_plugin.dir/motion_planning_tasks_rviz_plugin_autogen/EWIEGA46WW/qrc_resources.cpp.o[0m
[113.271s] [ 86%] [32mBuilding CXX object motion_planning_tasks/src/CMakeFiles/motion_planning_tasks_rviz_plugin.dir/task_panel.cpp.o[0m
[123.450s] [ 87%] [32m[1mLinking CXX shared library libmotion_planning_tasks_rviz_plugin.so[0m
[125.527s] [ 87%] Built target motion_planning_tasks_rviz_plugin
[125.556s] [ 90%] [34m[1mAutomatic MOC for target moveit_task_constructor_visualization-test-solution-models[0m
[125.556s] [ 90%] [34m[1mAutomatic MOC for target moveit_task_constructor_visualization-test-task_model[0m
[125.589s] [ 90%] Built target moveit_task_constructor_visualization-test-task_model_autogen
[125.589s] [ 90%] Built target moveit_task_constructor_visualization-test-solution-models_autogen
[125.609s] [ 92%] [32mBuilding CXX object motion_planning_tasks/test/CMakeFiles/moveit_task_constructor_visualization-test-task_model.dir/moveit_task_constructor_visualization-test-task_model_autogen/mocs_compilation.cpp.o[0m
[125.609s] [ 93%] [32mBuilding CXX object motion_planning_tasks/test/CMakeFiles/moveit_task_constructor_visualization-test-task_model.dir/test_task_model.cpp.o[0m
[130.489s] [ 95%] [32m[1mLinking CXX executable moveit_task_constructor_visualization-test-task_model[0m
[131.046s] [ 95%] Built target moveit_task_constructor_visualization-test-task_model
[131.073s] [ 96%] [32mBuilding CXX object motion_planning_tasks/test/CMakeFiles/moveit_task_constructor_visualization-test-solution-models.dir/test_solution_models.cpp.o[0m
[131.075s] [ 98%] [32mBuilding CXX object motion_planning_tasks/test/CMakeFiles/moveit_task_constructor_visualization-test-solution-models.dir/moveit_task_constructor_visualization-test-solution-models_autogen/mocs_compilation.cpp.o[0m
[135.227s] [100%] [32m[1mLinking CXX executable moveit_task_constructor_visualization-test-solution-models[0m
[135.721s] [100%] Built target moveit_task_constructor_visualization-test-solution-models
[135.736s] Invoked command in '/home/rosuser/ros2_ws/ws_moveit/build/moveit_task_constructor_visualization' returned '0': AMENT_PREFIX_PATH=/home/rosuser/ros2_ws/ws_moveit/install/moveit_task_constructor_core:/home/rosuser/ros2_ws/ws_moveit/install/moveit_planners:/home/rosuser/ros2_ws/ws_moveit/install/pilz_industrial_motion_planner:/home/rosuser/ros2_ws/ws_moveit/install/moveit_ros_visualization:/home/rosuser/ros2_ws/ws_moveit/install/moveit_resources_prbt_pg70_support:/home/rosuser/ros2_ws/ws_moveit/install/moveit_ros_planning_interface:/home/rosuser/ros2_ws/ws_moveit/install/moveit_resources_prbt_moveit_config:/home/rosuser/ros2_ws/ws_moveit/install/moveit_ros_move_group:/home/rosuser/ros2_ws/ws_moveit/install/moveit_ros_warehouse:/home/rosuser/ros2_ws/ws_moveit/install/moveit_ros_robot_interaction:/home/rosuser/ros2_ws/ws_moveit/install/moveit_planners_ompl:/home/rosuser/ros2_ws/ws_moveit/install/moveit_kinematics:/home/rosuser/ros2_ws/ws_moveit/install/moveit_ros_planning:/home/rosuser/ros2_ws/ws_moveit/install/moveit_planners_chomp:/home/rosuser/ros2_ws/ws_moveit/install/pilz_industrial_motion_planner_testutils:/home/rosuser/ros2_ws/ws_moveit/install/moveit_simple_controller_manager:/home/rosuser/ros2_ws/ws_moveit/install/moveit_ros_occupancy_map_monitor:/home/rosuser/ros2_ws/ws_moveit/install/moveit_resources_prbt_ikfast_manipulator_plugin:/home/rosuser/ros2_ws/ws_moveit/install/chomp_motion_planner:/home/rosuser/ros2_ws/ws_moveit/install/moveit_core:/home/rosuser/ros2_ws/ws_moveit/install/rviz_marker_tools:/home/rosuser/ros2_ws/ws_moveit/install/moveit_resources_panda_moveit_config:/home/rosuser/ros2_ws/ws_moveit/install/moveit_resources_fanuc_moveit_config:/home/rosuser/ros2_ws/ws_moveit/install/moveit_configs_utils:/home/rosuser/ros2_ws/ws_moveit/install/srdfdom:/home/rosuser/ros2_ws/ws_moveit/install/moveit_task_constructor_msgs:/home/rosuser/ros2_ws/ws_moveit/install/moveit_resources_prbt_support:/home/rosuser/ros2_ws/ws_moveit/install/moveit_resources_pr2_description:/home/rosuser/ros2_ws/ws_moveit/install/moveit_resources_panda_description:/home/rosuser/ros2_ws/ws_moveit/install/moveit_resources_fanuc_description:/home/rosuser/ros2_ws/ws_moveit/install/moveit_common:/home/rosuser/ros2_ws/ws_moveit/install/launch_param_builder:${AMENT_PREFIX_PATH} CMAKE_MODULE_PATH=/home/rosuser/ros2_ws/ws_moveit/install/moveit_task_constructor_core/share/moveit_task_constructor_core/cmake CMAKE_PREFIX_PATH=/home/rosuser/ros2_ws/ws_moveit/install/moveit_task_constructor_core:/home/rosuser/ros2_ws/ws_moveit/install/moveit_planners:/home/rosuser/ros2_ws/ws_moveit/install/pilz_industrial_motion_planner:/home/rosuser/ros2_ws/ws_moveit/install/moveit_ros_visualization:/home/rosuser/ros2_ws/ws_moveit/install/moveit_resources_prbt_pg70_support:/home/rosuser/ros2_ws/ws_moveit/install/moveit_ros_planning_interface:/home/rosuser/ros2_ws/ws_moveit/install/moveit_resources_prbt_moveit_config:/home/rosuser/ros2_ws/ws_moveit/install/moveit_ros_move_group:/home/rosuser/ros2_ws/ws_moveit/install/moveit_ros_warehouse:/home/rosuser/ros2_ws/ws_moveit/install/moveit_ros_robot_interaction:/home/rosuser/ros2_ws/ws_moveit/install/moveit_planners_ompl:/home/rosuser/ros2_ws/ws_moveit/install/moveit_kinematics:/home/rosuser/ros2_ws/ws_moveit/install/moveit_ros_planning:/home/rosuser/ros2_ws/ws_moveit/install/moveit_planners_chomp:/home/rosuser/ros2_ws/ws_moveit/install/pilz_industrial_motion_planner_testutils:/home/rosuser/ros2_ws/ws_moveit/install/moveit_simple_controller_manager:/home/rosuser/ros2_ws/ws_moveit/install/moveit_ros_occupancy_map_monitor:/home/rosuser/ros2_ws/ws_moveit/install/moveit_resources_prbt_ikfast_manipulator_plugin:/home/rosuser/ros2_ws/ws_moveit/install/chomp_motion_planner:/home/rosuser/ros2_ws/ws_moveit/install/moveit_core:/home/rosuser/ros2_ws/ws_moveit/install/rviz_marker_tools:/home/rosuser/ros2_ws/ws_moveit/install/moveit_resources_panda_moveit_config:/home/rosuser/ros2_ws/ws_moveit/install/moveit_resources_fanuc_moveit_config:/home/rosuser/ros2_ws/ws_moveit/install/srdfdom:/home/rosuser/ros2_ws/ws_moveit/install/moveit_task_constructor_msgs:/home/rosuser/ros2_ws/ws_moveit/install/moveit_resources_prbt_support:/home/rosuser/ros2_ws/ws_moveit/install/moveit_resources_pr2_description:/home/rosuser/ros2_ws/ws_moveit/install/moveit_resources_panda_description:/home/rosuser/ros2_ws/ws_moveit/install/moveit_resources_fanuc_description:/home/rosuser/ros2_ws/ws_moveit/install/moveit_common:/opt/ros/humble LD_LIBRARY_PATH=/home/rosuser/ros2_ws/ws_moveit/install/moveit_task_constructor_core/lib:/home/rosuser/ros2_ws/ws_moveit/install/pilz_industrial_motion_planner/lib:/home/rosuser/ros2_ws/ws_moveit/install/moveit_ros_visualization/lib:/home/rosuser/ros2_ws/ws_moveit/install/moveit_ros_planning_interface/lib:/home/rosuser/ros2_ws/ws_moveit/install/moveit_ros_move_group/lib:/home/rosuser/ros2_ws/ws_moveit/install/moveit_ros_warehouse/lib:/home/rosuser/ros2_ws/ws_moveit/install/moveit_ros_robot_interaction/lib:/home/rosuser/ros2_ws/ws_moveit/install/moveit_planners_ompl/lib:/home/rosuser/ros2_ws/ws_moveit/install/moveit_kinematics/lib:/home/rosuser/ros2_ws/ws_moveit/install/moveit_ros_planning/lib:/home/rosuser/ros2_ws/ws_moveit/install/moveit_planners_chomp/lib:/home/rosuser/ros2_ws/ws_moveit/install/pilz_industrial_motion_planner_testutils/lib:/home/rosuser/ros2_ws/ws_moveit/install/moveit_simple_controller_manager/lib:/home/rosuser/ros2_ws/ws_moveit/install/moveit_ros_occupancy_map_monitor/lib:/home/rosuser/ros2_ws/ws_moveit/install/moveit_resources_prbt_ikfast_manipulator_plugin/lib:/home/rosuser/ros2_ws/ws_moveit/install/chomp_motion_planner/lib:/home/rosuser/ros2_ws/ws_moveit/install/moveit_core/lib:/home/rosuser/ros2_ws/ws_moveit/install/rviz_marker_tools/lib:/home/rosuser/ros2_ws/ws_moveit/install/srdfdom/lib:/home/rosuser/ros2_ws/ws_moveit/install/moveit_task_constructor_msgs/lib:${LD_LIBRARY_PATH} PATH=/home/rosuser/ros2_ws/ws_moveit/install/moveit_core/bin:${PATH} PYTHONPATH=/home/rosuser/ros2_ws/ws_moveit/install/moveit_task_constructor_core/local/lib/python3.10/dist-packages:/home/rosuser/ros2_ws/ws_moveit/install/moveit_configs_utils/lib/python3.10/site-packages:/home/rosuser/ros2_ws/ws_moveit/install/srdfdom/local/lib/python3.10/dist-packages:/home/rosuser/ros2_ws/ws_moveit/install/moveit_task_constructor_msgs/local/lib/python3.10/dist-packages:/home/rosuser/ros2_ws/ws_moveit/install/launch_param_builder/lib/python3.10/site-packages:${PYTHONPATH} /usr/bin/cmake --build /home/rosuser/ros2_ws/ws_moveit/build/moveit_task_constructor_visualization -- -j8 -l8
[135.739s] Invoking command in '/home/rosuser/ros2_ws/ws_moveit/build/moveit_task_constructor_visualization': AMENT_PREFIX_PATH=/home/rosuser/ros2_ws/ws_moveit/install/moveit_task_constructor_core:/home/rosuser/ros2_ws/ws_moveit/install/moveit_planners:/home/rosuser/ros2_ws/ws_moveit/install/pilz_industrial_motion_planner:/home/rosuser/ros2_ws/ws_moveit/install/moveit_ros_visualization:/home/rosuser/ros2_ws/ws_moveit/install/moveit_resources_prbt_pg70_support:/home/rosuser/ros2_ws/ws_moveit/install/moveit_ros_planning_interface:/home/rosuser/ros2_ws/ws_moveit/install/moveit_resources_prbt_moveit_config:/home/rosuser/ros2_ws/ws_moveit/install/moveit_ros_move_group:/home/rosuser/ros2_ws/ws_moveit/install/moveit_ros_warehouse:/home/rosuser/ros2_ws/ws_moveit/install/moveit_ros_robot_interaction:/home/rosuser/ros2_ws/ws_moveit/install/moveit_planners_ompl:/home/rosuser/ros2_ws/ws_moveit/install/moveit_kinematics:/home/rosuser/ros2_ws/ws_moveit/install/moveit_ros_planning:/home/rosuser/ros2_ws/ws_moveit/install/moveit_planners_chomp:/home/rosuser/ros2_ws/ws_moveit/install/pilz_industrial_motion_planner_testutils:/home/rosuser/ros2_ws/ws_moveit/install/moveit_simple_controller_manager:/home/rosuser/ros2_ws/ws_moveit/install/moveit_ros_occupancy_map_monitor:/home/rosuser/ros2_ws/ws_moveit/install/moveit_resources_prbt_ikfast_manipulator_plugin:/home/rosuser/ros2_ws/ws_moveit/install/chomp_motion_planner:/home/rosuser/ros2_ws/ws_moveit/install/moveit_core:/home/rosuser/ros2_ws/ws_moveit/install/rviz_marker_tools:/home/rosuser/ros2_ws/ws_moveit/install/moveit_resources_panda_moveit_config:/home/rosuser/ros2_ws/ws_moveit/install/moveit_resources_fanuc_moveit_config:/home/rosuser/ros2_ws/ws_moveit/install/moveit_configs_utils:/home/rosuser/ros2_ws/ws_moveit/install/srdfdom:/home/rosuser/ros2_ws/ws_moveit/install/moveit_task_constructor_msgs:/home/rosuser/ros2_ws/ws_moveit/install/moveit_resources_prbt_support:/home/rosuser/ros2_ws/ws_moveit/install/moveit_resources_pr2_description:/home/rosuser/ros2_ws/ws_moveit/install/moveit_resources_panda_description:/home/rosuser/ros2_ws/ws_moveit/install/moveit_resources_fanuc_description:/home/rosuser/ros2_ws/ws_moveit/install/moveit_common:/home/rosuser/ros2_ws/ws_moveit/install/launch_param_builder:${AMENT_PREFIX_PATH} CMAKE_MODULE_PATH=/home/rosuser/ros2_ws/ws_moveit/install/moveit_task_constructor_core/share/moveit_task_constructor_core/cmake CMAKE_PREFIX_PATH=/home/rosuser/ros2_ws/ws_moveit/install/moveit_task_constructor_core:/home/rosuser/ros2_ws/ws_moveit/install/moveit_planners:/home/rosuser/ros2_ws/ws_moveit/install/pilz_industrial_motion_planner:/home/rosuser/ros2_ws/ws_moveit/install/moveit_ros_visualization:/home/rosuser/ros2_ws/ws_moveit/install/moveit_resources_prbt_pg70_support:/home/rosuser/ros2_ws/ws_moveit/install/moveit_ros_planning_interface:/home/rosuser/ros2_ws/ws_moveit/install/moveit_resources_prbt_moveit_config:/home/rosuser/ros2_ws/ws_moveit/install/moveit_ros_move_group:/home/rosuser/ros2_ws/ws_moveit/install/moveit_ros_warehouse:/home/rosuser/ros2_ws/ws_moveit/install/moveit_ros_robot_interaction:/home/rosuser/ros2_ws/ws_moveit/install/moveit_planners_ompl:/home/rosuser/ros2_ws/ws_moveit/install/moveit_kinematics:/home/rosuser/ros2_ws/ws_moveit/install/moveit_ros_planning:/home/rosuser/ros2_ws/ws_moveit/install/moveit_planners_chomp:/home/rosuser/ros2_ws/ws_moveit/install/pilz_industrial_motion_planner_testutils:/home/rosuser/ros2_ws/ws_moveit/install/moveit_simple_controller_manager:/home/rosuser/ros2_ws/ws_moveit/install/moveit_ros_occupancy_map_monitor:/home/rosuser/ros2_ws/ws_moveit/install/moveit_resources_prbt_ikfast_manipulator_plugin:/home/rosuser/ros2_ws/ws_moveit/install/chomp_motion_planner:/home/rosuser/ros2_ws/ws_moveit/install/moveit_core:/home/rosuser/ros2_ws/ws_moveit/install/rviz_marker_tools:/home/rosuser/ros2_ws/ws_moveit/install/moveit_resources_panda_moveit_config:/home/rosuser/ros2_ws/ws_moveit/install/moveit_resources_fanuc_moveit_config:/home/rosuser/ros2_ws/ws_moveit/install/srdfdom:/home/rosuser/ros2_ws/ws_moveit/install/moveit_task_constructor_msgs:/home/rosuser/ros2_ws/ws_moveit/install/moveit_resources_prbt_support:/home/rosuser/ros2_ws/ws_moveit/install/moveit_resources_pr2_description:/home/rosuser/ros2_ws/ws_moveit/install/moveit_resources_panda_description:/home/rosuser/ros2_ws/ws_moveit/install/moveit_resources_fanuc_description:/home/rosuser/ros2_ws/ws_moveit/install/moveit_common:/opt/ros/humble LD_LIBRARY_PATH=/home/rosuser/ros2_ws/ws_moveit/install/moveit_task_constructor_core/lib:/home/rosuser/ros2_ws/ws_moveit/install/pilz_industrial_motion_planner/lib:/home/rosuser/ros2_ws/ws_moveit/install/moveit_ros_visualization/lib:/home/rosuser/ros2_ws/ws_moveit/install/moveit_ros_planning_interface/lib:/home/rosuser/ros2_ws/ws_moveit/install/moveit_ros_move_group/lib:/home/rosuser/ros2_ws/ws_moveit/install/moveit_ros_warehouse/lib:/home/rosuser/ros2_ws/ws_moveit/install/moveit_ros_robot_interaction/lib:/home/rosuser/ros2_ws/ws_moveit/install/moveit_planners_ompl/lib:/home/rosuser/ros2_ws/ws_moveit/install/moveit_kinematics/lib:/home/rosuser/ros2_ws/ws_moveit/install/moveit_ros_planning/lib:/home/rosuser/ros2_ws/ws_moveit/install/moveit_planners_chomp/lib:/home/rosuser/ros2_ws/ws_moveit/install/pilz_industrial_motion_planner_testutils/lib:/home/rosuser/ros2_ws/ws_moveit/install/moveit_simple_controller_manager/lib:/home/rosuser/ros2_ws/ws_moveit/install/moveit_ros_occupancy_map_monitor/lib:/home/rosuser/ros2_ws/ws_moveit/install/moveit_resources_prbt_ikfast_manipulator_plugin/lib:/home/rosuser/ros2_ws/ws_moveit/install/chomp_motion_planner/lib:/home/rosuser/ros2_ws/ws_moveit/install/moveit_core/lib:/home/rosuser/ros2_ws/ws_moveit/install/rviz_marker_tools/lib:/home/rosuser/ros2_ws/ws_moveit/install/srdfdom/lib:/home/rosuser/ros2_ws/ws_moveit/install/moveit_task_constructor_msgs/lib:${LD_LIBRARY_PATH} PATH=/home/rosuser/ros2_ws/ws_moveit/install/moveit_core/bin:${PATH} PYTHONPATH=/home/rosuser/ros2_ws/ws_moveit/install/moveit_task_constructor_core/local/lib/python3.10/dist-packages:/home/rosuser/ros2_ws/ws_moveit/install/moveit_configs_utils/lib/python3.10/site-packages:/home/rosuser/ros2_ws/ws_moveit/install/srdfdom/local/lib/python3.10/dist-packages:/home/rosuser/ros2_ws/ws_moveit/install/moveit_task_constructor_msgs/local/lib/python3.10/dist-packages:/home/rosuser/ros2_ws/ws_moveit/install/launch_param_builder/lib/python3.10/site-packages:${PYTHONPATH} /usr/bin/cmake --install /home/rosuser/ros2_ws/ws_moveit/build/moveit_task_constructor_visualization
[135.751s] -- Install configuration: "Release"
[135.752s] -- Installing: /home/rosuser/ros2_ws/ws_moveit/install/moveit_task_constructor_visualization/include
[135.752s] -- Installing: /home/rosuser/ros2_ws/ws_moveit/install/moveit_task_constructor_visualization/include/moveit
[135.752s] -- Installing: /home/rosuser/ros2_ws/ws_moveit/install/moveit_task_constructor_visualization/include/moveit/visualization_tools
[135.752s] -- Installing: /home/rosuser/ros2_ws/ws_moveit/install/moveit_task_constructor_visualization/include/moveit/visualization_tools/display_solution.h
[135.752s] -- Installing: /home/rosuser/ros2_ws/ws_moveit/install/moveit_task_constructor_visualization/include/moveit/visualization_tools/marker_visualization.h
[135.752s] -- Installing: /home/rosuser/ros2_ws/ws_moveit/install/moveit_task_constructor_visualization/include/moveit/visualization_tools/task_solution_visualization.h
[135.752s] -- Installing: /home/rosuser/ros2_ws/ws_moveit/install/moveit_task_constructor_visualization/include/moveit/visualization_tools/task_solution_panel.h
[135.753s] -- Installing: /home/rosuser/ros2_ws/ws_moveit/install/moveit_task_constructor_visualization/lib/libmoveit_task_visualization_tools.so.0.1.3
[135.754s] -- Set runtime path of "/home/rosuser/ros2_ws/ws_moveit/install/moveit_task_constructor_visualization/lib/libmoveit_task_visualization_tools.so.0.1.3" to ""
[135.754s] -- Installing: /home/rosuser/ros2_ws/ws_moveit/install/moveit_task_constructor_visualization/lib/libmoveit_task_visualization_tools.so
[135.754s] -- Installing: /home/rosuser/ros2_ws/ws_moveit/install/moveit_task_constructor_visualization/lib/libmotion_planning_tasks_utils.so
[135.755s] -- Installing: /home/rosuser/ros2_ws/ws_moveit/install/moveit_task_constructor_visualization/lib/libmotion_planning_tasks_properties.so
[135.756s] -- Set runtime path of "/home/rosuser/ros2_ws/ws_moveit/install/moveit_task_constructor_visualization/lib/libmotion_planning_tasks_properties.so" to ""
[135.756s] -- Installing: /home/rosuser/ros2_ws/ws_moveit/install/moveit_task_constructor_visualization/lib/libmotion_planning_tasks_rviz_plugin.so.0.1.3
[135.760s] -- Set runtime path of "/home/rosuser/ros2_ws/ws_moveit/install/moveit_task_constructor_visualization/lib/libmotion_planning_tasks_rviz_plugin.so.0.1.3" to ""
[135.760s] -- Installing: /home/rosuser/ros2_ws/ws_moveit/install/moveit_task_constructor_visualization/lib/libmotion_planning_tasks_rviz_plugin.so
[135.760s] -- Installing: /home/rosuser/ros2_ws/ws_moveit/install/moveit_task_constructor_visualization/share/icons
[135.760s] -- Installing: /home/rosuser/ros2_ws/ws_moveit/install/moveit_task_constructor_visualization/share/icons/classes
[135.760s] -- Installing: /home/rosuser/ros2_ws/ws_moveit/install/moveit_task_constructor_visualization/share/icons/classes/Motion Planning Tasks.svg
[135.761s] -- Installing: /home/rosuser/ros2_ws/ws_moveit/install/moveit_task_constructor_visualization/share/moveit_task_constructor_visualization/motion_planning_tasks_rviz_plugin_description.xml
[135.761s] -- Installing: /home/rosuser/ros2_ws/ws_moveit/install/moveit_task_constructor_visualization/share/moveit_task_constructor_visualization/environment/library_path.sh
[135.761s] -- Installing: /home/rosuser/ros2_ws/ws_moveit/install/moveit_task_constructor_visualization/share/moveit_task_constructor_visualization/environment/library_path.dsv
[135.761s] -- Installing: /home/rosuser/ros2_ws/ws_moveit/install/moveit_task_constructor_visualization/share/ament_index/resource_index/package_run_dependencies/moveit_task_constructor_visualization
[135.761s] -- Installing: /home/rosuser/ros2_ws/ws_moveit/install/moveit_task_constructor_visualization/share/ament_index/resource_index/parent_prefix_path/moveit_task_constructor_visualization
[135.762s] -- Installing: /home/rosuser/ros2_ws/ws_moveit/install/moveit_task_constructor_visualization/share/moveit_task_constructor_visualization/environment/ament_prefix_path.sh
[135.762s] -- Installing: /home/rosuser/ros2_ws/ws_moveit/install/moveit_task_constructor_visualization/share/moveit_task_constructor_visualization/environment/ament_prefix_path.dsv
[135.762s] -- Installing: /home/rosuser/ros2_ws/ws_moveit/install/moveit_task_constructor_visualization/share/moveit_task_constructor_visualization/environment/path.sh
[135.762s] -- Installing: /home/rosuser/ros2_ws/ws_moveit/install/moveit_task_constructor_visualization/share/moveit_task_constructor_visualization/environment/path.dsv
[135.762s] -- Installing: /home/rosuser/ros2_ws/ws_moveit/install/moveit_task_constructor_visualization/share/moveit_task_constructor_visualization/local_setup.bash
[135.762s] -- Installing: /home/rosuser/ros2_ws/ws_moveit/install/moveit_task_constructor_visualization/share/moveit_task_constructor_visualization/local_setup.sh
[135.762s] -- Installing: /home/rosuser/ros2_ws/ws_moveit/install/moveit_task_constructor_visualization/share/moveit_task_constructor_visualization/local_setup.zsh
[135.762s] -- Installing: /home/rosuser/ros2_ws/ws_moveit/install/moveit_task_constructor_visualization/share/moveit_task_constructor_visualization/local_setup.dsv
[135.762s] -- Installing: /home/rosuser/ros2_ws/ws_moveit/install/moveit_task_constructor_visualization/share/moveit_task_constructor_visualization/package.dsv
[135.762s] -- Installing: /home/rosuser/ros2_ws/ws_moveit/install/moveit_task_constructor_visualization/share/ament_index/resource_index/packages/moveit_task_constructor_visualization
[135.762s] -- Installing: /home/rosuser/ros2_ws/ws_moveit/install/moveit_task_constructor_visualization/share/ament_index/resource_index/rviz_common__pluginlib__plugin/moveit_task_constructor_visualization
[135.763s] -- Installing: /home/rosuser/ros2_ws/ws_moveit/install/moveit_task_constructor_visualization/share/moveit_task_constructor_visualization/cmake/ament_cmake_export_include_directories-extras.cmake
[135.763s] -- Installing: /home/rosuser/ros2_ws/ws_moveit/install/moveit_task_constructor_visualization/share/moveit_task_constructor_visualization/cmake/ament_cmake_export_libraries-extras.cmake
[135.763s] -- Installing: /home/rosuser/ros2_ws/ws_moveit/install/moveit_task_constructor_visualization/share/moveit_task_constructor_visualization/cmake/ament_cmake_export_dependencies-extras.cmake
[135.763s] -- Installing: /home/rosuser/ros2_ws/ws_moveit/install/moveit_task_constructor_visualization/share/moveit_task_constructor_visualization/cmake/moveit_task_constructor_visualizationConfig.cmake
[135.763s] -- Installing: /home/rosuser/ros2_ws/ws_moveit/install/moveit_task_constructor_visualization/share/moveit_task_constructor_visualization/cmake/moveit_task_constructor_visualizationConfig-version.cmake
[135.763s] -- Installing: /home/rosuser/ros2_ws/ws_moveit/install/moveit_task_constructor_visualization/share/moveit_task_constructor_visualization/package.xml
[135.765s] Invoked command in '/home/rosuser/ros2_ws/ws_moveit/build/moveit_task_constructor_visualization' returned '0': AMENT_PREFIX_PATH=/home/rosuser/ros2_ws/ws_moveit/install/moveit_task_constructor_core:/home/rosuser/ros2_ws/ws_moveit/install/moveit_planners:/home/rosuser/ros2_ws/ws_moveit/install/pilz_industrial_motion_planner:/home/rosuser/ros2_ws/ws_moveit/install/moveit_ros_visualization:/home/rosuser/ros2_ws/ws_moveit/install/moveit_resources_prbt_pg70_support:/home/rosuser/ros2_ws/ws_moveit/install/moveit_ros_planning_interface:/home/rosuser/ros2_ws/ws_moveit/install/moveit_resources_prbt_moveit_config:/home/rosuser/ros2_ws/ws_moveit/install/moveit_ros_move_group:/home/rosuser/ros2_ws/ws_moveit/install/moveit_ros_warehouse:/home/rosuser/ros2_ws/ws_moveit/install/moveit_ros_robot_interaction:/home/rosuser/ros2_ws/ws_moveit/install/moveit_planners_ompl:/home/rosuser/ros2_ws/ws_moveit/install/moveit_kinematics:/home/rosuser/ros2_ws/ws_moveit/install/moveit_ros_planning:/home/rosuser/ros2_ws/ws_moveit/install/moveit_planners_chomp:/home/rosuser/ros2_ws/ws_moveit/install/pilz_industrial_motion_planner_testutils:/home/rosuser/ros2_ws/ws_moveit/install/moveit_simple_controller_manager:/home/rosuser/ros2_ws/ws_moveit/install/moveit_ros_occupancy_map_monitor:/home/rosuser/ros2_ws/ws_moveit/install/moveit_resources_prbt_ikfast_manipulator_plugin:/home/rosuser/ros2_ws/ws_moveit/install/chomp_motion_planner:/home/rosuser/ros2_ws/ws_moveit/install/moveit_core:/home/rosuser/ros2_ws/ws_moveit/install/rviz_marker_tools:/home/rosuser/ros2_ws/ws_moveit/install/moveit_resources_panda_moveit_config:/home/rosuser/ros2_ws/ws_moveit/install/moveit_resources_fanuc_moveit_config:/home/rosuser/ros2_ws/ws_moveit/install/moveit_configs_utils:/home/rosuser/ros2_ws/ws_moveit/install/srdfdom:/home/rosuser/ros2_ws/ws_moveit/install/moveit_task_constructor_msgs:/home/rosuser/ros2_ws/ws_moveit/install/moveit_resources_prbt_support:/home/rosuser/ros2_ws/ws_moveit/install/moveit_resources_pr2_description:/home/rosuser/ros2_ws/ws_moveit/install/moveit_resources_panda_description:/home/rosuser/ros2_ws/ws_moveit/install/moveit_resources_fanuc_description:/home/rosuser/ros2_ws/ws_moveit/install/moveit_common:/home/rosuser/ros2_ws/ws_moveit/install/launch_param_builder:${AMENT_PREFIX_PATH} CMAKE_MODULE_PATH=/home/rosuser/ros2_ws/ws_moveit/install/moveit_task_constructor_core/share/moveit_task_constructor_core/cmake CMAKE_PREFIX_PATH=/home/rosuser/ros2_ws/ws_moveit/install/moveit_task_constructor_core:/home/rosuser/ros2_ws/ws_moveit/install/moveit_planners:/home/rosuser/ros2_ws/ws_moveit/install/pilz_industrial_motion_planner:/home/rosuser/ros2_ws/ws_moveit/install/moveit_ros_visualization:/home/rosuser/ros2_ws/ws_moveit/install/moveit_resources_prbt_pg70_support:/home/rosuser/ros2_ws/ws_moveit/install/moveit_ros_planning_interface:/home/rosuser/ros2_ws/ws_moveit/install/moveit_resources_prbt_moveit_config:/home/rosuser/ros2_ws/ws_moveit/install/moveit_ros_move_group:/home/rosuser/ros2_ws/ws_moveit/install/moveit_ros_warehouse:/home/rosuser/ros2_ws/ws_moveit/install/moveit_ros_robot_interaction:/home/rosuser/ros2_ws/ws_moveit/install/moveit_planners_ompl:/home/rosuser/ros2_ws/ws_moveit/install/moveit_kinematics:/home/rosuser/ros2_ws/ws_moveit/install/moveit_ros_planning:/home/rosuser/ros2_ws/ws_moveit/install/moveit_planners_chomp:/home/rosuser/ros2_ws/ws_moveit/install/pilz_industrial_motion_planner_testutils:/home/rosuser/ros2_ws/ws_moveit/install/moveit_simple_controller_manager:/home/rosuser/ros2_ws/ws_moveit/install/moveit_ros_occupancy_map_monitor:/home/rosuser/ros2_ws/ws_moveit/install/moveit_resources_prbt_ikfast_manipulator_plugin:/home/rosuser/ros2_ws/ws_moveit/install/chomp_motion_planner:/home/rosuser/ros2_ws/ws_moveit/install/moveit_core:/home/rosuser/ros2_ws/ws_moveit/install/rviz_marker_tools:/home/rosuser/ros2_ws/ws_moveit/install/moveit_resources_panda_moveit_config:/home/rosuser/ros2_ws/ws_moveit/install/moveit_resources_fanuc_moveit_config:/home/rosuser/ros2_ws/ws_moveit/install/srdfdom:/home/rosuser/ros2_ws/ws_moveit/install/moveit_task_constructor_msgs:/home/rosuser/ros2_ws/ws_moveit/install/moveit_resources_prbt_support:/home/rosuser/ros2_ws/ws_moveit/install/moveit_resources_pr2_description:/home/rosuser/ros2_ws/ws_moveit/install/moveit_resources_panda_description:/home/rosuser/ros2_ws/ws_moveit/install/moveit_resources_fanuc_description:/home/rosuser/ros2_ws/ws_moveit/install/moveit_common:/opt/ros/humble LD_LIBRARY_PATH=/home/rosuser/ros2_ws/ws_moveit/install/moveit_task_constructor_core/lib:/home/rosuser/ros2_ws/ws_moveit/install/pilz_industrial_motion_planner/lib:/home/rosuser/ros2_ws/ws_moveit/install/moveit_ros_visualization/lib:/home/rosuser/ros2_ws/ws_moveit/install/moveit_ros_planning_interface/lib:/home/rosuser/ros2_ws/ws_moveit/install/moveit_ros_move_group/lib:/home/rosuser/ros2_ws/ws_moveit/install/moveit_ros_warehouse/lib:/home/rosuser/ros2_ws/ws_moveit/install/moveit_ros_robot_interaction/lib:/home/rosuser/ros2_ws/ws_moveit/install/moveit_planners_ompl/lib:/home/rosuser/ros2_ws/ws_moveit/install/moveit_kinematics/lib:/home/rosuser/ros2_ws/ws_moveit/install/moveit_ros_planning/lib:/home/rosuser/ros2_ws/ws_moveit/install/moveit_planners_chomp/lib:/home/rosuser/ros2_ws/ws_moveit/install/pilz_industrial_motion_planner_testutils/lib:/home/rosuser/ros2_ws/ws_moveit/install/moveit_simple_controller_manager/lib:/home/rosuser/ros2_ws/ws_moveit/install/moveit_ros_occupancy_map_monitor/lib:/home/rosuser/ros2_ws/ws_moveit/install/moveit_resources_prbt_ikfast_manipulator_plugin/lib:/home/rosuser/ros2_ws/ws_moveit/install/chomp_motion_planner/lib:/home/rosuser/ros2_ws/ws_moveit/install/moveit_core/lib:/home/rosuser/ros2_ws/ws_moveit/install/rviz_marker_tools/lib:/home/rosuser/ros2_ws/ws_moveit/install/srdfdom/lib:/home/rosuser/ros2_ws/ws_moveit/install/moveit_task_constructor_msgs/lib:${LD_LIBRARY_PATH} PATH=/home/rosuser/ros2_ws/ws_moveit/install/moveit_core/bin:${PATH} PYTHONPATH=/home/rosuser/ros2_ws/ws_moveit/install/moveit_task_constructor_core/local/lib/python3.10/dist-packages:/home/rosuser/ros2_ws/ws_moveit/install/moveit_configs_utils/lib/python3.10/site-packages:/home/rosuser/ros2_ws/ws_moveit/install/srdfdom/local/lib/python3.10/dist-packages:/home/rosuser/ros2_ws/ws_moveit/install/moveit_task_constructor_msgs/local/lib/python3.10/dist-packages:/home/rosuser/ros2_ws/ws_moveit/install/launch_param_builder/lib/python3.10/site-packages:${PYTHONPATH} /usr/bin/cmake --install /home/rosuser/ros2_ws/ws_moveit/build/moveit_task_constructor_visualization
