[0.014s] Invoking command in '/home/rosuser/ros2_ws/ws_moveit/build/chomp_motion_planner': AMENT_PREFIX_PATH=/home/rosuser/ros2_ws/ws_moveit/install/moveit_core:/home/rosuser/ros2_ws/ws_moveit/install/moveit_resources_panda_moveit_config:/home/rosuser/ros2_ws/ws_moveit/install/srdfdom:/home/rosuser/ros2_ws/ws_moveit/install/moveit_resources_pr2_description:/home/rosuser/ros2_ws/ws_moveit/install/moveit_resources_panda_description:/home/rosuser/ros2_ws/ws_moveit/install/moveit_common:${AMENT_PREFIX_PATH} CMAKE_PREFIX_PATH=/home/rosuser/ros2_ws/ws_moveit/install/moveit_core:/home/rosuser/ros2_ws/ws_moveit/install/moveit_resources_panda_moveit_config:/home/rosuser/ros2_ws/ws_moveit/install/srdfdom:/home/rosuser/ros2_ws/ws_moveit/install/moveit_resources_pr2_description:/home/rosuser/ros2_ws/ws_moveit/install/moveit_resources_panda_description:/home/rosuser/ros2_ws/ws_moveit/install/moveit_common:/opt/ros/humble LD_LIBRARY_PATH=/home/rosuser/ros2_ws/ws_moveit/install/moveit_core/lib:/home/rosuser/ros2_ws/ws_moveit/install/srdfdom/lib:${LD_LIBRARY_PATH} PATH=/home/rosuser/ros2_ws/ws_moveit/install/moveit_core/bin:${PATH} PYTHONPATH=/home/rosuser/ros2_ws/ws_moveit/install/srdfdom/local/lib/python3.10/dist-packages:${PYTHONPATH} /usr/bin/cmake /home/rosuser/ros2_ws/ws_moveit/src/moveit2/moveit_planners/chomp/chomp_motion_planner -DCMAKE_BUILD_TYPE=Release -DCMAKE_INSTALL_PREFIX=/home/rosuser/ros2_ws/ws_moveit/install/chomp_motion_planner
[0.056s] -- The C compiler identification is GNU 11.4.0
[0.100s] -- The CXX compiler identification is GNU 11.4.0
[0.104s] -- Detecting C compiler ABI info
[0.151s] -- Detecting C compiler ABI info - done
[0.158s] -- Check for working C compiler: /usr/bin/cc - skipped
[0.158s] -- Detecting C compile features
[0.158s] -- Detecting C compile features - done
[0.162s] -- Detecting CXX compiler ABI info
[0.228s] -- Detecting CXX compiler ABI info - done
[0.233s] -- Check for working CXX compiler: /usr/bin/c++ - skipped
[0.233s] -- Detecting CXX compile features
[0.233s] -- Detecting CXX compile features - done
[0.234s] -- Found moveit_common: 2.5.9 (/home/rosuser/ros2_ws/ws_moveit/install/moveit_common/share/moveit_common/cmake)
[0.237s] -- Found ament_cmake: 1.3.11 (/opt/ros/humble/share/ament_cmake/cmake)
[0.338s] -- Found Python3: /usr/bin/python3 (found version "3.10.12") found components: Interpreter 
[0.441s] -- Found moveit_core: 2.5.9 (/home/rosuser/ros2_ws/ws_moveit/install/moveit_core/share/moveit_core/cmake)
[0.629s] -- Found Boost: /usr/lib/aarch64-linux-gnu/cmake/Boost-1.74.0/BoostConfig.cmake (found version "1.74.0") found components: chrono date_time filesystem iostreams program_options regex serialization system thread 
[0.705s] -- Found parameter_traits: 0.4.0 (/opt/ros/humble/share/parameter_traits/cmake)
[0.753s] -- Found rosidl_generator_c: 3.1.6 (/opt/ros/humble/share/rosidl_generator_c/cmake)
[0.761s] -- Found rosidl_adapter: 3.1.6 (/opt/ros/humble/share/rosidl_adapter/cmake)
[0.775s] -- Found rosidl_generator_cpp: 3.1.6 (/opt/ros/humble/share/rosidl_generator_cpp/cmake)
[0.792s] -- Using all available rosidl_typesupport_c: rosidl_typesupport_fastrtps_c;rosidl_typesupport_introspection_c
[0.808s] -- Using all available rosidl_typesupport_cpp: rosidl_typesupport_fastrtps_cpp;rosidl_typesupport_introspection_cpp
[0.856s] -- Found rmw_implementation_cmake: 6.1.2 (/opt/ros/humble/share/rmw_implementation_cmake/cmake)
[0.859s] -- Found rmw_fastrtps_cpp: 6.2.7 (/opt/ros/humble/share/rmw_fastrtps_cpp/cmake)
[0.933s] -- Found OpenSSL: /usr/lib/aarch64-linux-gnu/libcrypto.so (found version "3.0.2")  
[0.951s] -- Found FastRTPS: /opt/ros/humble/include  
[0.984s] -- Using RMW implementation 'rmw_fastrtps_cpp' as default
[0.995s] -- Found Threads: TRUE  
[1.050s] -- Found Eigen3: TRUE (found version "3.4.0") 
[1.054s] -- Found rclcpp_lifecycle: 16.0.12 (/opt/ros/humble/share/rclcpp_lifecycle/cmake)
[1.081s] -- Found Boost: /usr/lib/aarch64-linux-gnu/cmake/Boost-1.74.0/BoostConfig.cmake (found version "1.74.0") found components: filesystem 
[1.159s] -- library: /usr/lib/aarch64-linux-gnu/libcurl.so
[1.226s] -- Ensuring Eigen3 include directory is part of orocos-kdl CMake target
[1.447s] -- Found ament_lint_auto: 0.12.12 (/opt/ros/humble/share/ament_lint_auto/cmake)
[1.468s] -- Added test 'cppcheck' to perform static code analysis on C / C++ code
[1.469s] -- Configured cppcheck include dirs: /home/rosuser/ros2_ws/ws_moveit/src/moveit2/moveit_planners/chomp/chomp_motion_planner/include
[1.469s] -- Configured cppcheck exclude dirs and/or files: 
[1.469s] -- Added test 'xmllint' to check XML markup files
[1.471s] -- Configuring done
[1.493s] -- Generating done
[1.498s] -- Build files have been written to: /home/rosuser/ros2_ws/ws_moveit/build/chomp_motion_planner
[1.505s] Invoked command in '/home/rosuser/ros2_ws/ws_moveit/build/chomp_motion_planner' returned '0': AMENT_PREFIX_PATH=/home/rosuser/ros2_ws/ws_moveit/install/moveit_core:/home/rosuser/ros2_ws/ws_moveit/install/moveit_resources_panda_moveit_config:/home/rosuser/ros2_ws/ws_moveit/install/srdfdom:/home/rosuser/ros2_ws/ws_moveit/install/moveit_resources_pr2_description:/home/rosuser/ros2_ws/ws_moveit/install/moveit_resources_panda_description:/home/rosuser/ros2_ws/ws_moveit/install/moveit_common:${AMENT_PREFIX_PATH} CMAKE_PREFIX_PATH=/home/rosuser/ros2_ws/ws_moveit/install/moveit_core:/home/rosuser/ros2_ws/ws_moveit/install/moveit_resources_panda_moveit_config:/home/rosuser/ros2_ws/ws_moveit/install/srdfdom:/home/rosuser/ros2_ws/ws_moveit/install/moveit_resources_pr2_description:/home/rosuser/ros2_ws/ws_moveit/install/moveit_resources_panda_description:/home/rosuser/ros2_ws/ws_moveit/install/moveit_common:/opt/ros/humble LD_LIBRARY_PATH=/home/rosuser/ros2_ws/ws_moveit/install/moveit_core/lib:/home/rosuser/ros2_ws/ws_moveit/install/srdfdom/lib:${LD_LIBRARY_PATH} PATH=/home/rosuser/ros2_ws/ws_moveit/install/moveit_core/bin:${PATH} PYTHONPATH=/home/rosuser/ros2_ws/ws_moveit/install/srdfdom/local/lib/python3.10/dist-packages:${PYTHONPATH} /usr/bin/cmake /home/rosuser/ros2_ws/ws_moveit/src/moveit2/moveit_planners/chomp/chomp_motion_planner -DCMAKE_BUILD_TYPE=Release -DCMAKE_INSTALL_PREFIX=/home/rosuser/ros2_ws/ws_moveit/install/chomp_motion_planner
[1.506s] Invoking command in '/home/rosuser/ros2_ws/ws_moveit/build/chomp_motion_planner': AMENT_PREFIX_PATH=/home/rosuser/ros2_ws/ws_moveit/install/moveit_core:/home/rosuser/ros2_ws/ws_moveit/install/moveit_resources_panda_moveit_config:/home/rosuser/ros2_ws/ws_moveit/install/srdfdom:/home/rosuser/ros2_ws/ws_moveit/install/moveit_resources_pr2_description:/home/rosuser/ros2_ws/ws_moveit/install/moveit_resources_panda_description:/home/rosuser/ros2_ws/ws_moveit/install/moveit_common:${AMENT_PREFIX_PATH} CMAKE_PREFIX_PATH=/home/rosuser/ros2_ws/ws_moveit/install/moveit_core:/home/rosuser/ros2_ws/ws_moveit/install/moveit_resources_panda_moveit_config:/home/rosuser/ros2_ws/ws_moveit/install/srdfdom:/home/rosuser/ros2_ws/ws_moveit/install/moveit_resources_pr2_description:/home/rosuser/ros2_ws/ws_moveit/install/moveit_resources_panda_description:/home/rosuser/ros2_ws/ws_moveit/install/moveit_common:/opt/ros/humble LD_LIBRARY_PATH=/home/rosuser/ros2_ws/ws_moveit/install/moveit_core/lib:/home/rosuser/ros2_ws/ws_moveit/install/srdfdom/lib:${LD_LIBRARY_PATH} PATH=/home/rosuser/ros2_ws/ws_moveit/install/moveit_core/bin:${PATH} PYTHONPATH=/home/rosuser/ros2_ws/ws_moveit/install/srdfdom/local/lib/python3.10/dist-packages:${PYTHONPATH} /usr/bin/cmake --build /home/rosuser/ros2_ws/ws_moveit/build/chomp_motion_planner -- -j8 -l8
[1.541s] [ 16%] [32mBuilding CXX object CMakeFiles/chomp_motion_planner.dir/src/chomp_cost.cpp.o[0m
[1.541s] [ 66%] [32mBuilding CXX object CMakeFiles/chomp_motion_planner.dir/src/chomp_optimizer.cpp.o[0m
[1.541s] [ 66%] [32mBuilding CXX object CMakeFiles/chomp_motion_planner.dir/src/chomp_trajectory.cpp.o[0m
[1.541s] [ 66%] [32mBuilding CXX object CMakeFiles/chomp_motion_planner.dir/src/chomp_parameters.cpp.o[0m
[1.544s] [ 83%] [32mBuilding CXX object CMakeFiles/chomp_motion_planner.dir/src/chomp_planner.cpp.o[0m
[17.567s] [100%] [32m[1mLinking CXX shared library libchomp_motion_planner.so[0m
[17.759s] [100%] Built target chomp_motion_planner
[17.769s] Invoked command in '/home/rosuser/ros2_ws/ws_moveit/build/chomp_motion_planner' returned '0': AMENT_PREFIX_PATH=/home/rosuser/ros2_ws/ws_moveit/install/moveit_core:/home/rosuser/ros2_ws/ws_moveit/install/moveit_resources_panda_moveit_config:/home/rosuser/ros2_ws/ws_moveit/install/srdfdom:/home/rosuser/ros2_ws/ws_moveit/install/moveit_resources_pr2_description:/home/rosuser/ros2_ws/ws_moveit/install/moveit_resources_panda_description:/home/rosuser/ros2_ws/ws_moveit/install/moveit_common:${AMENT_PREFIX_PATH} CMAKE_PREFIX_PATH=/home/rosuser/ros2_ws/ws_moveit/install/moveit_core:/home/rosuser/ros2_ws/ws_moveit/install/moveit_resources_panda_moveit_config:/home/rosuser/ros2_ws/ws_moveit/install/srdfdom:/home/rosuser/ros2_ws/ws_moveit/install/moveit_resources_pr2_description:/home/rosuser/ros2_ws/ws_moveit/install/moveit_resources_panda_description:/home/rosuser/ros2_ws/ws_moveit/install/moveit_common:/opt/ros/humble LD_LIBRARY_PATH=/home/rosuser/ros2_ws/ws_moveit/install/moveit_core/lib:/home/rosuser/ros2_ws/ws_moveit/install/srdfdom/lib:${LD_LIBRARY_PATH} PATH=/home/rosuser/ros2_ws/ws_moveit/install/moveit_core/bin:${PATH} PYTHONPATH=/home/rosuser/ros2_ws/ws_moveit/install/srdfdom/local/lib/python3.10/dist-packages:${PYTHONPATH} /usr/bin/cmake --build /home/rosuser/ros2_ws/ws_moveit/build/chomp_motion_planner -- -j8 -l8
[17.774s] Invoking command in '/home/rosuser/ros2_ws/ws_moveit/build/chomp_motion_planner': AMENT_PREFIX_PATH=/home/rosuser/ros2_ws/ws_moveit/install/moveit_core:/home/rosuser/ros2_ws/ws_moveit/install/moveit_resources_panda_moveit_config:/home/rosuser/ros2_ws/ws_moveit/install/srdfdom:/home/rosuser/ros2_ws/ws_moveit/install/moveit_resources_pr2_description:/home/rosuser/ros2_ws/ws_moveit/install/moveit_resources_panda_description:/home/rosuser/ros2_ws/ws_moveit/install/moveit_common:${AMENT_PREFIX_PATH} CMAKE_PREFIX_PATH=/home/rosuser/ros2_ws/ws_moveit/install/moveit_core:/home/rosuser/ros2_ws/ws_moveit/install/moveit_resources_panda_moveit_config:/home/rosuser/ros2_ws/ws_moveit/install/srdfdom:/home/rosuser/ros2_ws/ws_moveit/install/moveit_resources_pr2_description:/home/rosuser/ros2_ws/ws_moveit/install/moveit_resources_panda_description:/home/rosuser/ros2_ws/ws_moveit/install/moveit_common:/opt/ros/humble LD_LIBRARY_PATH=/home/rosuser/ros2_ws/ws_moveit/install/moveit_core/lib:/home/rosuser/ros2_ws/ws_moveit/install/srdfdom/lib:${LD_LIBRARY_PATH} PATH=/home/rosuser/ros2_ws/ws_moveit/install/moveit_core/bin:${PATH} PYTHONPATH=/home/rosuser/ros2_ws/ws_moveit/install/srdfdom/local/lib/python3.10/dist-packages:${PYTHONPATH} /usr/bin/cmake --install /home/rosuser/ros2_ws/ws_moveit/build/chomp_motion_planner
[17.778s] -- Install configuration: "Release"
[17.778s] -- Installing: /home/rosuser/ros2_ws/ws_moveit/install/chomp_motion_planner/lib/libchomp_motion_planner.so.2.5.9
[17.779s] -- Set runtime path of "/home/rosuser/ros2_ws/ws_moveit/install/chomp_motion_planner/lib/libchomp_motion_planner.so.2.5.9" to ""
[17.779s] -- Installing: /home/rosuser/ros2_ws/ws_moveit/install/chomp_motion_planner/lib/libchomp_motion_planner.so
[17.779s] -- Installing: /home/rosuser/ros2_ws/ws_moveit/install/chomp_motion_planner/include
[17.779s] -- Installing: /home/rosuser/ros2_ws/ws_moveit/install/chomp_motion_planner/include/chomp_motion_planner
[17.779s] -- Installing: /home/rosuser/ros2_ws/ws_moveit/install/chomp_motion_planner/include/chomp_motion_planner/chomp_trajectory.h
[17.779s] -- Installing: /home/rosuser/ros2_ws/ws_moveit/install/chomp_motion_planner/include/chomp_motion_planner/chomp_cost.h
[17.779s] -- Installing: /home/rosuser/ros2_ws/ws_moveit/install/chomp_motion_planner/include/chomp_motion_planner/chomp_planner.h
[17.779s] -- Installing: /home/rosuser/ros2_ws/ws_moveit/install/chomp_motion_planner/include/chomp_motion_planner/chomp_optimizer.h
[17.779s] -- Installing: /home/rosuser/ros2_ws/ws_moveit/install/chomp_motion_planner/include/chomp_motion_planner/multivariate_gaussian.h
[17.780s] -- Installing: /home/rosuser/ros2_ws/ws_moveit/install/chomp_motion_planner/include/chomp_motion_planner/chomp_parameters.h
[17.780s] -- Installing: /home/rosuser/ros2_ws/ws_moveit/install/chomp_motion_planner/include/chomp_motion_planner/chomp_utils.h
[17.780s] -- Installing: /home/rosuser/ros2_ws/ws_moveit/install/chomp_motion_planner/share/chomp_motion_planner/environment/library_path.sh
[17.780s] -- Installing: /home/rosuser/ros2_ws/ws_moveit/install/chomp_motion_planner/share/chomp_motion_planner/environment/library_path.dsv
[17.780s] -- Installing: /home/rosuser/ros2_ws/ws_moveit/install/chomp_motion_planner/share/ament_index/resource_index/package_run_dependencies/chomp_motion_planner
[17.780s] -- Installing: /home/rosuser/ros2_ws/ws_moveit/install/chomp_motion_planner/share/ament_index/resource_index/parent_prefix_path/chomp_motion_planner
[17.780s] -- Installing: /home/rosuser/ros2_ws/ws_moveit/install/chomp_motion_planner/share/chomp_motion_planner/environment/ament_prefix_path.sh
[17.781s] -- Installing: /home/rosuser/ros2_ws/ws_moveit/install/chomp_motion_planner/share/chomp_motion_planner/environment/ament_prefix_path.dsv
[17.781s] -- Installing: /home/rosuser/ros2_ws/ws_moveit/install/chomp_motion_planner/share/chomp_motion_planner/environment/path.sh
[17.781s] -- Installing: /home/rosuser/ros2_ws/ws_moveit/install/chomp_motion_planner/share/chomp_motion_planner/environment/path.dsv
[17.781s] -- Installing: /home/rosuser/ros2_ws/ws_moveit/install/chomp_motion_planner/share/chomp_motion_planner/local_setup.bash
[17.781s] -- Installing: /home/rosuser/ros2_ws/ws_moveit/install/chomp_motion_planner/share/chomp_motion_planner/local_setup.sh
[17.781s] -- Installing: /home/rosuser/ros2_ws/ws_moveit/install/chomp_motion_planner/share/chomp_motion_planner/local_setup.zsh
[17.781s] -- Installing: /home/rosuser/ros2_ws/ws_moveit/install/chomp_motion_planner/share/chomp_motion_planner/local_setup.dsv
[17.781s] -- Installing: /home/rosuser/ros2_ws/ws_moveit/install/chomp_motion_planner/share/chomp_motion_planner/package.dsv
[17.782s] -- Installing: /home/rosuser/ros2_ws/ws_moveit/install/chomp_motion_planner/share/ament_index/resource_index/packages/chomp_motion_planner
[17.782s] -- Installing: /home/rosuser/ros2_ws/ws_moveit/install/chomp_motion_planner/share/chomp_motion_planner/cmake/chomp_motion_plannerTargetsExport.cmake
[17.782s] -- Installing: /home/rosuser/ros2_ws/ws_moveit/install/chomp_motion_planner/share/chomp_motion_planner/cmake/chomp_motion_plannerTargetsExport-release.cmake
[17.782s] -- Installing: /home/rosuser/ros2_ws/ws_moveit/install/chomp_motion_planner/share/chomp_motion_planner/cmake/ament_cmake_export_targets-extras.cmake
[17.782s] -- Installing: /home/rosuser/ros2_ws/ws_moveit/install/chomp_motion_planner/share/chomp_motion_planner/cmake/chomp_motion_plannerConfig.cmake
[17.782s] -- Installing: /home/rosuser/ros2_ws/ws_moveit/install/chomp_motion_planner/share/chomp_motion_planner/cmake/chomp_motion_plannerConfig-version.cmake
[17.782s] -- Installing: /home/rosuser/ros2_ws/ws_moveit/install/chomp_motion_planner/share/chomp_motion_planner/package.xml
[17.785s] Invoked command in '/home/rosuser/ros2_ws/ws_moveit/build/chomp_motion_planner' returned '0': AMENT_PREFIX_PATH=/home/rosuser/ros2_ws/ws_moveit/install/moveit_core:/home/rosuser/ros2_ws/ws_moveit/install/moveit_resources_panda_moveit_config:/home/rosuser/ros2_ws/ws_moveit/install/srdfdom:/home/rosuser/ros2_ws/ws_moveit/install/moveit_resources_pr2_description:/home/rosuser/ros2_ws/ws_moveit/install/moveit_resources_panda_description:/home/rosuser/ros2_ws/ws_moveit/install/moveit_common:${AMENT_PREFIX_PATH} CMAKE_PREFIX_PATH=/home/rosuser/ros2_ws/ws_moveit/install/moveit_core:/home/rosuser/ros2_ws/ws_moveit/install/moveit_resources_panda_moveit_config:/home/rosuser/ros2_ws/ws_moveit/install/srdfdom:/home/rosuser/ros2_ws/ws_moveit/install/moveit_resources_pr2_description:/home/rosuser/ros2_ws/ws_moveit/install/moveit_resources_panda_description:/home/rosuser/ros2_ws/ws_moveit/install/moveit_common:/opt/ros/humble LD_LIBRARY_PATH=/home/rosuser/ros2_ws/ws_moveit/install/moveit_core/lib:/home/rosuser/ros2_ws/ws_moveit/install/srdfdom/lib:${LD_LIBRARY_PATH} PATH=/home/rosuser/ros2_ws/ws_moveit/install/moveit_core/bin:${PATH} PYTHONPATH=/home/rosuser/ros2_ws/ws_moveit/install/srdfdom/local/lib/python3.10/dist-packages:${PYTHONPATH} /usr/bin/cmake --install /home/rosuser/ros2_ws/ws_moveit/build/chomp_motion_planner
