[0.003s] Invoking command in '/home/rosuser/ros2_ws/ws_moveit/build/rviz_marker_tools': AMENT_PREFIX_PATH=/home/rosuser/ros2_ws/ws_moveit/install/moveit_common:${AMENT_PREFIX_PATH} CMAKE_PREFIX_PATH=/home/rosuser/ros2_ws/ws_moveit/install/moveit_common:/opt/ros/humble /usr/bin/cmake /home/rosuser/ros2_ws/ws_moveit/src/moveit_task_constructor/rviz_marker_tools -DCMAKE_BUILD_TYPE=Release -DCMAKE_INSTALL_PREFIX=/home/rosuser/ros2_ws/ws_moveit/install/rviz_marker_tools
[0.044s] -- The C compiler identification is GNU 11.4.0
[0.080s] -- The CXX compiler identification is GNU 11.4.0
[0.085s] -- Detecting C compiler ABI info
[0.126s] -- Detecting C compiler ABI info - done
[0.131s] -- Check for working C compiler: /usr/bin/cc - skipped
[0.132s] -- Detecting C compile features
[0.132s] -- Detecting C compile features - done
[0.134s] -- Detecting CXX compiler ABI info
[0.186s] -- Detecting CXX compiler ABI info - done
[0.191s] -- Check for working CXX compiler: /usr/bin/c++ - skipped
[0.192s] -- Detecting CXX compile features
[0.192s] -- Detecting CXX compile features - done
[0.194s] -- Found ament_cmake: 1.3.11 (/opt/ros/humble/share/ament_cmake/cmake)
[0.278s] -- Found Python3: /usr/bin/python3 (found version "3.10.12") found components: Interpreter 
[0.336s] -- Found moveit_common: 2.5.9 (/home/rosuser/ros2_ws/ws_moveit/install/moveit_common/share/moveit_common/cmake)
[0.375s] -- Found eigen3_cmake_module: 0.1.1 (/opt/ros/humble/share/eigen3_cmake_module/cmake)
[0.381s] -- Found Eigen3: TRUE (found version "3.4.0") 
[0.382s] -- Found geometry_msgs: 4.8.0 (/opt/ros/humble/share/geometry_msgs/cmake)
[0.409s] -- Found rosidl_generator_c: 3.1.6 (/opt/ros/humble/share/rosidl_generator_c/cmake)
[0.413s] -- Found rosidl_adapter: 3.1.6 (/opt/ros/humble/share/rosidl_adapter/cmake)
[0.418s] -- Found rosidl_generator_cpp: 3.1.6 (/opt/ros/humble/share/rosidl_generator_cpp/cmake)
[0.426s] -- Using all available rosidl_typesupport_c: rosidl_typesupport_fastrtps_c;rosidl_typesupport_introspection_c
[0.442s] -- Using all available rosidl_typesupport_cpp: rosidl_typesupport_fastrtps_cpp;rosidl_typesupport_introspection_cpp
[0.474s] -- Found rclcpp: 16.0.12 (/opt/ros/humble/share/rclcpp/cmake)
[0.507s] -- Found rmw_implementation_cmake: 6.1.2 (/opt/ros/humble/share/rmw_implementation_cmake/cmake)
[0.510s] -- Found rmw_fastrtps_cpp: 6.2.7 (/opt/ros/humble/share/rmw_fastrtps_cpp/cmake)
[0.600s] -- Found OpenSSL: /usr/lib/aarch64-linux-gnu/libcrypto.so (found version "3.0.2")  
[0.618s] -- Found FastRTPS: /opt/ros/humble/include  
[0.647s] -- Using RMW implementation 'rmw_fastrtps_cpp' as default
[0.655s] -- Looking for pthread.h
[0.724s] -- Looking for pthread.h - found
[0.724s] -- Performing Test CMAKE_HAVE_LIBC_PTHREAD
[0.794s] -- Performing Test CMAKE_HAVE_LIBC_PTHREAD - Success
[0.794s] -- Found Threads: TRUE  
[0.823s] -- Found tf2_eigen: 0.25.12 (/opt/ros/humble/share/tf2_eigen/cmake)
[0.897s] -- Found visualization_msgs: 4.8.0 (/opt/ros/humble/share/visualization_msgs/cmake)
[0.926s] -- Configuring done
[0.938s] -- Generating done
[0.941s] -- Build files have been written to: /home/rosuser/ros2_ws/ws_moveit/build/rviz_marker_tools
[0.950s] Invoked command in '/home/rosuser/ros2_ws/ws_moveit/build/rviz_marker_tools' returned '0': AMENT_PREFIX_PATH=/home/rosuser/ros2_ws/ws_moveit/install/moveit_common:${AMENT_PREFIX_PATH} CMAKE_PREFIX_PATH=/home/rosuser/ros2_ws/ws_moveit/install/moveit_common:/opt/ros/humble /usr/bin/cmake /home/rosuser/ros2_ws/ws_moveit/src/moveit_task_constructor/rviz_marker_tools -DCMAKE_BUILD_TYPE=Release -DCMAKE_INSTALL_PREFIX=/home/rosuser/ros2_ws/ws_moveit/install/rviz_marker_tools
[0.950s] Invoking command in '/home/rosuser/ros2_ws/ws_moveit/build/rviz_marker_tools': AMENT_PREFIX_PATH=/home/rosuser/ros2_ws/ws_moveit/install/moveit_common:${AMENT_PREFIX_PATH} CMAKE_PREFIX_PATH=/home/rosuser/ros2_ws/ws_moveit/install/moveit_common:/opt/ros/humble /usr/bin/cmake --build /home/rosuser/ros2_ws/ws_moveit/build/rviz_marker_tools -- -j8 -l8
[0.981s] [ 50%] [32mBuilding CXX object CMakeFiles/rviz_marker_tools.dir/src/marker_creation.cpp.o[0m
[4.185s] [100%] [32m[1mLinking CXX shared library librviz_marker_tools.so[0m
[4.264s] [100%] Built target rviz_marker_tools
[4.273s] Invoked command in '/home/rosuser/ros2_ws/ws_moveit/build/rviz_marker_tools' returned '0': AMENT_PREFIX_PATH=/home/rosuser/ros2_ws/ws_moveit/install/moveit_common:${AMENT_PREFIX_PATH} CMAKE_PREFIX_PATH=/home/rosuser/ros2_ws/ws_moveit/install/moveit_common:/opt/ros/humble /usr/bin/cmake --build /home/rosuser/ros2_ws/ws_moveit/build/rviz_marker_tools -- -j8 -l8
[4.274s] Invoking command in '/home/rosuser/ros2_ws/ws_moveit/build/rviz_marker_tools': AMENT_PREFIX_PATH=/home/rosuser/ros2_ws/ws_moveit/install/moveit_common:${AMENT_PREFIX_PATH} CMAKE_PREFIX_PATH=/home/rosuser/ros2_ws/ws_moveit/install/moveit_common:/opt/ros/humble /usr/bin/cmake --install /home/rosuser/ros2_ws/ws_moveit/build/rviz_marker_tools
[4.278s] -- Install configuration: "Release"
[4.278s] -- Installing: /home/rosuser/ros2_ws/ws_moveit/install/rviz_marker_tools/include
[4.278s] -- Installing: /home/rosuser/ros2_ws/ws_moveit/install/rviz_marker_tools/include/rviz_marker_tools
[4.278s] -- Installing: /home/rosuser/ros2_ws/ws_moveit/install/rviz_marker_tools/include/rviz_marker_tools/marker_creation.h
[4.278s] -- Installing: /home/rosuser/ros2_ws/ws_moveit/install/rviz_marker_tools/lib/librviz_marker_tools.so
[4.279s] -- Set runtime path of "/home/rosuser/ros2_ws/ws_moveit/install/rviz_marker_tools/lib/librviz_marker_tools.so" to ""
[4.279s] -- Installing: /home/rosuser/ros2_ws/ws_moveit/install/rviz_marker_tools/share/rviz_marker_tools/environment/library_path.sh
[4.279s] -- Installing: /home/rosuser/ros2_ws/ws_moveit/install/rviz_marker_tools/share/rviz_marker_tools/environment/library_path.dsv
[4.279s] -- Installing: /home/rosuser/ros2_ws/ws_moveit/install/rviz_marker_tools/share/ament_index/resource_index/package_run_dependencies/rviz_marker_tools
[4.279s] -- Installing: /home/rosuser/ros2_ws/ws_moveit/install/rviz_marker_tools/share/ament_index/resource_index/parent_prefix_path/rviz_marker_tools
[4.279s] -- Installing: /home/rosuser/ros2_ws/ws_moveit/install/rviz_marker_tools/share/rviz_marker_tools/environment/ament_prefix_path.sh
[4.279s] -- Installing: /home/rosuser/ros2_ws/ws_moveit/install/rviz_marker_tools/share/rviz_marker_tools/environment/ament_prefix_path.dsv
[4.279s] -- Installing: /home/rosuser/ros2_ws/ws_moveit/install/rviz_marker_tools/share/rviz_marker_tools/environment/path.sh
[4.280s] -- Installing: /home/rosuser/ros2_ws/ws_moveit/install/rviz_marker_tools/share/rviz_marker_tools/environment/path.dsv
[4.280s] -- Installing: /home/rosuser/ros2_ws/ws_moveit/install/rviz_marker_tools/share/rviz_marker_tools/local_setup.bash
[4.280s] -- Installing: /home/rosuser/ros2_ws/ws_moveit/install/rviz_marker_tools/share/rviz_marker_tools/local_setup.sh
[4.280s] -- Installing: /home/rosuser/ros2_ws/ws_moveit/install/rviz_marker_tools/share/rviz_marker_tools/local_setup.zsh
[4.280s] -- Installing: /home/rosuser/ros2_ws/ws_moveit/install/rviz_marker_tools/share/rviz_marker_tools/local_setup.dsv
[4.280s] -- Installing: /home/rosuser/ros2_ws/ws_moveit/install/rviz_marker_tools/share/rviz_marker_tools/package.dsv
[4.280s] -- Installing: /home/rosuser/ros2_ws/ws_moveit/install/rviz_marker_tools/share/ament_index/resource_index/packages/rviz_marker_tools
[4.280s] -- Installing: /home/rosuser/ros2_ws/ws_moveit/install/rviz_marker_tools/share/rviz_marker_tools/cmake/rviz_marker_toolsTargetsExport.cmake
[4.280s] -- Installing: /home/rosuser/ros2_ws/ws_moveit/install/rviz_marker_tools/share/rviz_marker_tools/cmake/rviz_marker_toolsTargetsExport-release.cmake
[4.280s] -- Installing: /home/rosuser/ros2_ws/ws_moveit/install/rviz_marker_tools/share/rviz_marker_tools/cmake/ament_cmake_export_targets-extras.cmake
[4.280s] -- Installing: /home/rosuser/ros2_ws/ws_moveit/install/rviz_marker_tools/share/rviz_marker_tools/cmake/ament_cmake_export_dependencies-extras.cmake
[4.281s] -- Installing: /home/rosuser/ros2_ws/ws_moveit/install/rviz_marker_tools/share/rviz_marker_tools/cmake/rviz_marker_toolsConfig.cmake
[4.281s] -- Installing: /home/rosuser/ros2_ws/ws_moveit/install/rviz_marker_tools/share/rviz_marker_tools/cmake/rviz_marker_toolsConfig-version.cmake
[4.281s] -- Installing: /home/rosuser/ros2_ws/ws_moveit/install/rviz_marker_tools/share/rviz_marker_tools/package.xml
[4.282s] Invoked command in '/home/rosuser/ros2_ws/ws_moveit/build/rviz_marker_tools' returned '0': AMENT_PREFIX_PATH=/home/rosuser/ros2_ws/ws_moveit/install/moveit_common:${AMENT_PREFIX_PATH} CMAKE_PREFIX_PATH=/home/rosuser/ros2_ws/ws_moveit/install/moveit_common:/opt/ros/humble /usr/bin/cmake --install /home/rosuser/ros2_ws/ws_moveit/build/rviz_marker_tools
