[0.117s] Invoking command in '/home/rosuser/ros2_ws/ws_moveit/build/moveit_setup_srdf_plugins': AMENT_PREFIX_PATH=/home/rosuser/ros2_ws/ws_moveit/install/moveit_setup_framework:/home/rosuser/ros2_ws/ws_moveit/install/moveit_ros_visualization:/home/rosuser/ros2_ws/ws_moveit/install/moveit_ros_planning_interface:/home/rosuser/ros2_ws/ws_moveit/install/moveit_ros_move_group:/home/rosuser/ros2_ws/ws_moveit/install/moveit_ros_warehouse:/home/rosuser/ros2_ws/ws_moveit/install/moveit_ros_robot_interaction:/home/rosuser/ros2_ws/ws_moveit/install/moveit_planners_ompl:/home/rosuser/ros2_ws/ws_moveit/install/moveit_kinematics:/home/rosuser/ros2_ws/ws_moveit/install/moveit_ros_planning:/home/rosuser/ros2_ws/ws_moveit/install/moveit_simple_controller_manager:/home/rosuser/ros2_ws/ws_moveit/install/moveit_ros_occupancy_map_monitor:/home/rosuser/ros2_ws/ws_moveit/install/moveit_core:/home/rosuser/ros2_ws/ws_moveit/install/moveit_resources_panda_moveit_config:/home/rosuser/ros2_ws/ws_moveit/install/moveit_resources_fanuc_moveit_config:/home/rosuser/ros2_ws/ws_moveit/install/moveit_configs_utils:/home/rosuser/ros2_ws/ws_moveit/install/srdfdom:/home/rosuser/ros2_ws/ws_moveit/install/moveit_resources_pr2_description:/home/rosuser/ros2_ws/ws_moveit/install/moveit_resources_panda_description:/home/rosuser/ros2_ws/ws_moveit/install/moveit_resources_fanuc_description:/home/rosuser/ros2_ws/ws_moveit/install/moveit_common:/home/rosuser/ros2_ws/ws_moveit/install/launch_param_builder:${AMENT_PREFIX_PATH} CMAKE_PREFIX_PATH=/home/rosuser/ros2_ws/ws_moveit/install/moveit_setup_framework:/home/rosuser/ros2_ws/ws_moveit/install/moveit_ros_visualization:/home/rosuser/ros2_ws/ws_moveit/install/moveit_ros_planning_interface:/home/rosuser/ros2_ws/ws_moveit/install/moveit_ros_move_group:/home/rosuser/ros2_ws/ws_moveit/install/moveit_ros_warehouse:/home/rosuser/ros2_ws/ws_moveit/install/moveit_ros_robot_interaction:/home/rosuser/ros2_ws/ws_moveit/install/moveit_planners_ompl:/home/rosuser/ros2_ws/ws_moveit/install/moveit_kinematics:/home/rosuser/ros2_ws/ws_moveit/install/moveit_ros_planning:/home/rosuser/ros2_ws/ws_moveit/install/moveit_simple_controller_manager:/home/rosuser/ros2_ws/ws_moveit/install/moveit_ros_occupancy_map_monitor:/home/rosuser/ros2_ws/ws_moveit/install/moveit_core:/home/rosuser/ros2_ws/ws_moveit/install/moveit_resources_panda_moveit_config:/home/rosuser/ros2_ws/ws_moveit/install/moveit_resources_fanuc_moveit_config:/home/rosuser/ros2_ws/ws_moveit/install/srdfdom:/home/rosuser/ros2_ws/ws_moveit/install/moveit_resources_pr2_description:/home/rosuser/ros2_ws/ws_moveit/install/moveit_resources_panda_description:/home/rosuser/ros2_ws/ws_moveit/install/moveit_resources_fanuc_description:/home/rosuser/ros2_ws/ws_moveit/install/moveit_common:/opt/ros/humble LD_LIBRARY_PATH=/home/rosuser/ros2_ws/ws_moveit/install/moveit_setup_framework/lib:/home/rosuser/ros2_ws/ws_moveit/install/moveit_ros_visualization/lib:/home/rosuser/ros2_ws/ws_moveit/install/moveit_ros_planning_interface/lib:/home/rosuser/ros2_ws/ws_moveit/install/moveit_ros_move_group/lib:/home/rosuser/ros2_ws/ws_moveit/install/moveit_ros_warehouse/lib:/home/rosuser/ros2_ws/ws_moveit/install/moveit_ros_robot_interaction/lib:/home/rosuser/ros2_ws/ws_moveit/install/moveit_planners_ompl/lib:/home/rosuser/ros2_ws/ws_moveit/install/moveit_kinematics/lib:/home/rosuser/ros2_ws/ws_moveit/install/moveit_ros_planning/lib:/home/rosuser/ros2_ws/ws_moveit/install/moveit_simple_controller_manager/lib:/home/rosuser/ros2_ws/ws_moveit/install/moveit_ros_occupancy_map_monitor/lib:/home/rosuser/ros2_ws/ws_moveit/install/moveit_core/lib:/home/rosuser/ros2_ws/ws_moveit/install/srdfdom/lib:${LD_LIBRARY_PATH} PATH=/home/rosuser/ros2_ws/ws_moveit/install/moveit_core/bin:${PATH} PYTHONPATH=/home/rosuser/ros2_ws/ws_moveit/install/moveit_configs_utils/lib/python3.10/site-packages:/home/rosuser/ros2_ws/ws_moveit/install/srdfdom/local/lib/python3.10/dist-packages:/home/rosuser/ros2_ws/ws_moveit/install/launch_param_builder/lib/python3.10/site-packages:${PYTHONPATH} /usr/bin/cmake /home/rosuser/ros2_ws/ws_moveit/src/moveit2/moveit_setup_assistant/moveit_setup_srdf_plugins -DCMAKE_BUILD_TYPE=Release -DCMAKE_INSTALL_PREFIX=/home/rosuser/ros2_ws/ws_moveit/install/moveit_setup_srdf_plugins
[0.217s] -- The C compiler identification is GNU 11.4.0
[0.269s] -- The CXX compiler identification is GNU 11.4.0
[0.285s] -- Detecting C compiler ABI info
[0.345s] -- Detecting C compiler ABI info - done
[0.352s] -- Check for working C compiler: /usr/bin/cc - skipped
[0.352s] -- Detecting C compile features
[0.353s] -- Detecting C compile features - done
[0.356s] -- Detecting CXX compiler ABI info
[0.426s] -- Detecting CXX compiler ABI info - done
[0.429s] -- Check for working CXX compiler: /usr/bin/c++ - skipped
[0.430s] -- Detecting CXX compile features
[0.430s] -- Detecting CXX compile features - done
[0.440s] -- Found moveit_common: 2.5.9 (/home/rosuser/ros2_ws/ws_moveit/install/moveit_common/share/moveit_common/cmake)
[0.448s] -- Found ament_cmake: 1.3.11 (/opt/ros/humble/share/ament_cmake/cmake)
[0.610s] -- Found Python3: /usr/bin/python3 (found version "3.10.12") found components: Interpreter 
[0.815s] -- Found ament_cmake_ros: 0.10.0 (/opt/ros/humble/share/ament_cmake_ros/cmake)
[0.828s] -- Found moveit_setup_framework: 2.5.9 (/home/rosuser/ros2_ws/ws_moveit/install/moveit_setup_framework/share/moveit_setup_framework/cmake)
[0.909s] -- Found rosidl_generator_c: 3.1.6 (/opt/ros/humble/share/rosidl_generator_c/cmake)
[0.916s] -- Found rosidl_adapter: 3.1.6 (/opt/ros/humble/share/rosidl_adapter/cmake)
[0.928s] -- Found rosidl_generator_cpp: 3.1.6 (/opt/ros/humble/share/rosidl_generator_cpp/cmake)
[0.946s] -- Using all available rosidl_typesupport_c: rosidl_typesupport_fastrtps_c;rosidl_typesupport_introspection_c
[0.974s] -- Using all available rosidl_typesupport_cpp: rosidl_typesupport_fastrtps_cpp;rosidl_typesupport_introspection_cpp
[1.045s] -- Found rmw_implementation_cmake: 6.1.2 (/opt/ros/humble/share/rmw_implementation_cmake/cmake)
[1.049s] -- Found rmw_fastrtps_cpp: 6.2.7 (/opt/ros/humble/share/rmw_fastrtps_cpp/cmake)
[1.151s] -- Found OpenSSL: /usr/lib/aarch64-linux-gnu/libcrypto.so (found version "3.0.2")  
[1.177s] -- Found FastRTPS: /opt/ros/humble/include  
[1.220s] -- Using RMW implementation 'rmw_fastrtps_cpp' as default
[1.239s] -- Looking for pthread.h
[1.343s] -- Looking for pthread.h - found
[1.343s] -- Performing Test CMAKE_HAVE_LIBC_PTHREAD
[1.446s] -- Performing Test CMAKE_HAVE_LIBC_PTHREAD - Success
[1.448s] -- Found Threads: TRUE  
[1.596s] -- Found Boost: /usr/lib/aarch64-linux-gnu/cmake/Boost-1.74.0/BoostConfig.cmake (found version "1.74.0") found components: chrono date_time filesystem iostreams program_options regex serialization system thread 
[1.652s] -- Found parameter_traits: 0.4.0 (/opt/ros/humble/share/parameter_traits/cmake)
[1.666s] -- Found Eigen3: TRUE (found version "3.4.0") 
[1.669s] -- Found rclcpp_lifecycle: 16.0.12 (/opt/ros/humble/share/rclcpp_lifecycle/cmake)
[1.704s] -- Found Boost: /usr/lib/aarch64-linux-gnu/cmake/Boost-1.74.0/BoostConfig.cmake (found version "1.74.0") found components: filesystem 
[1.815s] -- library: /usr/lib/aarch64-linux-gnu/libcurl.so
[1.885s] -- Ensuring Eigen3 include directory is part of orocos-kdl CMake target
[2.185s] -- Found Boost: /usr/lib/aarch64-linux-gnu/cmake/Boost-1.74.0/BoostConfig.cmake (found version "1.74.0") found components: system filesystem date_time program_options thread chrono 
[2.217s] -- Found Boost: /usr/lib/aarch64-linux-gnu/cmake/Boost-1.74.0/BoostConfig.cmake (found version "1.74.0") found components: thread date_time system filesystem 
[2.231s] -- Found Boost: /usr/lib/aarch64-linux-gnu/cmake/Boost-1.74.0/BoostConfig.cmake (found version "1.74.0") found components: date_time filesystem program_options system thread 
[2.243s] -- Found Boost: /usr/lib/aarch64-linux-gnu/cmake/Boost-1.74.0/BoostConfig.cmake (found version "1.74.0") found components: thread system filesystem regex date_time program_options 
[2.262s] -- Found Boost: /usr/lib/aarch64-linux-gnu/cmake/Boost-1.74.0/BoostConfig.cmake (found version "1.74.0") found components: system filesystem date_time program_options thread 
[2.323s] -- Setting OGRE_DIR to: '/opt/ros/humble/share/rviz_ogre_vendor/cmake/../../../opt/rviz_ogre_vendor/lib/OGRE/cmake'
[2.325s] -- Found OGRE
[2.325s] --   static     : OFF
[2.325s] --   components : HLMS;MeshLodGenerator;Overlay;Paging;Property;RTShaderSystem;Terrain;Volume
[2.325s] --   plugins    : Plugin_BSPSceneManager;Plugin_OctreeSceneManager;Plugin_PCZSceneManager;Plugin_ParticleFX;RenderSystem_GL;RenderSystem_GL3Plus;Codec_STBI
[2.325s] --   media      : /opt/ros/humble/opt/rviz_ogre_vendor/share/OGRE/Media
[2.325s] -- OGRE_LIBRARIES: OgreHLMS;OgreMeshLodGenerator;OgreOverlay;OgrePaging;OgreProperty;OgreRTShaderSystem;OgreTerrain;OgreVolume;OgreMain
[2.325s] -- OGRE_LIBRARY_DIRS: /opt/ros/humble/opt/rviz_ogre_vendor/lib
[2.325s] -- OGRE_PLUGINS: Plugin_BSPSceneManager;Plugin_OctreeSceneManager;Plugin_PCZSceneManager;Plugin_ParticleFX;RenderSystem_GL;RenderSystem_GL3Plus;Codec_STBI
[2.326s] -- OGRE_PLUGIN_DIR: /opt/ros/humble/opt/rviz_ogre_vendor/lib/OGRE
[2.326s] -- rviz_ogre_vendor::OgreOverlay for IMPORTED_LOCATION_RELEASE: /opt/ros/humble/opt/rviz_ogre_vendor/lib/libOgreOverlay.so
[2.326s] -- rviz_ogre_vendor::OgreOverlay for IMPORTED_LOCATION_DEBUG: /opt/ros/humble/opt/rviz_ogre_vendor/lib/libOgreOverlay.so
[2.327s] -- rviz_ogre_vendor::OgreMain for IMPORTED_LOCATION_RELEASE: /opt/ros/humble/opt/rviz_ogre_vendor/lib/libOgreMain.so
[2.327s] -- rviz_ogre_vendor::OgreMain for IMPORTED_LOCATION_DEBUG: /opt/ros/humble/opt/rviz_ogre_vendor/lib/libOgreMain.so
[2.327s] -- Could not find freeimage library
[2.349s] -- Found ZLIB: /usr/lib/aarch64-linux-gnu/libz.so (found version "1.2.11") 
[2.352s] -- Found OpenGL: /usr/lib/aarch64-linux-gnu/libOpenGL.so   
[2.435s] -- Found X11: /usr/include   
[2.437s] -- Looking for XOpenDisplay in /usr/lib/aarch64-linux-gnu/libX11.so;/usr/lib/aarch64-linux-gnu/libXext.so
[2.556s] -- Looking for XOpenDisplay in /usr/lib/aarch64-linux-gnu/libX11.so;/usr/lib/aarch64-linux-gnu/libXext.so - found
[2.556s] -- Looking for gethostbyname
[2.636s] -- Looking for gethostbyname - found
[2.636s] -- Looking for connect
[2.715s] -- Looking for connect - found
[2.716s] -- Looking for remove
[2.791s] -- Looking for remove - found
[2.791s] -- Looking for shmat
[2.878s] -- Looking for shmat - found
[2.878s] -- Looking for IceConnectionNumber in ICE
[2.959s] -- Looking for IceConnectionNumber in ICE - found
[2.980s] -- Setting assimp_DIR to: '/opt/ros/humble/share/rviz_assimp_vendor/cmake/../../../opt/rviz_assimp_vendor/lib/cmake/assimp-4.1'
[3.082s] -- Found ament_lint_auto: 0.12.12 (/opt/ros/humble/share/ament_lint_auto/cmake)
[3.107s] -- Found gtest sources under '/opt/ros/humble/src/gtest_vendor': C++ tests using 'Google Test' will be built
[3.122s] -- Added test 'lint_cmake' to check CMake code style
[3.122s] -- Added test 'xmllint' to check XML markup files
[3.130s] -- Configuring done
[3.237s] -- Generating done
[3.248s] -- Build files have been written to: /home/rosuser/ros2_ws/ws_moveit/build/moveit_setup_srdf_plugins
[3.262s] Invoked command in '/home/rosuser/ros2_ws/ws_moveit/build/moveit_setup_srdf_plugins' returned '0': AMENT_PREFIX_PATH=/home/rosuser/ros2_ws/ws_moveit/install/moveit_setup_framework:/home/rosuser/ros2_ws/ws_moveit/install/moveit_ros_visualization:/home/rosuser/ros2_ws/ws_moveit/install/moveit_ros_planning_interface:/home/rosuser/ros2_ws/ws_moveit/install/moveit_ros_move_group:/home/rosuser/ros2_ws/ws_moveit/install/moveit_ros_warehouse:/home/rosuser/ros2_ws/ws_moveit/install/moveit_ros_robot_interaction:/home/rosuser/ros2_ws/ws_moveit/install/moveit_planners_ompl:/home/rosuser/ros2_ws/ws_moveit/install/moveit_kinematics:/home/rosuser/ros2_ws/ws_moveit/install/moveit_ros_planning:/home/rosuser/ros2_ws/ws_moveit/install/moveit_simple_controller_manager:/home/rosuser/ros2_ws/ws_moveit/install/moveit_ros_occupancy_map_monitor:/home/rosuser/ros2_ws/ws_moveit/install/moveit_core:/home/rosuser/ros2_ws/ws_moveit/install/moveit_resources_panda_moveit_config:/home/rosuser/ros2_ws/ws_moveit/install/moveit_resources_fanuc_moveit_config:/home/rosuser/ros2_ws/ws_moveit/install/moveit_configs_utils:/home/rosuser/ros2_ws/ws_moveit/install/srdfdom:/home/rosuser/ros2_ws/ws_moveit/install/moveit_resources_pr2_description:/home/rosuser/ros2_ws/ws_moveit/install/moveit_resources_panda_description:/home/rosuser/ros2_ws/ws_moveit/install/moveit_resources_fanuc_description:/home/rosuser/ros2_ws/ws_moveit/install/moveit_common:/home/rosuser/ros2_ws/ws_moveit/install/launch_param_builder:${AMENT_PREFIX_PATH} CMAKE_PREFIX_PATH=/home/rosuser/ros2_ws/ws_moveit/install/moveit_setup_framework:/home/rosuser/ros2_ws/ws_moveit/install/moveit_ros_visualization:/home/rosuser/ros2_ws/ws_moveit/install/moveit_ros_planning_interface:/home/rosuser/ros2_ws/ws_moveit/install/moveit_ros_move_group:/home/rosuser/ros2_ws/ws_moveit/install/moveit_ros_warehouse:/home/rosuser/ros2_ws/ws_moveit/install/moveit_ros_robot_interaction:/home/rosuser/ros2_ws/ws_moveit/install/moveit_planners_ompl:/home/rosuser/ros2_ws/ws_moveit/install/moveit_kinematics:/home/rosuser/ros2_ws/ws_moveit/install/moveit_ros_planning:/home/rosuser/ros2_ws/ws_moveit/install/moveit_simple_controller_manager:/home/rosuser/ros2_ws/ws_moveit/install/moveit_ros_occupancy_map_monitor:/home/rosuser/ros2_ws/ws_moveit/install/moveit_core:/home/rosuser/ros2_ws/ws_moveit/install/moveit_resources_panda_moveit_config:/home/rosuser/ros2_ws/ws_moveit/install/moveit_resources_fanuc_moveit_config:/home/rosuser/ros2_ws/ws_moveit/install/srdfdom:/home/rosuser/ros2_ws/ws_moveit/install/moveit_resources_pr2_description:/home/rosuser/ros2_ws/ws_moveit/install/moveit_resources_panda_description:/home/rosuser/ros2_ws/ws_moveit/install/moveit_resources_fanuc_description:/home/rosuser/ros2_ws/ws_moveit/install/moveit_common:/opt/ros/humble LD_LIBRARY_PATH=/home/rosuser/ros2_ws/ws_moveit/install/moveit_setup_framework/lib:/home/rosuser/ros2_ws/ws_moveit/install/moveit_ros_visualization/lib:/home/rosuser/ros2_ws/ws_moveit/install/moveit_ros_planning_interface/lib:/home/rosuser/ros2_ws/ws_moveit/install/moveit_ros_move_group/lib:/home/rosuser/ros2_ws/ws_moveit/install/moveit_ros_warehouse/lib:/home/rosuser/ros2_ws/ws_moveit/install/moveit_ros_robot_interaction/lib:/home/rosuser/ros2_ws/ws_moveit/install/moveit_planners_ompl/lib:/home/rosuser/ros2_ws/ws_moveit/install/moveit_kinematics/lib:/home/rosuser/ros2_ws/ws_moveit/install/moveit_ros_planning/lib:/home/rosuser/ros2_ws/ws_moveit/install/moveit_simple_controller_manager/lib:/home/rosuser/ros2_ws/ws_moveit/install/moveit_ros_occupancy_map_monitor/lib:/home/rosuser/ros2_ws/ws_moveit/install/moveit_core/lib:/home/rosuser/ros2_ws/ws_moveit/install/srdfdom/lib:${LD_LIBRARY_PATH} PATH=/home/rosuser/ros2_ws/ws_moveit/install/moveit_core/bin:${PATH} PYTHONPATH=/home/rosuser/ros2_ws/ws_moveit/install/moveit_configs_utils/lib/python3.10/site-packages:/home/rosuser/ros2_ws/ws_moveit/install/srdfdom/local/lib/python3.10/dist-packages:/home/rosuser/ros2_ws/ws_moveit/install/launch_param_builder/lib/python3.10/site-packages:${PYTHONPATH} /usr/bin/cmake /home/rosuser/ros2_ws/ws_moveit/src/moveit2/moveit_setup_assistant/moveit_setup_srdf_plugins -DCMAKE_BUILD_TYPE=Release -DCMAKE_INSTALL_PREFIX=/home/rosuser/ros2_ws/ws_moveit/install/moveit_setup_srdf_plugins
[3.263s] Invoking command in '/home/rosuser/ros2_ws/ws_moveit/build/moveit_setup_srdf_plugins': AMENT_PREFIX_PATH=/home/rosuser/ros2_ws/ws_moveit/install/moveit_setup_framework:/home/rosuser/ros2_ws/ws_moveit/install/moveit_ros_visualization:/home/rosuser/ros2_ws/ws_moveit/install/moveit_ros_planning_interface:/home/rosuser/ros2_ws/ws_moveit/install/moveit_ros_move_group:/home/rosuser/ros2_ws/ws_moveit/install/moveit_ros_warehouse:/home/rosuser/ros2_ws/ws_moveit/install/moveit_ros_robot_interaction:/home/rosuser/ros2_ws/ws_moveit/install/moveit_planners_ompl:/home/rosuser/ros2_ws/ws_moveit/install/moveit_kinematics:/home/rosuser/ros2_ws/ws_moveit/install/moveit_ros_planning:/home/rosuser/ros2_ws/ws_moveit/install/moveit_simple_controller_manager:/home/rosuser/ros2_ws/ws_moveit/install/moveit_ros_occupancy_map_monitor:/home/rosuser/ros2_ws/ws_moveit/install/moveit_core:/home/rosuser/ros2_ws/ws_moveit/install/moveit_resources_panda_moveit_config:/home/rosuser/ros2_ws/ws_moveit/install/moveit_resources_fanuc_moveit_config:/home/rosuser/ros2_ws/ws_moveit/install/moveit_configs_utils:/home/rosuser/ros2_ws/ws_moveit/install/srdfdom:/home/rosuser/ros2_ws/ws_moveit/install/moveit_resources_pr2_description:/home/rosuser/ros2_ws/ws_moveit/install/moveit_resources_panda_description:/home/rosuser/ros2_ws/ws_moveit/install/moveit_resources_fanuc_description:/home/rosuser/ros2_ws/ws_moveit/install/moveit_common:/home/rosuser/ros2_ws/ws_moveit/install/launch_param_builder:${AMENT_PREFIX_PATH} CMAKE_PREFIX_PATH=/home/rosuser/ros2_ws/ws_moveit/install/moveit_setup_framework:/home/rosuser/ros2_ws/ws_moveit/install/moveit_ros_visualization:/home/rosuser/ros2_ws/ws_moveit/install/moveit_ros_planning_interface:/home/rosuser/ros2_ws/ws_moveit/install/moveit_ros_move_group:/home/rosuser/ros2_ws/ws_moveit/install/moveit_ros_warehouse:/home/rosuser/ros2_ws/ws_moveit/install/moveit_ros_robot_interaction:/home/rosuser/ros2_ws/ws_moveit/install/moveit_planners_ompl:/home/rosuser/ros2_ws/ws_moveit/install/moveit_kinematics:/home/rosuser/ros2_ws/ws_moveit/install/moveit_ros_planning:/home/rosuser/ros2_ws/ws_moveit/install/moveit_simple_controller_manager:/home/rosuser/ros2_ws/ws_moveit/install/moveit_ros_occupancy_map_monitor:/home/rosuser/ros2_ws/ws_moveit/install/moveit_core:/home/rosuser/ros2_ws/ws_moveit/install/moveit_resources_panda_moveit_config:/home/rosuser/ros2_ws/ws_moveit/install/moveit_resources_fanuc_moveit_config:/home/rosuser/ros2_ws/ws_moveit/install/srdfdom:/home/rosuser/ros2_ws/ws_moveit/install/moveit_resources_pr2_description:/home/rosuser/ros2_ws/ws_moveit/install/moveit_resources_panda_description:/home/rosuser/ros2_ws/ws_moveit/install/moveit_resources_fanuc_description:/home/rosuser/ros2_ws/ws_moveit/install/moveit_common:/opt/ros/humble LD_LIBRARY_PATH=/home/rosuser/ros2_ws/ws_moveit/install/moveit_setup_framework/lib:/home/rosuser/ros2_ws/ws_moveit/install/moveit_ros_visualization/lib:/home/rosuser/ros2_ws/ws_moveit/install/moveit_ros_planning_interface/lib:/home/rosuser/ros2_ws/ws_moveit/install/moveit_ros_move_group/lib:/home/rosuser/ros2_ws/ws_moveit/install/moveit_ros_warehouse/lib:/home/rosuser/ros2_ws/ws_moveit/install/moveit_ros_robot_interaction/lib:/home/rosuser/ros2_ws/ws_moveit/install/moveit_planners_ompl/lib:/home/rosuser/ros2_ws/ws_moveit/install/moveit_kinematics/lib:/home/rosuser/ros2_ws/ws_moveit/install/moveit_ros_planning/lib:/home/rosuser/ros2_ws/ws_moveit/install/moveit_simple_controller_manager/lib:/home/rosuser/ros2_ws/ws_moveit/install/moveit_ros_occupancy_map_monitor/lib:/home/rosuser/ros2_ws/ws_moveit/install/moveit_core/lib:/home/rosuser/ros2_ws/ws_moveit/install/srdfdom/lib:${LD_LIBRARY_PATH} PATH=/home/rosuser/ros2_ws/ws_moveit/install/moveit_core/bin:${PATH} PYTHONPATH=/home/rosuser/ros2_ws/ws_moveit/install/moveit_configs_utils/lib/python3.10/site-packages:/home/rosuser/ros2_ws/ws_moveit/install/srdfdom/local/lib/python3.10/dist-packages:/home/rosuser/ros2_ws/ws_moveit/install/launch_param_builder/lib/python3.10/site-packages:${PYTHONPATH} /usr/bin/cmake --build /home/rosuser/ros2_ws/ws_moveit/build/moveit_setup_srdf_plugins -- -j8 -l8
[3.295s] [  2%] [34m[1mGenerating include/moveit_setup_srdf_plugins/moc_virtual_joints_widget.cpp[0m
[3.307s] [  4%] [34m[1mGenerating include/moveit_setup_srdf_plugins/moc_group_edit_widget.cpp[0m
[3.318s] [  6%] [34m[1mGenerating include/moveit_setup_srdf_plugins/moc_kinematic_chain_widget.cpp[0m
[3.328s] [  8%] [34m[1mGenerating include/moveit_setup_srdf_plugins/moc_passive_joints_widget.cpp[0m
[3.337s] [ 10%] [34m[1mGenerating include/moveit_setup_srdf_plugins/moc_planning_groups_widget.cpp[0m
[3.346s] [ 12%] [34m[1mGenerating include/moveit_setup_srdf_plugins/moc_robot_poses_widget.cpp[0m
[3.355s] [ 14%] [34m[1mGenerating include/moveit_setup_srdf_plugins/moc_rotated_header_view.cpp[0m
[3.359s] /home/rosuser/ros2_ws/ws_moveit/src/moveit2/moveit_setup_assistant/moveit_setup_srdf_plugins/include/moveit_setup_srdf_plugins/rotated_header_view.hpp:0: Note: No relevant classes found. No output generated.
[3.365s] [ 16%] [34m[1mGenerating include/moveit_setup_srdf_plugins/moc_end_effectors_widget.cpp[0m
[3.374s] [ 18%] [34m[1mGenerating include/moveit_setup_srdf_plugins/moc_default_collisions_widget.cpp[0m
[3.382s] [ 20%] [34m[1mGenerating include/moveit_setup_srdf_plugins/moc_collision_matrix_model.cpp[0m
[3.392s] [ 22%] [34m[1mGenerating include/moveit_setup_srdf_plugins/moc_collision_linear_model.cpp[0m
[3.419s] [ 25%] [32mBuilding CXX object CMakeFiles/moveit_setup_srdf_plugins.dir/src/collision_linear_model.cpp.o[0m
[4.783s] [ 27%] [32mBuilding CXX object CMakeFiles/moveit_setup_srdf_plugins.dir/src/end_effectors.cpp.o[0m
[11.353s] [ 29%] [32mBuilding CXX object CMakeFiles/moveit_setup_srdf_plugins.dir/src/end_effectors_widget.cpp.o[0m
[20.911s] [ 31%] [32mBuilding CXX object CMakeFiles/moveit_setup_srdf_plugins.dir/src/group_edit_widget.cpp.o[0m
[27.858s] [ 33%] [32mBuilding CXX object CMakeFiles/moveit_setup_srdf_plugins.dir/src/group_meta_config.cpp.o[0m
[30.161s] [ 35%] [32mBuilding CXX object CMakeFiles/moveit_setup_srdf_plugins.dir/src/kinematic_chain_widget.cpp.o[0m
[38.696s] [ 37%] [32mBuilding CXX object CMakeFiles/moveit_setup_srdf_plugins.dir/src/passive_joints.cpp.o[0m
[39.706s] [ 41%] [32mBuilding CXX object CMakeFiles/moveit_setup_srdf_plugins.dir/src/passive_joints_widget.cpp.o[0m
[39.706s] [ 41%] [32mBuilding CXX object CMakeFiles/moveit_setup_srdf_plugins.dir/src/default_collisions_widget.cpp.o[0m
[40.735s] [ 43%] [32mBuilding CXX object CMakeFiles/moveit_setup_srdf_plugins.dir/src/default_collisions.cpp.o[0m
[40.740s] [ 45%] [32mBuilding CXX object CMakeFiles/moveit_setup_srdf_plugins.dir/src/compute_default_collisions.cpp.o[0m
[41.763s] [ 47%] [32mBuilding CXX object CMakeFiles/moveit_setup_srdf_plugins.dir/src/collision_matrix_model.cpp.o[0m
[47.093s] [ 50%] [32mBuilding CXX object CMakeFiles/moveit_setup_srdf_plugins.dir/src/planning_groups.cpp.o[0m
[55.718s] [ 52%] [32mBuilding CXX object CMakeFiles/moveit_setup_srdf_plugins.dir/src/planning_groups_widget.cpp.o[0m
[94.371s] [ 54%] [32mBuilding CXX object CMakeFiles/moveit_setup_srdf_plugins.dir/src/virtual_joints.cpp.o[0m
[95.390s] [ 56%] [32mBuilding CXX object CMakeFiles/moveit_setup_srdf_plugins.dir/src/rotated_header_view.cpp.o[0m
[96.417s] [ 58%] [32mBuilding CXX object CMakeFiles/moveit_setup_srdf_plugins.dir/src/robot_poses_widget.cpp.o[0m
[97.438s] [ 60%] [32mBuilding CXX object CMakeFiles/moveit_setup_srdf_plugins.dir/src/robot_poses.cpp.o[0m
[97.765s] [ 62%] [32mBuilding CXX object CMakeFiles/moveit_setup_srdf_plugins.dir/src/virtual_joints_widget.cpp.o[0m
[101.329s] [ 64%] [32mBuilding CXX object CMakeFiles/moveit_setup_srdf_plugins.dir/include/moveit_setup_srdf_plugins/moc_collision_linear_model.cpp.o[0m
[105.088s] [ 66%] [32mBuilding CXX object CMakeFiles/moveit_setup_srdf_plugins.dir/include/moveit_setup_srdf_plugins/moc_collision_matrix_model.cpp.o[0m
[108.580s] [ 68%] [32mBuilding CXX object CMakeFiles/moveit_setup_srdf_plugins.dir/include/moveit_setup_srdf_plugins/moc_default_collisions_widget.cpp.o[0m
[153.808s] [ 70%] [32mBuilding CXX object CMakeFiles/moveit_setup_srdf_plugins.dir/include/moveit_setup_srdf_plugins/moc_planning_groups_widget.cpp.o[0m
[159.832s] [ 72%] [32mBuilding CXX object CMakeFiles/moveit_setup_srdf_plugins.dir/include/moveit_setup_srdf_plugins/moc_robot_poses_widget.cpp.o[0m
[160.843s] [ 75%] [32mBuilding CXX object CMakeFiles/moveit_setup_srdf_plugins.dir/include/moveit_setup_srdf_plugins/moc_passive_joints_widget.cpp.o[0m
[161.863s] [ 77%] [32mBuilding CXX object CMakeFiles/moveit_setup_srdf_plugins.dir/include/moveit_setup_srdf_plugins/moc_kinematic_chain_widget.cpp.o[0m
[162.938s] [ 79%] [32mBuilding CXX object CMakeFiles/moveit_setup_srdf_plugins.dir/include/moveit_setup_srdf_plugins/moc_group_edit_widget.cpp.o[0m
[163.966s] [ 81%] [32mBuilding CXX object CMakeFiles/moveit_setup_srdf_plugins.dir/include/moveit_setup_srdf_plugins/moc_end_effectors_widget.cpp.o[0m
[178.718s] [ 83%] [32mBuilding CXX object CMakeFiles/moveit_setup_srdf_plugins.dir/include/moveit_setup_srdf_plugins/moc_rotated_header_view.cpp.o[0m
[178.832s] [ 85%] [32mBuilding CXX object CMakeFiles/moveit_setup_srdf_plugins.dir/include/moveit_setup_srdf_plugins/moc_virtual_joints_widget.cpp.o[0m
[248.056s] [ 87%] [32m[1mLinking CXX shared library libmoveit_setup_srdf_plugins.so[0m
[248.622s] [ 87%] Built target moveit_setup_srdf_plugins
[248.644s] [ 89%] [32mBuilding CXX object gtest/CMakeFiles/gtest_main.dir/src/gtest_main.cc.o[0m
[248.646s] [ 91%] [32mBuilding CXX object gtest/CMakeFiles/gtest.dir/src/gtest-all.cc.o[0m
[249.588s] [ 93%] [32m[1mLinking CXX static library libgtest_main.a[0m
[249.619s] [ 93%] Built target gtest_main
[254.025s] [ 95%] [32m[1mLinking CXX static library libgtest.a[0m
[254.054s] [ 95%] Built target gtest
[254.073s] [ 97%] [32mBuilding CXX object CMakeFiles/test_srdf.dir/test/test_srdf.cpp.o[0m
[264.374s] [100%] [32m[1mLinking CXX executable test_srdf[0m
[264.886s] [100%] Built target test_srdf
[264.912s] Invoked command in '/home/rosuser/ros2_ws/ws_moveit/build/moveit_setup_srdf_plugins' returned '0': AMENT_PREFIX_PATH=/home/rosuser/ros2_ws/ws_moveit/install/moveit_setup_framework:/home/rosuser/ros2_ws/ws_moveit/install/moveit_ros_visualization:/home/rosuser/ros2_ws/ws_moveit/install/moveit_ros_planning_interface:/home/rosuser/ros2_ws/ws_moveit/install/moveit_ros_move_group:/home/rosuser/ros2_ws/ws_moveit/install/moveit_ros_warehouse:/home/rosuser/ros2_ws/ws_moveit/install/moveit_ros_robot_interaction:/home/rosuser/ros2_ws/ws_moveit/install/moveit_planners_ompl:/home/rosuser/ros2_ws/ws_moveit/install/moveit_kinematics:/home/rosuser/ros2_ws/ws_moveit/install/moveit_ros_planning:/home/rosuser/ros2_ws/ws_moveit/install/moveit_simple_controller_manager:/home/rosuser/ros2_ws/ws_moveit/install/moveit_ros_occupancy_map_monitor:/home/rosuser/ros2_ws/ws_moveit/install/moveit_core:/home/rosuser/ros2_ws/ws_moveit/install/moveit_resources_panda_moveit_config:/home/rosuser/ros2_ws/ws_moveit/install/moveit_resources_fanuc_moveit_config:/home/rosuser/ros2_ws/ws_moveit/install/moveit_configs_utils:/home/rosuser/ros2_ws/ws_moveit/install/srdfdom:/home/rosuser/ros2_ws/ws_moveit/install/moveit_resources_pr2_description:/home/rosuser/ros2_ws/ws_moveit/install/moveit_resources_panda_description:/home/rosuser/ros2_ws/ws_moveit/install/moveit_resources_fanuc_description:/home/rosuser/ros2_ws/ws_moveit/install/moveit_common:/home/rosuser/ros2_ws/ws_moveit/install/launch_param_builder:${AMENT_PREFIX_PATH} CMAKE_PREFIX_PATH=/home/rosuser/ros2_ws/ws_moveit/install/moveit_setup_framework:/home/rosuser/ros2_ws/ws_moveit/install/moveit_ros_visualization:/home/rosuser/ros2_ws/ws_moveit/install/moveit_ros_planning_interface:/home/rosuser/ros2_ws/ws_moveit/install/moveit_ros_move_group:/home/rosuser/ros2_ws/ws_moveit/install/moveit_ros_warehouse:/home/rosuser/ros2_ws/ws_moveit/install/moveit_ros_robot_interaction:/home/rosuser/ros2_ws/ws_moveit/install/moveit_planners_ompl:/home/rosuser/ros2_ws/ws_moveit/install/moveit_kinematics:/home/rosuser/ros2_ws/ws_moveit/install/moveit_ros_planning:/home/rosuser/ros2_ws/ws_moveit/install/moveit_simple_controller_manager:/home/rosuser/ros2_ws/ws_moveit/install/moveit_ros_occupancy_map_monitor:/home/rosuser/ros2_ws/ws_moveit/install/moveit_core:/home/rosuser/ros2_ws/ws_moveit/install/moveit_resources_panda_moveit_config:/home/rosuser/ros2_ws/ws_moveit/install/moveit_resources_fanuc_moveit_config:/home/rosuser/ros2_ws/ws_moveit/install/srdfdom:/home/rosuser/ros2_ws/ws_moveit/install/moveit_resources_pr2_description:/home/rosuser/ros2_ws/ws_moveit/install/moveit_resources_panda_description:/home/rosuser/ros2_ws/ws_moveit/install/moveit_resources_fanuc_description:/home/rosuser/ros2_ws/ws_moveit/install/moveit_common:/opt/ros/humble LD_LIBRARY_PATH=/home/rosuser/ros2_ws/ws_moveit/install/moveit_setup_framework/lib:/home/rosuser/ros2_ws/ws_moveit/install/moveit_ros_visualization/lib:/home/rosuser/ros2_ws/ws_moveit/install/moveit_ros_planning_interface/lib:/home/rosuser/ros2_ws/ws_moveit/install/moveit_ros_move_group/lib:/home/rosuser/ros2_ws/ws_moveit/install/moveit_ros_warehouse/lib:/home/rosuser/ros2_ws/ws_moveit/install/moveit_ros_robot_interaction/lib:/home/rosuser/ros2_ws/ws_moveit/install/moveit_planners_ompl/lib:/home/rosuser/ros2_ws/ws_moveit/install/moveit_kinematics/lib:/home/rosuser/ros2_ws/ws_moveit/install/moveit_ros_planning/lib:/home/rosuser/ros2_ws/ws_moveit/install/moveit_simple_controller_manager/lib:/home/rosuser/ros2_ws/ws_moveit/install/moveit_ros_occupancy_map_monitor/lib:/home/rosuser/ros2_ws/ws_moveit/install/moveit_core/lib:/home/rosuser/ros2_ws/ws_moveit/install/srdfdom/lib:${LD_LIBRARY_PATH} PATH=/home/rosuser/ros2_ws/ws_moveit/install/moveit_core/bin:${PATH} PYTHONPATH=/home/rosuser/ros2_ws/ws_moveit/install/moveit_configs_utils/lib/python3.10/site-packages:/home/rosuser/ros2_ws/ws_moveit/install/srdfdom/local/lib/python3.10/dist-packages:/home/rosuser/ros2_ws/ws_moveit/install/launch_param_builder/lib/python3.10/site-packages:${PYTHONPATH} /usr/bin/cmake --build /home/rosuser/ros2_ws/ws_moveit/build/moveit_setup_srdf_plugins -- -j8 -l8
[264.914s] Invoking command in '/home/rosuser/ros2_ws/ws_moveit/build/moveit_setup_srdf_plugins': AMENT_PREFIX_PATH=/home/rosuser/ros2_ws/ws_moveit/install/moveit_setup_framework:/home/rosuser/ros2_ws/ws_moveit/install/moveit_ros_visualization:/home/rosuser/ros2_ws/ws_moveit/install/moveit_ros_planning_interface:/home/rosuser/ros2_ws/ws_moveit/install/moveit_ros_move_group:/home/rosuser/ros2_ws/ws_moveit/install/moveit_ros_warehouse:/home/rosuser/ros2_ws/ws_moveit/install/moveit_ros_robot_interaction:/home/rosuser/ros2_ws/ws_moveit/install/moveit_planners_ompl:/home/rosuser/ros2_ws/ws_moveit/install/moveit_kinematics:/home/rosuser/ros2_ws/ws_moveit/install/moveit_ros_planning:/home/rosuser/ros2_ws/ws_moveit/install/moveit_simple_controller_manager:/home/rosuser/ros2_ws/ws_moveit/install/moveit_ros_occupancy_map_monitor:/home/rosuser/ros2_ws/ws_moveit/install/moveit_core:/home/rosuser/ros2_ws/ws_moveit/install/moveit_resources_panda_moveit_config:/home/rosuser/ros2_ws/ws_moveit/install/moveit_resources_fanuc_moveit_config:/home/rosuser/ros2_ws/ws_moveit/install/moveit_configs_utils:/home/rosuser/ros2_ws/ws_moveit/install/srdfdom:/home/rosuser/ros2_ws/ws_moveit/install/moveit_resources_pr2_description:/home/rosuser/ros2_ws/ws_moveit/install/moveit_resources_panda_description:/home/rosuser/ros2_ws/ws_moveit/install/moveit_resources_fanuc_description:/home/rosuser/ros2_ws/ws_moveit/install/moveit_common:/home/rosuser/ros2_ws/ws_moveit/install/launch_param_builder:${AMENT_PREFIX_PATH} CMAKE_PREFIX_PATH=/home/rosuser/ros2_ws/ws_moveit/install/moveit_setup_framework:/home/rosuser/ros2_ws/ws_moveit/install/moveit_ros_visualization:/home/rosuser/ros2_ws/ws_moveit/install/moveit_ros_planning_interface:/home/rosuser/ros2_ws/ws_moveit/install/moveit_ros_move_group:/home/rosuser/ros2_ws/ws_moveit/install/moveit_ros_warehouse:/home/rosuser/ros2_ws/ws_moveit/install/moveit_ros_robot_interaction:/home/rosuser/ros2_ws/ws_moveit/install/moveit_planners_ompl:/home/rosuser/ros2_ws/ws_moveit/install/moveit_kinematics:/home/rosuser/ros2_ws/ws_moveit/install/moveit_ros_planning:/home/rosuser/ros2_ws/ws_moveit/install/moveit_simple_controller_manager:/home/rosuser/ros2_ws/ws_moveit/install/moveit_ros_occupancy_map_monitor:/home/rosuser/ros2_ws/ws_moveit/install/moveit_core:/home/rosuser/ros2_ws/ws_moveit/install/moveit_resources_panda_moveit_config:/home/rosuser/ros2_ws/ws_moveit/install/moveit_resources_fanuc_moveit_config:/home/rosuser/ros2_ws/ws_moveit/install/srdfdom:/home/rosuser/ros2_ws/ws_moveit/install/moveit_resources_pr2_description:/home/rosuser/ros2_ws/ws_moveit/install/moveit_resources_panda_description:/home/rosuser/ros2_ws/ws_moveit/install/moveit_resources_fanuc_description:/home/rosuser/ros2_ws/ws_moveit/install/moveit_common:/opt/ros/humble LD_LIBRARY_PATH=/home/rosuser/ros2_ws/ws_moveit/install/moveit_setup_framework/lib:/home/rosuser/ros2_ws/ws_moveit/install/moveit_ros_visualization/lib:/home/rosuser/ros2_ws/ws_moveit/install/moveit_ros_planning_interface/lib:/home/rosuser/ros2_ws/ws_moveit/install/moveit_ros_move_group/lib:/home/rosuser/ros2_ws/ws_moveit/install/moveit_ros_warehouse/lib:/home/rosuser/ros2_ws/ws_moveit/install/moveit_ros_robot_interaction/lib:/home/rosuser/ros2_ws/ws_moveit/install/moveit_planners_ompl/lib:/home/rosuser/ros2_ws/ws_moveit/install/moveit_kinematics/lib:/home/rosuser/ros2_ws/ws_moveit/install/moveit_ros_planning/lib:/home/rosuser/ros2_ws/ws_moveit/install/moveit_simple_controller_manager/lib:/home/rosuser/ros2_ws/ws_moveit/install/moveit_ros_occupancy_map_monitor/lib:/home/rosuser/ros2_ws/ws_moveit/install/moveit_core/lib:/home/rosuser/ros2_ws/ws_moveit/install/srdfdom/lib:${LD_LIBRARY_PATH} PATH=/home/rosuser/ros2_ws/ws_moveit/install/moveit_core/bin:${PATH} PYTHONPATH=/home/rosuser/ros2_ws/ws_moveit/install/moveit_configs_utils/lib/python3.10/site-packages:/home/rosuser/ros2_ws/ws_moveit/install/srdfdom/local/lib/python3.10/dist-packages:/home/rosuser/ros2_ws/ws_moveit/install/launch_param_builder/lib/python3.10/site-packages:${PYTHONPATH} /usr/bin/cmake --install /home/rosuser/ros2_ws/ws_moveit/build/moveit_setup_srdf_plugins
[264.918s] -- Install configuration: "Release"
[264.919s] -- Installing: /home/rosuser/ros2_ws/ws_moveit/install/moveit_setup_srdf_plugins/lib/libmoveit_setup_srdf_plugins.so
[264.920s] -- Set runtime path of "/home/rosuser/ros2_ws/ws_moveit/install/moveit_setup_srdf_plugins/lib/libmoveit_setup_srdf_plugins.so" to ""
[264.921s] -- Installing: /home/rosuser/ros2_ws/ws_moveit/install/moveit_setup_srdf_plugins/share/moveit_setup_srdf_plugins/moveit_setup_framework_plugins.xml
[264.921s] -- Installing: /home/rosuser/ros2_ws/ws_moveit/install/moveit_setup_srdf_plugins/include
[264.921s] -- Installing: /home/rosuser/ros2_ws/ws_moveit/install/moveit_setup_srdf_plugins/include/moveit_setup_srdf_plugins
[264.921s] -- Installing: /home/rosuser/ros2_ws/ws_moveit/install/moveit_setup_srdf_plugins/include/moveit_setup_srdf_plugins/robot_poses.hpp
[264.922s] -- Installing: /home/rosuser/ros2_ws/ws_moveit/install/moveit_setup_srdf_plugins/include/moveit_setup_srdf_plugins/planning_groups.hpp
[264.922s] -- Installing: /home/rosuser/ros2_ws/ws_moveit/install/moveit_setup_srdf_plugins/include/moveit_setup_srdf_plugins/kinematic_chain_widget.hpp
[264.923s] -- Installing: /home/rosuser/ros2_ws/ws_moveit/install/moveit_setup_srdf_plugins/include/moveit_setup_srdf_plugins/planning_groups_widget.hpp
[264.923s] -- Installing: /home/rosuser/ros2_ws/ws_moveit/install/moveit_setup_srdf_plugins/include/moveit_setup_srdf_plugins/compute_default_collisions.hpp
[264.923s] -- Installing: /home/rosuser/ros2_ws/ws_moveit/install/moveit_setup_srdf_plugins/include/moveit_setup_srdf_plugins/collision_linear_model.hpp
[264.924s] -- Installing: /home/rosuser/ros2_ws/ws_moveit/install/moveit_setup_srdf_plugins/include/moveit_setup_srdf_plugins/robot_poses_widget.hpp
[264.924s] -- Installing: /home/rosuser/ros2_ws/ws_moveit/install/moveit_setup_srdf_plugins/include/moveit_setup_srdf_plugins/end_effectors.hpp
[264.924s] -- Installing: /home/rosuser/ros2_ws/ws_moveit/install/moveit_setup_srdf_plugins/include/moveit_setup_srdf_plugins/group_meta_config.hpp
[264.924s] -- Installing: /home/rosuser/ros2_ws/ws_moveit/install/moveit_setup_srdf_plugins/include/moveit_setup_srdf_plugins/virtual_joints.hpp
[264.924s] -- Installing: /home/rosuser/ros2_ws/ws_moveit/install/moveit_setup_srdf_plugins/include/moveit_setup_srdf_plugins/group_edit_widget.hpp
[264.924s] -- Installing: /home/rosuser/ros2_ws/ws_moveit/install/moveit_setup_srdf_plugins/include/moveit_setup_srdf_plugins/rotated_header_view.hpp
[264.924s] -- Installing: /home/rosuser/ros2_ws/ws_moveit/install/moveit_setup_srdf_plugins/include/moveit_setup_srdf_plugins/end_effectors_widget.hpp
[264.924s] -- Installing: /home/rosuser/ros2_ws/ws_moveit/install/moveit_setup_srdf_plugins/include/moveit_setup_srdf_plugins/default_collisions.hpp
[264.924s] -- Installing: /home/rosuser/ros2_ws/ws_moveit/install/moveit_setup_srdf_plugins/include/moveit_setup_srdf_plugins/collision_matrix_model.hpp
[264.924s] -- Installing: /home/rosuser/ros2_ws/ws_moveit/install/moveit_setup_srdf_plugins/include/moveit_setup_srdf_plugins/srdf_step.hpp
[264.924s] -- Installing: /home/rosuser/ros2_ws/ws_moveit/install/moveit_setup_srdf_plugins/include/moveit_setup_srdf_plugins/virtual_joints_widget.hpp
[264.924s] -- Installing: /home/rosuser/ros2_ws/ws_moveit/install/moveit_setup_srdf_plugins/include/moveit_setup_srdf_plugins/passive_joints.hpp
[264.924s] -- Installing: /home/rosuser/ros2_ws/ws_moveit/install/moveit_setup_srdf_plugins/include/moveit_setup_srdf_plugins/passive_joints_widget.hpp
[264.924s] -- Installing: /home/rosuser/ros2_ws/ws_moveit/install/moveit_setup_srdf_plugins/include/moveit_setup_srdf_plugins/default_collisions_widget.hpp
[264.925s] -- Installing: /home/rosuser/ros2_ws/ws_moveit/install/moveit_setup_srdf_plugins/share/moveit_setup_srdf_plugins/environment/library_path.sh
[264.925s] -- Installing: /home/rosuser/ros2_ws/ws_moveit/install/moveit_setup_srdf_plugins/share/moveit_setup_srdf_plugins/environment/library_path.dsv
[264.925s] -- Up-to-date: /home/rosuser/ros2_ws/ws_moveit/install/moveit_setup_srdf_plugins/share/moveit_setup_srdf_plugins/moveit_setup_framework_plugins.xml
[264.925s] -- Installing: /home/rosuser/ros2_ws/ws_moveit/install/moveit_setup_srdf_plugins/share/ament_index/resource_index/package_run_dependencies/moveit_setup_srdf_plugins
[264.925s] -- Installing: /home/rosuser/ros2_ws/ws_moveit/install/moveit_setup_srdf_plugins/share/ament_index/resource_index/parent_prefix_path/moveit_setup_srdf_plugins
[264.925s] -- Installing: /home/rosuser/ros2_ws/ws_moveit/install/moveit_setup_srdf_plugins/share/moveit_setup_srdf_plugins/environment/ament_prefix_path.sh
[264.925s] -- Installing: /home/rosuser/ros2_ws/ws_moveit/install/moveit_setup_srdf_plugins/share/moveit_setup_srdf_plugins/environment/ament_prefix_path.dsv
[264.925s] -- Installing: /home/rosuser/ros2_ws/ws_moveit/install/moveit_setup_srdf_plugins/share/moveit_setup_srdf_plugins/environment/path.sh
[264.926s] -- Installing: /home/rosuser/ros2_ws/ws_moveit/install/moveit_setup_srdf_plugins/share/moveit_setup_srdf_plugins/environment/path.dsv
[264.926s] -- Installing: /home/rosuser/ros2_ws/ws_moveit/install/moveit_setup_srdf_plugins/share/moveit_setup_srdf_plugins/local_setup.bash
[264.926s] -- Installing: /home/rosuser/ros2_ws/ws_moveit/install/moveit_setup_srdf_plugins/share/moveit_setup_srdf_plugins/local_setup.sh
[264.926s] -- Installing: /home/rosuser/ros2_ws/ws_moveit/install/moveit_setup_srdf_plugins/share/moveit_setup_srdf_plugins/local_setup.zsh
[264.926s] -- Installing: /home/rosuser/ros2_ws/ws_moveit/install/moveit_setup_srdf_plugins/share/moveit_setup_srdf_plugins/local_setup.dsv
[264.926s] -- Installing: /home/rosuser/ros2_ws/ws_moveit/install/moveit_setup_srdf_plugins/share/moveit_setup_srdf_plugins/package.dsv
[264.926s] -- Installing: /home/rosuser/ros2_ws/ws_moveit/install/moveit_setup_srdf_plugins/share/ament_index/resource_index/packages/moveit_setup_srdf_plugins
[264.926s] -- Installing: /home/rosuser/ros2_ws/ws_moveit/install/moveit_setup_srdf_plugins/share/ament_index/resource_index/moveit_setup_framework__pluginlib__plugin/moveit_setup_srdf_plugins
[264.926s] -- Installing: /home/rosuser/ros2_ws/ws_moveit/install/moveit_setup_srdf_plugins/share/moveit_setup_srdf_plugins/cmake/export_moveit_setup_srdf_pluginsExport.cmake
[264.926s] -- Installing: /home/rosuser/ros2_ws/ws_moveit/install/moveit_setup_srdf_plugins/share/moveit_setup_srdf_plugins/cmake/export_moveit_setup_srdf_pluginsExport-release.cmake
[264.927s] -- Installing: /home/rosuser/ros2_ws/ws_moveit/install/moveit_setup_srdf_plugins/share/moveit_setup_srdf_plugins/cmake/ament_cmake_export_include_directories-extras.cmake
[264.927s] -- Installing: /home/rosuser/ros2_ws/ws_moveit/install/moveit_setup_srdf_plugins/share/moveit_setup_srdf_plugins/cmake/ament_cmake_export_libraries-extras.cmake
[264.927s] -- Installing: /home/rosuser/ros2_ws/ws_moveit/install/moveit_setup_srdf_plugins/share/moveit_setup_srdf_plugins/cmake/ament_cmake_export_targets-extras.cmake
[264.927s] -- Installing: /home/rosuser/ros2_ws/ws_moveit/install/moveit_setup_srdf_plugins/share/moveit_setup_srdf_plugins/cmake/moveit_setup_srdf_pluginsConfig.cmake
[264.927s] -- Installing: /home/rosuser/ros2_ws/ws_moveit/install/moveit_setup_srdf_plugins/share/moveit_setup_srdf_plugins/cmake/moveit_setup_srdf_pluginsConfig-version.cmake
[264.927s] -- Installing: /home/rosuser/ros2_ws/ws_moveit/install/moveit_setup_srdf_plugins/share/moveit_setup_srdf_plugins/package.xml
[264.951s] Invoked command in '/home/rosuser/ros2_ws/ws_moveit/build/moveit_setup_srdf_plugins' returned '0': AMENT_PREFIX_PATH=/home/rosuser/ros2_ws/ws_moveit/install/moveit_setup_framework:/home/rosuser/ros2_ws/ws_moveit/install/moveit_ros_visualization:/home/rosuser/ros2_ws/ws_moveit/install/moveit_ros_planning_interface:/home/rosuser/ros2_ws/ws_moveit/install/moveit_ros_move_group:/home/rosuser/ros2_ws/ws_moveit/install/moveit_ros_warehouse:/home/rosuser/ros2_ws/ws_moveit/install/moveit_ros_robot_interaction:/home/rosuser/ros2_ws/ws_moveit/install/moveit_planners_ompl:/home/rosuser/ros2_ws/ws_moveit/install/moveit_kinematics:/home/rosuser/ros2_ws/ws_moveit/install/moveit_ros_planning:/home/rosuser/ros2_ws/ws_moveit/install/moveit_simple_controller_manager:/home/rosuser/ros2_ws/ws_moveit/install/moveit_ros_occupancy_map_monitor:/home/rosuser/ros2_ws/ws_moveit/install/moveit_core:/home/rosuser/ros2_ws/ws_moveit/install/moveit_resources_panda_moveit_config:/home/rosuser/ros2_ws/ws_moveit/install/moveit_resources_fanuc_moveit_config:/home/rosuser/ros2_ws/ws_moveit/install/moveit_configs_utils:/home/rosuser/ros2_ws/ws_moveit/install/srdfdom:/home/rosuser/ros2_ws/ws_moveit/install/moveit_resources_pr2_description:/home/rosuser/ros2_ws/ws_moveit/install/moveit_resources_panda_description:/home/rosuser/ros2_ws/ws_moveit/install/moveit_resources_fanuc_description:/home/rosuser/ros2_ws/ws_moveit/install/moveit_common:/home/rosuser/ros2_ws/ws_moveit/install/launch_param_builder:${AMENT_PREFIX_PATH} CMAKE_PREFIX_PATH=/home/rosuser/ros2_ws/ws_moveit/install/moveit_setup_framework:/home/rosuser/ros2_ws/ws_moveit/install/moveit_ros_visualization:/home/rosuser/ros2_ws/ws_moveit/install/moveit_ros_planning_interface:/home/rosuser/ros2_ws/ws_moveit/install/moveit_ros_move_group:/home/rosuser/ros2_ws/ws_moveit/install/moveit_ros_warehouse:/home/rosuser/ros2_ws/ws_moveit/install/moveit_ros_robot_interaction:/home/rosuser/ros2_ws/ws_moveit/install/moveit_planners_ompl:/home/rosuser/ros2_ws/ws_moveit/install/moveit_kinematics:/home/rosuser/ros2_ws/ws_moveit/install/moveit_ros_planning:/home/rosuser/ros2_ws/ws_moveit/install/moveit_simple_controller_manager:/home/rosuser/ros2_ws/ws_moveit/install/moveit_ros_occupancy_map_monitor:/home/rosuser/ros2_ws/ws_moveit/install/moveit_core:/home/rosuser/ros2_ws/ws_moveit/install/moveit_resources_panda_moveit_config:/home/rosuser/ros2_ws/ws_moveit/install/moveit_resources_fanuc_moveit_config:/home/rosuser/ros2_ws/ws_moveit/install/srdfdom:/home/rosuser/ros2_ws/ws_moveit/install/moveit_resources_pr2_description:/home/rosuser/ros2_ws/ws_moveit/install/moveit_resources_panda_description:/home/rosuser/ros2_ws/ws_moveit/install/moveit_resources_fanuc_description:/home/rosuser/ros2_ws/ws_moveit/install/moveit_common:/opt/ros/humble LD_LIBRARY_PATH=/home/rosuser/ros2_ws/ws_moveit/install/moveit_setup_framework/lib:/home/rosuser/ros2_ws/ws_moveit/install/moveit_ros_visualization/lib:/home/rosuser/ros2_ws/ws_moveit/install/moveit_ros_planning_interface/lib:/home/rosuser/ros2_ws/ws_moveit/install/moveit_ros_move_group/lib:/home/rosuser/ros2_ws/ws_moveit/install/moveit_ros_warehouse/lib:/home/rosuser/ros2_ws/ws_moveit/install/moveit_ros_robot_interaction/lib:/home/rosuser/ros2_ws/ws_moveit/install/moveit_planners_ompl/lib:/home/rosuser/ros2_ws/ws_moveit/install/moveit_kinematics/lib:/home/rosuser/ros2_ws/ws_moveit/install/moveit_ros_planning/lib:/home/rosuser/ros2_ws/ws_moveit/install/moveit_simple_controller_manager/lib:/home/rosuser/ros2_ws/ws_moveit/install/moveit_ros_occupancy_map_monitor/lib:/home/rosuser/ros2_ws/ws_moveit/install/moveit_core/lib:/home/rosuser/ros2_ws/ws_moveit/install/srdfdom/lib:${LD_LIBRARY_PATH} PATH=/home/rosuser/ros2_ws/ws_moveit/install/moveit_core/bin:${PATH} PYTHONPATH=/home/rosuser/ros2_ws/ws_moveit/install/moveit_configs_utils/lib/python3.10/site-packages:/home/rosuser/ros2_ws/ws_moveit/install/srdfdom/local/lib/python3.10/dist-packages:/home/rosuser/ros2_ws/ws_moveit/install/launch_param_builder/lib/python3.10/site-packages:${PYTHONPATH} /usr/bin/cmake --install /home/rosuser/ros2_ws/ws_moveit/build/moveit_setup_srdf_plugins
