[0.046s] Invoking command in '/home/rosuser/ros2_ws/ws_moveit/build/moveit_ros_visualization': AMENT_PREFIX_PATH=/home/rosuser/ros2_ws/ws_moveit/install/moveit_ros_planning_interface:/home/rosuser/ros2_ws/ws_moveit/install/moveit_ros_move_group:/home/rosuser/ros2_ws/ws_moveit/install/moveit_ros_warehouse:/home/rosuser/ros2_ws/ws_moveit/install/moveit_ros_robot_interaction:/home/rosuser/ros2_ws/ws_moveit/install/moveit_planners_ompl:/home/rosuser/ros2_ws/ws_moveit/install/moveit_kinematics:/home/rosuser/ros2_ws/ws_moveit/install/moveit_ros_planning:/home/rosuser/ros2_ws/ws_moveit/install/moveit_simple_controller_manager:/home/rosuser/ros2_ws/ws_moveit/install/moveit_ros_occupancy_map_monitor:/home/rosuser/ros2_ws/ws_moveit/install/moveit_core:/home/rosuser/ros2_ws/ws_moveit/install/moveit_resources_panda_moveit_config:/home/rosuser/ros2_ws/ws_moveit/install/moveit_resources_fanuc_moveit_config:/home/rosuser/ros2_ws/ws_moveit/install/moveit_configs_utils:/home/rosuser/ros2_ws/ws_moveit/install/srdfdom:/home/rosuser/ros2_ws/ws_moveit/install/moveit_resources_pr2_description:/home/rosuser/ros2_ws/ws_moveit/install/moveit_resources_panda_description:/home/rosuser/ros2_ws/ws_moveit/install/moveit_resources_fanuc_description:/home/rosuser/ros2_ws/ws_moveit/install/moveit_common:/home/rosuser/ros2_ws/ws_moveit/install/launch_param_builder:${AMENT_PREFIX_PATH} CMAKE_PREFIX_PATH=/home/rosuser/ros2_ws/ws_moveit/install/moveit_ros_planning_interface:/home/rosuser/ros2_ws/ws_moveit/install/moveit_ros_move_group:/home/rosuser/ros2_ws/ws_moveit/install/moveit_ros_warehouse:/home/rosuser/ros2_ws/ws_moveit/install/moveit_ros_robot_interaction:/home/rosuser/ros2_ws/ws_moveit/install/moveit_planners_ompl:/home/rosuser/ros2_ws/ws_moveit/install/moveit_kinematics:/home/rosuser/ros2_ws/ws_moveit/install/moveit_ros_planning:/home/rosuser/ros2_ws/ws_moveit/install/moveit_simple_controller_manager:/home/rosuser/ros2_ws/ws_moveit/install/moveit_ros_occupancy_map_monitor:/home/rosuser/ros2_ws/ws_moveit/install/moveit_core:/home/rosuser/ros2_ws/ws_moveit/install/moveit_resources_panda_moveit_config:/home/rosuser/ros2_ws/ws_moveit/install/moveit_resources_fanuc_moveit_config:/home/rosuser/ros2_ws/ws_moveit/install/srdfdom:/home/rosuser/ros2_ws/ws_moveit/install/moveit_resources_pr2_description:/home/rosuser/ros2_ws/ws_moveit/install/moveit_resources_panda_description:/home/rosuser/ros2_ws/ws_moveit/install/moveit_resources_fanuc_description:/home/rosuser/ros2_ws/ws_moveit/install/moveit_common:/opt/ros/humble LD_LIBRARY_PATH=/home/rosuser/ros2_ws/ws_moveit/install/moveit_ros_planning_interface/lib:/home/rosuser/ros2_ws/ws_moveit/install/moveit_ros_move_group/lib:/home/rosuser/ros2_ws/ws_moveit/install/moveit_ros_warehouse/lib:/home/rosuser/ros2_ws/ws_moveit/install/moveit_ros_robot_interaction/lib:/home/rosuser/ros2_ws/ws_moveit/install/moveit_planners_ompl/lib:/home/rosuser/ros2_ws/ws_moveit/install/moveit_kinematics/lib:/home/rosuser/ros2_ws/ws_moveit/install/moveit_ros_planning/lib:/home/rosuser/ros2_ws/ws_moveit/install/moveit_simple_controller_manager/lib:/home/rosuser/ros2_ws/ws_moveit/install/moveit_ros_occupancy_map_monitor/lib:/home/rosuser/ros2_ws/ws_moveit/install/moveit_core/lib:/home/rosuser/ros2_ws/ws_moveit/install/srdfdom/lib:${LD_LIBRARY_PATH} PATH=/home/rosuser/ros2_ws/ws_moveit/install/moveit_core/bin:${PATH} PYTHONPATH=/home/rosuser/ros2_ws/ws_moveit/install/moveit_configs_utils/lib/python3.10/site-packages:/home/rosuser/ros2_ws/ws_moveit/install/srdfdom/local/lib/python3.10/dist-packages:/home/rosuser/ros2_ws/ws_moveit/install/launch_param_builder/lib/python3.10/site-packages:${PYTHONPATH} /usr/bin/cmake /home/rosuser/ros2_ws/ws_moveit/src/moveit2/moveit_ros/visualization -DCMAKE_BUILD_TYPE=Release -DCMAKE_INSTALL_PREFIX=/home/rosuser/ros2_ws/ws_moveit/install/moveit_ros_visualization
[0.087s] -- The C compiler identification is GNU 11.4.0
[0.125s] -- The CXX compiler identification is GNU 11.4.0
[0.132s] -- Detecting C compiler ABI info
[0.183s] -- Detecting C compiler ABI info - done
[0.188s] -- Check for working C compiler: /usr/bin/cc - skipped
[0.188s] -- Detecting C compile features
[0.188s] -- Detecting C compile features - done
[0.190s] -- Detecting CXX compiler ABI info
[0.257s] -- Detecting CXX compiler ABI info - done
[0.262s] -- Check for working CXX compiler: /usr/bin/c++ - skipped
[0.262s] -- Detecting CXX compile features
[0.263s] -- Detecting CXX compile features - done
[0.265s] -- Found moveit_common: 2.5.9 (/home/rosuser/ros2_ws/ws_moveit/install/moveit_common/share/moveit_common/cmake)
[0.268s] -- Found ament_cmake: 1.3.11 (/opt/ros/humble/share/ament_cmake/cmake)
[0.385s] -- Found Python3: /usr/bin/python3 (found version "3.10.12") found components: Interpreter 
[0.497s] -- Found class_loader: 2.2.0 (/opt/ros/humble/share/class_loader/cmake)
[0.518s] -- Found geometric_shapes: 2.3.2 (/opt/ros/humble/share/geometric_shapes/cmake)
[0.531s] -- Found Boost: /usr/lib/aarch64-linux-gnu/cmake/Boost-1.74.0/BoostConfig.cmake (found version "1.74.0") found components: filesystem 
[0.579s] -- Found rosidl_generator_c: 3.1.6 (/opt/ros/humble/share/rosidl_generator_c/cmake)
[0.585s] -- Found rosidl_adapter: 3.1.6 (/opt/ros/humble/share/rosidl_adapter/cmake)
[0.593s] -- Found rosidl_generator_cpp: 3.1.6 (/opt/ros/humble/share/rosidl_generator_cpp/cmake)
[0.604s] -- Using all available rosidl_typesupport_c: rosidl_typesupport_fastrtps_c;rosidl_typesupport_introspection_c
[0.615s] -- Using all available rosidl_typesupport_cpp: rosidl_typesupport_fastrtps_cpp;rosidl_typesupport_introspection_cpp
[0.694s] -- Found rmw_implementation_cmake: 6.1.2 (/opt/ros/humble/share/rmw_implementation_cmake/cmake)
[0.697s] -- Found rmw_fastrtps_cpp: 6.2.7 (/opt/ros/humble/share/rmw_fastrtps_cpp/cmake)
[0.765s] -- Found OpenSSL: /usr/lib/aarch64-linux-gnu/libcrypto.so (found version "3.0.2")  
[0.787s] -- Found FastRTPS: /opt/ros/humble/include  
[0.819s] -- Using RMW implementation 'rmw_fastrtps_cpp' as default
[0.831s] -- Looking for pthread.h
[0.905s] -- Looking for pthread.h - found
[0.905s] -- Performing Test CMAKE_HAVE_LIBC_PTHREAD
[1.000s] -- Performing Test CMAKE_HAVE_LIBC_PTHREAD - Success
[1.001s] -- Found Threads: TRUE  
[1.091s] -- library: /usr/lib/aarch64-linux-gnu/libcurl.so
[1.142s] -- Found interactive_markers: 2.3.2 (/opt/ros/humble/share/interactive_markers/cmake)
[1.150s] -- Found moveit_ros_planning: 2.5.9 (/home/rosuser/ros2_ws/ws_moveit/install/moveit_ros_planning/share/moveit_ros_planning/cmake)
[1.171s] -- Found Boost: /usr/lib/aarch64-linux-gnu/cmake/Boost-1.74.0/BoostConfig.cmake (found version "1.74.0") found components: system filesystem date_time program_options thread chrono 
[1.298s] -- Found Boost: /usr/lib/aarch64-linux-gnu/cmake/Boost-1.74.0/BoostConfig.cmake (found version "1.74.0") found components: chrono date_time filesystem iostreams program_options regex serialization system thread 
[1.324s] -- Found parameter_traits: 0.4.0 (/opt/ros/humble/share/parameter_traits/cmake)
[1.335s] -- Found Eigen3: TRUE (found version "3.4.0") 
[1.338s] -- Found rclcpp_lifecycle: 16.0.12 (/opt/ros/humble/share/rclcpp_lifecycle/cmake)
[1.365s] -- Ensuring Eigen3 include directory is part of orocos-kdl CMake target
[1.467s] -- Found moveit_ros_planning_interface: 2.5.9 (/home/rosuser/ros2_ws/ws_moveit/install/moveit_ros_planning_interface/share/moveit_ros_planning_interface/cmake)
[1.470s] -- Found Boost: /usr/lib/aarch64-linux-gnu/cmake/Boost-1.74.0/BoostConfig.cmake (found version "1.74.0") found components: date_time filesystem program_options system thread 
[1.479s] -- Found Boost: /usr/lib/aarch64-linux-gnu/cmake/Boost-1.74.0/BoostConfig.cmake (found version "1.74.0") found components: thread system filesystem regex date_time program_options 
[1.495s] -- Found Boost: /usr/lib/aarch64-linux-gnu/cmake/Boost-1.74.0/BoostConfig.cmake (found version "1.74.0") found components: system filesystem date_time program_options thread 
[1.516s] -- Found moveit_ros_robot_interaction: 2.5.9 (/home/rosuser/ros2_ws/ws_moveit/install/moveit_ros_robot_interaction/share/moveit_ros_robot_interaction/cmake)
[1.522s] -- Found rclpy: 3.3.16 (/opt/ros/humble/share/rclpy/cmake)
[1.524s] -- Found rviz2: 11.2.16 (/opt/ros/humble/share/rviz2/cmake)
[1.529s] -- Found rviz_common: 11.2.16 (/opt/ros/humble/share/rviz_common/cmake)
[1.558s] -- Setting assimp_DIR to: '/opt/ros/humble/share/rviz_assimp_vendor/cmake/../../../opt/rviz_assimp_vendor/lib/cmake/assimp-4.1'
[1.569s] -- Setting OGRE_DIR to: '/opt/ros/humble/share/rviz_ogre_vendor/cmake/../../../opt/rviz_ogre_vendor/lib/OGRE/cmake'
[1.571s] -- Found OGRE
[1.571s] --   static     : OFF
[1.571s] --   components : HLMS;MeshLodGenerator;Overlay;Paging;Property;RTShaderSystem;Terrain;Volume
[1.571s] --   plugins    : Plugin_BSPSceneManager;Plugin_OctreeSceneManager;Plugin_PCZSceneManager;Plugin_ParticleFX;RenderSystem_GL;RenderSystem_GL3Plus;Codec_STBI
[1.571s] --   media      : /opt/ros/humble/opt/rviz_ogre_vendor/share/OGRE/Media
[1.571s] -- OGRE_LIBRARIES: OgreHLMS;OgreMeshLodGenerator;OgreOverlay;OgrePaging;OgreProperty;OgreRTShaderSystem;OgreTerrain;OgreVolume;OgreMain
[1.571s] -- OGRE_LIBRARY_DIRS: /opt/ros/humble/opt/rviz_ogre_vendor/lib
[1.571s] -- OGRE_PLUGINS: Plugin_BSPSceneManager;Plugin_OctreeSceneManager;Plugin_PCZSceneManager;Plugin_ParticleFX;RenderSystem_GL;RenderSystem_GL3Plus;Codec_STBI
[1.571s] -- OGRE_PLUGIN_DIR: /opt/ros/humble/opt/rviz_ogre_vendor/lib/OGRE
[1.572s] -- rviz_ogre_vendor::OgreOverlay for IMPORTED_LOCATION_RELEASE: /opt/ros/humble/opt/rviz_ogre_vendor/lib/libOgreOverlay.so
[1.572s] -- rviz_ogre_vendor::OgreOverlay for IMPORTED_LOCATION_DEBUG: /opt/ros/humble/opt/rviz_ogre_vendor/lib/libOgreOverlay.so
[1.572s] -- rviz_ogre_vendor::OgreMain for IMPORTED_LOCATION_RELEASE: /opt/ros/humble/opt/rviz_ogre_vendor/lib/libOgreMain.so
[1.572s] -- rviz_ogre_vendor::OgreMain for IMPORTED_LOCATION_DEBUG: /opt/ros/humble/opt/rviz_ogre_vendor/lib/libOgreMain.so
[1.572s] -- Could not find freeimage library
[1.586s] -- Found ZLIB: /usr/lib/aarch64-linux-gnu/libz.so (found version "1.2.11") 
[1.593s] -- Found OpenGL: /usr/lib/aarch64-linux-gnu/libOpenGL.so   
[1.660s] -- Found X11: /usr/include   
[1.660s] -- Looking for XOpenDisplay in /usr/lib/aarch64-linux-gnu/libX11.so;/usr/lib/aarch64-linux-gnu/libXext.so
[1.730s] -- Looking for XOpenDisplay in /usr/lib/aarch64-linux-gnu/libX11.so;/usr/lib/aarch64-linux-gnu/libXext.so - found
[1.731s] -- Looking for gethostbyname
[1.802s] -- Looking for gethostbyname - found
[1.802s] -- Looking for connect
[1.871s] -- Looking for connect - found
[1.871s] -- Looking for remove
[1.943s] -- Looking for remove - found
[1.943s] -- Looking for shmat
[2.010s] -- Looking for shmat - found
[2.010s] -- Looking for IceConnectionNumber in ICE
[2.085s] -- Looking for IceConnectionNumber in ICE - found
[2.108s] -- Found rviz_default_plugins: 11.2.16 (/opt/ros/humble/share/rviz_default_plugins/cmake)
[2.175s] -- Found Boost: /usr/lib/aarch64-linux-gnu/cmake/Boost-1.74.0/BoostConfig.cmake (found version "1.74.0") found components: thread date_time system filesystem 
[2.193s] -- Performing Test COMPILER_HAS_HIDDEN_VISIBILITY
[2.271s] -- Performing Test COMPILER_HAS_HIDDEN_VISIBILITY - Success
[2.271s] -- Performing Test COMPILER_HAS_HIDDEN_INLINE_VISIBILITY
[2.351s] -- Performing Test COMPILER_HAS_HIDDEN_INLINE_VISIBILITY - Success
[2.351s] -- Performing Test COMPILER_HAS_DEPRECATED_ATTR
[2.426s] -- Performing Test COMPILER_HAS_DEPRECATED_ATTR - Success
[2.448s] -- Found ament_lint_auto: 0.12.12 (/opt/ros/humble/share/ament_lint_auto/cmake)
[2.468s] -- Added test 'cppcheck' to perform static code analysis on C / C++ code
[2.468s] -- Configured cppcheck include dirs: /home/rosuser/ros2_ws/ws_moveit/src/moveit2/moveit_ros/visualization/rviz_plugin_render_tools/include;/home/rosuser/ros2_ws/ws_moveit/src/moveit2/moveit_ros/visualization/robot_state_rviz_plugin/include;/home/rosuser/ros2_ws/ws_moveit/src/moveit2/moveit_ros/visualization/planning_scene_rviz_plugin/include;/home/rosuser/ros2_ws/ws_moveit/src/moveit2/moveit_ros/visualization/motion_planning_rviz_plugin/include;/home/rosuser/ros2_ws/ws_moveit/src/moveit2/moveit_ros/visualization/trajectory_rviz_plugin/include
[2.468s] -- Configured cppcheck exclude dirs and/or files: 
[2.470s] -- Added test 'lint_cmake' to check CMake code style
[2.471s] -- Added test 'pep257' to check Python code against some of the docstring style conventions in PEP 257
[2.472s] -- Added test 'xmllint' to check XML markup files
[2.473s] -- Configuring done
[2.695s] -- Generating done
[2.728s] -- Build files have been written to: /home/rosuser/ros2_ws/ws_moveit/build/moveit_ros_visualization
[2.744s] Invoked command in '/home/rosuser/ros2_ws/ws_moveit/build/moveit_ros_visualization' returned '0': AMENT_PREFIX_PATH=/home/rosuser/ros2_ws/ws_moveit/install/moveit_ros_planning_interface:/home/rosuser/ros2_ws/ws_moveit/install/moveit_ros_move_group:/home/rosuser/ros2_ws/ws_moveit/install/moveit_ros_warehouse:/home/rosuser/ros2_ws/ws_moveit/install/moveit_ros_robot_interaction:/home/rosuser/ros2_ws/ws_moveit/install/moveit_planners_ompl:/home/rosuser/ros2_ws/ws_moveit/install/moveit_kinematics:/home/rosuser/ros2_ws/ws_moveit/install/moveit_ros_planning:/home/rosuser/ros2_ws/ws_moveit/install/moveit_simple_controller_manager:/home/rosuser/ros2_ws/ws_moveit/install/moveit_ros_occupancy_map_monitor:/home/rosuser/ros2_ws/ws_moveit/install/moveit_core:/home/rosuser/ros2_ws/ws_moveit/install/moveit_resources_panda_moveit_config:/home/rosuser/ros2_ws/ws_moveit/install/moveit_resources_fanuc_moveit_config:/home/rosuser/ros2_ws/ws_moveit/install/moveit_configs_utils:/home/rosuser/ros2_ws/ws_moveit/install/srdfdom:/home/rosuser/ros2_ws/ws_moveit/install/moveit_resources_pr2_description:/home/rosuser/ros2_ws/ws_moveit/install/moveit_resources_panda_description:/home/rosuser/ros2_ws/ws_moveit/install/moveit_resources_fanuc_description:/home/rosuser/ros2_ws/ws_moveit/install/moveit_common:/home/rosuser/ros2_ws/ws_moveit/install/launch_param_builder:${AMENT_PREFIX_PATH} CMAKE_PREFIX_PATH=/home/rosuser/ros2_ws/ws_moveit/install/moveit_ros_planning_interface:/home/rosuser/ros2_ws/ws_moveit/install/moveit_ros_move_group:/home/rosuser/ros2_ws/ws_moveit/install/moveit_ros_warehouse:/home/rosuser/ros2_ws/ws_moveit/install/moveit_ros_robot_interaction:/home/rosuser/ros2_ws/ws_moveit/install/moveit_planners_ompl:/home/rosuser/ros2_ws/ws_moveit/install/moveit_kinematics:/home/rosuser/ros2_ws/ws_moveit/install/moveit_ros_planning:/home/rosuser/ros2_ws/ws_moveit/install/moveit_simple_controller_manager:/home/rosuser/ros2_ws/ws_moveit/install/moveit_ros_occupancy_map_monitor:/home/rosuser/ros2_ws/ws_moveit/install/moveit_core:/home/rosuser/ros2_ws/ws_moveit/install/moveit_resources_panda_moveit_config:/home/rosuser/ros2_ws/ws_moveit/install/moveit_resources_fanuc_moveit_config:/home/rosuser/ros2_ws/ws_moveit/install/srdfdom:/home/rosuser/ros2_ws/ws_moveit/install/moveit_resources_pr2_description:/home/rosuser/ros2_ws/ws_moveit/install/moveit_resources_panda_description:/home/rosuser/ros2_ws/ws_moveit/install/moveit_resources_fanuc_description:/home/rosuser/ros2_ws/ws_moveit/install/moveit_common:/opt/ros/humble LD_LIBRARY_PATH=/home/rosuser/ros2_ws/ws_moveit/install/moveit_ros_planning_interface/lib:/home/rosuser/ros2_ws/ws_moveit/install/moveit_ros_move_group/lib:/home/rosuser/ros2_ws/ws_moveit/install/moveit_ros_warehouse/lib:/home/rosuser/ros2_ws/ws_moveit/install/moveit_ros_robot_interaction/lib:/home/rosuser/ros2_ws/ws_moveit/install/moveit_planners_ompl/lib:/home/rosuser/ros2_ws/ws_moveit/install/moveit_kinematics/lib:/home/rosuser/ros2_ws/ws_moveit/install/moveit_ros_planning/lib:/home/rosuser/ros2_ws/ws_moveit/install/moveit_simple_controller_manager/lib:/home/rosuser/ros2_ws/ws_moveit/install/moveit_ros_occupancy_map_monitor/lib:/home/rosuser/ros2_ws/ws_moveit/install/moveit_core/lib:/home/rosuser/ros2_ws/ws_moveit/install/srdfdom/lib:${LD_LIBRARY_PATH} PATH=/home/rosuser/ros2_ws/ws_moveit/install/moveit_core/bin:${PATH} PYTHONPATH=/home/rosuser/ros2_ws/ws_moveit/install/moveit_configs_utils/lib/python3.10/site-packages:/home/rosuser/ros2_ws/ws_moveit/install/srdfdom/local/lib/python3.10/dist-packages:/home/rosuser/ros2_ws/ws_moveit/install/launch_param_builder/lib/python3.10/site-packages:${PYTHONPATH} /usr/bin/cmake /home/rosuser/ros2_ws/ws_moveit/src/moveit2/moveit_ros/visualization -DCMAKE_BUILD_TYPE=Release -DCMAKE_INSTALL_PREFIX=/home/rosuser/ros2_ws/ws_moveit/install/moveit_ros_visualization
[2.747s] Invoking command in '/home/rosuser/ros2_ws/ws_moveit/build/moveit_ros_visualization': AMENT_PREFIX_PATH=/home/rosuser/ros2_ws/ws_moveit/install/moveit_ros_planning_interface:/home/rosuser/ros2_ws/ws_moveit/install/moveit_ros_move_group:/home/rosuser/ros2_ws/ws_moveit/install/moveit_ros_warehouse:/home/rosuser/ros2_ws/ws_moveit/install/moveit_ros_robot_interaction:/home/rosuser/ros2_ws/ws_moveit/install/moveit_planners_ompl:/home/rosuser/ros2_ws/ws_moveit/install/moveit_kinematics:/home/rosuser/ros2_ws/ws_moveit/install/moveit_ros_planning:/home/rosuser/ros2_ws/ws_moveit/install/moveit_simple_controller_manager:/home/rosuser/ros2_ws/ws_moveit/install/moveit_ros_occupancy_map_monitor:/home/rosuser/ros2_ws/ws_moveit/install/moveit_core:/home/rosuser/ros2_ws/ws_moveit/install/moveit_resources_panda_moveit_config:/home/rosuser/ros2_ws/ws_moveit/install/moveit_resources_fanuc_moveit_config:/home/rosuser/ros2_ws/ws_moveit/install/moveit_configs_utils:/home/rosuser/ros2_ws/ws_moveit/install/srdfdom:/home/rosuser/ros2_ws/ws_moveit/install/moveit_resources_pr2_description:/home/rosuser/ros2_ws/ws_moveit/install/moveit_resources_panda_description:/home/rosuser/ros2_ws/ws_moveit/install/moveit_resources_fanuc_description:/home/rosuser/ros2_ws/ws_moveit/install/moveit_common:/home/rosuser/ros2_ws/ws_moveit/install/launch_param_builder:${AMENT_PREFIX_PATH} CMAKE_PREFIX_PATH=/home/rosuser/ros2_ws/ws_moveit/install/moveit_ros_planning_interface:/home/rosuser/ros2_ws/ws_moveit/install/moveit_ros_move_group:/home/rosuser/ros2_ws/ws_moveit/install/moveit_ros_warehouse:/home/rosuser/ros2_ws/ws_moveit/install/moveit_ros_robot_interaction:/home/rosuser/ros2_ws/ws_moveit/install/moveit_planners_ompl:/home/rosuser/ros2_ws/ws_moveit/install/moveit_kinematics:/home/rosuser/ros2_ws/ws_moveit/install/moveit_ros_planning:/home/rosuser/ros2_ws/ws_moveit/install/moveit_simple_controller_manager:/home/rosuser/ros2_ws/ws_moveit/install/moveit_ros_occupancy_map_monitor:/home/rosuser/ros2_ws/ws_moveit/install/moveit_core:/home/rosuser/ros2_ws/ws_moveit/install/moveit_resources_panda_moveit_config:/home/rosuser/ros2_ws/ws_moveit/install/moveit_resources_fanuc_moveit_config:/home/rosuser/ros2_ws/ws_moveit/install/srdfdom:/home/rosuser/ros2_ws/ws_moveit/install/moveit_resources_pr2_description:/home/rosuser/ros2_ws/ws_moveit/install/moveit_resources_panda_description:/home/rosuser/ros2_ws/ws_moveit/install/moveit_resources_fanuc_description:/home/rosuser/ros2_ws/ws_moveit/install/moveit_common:/opt/ros/humble LD_LIBRARY_PATH=/home/rosuser/ros2_ws/ws_moveit/install/moveit_ros_planning_interface/lib:/home/rosuser/ros2_ws/ws_moveit/install/moveit_ros_move_group/lib:/home/rosuser/ros2_ws/ws_moveit/install/moveit_ros_warehouse/lib:/home/rosuser/ros2_ws/ws_moveit/install/moveit_ros_robot_interaction/lib:/home/rosuser/ros2_ws/ws_moveit/install/moveit_planners_ompl/lib:/home/rosuser/ros2_ws/ws_moveit/install/moveit_kinematics/lib:/home/rosuser/ros2_ws/ws_moveit/install/moveit_ros_planning/lib:/home/rosuser/ros2_ws/ws_moveit/install/moveit_simple_controller_manager/lib:/home/rosuser/ros2_ws/ws_moveit/install/moveit_ros_occupancy_map_monitor/lib:/home/rosuser/ros2_ws/ws_moveit/install/moveit_core/lib:/home/rosuser/ros2_ws/ws_moveit/install/srdfdom/lib:${LD_LIBRARY_PATH} PATH=/home/rosuser/ros2_ws/ws_moveit/install/moveit_core/bin:${PATH} PYTHONPATH=/home/rosuser/ros2_ws/ws_moveit/install/moveit_configs_utils/lib/python3.10/site-packages:/home/rosuser/ros2_ws/ws_moveit/install/srdfdom/local/lib/python3.10/dist-packages:/home/rosuser/ros2_ws/ws_moveit/install/launch_param_builder/lib/python3.10/site-packages:${PYTHONPATH} /usr/bin/cmake --build /home/rosuser/ros2_ws/ws_moveit/build/moveit_ros_visualization -- -j8 -l8
[2.788s] [  1%] [34m[1mAutomatic MOC for target moveit_rviz_plugin_render_tools[0m
[3.212s] [  1%] Built target moveit_rviz_plugin_render_tools_autogen
[3.228s] [  3%] [32mBuilding CXX object rviz_plugin_render_tools/CMakeFiles/moveit_rviz_plugin_render_tools.dir/moveit_rviz_plugin_render_tools_autogen/mocs_compilation.cpp.o[0m
[3.228s] [  5%] [32mBuilding CXX object rviz_plugin_render_tools/CMakeFiles/moveit_rviz_plugin_render_tools.dir/src/render_shapes.cpp.o[0m
[3.229s] [  6%] [32mBuilding CXX object rviz_plugin_render_tools/CMakeFiles/moveit_rviz_plugin_render_tools.dir/src/planning_scene_render.cpp.o[0m
[3.231s] [  8%] [32mBuilding CXX object rviz_plugin_render_tools/CMakeFiles/moveit_rviz_plugin_render_tools.dir/src/robot_state_visualization.cpp.o[0m
[3.232s] [ 10%] [32mBuilding CXX object rviz_plugin_render_tools/CMakeFiles/moveit_rviz_plugin_render_tools.dir/src/trajectory_visualization.cpp.o[0m
[3.232s] [ 12%] [32mBuilding CXX object rviz_plugin_render_tools/CMakeFiles/moveit_rviz_plugin_render_tools.dir/src/octomap_render.cpp.o[0m
[3.233s] [ 13%] [32mBuilding CXX object rviz_plugin_render_tools/CMakeFiles/moveit_rviz_plugin_render_tools.dir/src/planning_link_updater.cpp.o[0m
[3.239s] [ 15%] [32mBuilding CXX object rviz_plugin_render_tools/CMakeFiles/moveit_rviz_plugin_render_tools.dir/src/trajectory_panel.cpp.o[0m
[10.142s] [ 17%] [32mBuilding CXX object rviz_plugin_render_tools/CMakeFiles/moveit_rviz_plugin_render_tools.dir/src/mesh_shape.cpp.o[0m
[30.459s] [ 18%] [32m[1mLinking CXX shared library libmoveit_rviz_plugin_render_tools.so[0m
[32.303s] [ 18%] Built target moveit_rviz_plugin_render_tools
[32.321s] [ 20%] [34m[1mAutomatic MOC for target moveit_robot_state_rviz_plugin_core[0m
[32.321s] [ 22%] [34m[1mAutomatic MOC for target moveit_planning_scene_rviz_plugin_core[0m
[32.512s] [ 22%] Built target moveit_robot_state_rviz_plugin_core_autogen
[32.535s] [ 25%] [32mBuilding CXX object robot_state_rviz_plugin/CMakeFiles/moveit_robot_state_rviz_plugin_core.dir/src/robot_state_display.cpp.o[0m
[32.535s] [ 25%] [32mBuilding CXX object robot_state_rviz_plugin/CMakeFiles/moveit_robot_state_rviz_plugin_core.dir/moveit_robot_state_rviz_plugin_core_autogen/mocs_compilation.cpp.o[0m
[32.612s] [ 25%] Built target moveit_planning_scene_rviz_plugin_core_autogen
[32.637s] [ 27%] [32mBuilding CXX object planning_scene_rviz_plugin/CMakeFiles/moveit_planning_scene_rviz_plugin_core.dir/moveit_planning_scene_rviz_plugin_core_autogen/mocs_compilation.cpp.o[0m
[32.637s] [ 29%] [32mBuilding CXX object planning_scene_rviz_plugin/CMakeFiles/moveit_planning_scene_rviz_plugin_core.dir/src/planning_scene_display.cpp.o[0m
[32.640s] [ 31%] [32mBuilding CXX object planning_scene_rviz_plugin/CMakeFiles/moveit_planning_scene_rviz_plugin_core.dir/src/background_processing.cpp.o[0m
[49.205s] [ 32%] [32m[1mLinking CXX shared library libmoveit_planning_scene_rviz_plugin_core.so[0m
[51.248s] [ 32%] Built target moveit_planning_scene_rviz_plugin_core
[51.271s] [ 36%] [34m[1mAutomatic MOC for target moveit_trajectory_rviz_plugin_core[0m
[51.271s] [ 36%] [34m[1mAutomatic MOC for target moveit_planning_scene_rviz_plugin[0m
[51.312s] [ 36%] Built target moveit_planning_scene_rviz_plugin_autogen
[51.339s] [ 39%] [32mBuilding CXX object planning_scene_rviz_plugin/CMakeFiles/moveit_planning_scene_rviz_plugin.dir/moveit_planning_scene_rviz_plugin_autogen/mocs_compilation.cpp.o[0m
[51.339s] [ 39%] [32mBuilding CXX object planning_scene_rviz_plugin/CMakeFiles/moveit_planning_scene_rviz_plugin.dir/src/plugin_init.cpp.o[0m
[51.759s] [ 39%] Built target moveit_trajectory_rviz_plugin_core_autogen
[51.794s] [ 41%] [32mBuilding CXX object trajectory_rviz_plugin/CMakeFiles/moveit_trajectory_rviz_plugin_core.dir/src/trajectory_display.cpp.o[0m
[51.795s] [ 43%] [32mBuilding CXX object trajectory_rviz_plugin/CMakeFiles/moveit_trajectory_rviz_plugin_core.dir/moveit_trajectory_rviz_plugin_core_autogen/mocs_compilation.cpp.o[0m
[53.299s] [ 44%] [32m[1mLinking CXX shared library libmoveit_robot_state_rviz_plugin_core.so[0m
[56.158s] [ 44%] Built target moveit_robot_state_rviz_plugin_core
[56.180s] [ 46%] [34m[1mAutomatic MOC for target moveit_robot_state_rviz_plugin[0m
[56.217s] [ 46%] Built target moveit_robot_state_rviz_plugin_autogen
[56.250s] [ 48%] [32mBuilding CXX object robot_state_rviz_plugin/CMakeFiles/moveit_robot_state_rviz_plugin.dir/moveit_robot_state_rviz_plugin_autogen/mocs_compilation.cpp.o[0m
[56.250s] [ 50%] [32mBuilding CXX object robot_state_rviz_plugin/CMakeFiles/moveit_robot_state_rviz_plugin.dir/src/plugin_init.cpp.o[0m
[65.450s] [ 51%] [32m[1mLinking CXX shared library libmoveit_trajectory_rviz_plugin_core.so[0m
[66.305s] [ 51%] Built target moveit_trajectory_rviz_plugin_core
[66.330s] [ 53%] [34m[1mAutomatic MOC for target moveit_trajectory_rviz_plugin[0m
[66.385s] [ 53%] Built target moveit_trajectory_rviz_plugin_autogen
[66.410s] [ 55%] [32mBuilding CXX object trajectory_rviz_plugin/CMakeFiles/moveit_trajectory_rviz_plugin.dir/moveit_trajectory_rviz_plugin_autogen/mocs_compilation.cpp.o[0m
[66.410s] [ 56%] [32mBuilding CXX object trajectory_rviz_plugin/CMakeFiles/moveit_trajectory_rviz_plugin.dir/src/plugin_init.cpp.o[0m
[68.121s] [ 58%] [32m[1mLinking CXX shared library libmoveit_planning_scene_rviz_plugin.so[0m
[68.418s] [ 58%] Built target moveit_planning_scene_rviz_plugin
[68.432s] [ 60%] [32m[1mLinking CXX shared library libmoveit_robot_state_rviz_plugin.so[0m
[68.442s] [ 62%] [34m[1mAutomatic MOC for target moveit_motion_planning_rviz_plugin_core[0m
[68.705s] [ 62%] Built target moveit_robot_state_rviz_plugin
[70.021s] [ 62%] Built target moveit_motion_planning_rviz_plugin_core_autogen
[70.032s] [ 63%] [34m[1mGenerating ui_motion_planning_rviz_plugin_frame_joints.h[0m
[70.032s] [ 65%] [34m[1mGenerating ui_motion_planning_rviz_plugin_frame.h[0m
[70.032s] [ 67%] [34m[1mAutomatic RCC for src/icons/icons.qrc[0m
[70.101s] [ 68%] [32mBuilding CXX object motion_planning_rviz_plugin/CMakeFiles/moveit_motion_planning_rviz_plugin_core.dir/src/motion_planning_frame.cpp.o[0m
[70.101s] [ 70%] [32mBuilding CXX object motion_planning_rviz_plugin/CMakeFiles/moveit_motion_planning_rviz_plugin_core.dir/src/motion_planning_frame_context.cpp.o[0m
[70.101s] [ 72%] [32mBuilding CXX object motion_planning_rviz_plugin/CMakeFiles/moveit_motion_planning_rviz_plugin_core.dir/src/motion_planning_frame_planning.cpp.o[0m
[70.101s] [ 74%] [32mBuilding CXX object motion_planning_rviz_plugin/CMakeFiles/moveit_motion_planning_rviz_plugin_core.dir/moveit_motion_planning_rviz_plugin_core_autogen/mocs_compilation.cpp.o[0m
[70.109s] [ 75%] [32mBuilding CXX object motion_planning_rviz_plugin/CMakeFiles/moveit_motion_planning_rviz_plugin_core.dir/src/motion_planning_frame_objects.cpp.o[0m
[70.112s] [ 77%] [32mBuilding CXX object motion_planning_rviz_plugin/CMakeFiles/moveit_motion_planning_rviz_plugin_core.dir/src/motion_planning_frame_scenes.cpp.o[0m
[70.116s] [ 79%] [32mBuilding CXX object motion_planning_rviz_plugin/CMakeFiles/moveit_motion_planning_rviz_plugin_core.dir/src/motion_planning_frame_states.cpp.o[0m
[88.085s] [ 81%] [32m[1mLinking CXX shared library libmoveit_trajectory_rviz_plugin.so[0m
[89.569s] [ 81%] Built target moveit_trajectory_rviz_plugin
[89.659s] [ 82%] [32mBuilding CXX object motion_planning_rviz_plugin/CMakeFiles/moveit_motion_planning_rviz_plugin_core.dir/src/motion_planning_frame_joints_widget.cpp.o[0m
[244.170s] [ 84%] [32mBuilding CXX object motion_planning_rviz_plugin/CMakeFiles/moveit_motion_planning_rviz_plugin_core.dir/moveit_motion_planning_rviz_plugin_core_autogen/2OST2OT5Q2/qrc_icons.cpp.o[0m
[244.208s] [ 86%] [32mBuilding CXX object motion_planning_rviz_plugin/CMakeFiles/moveit_motion_planning_rviz_plugin_core.dir/src/interactive_marker_display.cpp.o[0m
[248.542s] [ 87%] [32mBuilding CXX object motion_planning_rviz_plugin/CMakeFiles/moveit_motion_planning_rviz_plugin_core.dir/src/motion_planning_param_widget.cpp.o[0m
[253.322s] [ 89%] [32mBuilding CXX object motion_planning_rviz_plugin/CMakeFiles/moveit_motion_planning_rviz_plugin_core.dir/src/motion_planning_frame_manipulation.cpp.o[0m
[263.036s] [ 91%] [32mBuilding CXX object motion_planning_rviz_plugin/CMakeFiles/moveit_motion_planning_rviz_plugin_core.dir/src/motion_planning_display.cpp.o[0m
[594.006s] [ 93%] [32m[1mLinking CXX shared library libmoveit_motion_planning_rviz_plugin_core.so[0m
[594.013s] [ 93%] Built target moveit_motion_planning_rviz_plugin_core
[594.013s] [ 94%] [34m[1mAutomatic MOC for target moveit_motion_planning_rviz_plugin[0m
[594.013s] [ 94%] Built target moveit_motion_planning_rviz_plugin_autogen
[594.014s] [ 96%] [32mBuilding CXX object motion_planning_rviz_plugin/CMakeFiles/moveit_motion_planning_rviz_plugin.dir/moveit_motion_planning_rviz_plugin_autogen/mocs_compilation.cpp.o[0m
[594.015s] [ 98%] [32mBuilding CXX object motion_planning_rviz_plugin/CMakeFiles/moveit_motion_planning_rviz_plugin.dir/src/plugin_init.cpp.o[0m
[594.015s] [100%] [32m[1mLinking CXX shared library libmoveit_motion_planning_rviz_plugin.so[0m
[594.015s] [100%] Built target moveit_motion_planning_rviz_plugin
[594.036s] Invoked command in '/home/rosuser/ros2_ws/ws_moveit/build/moveit_ros_visualization' returned '0': AMENT_PREFIX_PATH=/home/rosuser/ros2_ws/ws_moveit/install/moveit_ros_planning_interface:/home/rosuser/ros2_ws/ws_moveit/install/moveit_ros_move_group:/home/rosuser/ros2_ws/ws_moveit/install/moveit_ros_warehouse:/home/rosuser/ros2_ws/ws_moveit/install/moveit_ros_robot_interaction:/home/rosuser/ros2_ws/ws_moveit/install/moveit_planners_ompl:/home/rosuser/ros2_ws/ws_moveit/install/moveit_kinematics:/home/rosuser/ros2_ws/ws_moveit/install/moveit_ros_planning:/home/rosuser/ros2_ws/ws_moveit/install/moveit_simple_controller_manager:/home/rosuser/ros2_ws/ws_moveit/install/moveit_ros_occupancy_map_monitor:/home/rosuser/ros2_ws/ws_moveit/install/moveit_core:/home/rosuser/ros2_ws/ws_moveit/install/moveit_resources_panda_moveit_config:/home/rosuser/ros2_ws/ws_moveit/install/moveit_resources_fanuc_moveit_config:/home/rosuser/ros2_ws/ws_moveit/install/moveit_configs_utils:/home/rosuser/ros2_ws/ws_moveit/install/srdfdom:/home/rosuser/ros2_ws/ws_moveit/install/moveit_resources_pr2_description:/home/rosuser/ros2_ws/ws_moveit/install/moveit_resources_panda_description:/home/rosuser/ros2_ws/ws_moveit/install/moveit_resources_fanuc_description:/home/rosuser/ros2_ws/ws_moveit/install/moveit_common:/home/rosuser/ros2_ws/ws_moveit/install/launch_param_builder:${AMENT_PREFIX_PATH} CMAKE_PREFIX_PATH=/home/rosuser/ros2_ws/ws_moveit/install/moveit_ros_planning_interface:/home/rosuser/ros2_ws/ws_moveit/install/moveit_ros_move_group:/home/rosuser/ros2_ws/ws_moveit/install/moveit_ros_warehouse:/home/rosuser/ros2_ws/ws_moveit/install/moveit_ros_robot_interaction:/home/rosuser/ros2_ws/ws_moveit/install/moveit_planners_ompl:/home/rosuser/ros2_ws/ws_moveit/install/moveit_kinematics:/home/rosuser/ros2_ws/ws_moveit/install/moveit_ros_planning:/home/rosuser/ros2_ws/ws_moveit/install/moveit_simple_controller_manager:/home/rosuser/ros2_ws/ws_moveit/install/moveit_ros_occupancy_map_monitor:/home/rosuser/ros2_ws/ws_moveit/install/moveit_core:/home/rosuser/ros2_ws/ws_moveit/install/moveit_resources_panda_moveit_config:/home/rosuser/ros2_ws/ws_moveit/install/moveit_resources_fanuc_moveit_config:/home/rosuser/ros2_ws/ws_moveit/install/srdfdom:/home/rosuser/ros2_ws/ws_moveit/install/moveit_resources_pr2_description:/home/rosuser/ros2_ws/ws_moveit/install/moveit_resources_panda_description:/home/rosuser/ros2_ws/ws_moveit/install/moveit_resources_fanuc_description:/home/rosuser/ros2_ws/ws_moveit/install/moveit_common:/opt/ros/humble LD_LIBRARY_PATH=/home/rosuser/ros2_ws/ws_moveit/install/moveit_ros_planning_interface/lib:/home/rosuser/ros2_ws/ws_moveit/install/moveit_ros_move_group/lib:/home/rosuser/ros2_ws/ws_moveit/install/moveit_ros_warehouse/lib:/home/rosuser/ros2_ws/ws_moveit/install/moveit_ros_robot_interaction/lib:/home/rosuser/ros2_ws/ws_moveit/install/moveit_planners_ompl/lib:/home/rosuser/ros2_ws/ws_moveit/install/moveit_kinematics/lib:/home/rosuser/ros2_ws/ws_moveit/install/moveit_ros_planning/lib:/home/rosuser/ros2_ws/ws_moveit/install/moveit_simple_controller_manager/lib:/home/rosuser/ros2_ws/ws_moveit/install/moveit_ros_occupancy_map_monitor/lib:/home/rosuser/ros2_ws/ws_moveit/install/moveit_core/lib:/home/rosuser/ros2_ws/ws_moveit/install/srdfdom/lib:${LD_LIBRARY_PATH} PATH=/home/rosuser/ros2_ws/ws_moveit/install/moveit_core/bin:${PATH} PYTHONPATH=/home/rosuser/ros2_ws/ws_moveit/install/moveit_configs_utils/lib/python3.10/site-packages:/home/rosuser/ros2_ws/ws_moveit/install/srdfdom/local/lib/python3.10/dist-packages:/home/rosuser/ros2_ws/ws_moveit/install/launch_param_builder/lib/python3.10/site-packages:${PYTHONPATH} /usr/bin/cmake --build /home/rosuser/ros2_ws/ws_moveit/build/moveit_ros_visualization -- -j8 -l8
[594.086s] Invoking command in '/home/rosuser/ros2_ws/ws_moveit/build/moveit_ros_visualization': AMENT_PREFIX_PATH=/home/rosuser/ros2_ws/ws_moveit/install/moveit_ros_planning_interface:/home/rosuser/ros2_ws/ws_moveit/install/moveit_ros_move_group:/home/rosuser/ros2_ws/ws_moveit/install/moveit_ros_warehouse:/home/rosuser/ros2_ws/ws_moveit/install/moveit_ros_robot_interaction:/home/rosuser/ros2_ws/ws_moveit/install/moveit_planners_ompl:/home/rosuser/ros2_ws/ws_moveit/install/moveit_kinematics:/home/rosuser/ros2_ws/ws_moveit/install/moveit_ros_planning:/home/rosuser/ros2_ws/ws_moveit/install/moveit_simple_controller_manager:/home/rosuser/ros2_ws/ws_moveit/install/moveit_ros_occupancy_map_monitor:/home/rosuser/ros2_ws/ws_moveit/install/moveit_core:/home/rosuser/ros2_ws/ws_moveit/install/moveit_resources_panda_moveit_config:/home/rosuser/ros2_ws/ws_moveit/install/moveit_resources_fanuc_moveit_config:/home/rosuser/ros2_ws/ws_moveit/install/moveit_configs_utils:/home/rosuser/ros2_ws/ws_moveit/install/srdfdom:/home/rosuser/ros2_ws/ws_moveit/install/moveit_resources_pr2_description:/home/rosuser/ros2_ws/ws_moveit/install/moveit_resources_panda_description:/home/rosuser/ros2_ws/ws_moveit/install/moveit_resources_fanuc_description:/home/rosuser/ros2_ws/ws_moveit/install/moveit_common:/home/rosuser/ros2_ws/ws_moveit/install/launch_param_builder:${AMENT_PREFIX_PATH} CMAKE_PREFIX_PATH=/home/rosuser/ros2_ws/ws_moveit/install/moveit_ros_planning_interface:/home/rosuser/ros2_ws/ws_moveit/install/moveit_ros_move_group:/home/rosuser/ros2_ws/ws_moveit/install/moveit_ros_warehouse:/home/rosuser/ros2_ws/ws_moveit/install/moveit_ros_robot_interaction:/home/rosuser/ros2_ws/ws_moveit/install/moveit_planners_ompl:/home/rosuser/ros2_ws/ws_moveit/install/moveit_kinematics:/home/rosuser/ros2_ws/ws_moveit/install/moveit_ros_planning:/home/rosuser/ros2_ws/ws_moveit/install/moveit_simple_controller_manager:/home/rosuser/ros2_ws/ws_moveit/install/moveit_ros_occupancy_map_monitor:/home/rosuser/ros2_ws/ws_moveit/install/moveit_core:/home/rosuser/ros2_ws/ws_moveit/install/moveit_resources_panda_moveit_config:/home/rosuser/ros2_ws/ws_moveit/install/moveit_resources_fanuc_moveit_config:/home/rosuser/ros2_ws/ws_moveit/install/srdfdom:/home/rosuser/ros2_ws/ws_moveit/install/moveit_resources_pr2_description:/home/rosuser/ros2_ws/ws_moveit/install/moveit_resources_panda_description:/home/rosuser/ros2_ws/ws_moveit/install/moveit_resources_fanuc_description:/home/rosuser/ros2_ws/ws_moveit/install/moveit_common:/opt/ros/humble LD_LIBRARY_PATH=/home/rosuser/ros2_ws/ws_moveit/install/moveit_ros_planning_interface/lib:/home/rosuser/ros2_ws/ws_moveit/install/moveit_ros_move_group/lib:/home/rosuser/ros2_ws/ws_moveit/install/moveit_ros_warehouse/lib:/home/rosuser/ros2_ws/ws_moveit/install/moveit_ros_robot_interaction/lib:/home/rosuser/ros2_ws/ws_moveit/install/moveit_planners_ompl/lib:/home/rosuser/ros2_ws/ws_moveit/install/moveit_kinematics/lib:/home/rosuser/ros2_ws/ws_moveit/install/moveit_ros_planning/lib:/home/rosuser/ros2_ws/ws_moveit/install/moveit_simple_controller_manager/lib:/home/rosuser/ros2_ws/ws_moveit/install/moveit_ros_occupancy_map_monitor/lib:/home/rosuser/ros2_ws/ws_moveit/install/moveit_core/lib:/home/rosuser/ros2_ws/ws_moveit/install/srdfdom/lib:${LD_LIBRARY_PATH} PATH=/home/rosuser/ros2_ws/ws_moveit/install/moveit_core/bin:${PATH} PYTHONPATH=/home/rosuser/ros2_ws/ws_moveit/install/moveit_configs_utils/lib/python3.10/site-packages:/home/rosuser/ros2_ws/ws_moveit/install/srdfdom/local/lib/python3.10/dist-packages:/home/rosuser/ros2_ws/ws_moveit/install/launch_param_builder/lib/python3.10/site-packages:${PYTHONPATH} /usr/bin/cmake --install /home/rosuser/ros2_ws/ws_moveit/build/moveit_ros_visualization
[594.103s] -- Install configuration: "Release"
[594.104s] -- Installing: /home/rosuser/ros2_ws/ws_moveit/install/moveit_ros_visualization/include
[594.104s] -- Installing: /home/rosuser/ros2_ws/ws_moveit/install/moveit_ros_visualization/include/ogre_helpers
[594.104s] -- Installing: /home/rosuser/ros2_ws/ws_moveit/install/moveit_ros_visualization/include/ogre_helpers/mesh_shape.hpp
[594.105s] -- Installing: /home/rosuser/ros2_ws/ws_moveit/install/moveit_ros_visualization/include/moveit
[594.105s] -- Installing: /home/rosuser/ros2_ws/ws_moveit/install/moveit_ros_visualization/include/moveit/rviz_plugin_render_tools
[594.105s] -- Installing: /home/rosuser/ros2_ws/ws_moveit/install/moveit_ros_visualization/include/moveit/rviz_plugin_render_tools/planning_scene_render.h
[594.114s] -- Installing: /home/rosuser/ros2_ws/ws_moveit/install/moveit_ros_visualization/include/moveit/rviz_plugin_render_tools/octomap_render.h
[594.115s] -- Installing: /home/rosuser/ros2_ws/ws_moveit/install/moveit_ros_visualization/include/moveit/rviz_plugin_render_tools/trajectory_panel.h
[594.115s] -- Installing: /home/rosuser/ros2_ws/ws_moveit/install/moveit_ros_visualization/include/moveit/rviz_plugin_render_tools/planning_link_updater.h
[594.115s] -- Installing: /home/rosuser/ros2_ws/ws_moveit/install/moveit_ros_visualization/include/moveit/rviz_plugin_render_tools/render_shapes.h
[594.116s] -- Installing: /home/rosuser/ros2_ws/ws_moveit/install/moveit_ros_visualization/include/moveit/rviz_plugin_render_tools/trajectory_visualization.h
[594.116s] -- Installing: /home/rosuser/ros2_ws/ws_moveit/install/moveit_ros_visualization/include/moveit/rviz_plugin_render_tools/robot_state_visualization.h
[594.117s] -- Up-to-date: /home/rosuser/ros2_ws/ws_moveit/install/moveit_ros_visualization/include
[594.117s] -- Up-to-date: /home/rosuser/ros2_ws/ws_moveit/install/moveit_ros_visualization/include/moveit
[594.117s] -- Installing: /home/rosuser/ros2_ws/ws_moveit/install/moveit_ros_visualization/include/moveit/robot_state_rviz_plugin
[594.117s] -- Installing: /home/rosuser/ros2_ws/ws_moveit/install/moveit_ros_visualization/include/moveit/robot_state_rviz_plugin/robot_state_display.h
[594.117s] -- Up-to-date: /home/rosuser/ros2_ws/ws_moveit/install/moveit_ros_visualization/include
[594.117s] -- Up-to-date: /home/rosuser/ros2_ws/ws_moveit/install/moveit_ros_visualization/include/moveit
[594.117s] -- Installing: /home/rosuser/ros2_ws/ws_moveit/install/moveit_ros_visualization/include/moveit/planning_scene_rviz_plugin
[594.117s] -- Installing: /home/rosuser/ros2_ws/ws_moveit/install/moveit_ros_visualization/include/moveit/planning_scene_rviz_plugin/planning_scene_display.h
[594.117s] -- Installing: /home/rosuser/ros2_ws/ws_moveit/install/moveit_ros_visualization/include/moveit/planning_scene_rviz_plugin/background_processing.hpp
[594.117s] -- Installing: /home/rosuser/ros2_ws/ws_moveit/install/moveit_ros_visualization/include/moveit_planning_scene_rviz_plugin_core_export.h
[594.118s] -- Up-to-date: /home/rosuser/ros2_ws/ws_moveit/install/moveit_ros_visualization/include
[594.118s] -- Up-to-date: /home/rosuser/ros2_ws/ws_moveit/install/moveit_ros_visualization/include/moveit
[594.118s] -- Installing: /home/rosuser/ros2_ws/ws_moveit/install/moveit_ros_visualization/include/moveit/motion_planning_rviz_plugin
[594.118s] -- Installing: /home/rosuser/ros2_ws/ws_moveit/install/moveit_ros_visualization/include/moveit/motion_planning_rviz_plugin/motion_planning_frame_joints_widget.h
[594.118s] -- Installing: /home/rosuser/ros2_ws/ws_moveit/install/moveit_ros_visualization/include/moveit/motion_planning_rviz_plugin/interactive_marker_display.h
[594.118s] -- Installing: /home/rosuser/ros2_ws/ws_moveit/install/moveit_ros_visualization/include/moveit/motion_planning_rviz_plugin/motion_planning_display.h
[594.118s] -- Installing: /home/rosuser/ros2_ws/ws_moveit/install/moveit_ros_visualization/include/moveit/motion_planning_rviz_plugin/motion_planning_param_widget.h
[594.153s] -- Installing: /home/rosuser/ros2_ws/ws_moveit/install/moveit_ros_visualization/include/moveit/motion_planning_rviz_plugin/motion_planning_frame.h
[594.154s] -- Up-to-date: /home/rosuser/ros2_ws/ws_moveit/install/moveit_ros_visualization/include
[594.154s] -- Up-to-date: /home/rosuser/ros2_ws/ws_moveit/install/moveit_ros_visualization/include/moveit
[594.154s] -- Installing: /home/rosuser/ros2_ws/ws_moveit/install/moveit_ros_visualization/include/moveit/trajectory_rviz_plugin
[594.154s] -- Installing: /home/rosuser/ros2_ws/ws_moveit/install/moveit_ros_visualization/include/moveit/trajectory_rviz_plugin/trajectory_display.h
[594.154s] -- Installing: /home/rosuser/ros2_ws/ws_moveit/install/moveit_ros_visualization/share/moveit_ros_visualization/icons
[594.155s] -- Installing: /home/rosuser/ros2_ws/ws_moveit/install/moveit_ros_visualization/share/moveit_ros_visualization/icons/classes
[594.155s] -- Installing: /home/rosuser/ros2_ws/ws_moveit/install/moveit_ros_visualization/share/moveit_ros_visualization/icons/classes/PlanningScene.png
[594.155s] -- Installing: /home/rosuser/ros2_ws/ws_moveit/install/moveit_ros_visualization/share/moveit_ros_visualization/icons/classes/MotionPlanning.png
[594.155s] -- Installing: /home/rosuser/ros2_ws/ws_moveit/install/moveit_ros_visualization/share/moveit_ros_visualization/icons/classes/Trajectory.png
[594.155s] -- Installing: /home/rosuser/ros2_ws/ws_moveit/install/moveit_ros_visualization/share/moveit_ros_visualization/icons/classes/RobotState.png
[594.155s] -- Installing: /home/rosuser/ros2_ws/ws_moveit/install/moveit_ros_visualization/share/moveit_ros_visualization/motion_planning_rviz_plugin_description.xml
[594.155s] -- Installing: /home/rosuser/ros2_ws/ws_moveit/install/moveit_ros_visualization/share/moveit_ros_visualization/trajectory_rviz_plugin_description.xml
[594.156s] -- Installing: /home/rosuser/ros2_ws/ws_moveit/install/moveit_ros_visualization/share/moveit_ros_visualization/planning_scene_rviz_plugin_description.xml
[594.156s] -- Installing: /home/rosuser/ros2_ws/ws_moveit/install/moveit_ros_visualization/share/moveit_ros_visualization/robot_state_rviz_plugin_description.xml
[594.156s] -- Installing: /home/rosuser/ros2_ws/ws_moveit/install/moveit_ros_visualization/lib/libmoveit_motion_planning_rviz_plugin.so.2.5.9
[594.156s] -- Set runtime path of "/home/rosuser/ros2_ws/ws_moveit/install/moveit_ros_visualization/lib/libmoveit_motion_planning_rviz_plugin.so.2.5.9" to ""
[594.156s] -- Installing: /home/rosuser/ros2_ws/ws_moveit/install/moveit_ros_visualization/lib/libmoveit_motion_planning_rviz_plugin.so
[594.156s] -- Installing: /home/rosuser/ros2_ws/ws_moveit/install/moveit_ros_visualization/lib/libmoveit_motion_planning_rviz_plugin_core.so.2.5.9
[594.156s] -- Set runtime path of "/home/rosuser/ros2_ws/ws_moveit/install/moveit_ros_visualization/lib/libmoveit_motion_planning_rviz_plugin_core.so.2.5.9" to ""
[594.162s] -- Installing: /home/rosuser/ros2_ws/ws_moveit/install/moveit_ros_visualization/lib/libmoveit_motion_planning_rviz_plugin_core.so
[594.162s] -- Installing: /home/rosuser/ros2_ws/ws_moveit/install/moveit_ros_visualization/lib/libmoveit_planning_scene_rviz_plugin.so.2.5.9
[594.162s] -- Set runtime path of "/home/rosuser/ros2_ws/ws_moveit/install/moveit_ros_visualization/lib/libmoveit_planning_scene_rviz_plugin.so.2.5.9" to ""
[594.163s] -- Installing: /home/rosuser/ros2_ws/ws_moveit/install/moveit_ros_visualization/lib/libmoveit_planning_scene_rviz_plugin.so
[594.164s] -- Installing: /home/rosuser/ros2_ws/ws_moveit/install/moveit_ros_visualization/lib/libmoveit_planning_scene_rviz_plugin_core.so.2.5.9
[594.165s] -- Set runtime path of "/home/rosuser/ros2_ws/ws_moveit/install/moveit_ros_visualization/lib/libmoveit_planning_scene_rviz_plugin_core.so.2.5.9" to ""
[594.165s] -- Installing: /home/rosuser/ros2_ws/ws_moveit/install/moveit_ros_visualization/lib/libmoveit_planning_scene_rviz_plugin_core.so
[594.165s] -- Installing: /home/rosuser/ros2_ws/ws_moveit/install/moveit_ros_visualization/lib/libmoveit_robot_state_rviz_plugin.so.2.5.9
[594.165s] -- Set runtime path of "/home/rosuser/ros2_ws/ws_moveit/install/moveit_ros_visualization/lib/libmoveit_robot_state_rviz_plugin.so.2.5.9" to ""
[594.165s] -- Installing: /home/rosuser/ros2_ws/ws_moveit/install/moveit_ros_visualization/lib/libmoveit_robot_state_rviz_plugin.so
[594.165s] -- Installing: /home/rosuser/ros2_ws/ws_moveit/install/moveit_ros_visualization/lib/libmoveit_robot_state_rviz_plugin_core.so.2.5.9
[594.165s] -- Set runtime path of "/home/rosuser/ros2_ws/ws_moveit/install/moveit_ros_visualization/lib/libmoveit_robot_state_rviz_plugin_core.so.2.5.9" to ""
[594.165s] -- Installing: /home/rosuser/ros2_ws/ws_moveit/install/moveit_ros_visualization/lib/libmoveit_robot_state_rviz_plugin_core.so
[594.165s] -- Installing: /home/rosuser/ros2_ws/ws_moveit/install/moveit_ros_visualization/lib/libmoveit_rviz_plugin_render_tools.so.2.5.9
[594.165s] -- Set runtime path of "/home/rosuser/ros2_ws/ws_moveit/install/moveit_ros_visualization/lib/libmoveit_rviz_plugin_render_tools.so.2.5.9" to ""
[594.165s] -- Installing: /home/rosuser/ros2_ws/ws_moveit/install/moveit_ros_visualization/lib/libmoveit_rviz_plugin_render_tools.so
[594.166s] -- Installing: /home/rosuser/ros2_ws/ws_moveit/install/moveit_ros_visualization/lib/libmoveit_trajectory_rviz_plugin.so.2.5.9
[594.166s] -- Set runtime path of "/home/rosuser/ros2_ws/ws_moveit/install/moveit_ros_visualization/lib/libmoveit_trajectory_rviz_plugin.so.2.5.9" to ""
[594.166s] -- Installing: /home/rosuser/ros2_ws/ws_moveit/install/moveit_ros_visualization/lib/libmoveit_trajectory_rviz_plugin.so
[594.166s] -- Installing: /home/rosuser/ros2_ws/ws_moveit/install/moveit_ros_visualization/lib/libmoveit_trajectory_rviz_plugin_core.so.2.5.9
[594.166s] -- Set runtime path of "/home/rosuser/ros2_ws/ws_moveit/install/moveit_ros_visualization/lib/libmoveit_trajectory_rviz_plugin_core.so.2.5.9" to ""
[594.166s] -- Installing: /home/rosuser/ros2_ws/ws_moveit/install/moveit_ros_visualization/lib/libmoveit_trajectory_rviz_plugin_core.so
[594.166s] -- Installing: /home/rosuser/ros2_ws/ws_moveit/install/moveit_ros_visualization/share/moveit_ros_visualization/environment/library_path.sh
[594.166s] -- Installing: /home/rosuser/ros2_ws/ws_moveit/install/moveit_ros_visualization/share/moveit_ros_visualization/environment/library_path.dsv
[594.172s] -- Installing: /home/rosuser/ros2_ws/ws_moveit/install/moveit_ros_visualization/share/ament_index/resource_index/package_run_dependencies/moveit_ros_visualization
[594.172s] -- Installing: /home/rosuser/ros2_ws/ws_moveit/install/moveit_ros_visualization/share/ament_index/resource_index/parent_prefix_path/moveit_ros_visualization
[594.175s] -- Installing: /home/rosuser/ros2_ws/ws_moveit/install/moveit_ros_visualization/share/moveit_ros_visualization/environment/ament_prefix_path.sh
[594.178s] -- Installing: /home/rosuser/ros2_ws/ws_moveit/install/moveit_ros_visualization/share/moveit_ros_visualization/environment/ament_prefix_path.dsv
[594.180s] -- Installing: /home/rosuser/ros2_ws/ws_moveit/install/moveit_ros_visualization/share/moveit_ros_visualization/environment/path.sh
[594.181s] -- Installing: /home/rosuser/ros2_ws/ws_moveit/install/moveit_ros_visualization/share/moveit_ros_visualization/environment/path.dsv
[594.182s] -- Installing: /home/rosuser/ros2_ws/ws_moveit/install/moveit_ros_visualization/share/moveit_ros_visualization/local_setup.bash
[594.182s] -- Installing: /home/rosuser/ros2_ws/ws_moveit/install/moveit_ros_visualization/share/moveit_ros_visualization/local_setup.sh
[594.182s] -- Installing: /home/rosuser/ros2_ws/ws_moveit/install/moveit_ros_visualization/share/moveit_ros_visualization/local_setup.zsh
[594.183s] -- Installing: /home/rosuser/ros2_ws/ws_moveit/install/moveit_ros_visualization/share/moveit_ros_visualization/local_setup.dsv
[594.183s] -- Installing: /home/rosuser/ros2_ws/ws_moveit/install/moveit_ros_visualization/share/moveit_ros_visualization/package.dsv
[594.184s] -- Installing: /home/rosuser/ros2_ws/ws_moveit/install/moveit_ros_visualization/share/ament_index/resource_index/packages/moveit_ros_visualization
[594.184s] -- Installing: /home/rosuser/ros2_ws/ws_moveit/install/moveit_ros_visualization/share/ament_index/resource_index/rviz_common__pluginlib__plugin/moveit_ros_visualization
[594.186s] -- Installing: /home/rosuser/ros2_ws/ws_moveit/install/moveit_ros_visualization/share/moveit_ros_visualization/cmake/export_moveit_ros_visualizationExport.cmake
[594.186s] -- Installing: /home/rosuser/ros2_ws/ws_moveit/install/moveit_ros_visualization/share/moveit_ros_visualization/cmake/export_moveit_ros_visualizationExport-release.cmake
[594.186s] -- Installing: /home/rosuser/ros2_ws/ws_moveit/install/moveit_ros_visualization/share/moveit_ros_visualization/cmake/ConfigExtras.cmake
[594.186s] -- Installing: /home/rosuser/ros2_ws/ws_moveit/install/moveit_ros_visualization/share/moveit_ros_visualization/cmake/ament_cmake_export_targets-extras.cmake
[594.197s] -- Installing: /home/rosuser/ros2_ws/ws_moveit/install/moveit_ros_visualization/share/moveit_ros_visualization/cmake/ament_cmake_export_dependencies-extras.cmake
[594.210s] -- Installing: /home/rosuser/ros2_ws/ws_moveit/install/moveit_ros_visualization/share/moveit_ros_visualization/cmake/moveit_ros_visualizationConfig.cmake
[594.211s] -- Installing: /home/rosuser/ros2_ws/ws_moveit/install/moveit_ros_visualization/share/moveit_ros_visualization/cmake/moveit_ros_visualizationConfig-version.cmake
[594.211s] -- Installing: /home/rosuser/ros2_ws/ws_moveit/install/moveit_ros_visualization/share/moveit_ros_visualization/package.xml
[594.212s] Invoked command in '/home/rosuser/ros2_ws/ws_moveit/build/moveit_ros_visualization' returned '0': AMENT_PREFIX_PATH=/home/rosuser/ros2_ws/ws_moveit/install/moveit_ros_planning_interface:/home/rosuser/ros2_ws/ws_moveit/install/moveit_ros_move_group:/home/rosuser/ros2_ws/ws_moveit/install/moveit_ros_warehouse:/home/rosuser/ros2_ws/ws_moveit/install/moveit_ros_robot_interaction:/home/rosuser/ros2_ws/ws_moveit/install/moveit_planners_ompl:/home/rosuser/ros2_ws/ws_moveit/install/moveit_kinematics:/home/rosuser/ros2_ws/ws_moveit/install/moveit_ros_planning:/home/rosuser/ros2_ws/ws_moveit/install/moveit_simple_controller_manager:/home/rosuser/ros2_ws/ws_moveit/install/moveit_ros_occupancy_map_monitor:/home/rosuser/ros2_ws/ws_moveit/install/moveit_core:/home/rosuser/ros2_ws/ws_moveit/install/moveit_resources_panda_moveit_config:/home/rosuser/ros2_ws/ws_moveit/install/moveit_resources_fanuc_moveit_config:/home/rosuser/ros2_ws/ws_moveit/install/moveit_configs_utils:/home/rosuser/ros2_ws/ws_moveit/install/srdfdom:/home/rosuser/ros2_ws/ws_moveit/install/moveit_resources_pr2_description:/home/rosuser/ros2_ws/ws_moveit/install/moveit_resources_panda_description:/home/rosuser/ros2_ws/ws_moveit/install/moveit_resources_fanuc_description:/home/rosuser/ros2_ws/ws_moveit/install/moveit_common:/home/rosuser/ros2_ws/ws_moveit/install/launch_param_builder:${AMENT_PREFIX_PATH} CMAKE_PREFIX_PATH=/home/rosuser/ros2_ws/ws_moveit/install/moveit_ros_planning_interface:/home/rosuser/ros2_ws/ws_moveit/install/moveit_ros_move_group:/home/rosuser/ros2_ws/ws_moveit/install/moveit_ros_warehouse:/home/rosuser/ros2_ws/ws_moveit/install/moveit_ros_robot_interaction:/home/rosuser/ros2_ws/ws_moveit/install/moveit_planners_ompl:/home/rosuser/ros2_ws/ws_moveit/install/moveit_kinematics:/home/rosuser/ros2_ws/ws_moveit/install/moveit_ros_planning:/home/rosuser/ros2_ws/ws_moveit/install/moveit_simple_controller_manager:/home/rosuser/ros2_ws/ws_moveit/install/moveit_ros_occupancy_map_monitor:/home/rosuser/ros2_ws/ws_moveit/install/moveit_core:/home/rosuser/ros2_ws/ws_moveit/install/moveit_resources_panda_moveit_config:/home/rosuser/ros2_ws/ws_moveit/install/moveit_resources_fanuc_moveit_config:/home/rosuser/ros2_ws/ws_moveit/install/srdfdom:/home/rosuser/ros2_ws/ws_moveit/install/moveit_resources_pr2_description:/home/rosuser/ros2_ws/ws_moveit/install/moveit_resources_panda_description:/home/rosuser/ros2_ws/ws_moveit/install/moveit_resources_fanuc_description:/home/rosuser/ros2_ws/ws_moveit/install/moveit_common:/opt/ros/humble LD_LIBRARY_PATH=/home/rosuser/ros2_ws/ws_moveit/install/moveit_ros_planning_interface/lib:/home/rosuser/ros2_ws/ws_moveit/install/moveit_ros_move_group/lib:/home/rosuser/ros2_ws/ws_moveit/install/moveit_ros_warehouse/lib:/home/rosuser/ros2_ws/ws_moveit/install/moveit_ros_robot_interaction/lib:/home/rosuser/ros2_ws/ws_moveit/install/moveit_planners_ompl/lib:/home/rosuser/ros2_ws/ws_moveit/install/moveit_kinematics/lib:/home/rosuser/ros2_ws/ws_moveit/install/moveit_ros_planning/lib:/home/rosuser/ros2_ws/ws_moveit/install/moveit_simple_controller_manager/lib:/home/rosuser/ros2_ws/ws_moveit/install/moveit_ros_occupancy_map_monitor/lib:/home/rosuser/ros2_ws/ws_moveit/install/moveit_core/lib:/home/rosuser/ros2_ws/ws_moveit/install/srdfdom/lib:${LD_LIBRARY_PATH} PATH=/home/rosuser/ros2_ws/ws_moveit/install/moveit_core/bin:${PATH} PYTHONPATH=/home/rosuser/ros2_ws/ws_moveit/install/moveit_configs_utils/lib/python3.10/site-packages:/home/rosuser/ros2_ws/ws_moveit/install/srdfdom/local/lib/python3.10/dist-packages:/home/rosuser/ros2_ws/ws_moveit/install/launch_param_builder/lib/python3.10/site-packages:${PYTHONPATH} /usr/bin/cmake --install /home/rosuser/ros2_ws/ws_moveit/build/moveit_ros_visualization
