[0.027s] Invoking command in '/home/rosuser/ros2_ws/ws_moveit/build/moveit_ros_robot_interaction': AMENT_PREFIX_PATH=/home/rosuser/ros2_ws/ws_moveit/install/moveit_ros_planning:/home/rosuser/ros2_ws/ws_moveit/install/moveit_ros_occupancy_map_monitor:/home/rosuser/ros2_ws/ws_moveit/install/moveit_core:/home/rosuser/ros2_ws/ws_moveit/install/moveit_resources_panda_moveit_config:/home/rosuser/ros2_ws/ws_moveit/install/moveit_configs_utils:/home/rosuser/ros2_ws/ws_moveit/install/srdfdom:/home/rosuser/ros2_ws/ws_moveit/install/moveit_resources_pr2_description:/home/rosuser/ros2_ws/ws_moveit/install/moveit_resources_panda_description:/home/rosuser/ros2_ws/ws_moveit/install/moveit_common:/home/rosuser/ros2_ws/ws_moveit/install/launch_param_builder:${AMENT_PREFIX_PATH} CMAKE_PREFIX_PATH=/home/rosuser/ros2_ws/ws_moveit/install/moveit_ros_planning:/home/rosuser/ros2_ws/ws_moveit/install/moveit_ros_occupancy_map_monitor:/home/rosuser/ros2_ws/ws_moveit/install/moveit_core:/home/rosuser/ros2_ws/ws_moveit/install/moveit_resources_panda_moveit_config:/home/rosuser/ros2_ws/ws_moveit/install/srdfdom:/home/rosuser/ros2_ws/ws_moveit/install/moveit_resources_pr2_description:/home/rosuser/ros2_ws/ws_moveit/install/moveit_resources_panda_description:/home/rosuser/ros2_ws/ws_moveit/install/moveit_common:/opt/ros/humble LD_LIBRARY_PATH=/home/rosuser/ros2_ws/ws_moveit/install/moveit_ros_planning/lib:/home/rosuser/ros2_ws/ws_moveit/install/moveit_ros_occupancy_map_monitor/lib:/home/rosuser/ros2_ws/ws_moveit/install/moveit_core/lib:/home/rosuser/ros2_ws/ws_moveit/install/srdfdom/lib:${LD_LIBRARY_PATH} PATH=/home/rosuser/ros2_ws/ws_moveit/install/moveit_core/bin:${PATH} PYTHONPATH=/home/rosuser/ros2_ws/ws_moveit/install/moveit_configs_utils/lib/python3.10/site-packages:/home/rosuser/ros2_ws/ws_moveit/install/srdfdom/local/lib/python3.10/dist-packages:/home/rosuser/ros2_ws/ws_moveit/install/launch_param_builder/lib/python3.10/site-packages:${PYTHONPATH} /usr/bin/cmake /home/rosuser/ros2_ws/ws_moveit/src/moveit2/moveit_ros/robot_interaction -DCMAKE_BUILD_TYPE=Release -DCMAKE_INSTALL_PREFIX=/home/rosuser/ros2_ws/ws_moveit/install/moveit_ros_robot_interaction
[0.082s] -- The C compiler identification is GNU 11.4.0
[0.142s] -- The CXX compiler identification is GNU 11.4.0
[0.148s] -- Detecting C compiler ABI info
[0.206s] -- Detecting C compiler ABI info - done
[0.212s] -- Check for working C compiler: /usr/bin/cc - skipped
[0.212s] -- Detecting C compile features
[0.213s] -- Detecting C compile features - done
[0.215s] -- Detecting CXX compiler ABI info
[0.288s] -- Detecting CXX compiler ABI info - done
[0.291s] -- Check for working CXX compiler: /usr/bin/c++ - skipped
[0.292s] -- Detecting CXX compile features
[0.292s] -- Detecting CXX compile features - done
[0.294s] -- Found moveit_common: 2.5.9 (/home/rosuser/ros2_ws/ws_moveit/install/moveit_common/share/moveit_common/cmake)
[0.299s] -- Found ament_cmake: 1.3.11 (/opt/ros/humble/share/ament_cmake/cmake)
[0.407s] -- Found Python3: /usr/bin/python3 (found version "3.10.12") found components: Interpreter 
[0.527s] -- Found moveit_core: 2.5.9 (/home/rosuser/ros2_ws/ws_moveit/install/moveit_core/share/moveit_core/cmake)
[0.727s] -- Found Boost: /usr/lib/aarch64-linux-gnu/cmake/Boost-1.74.0/BoostConfig.cmake (found version "1.74.0") found components: chrono date_time filesystem iostreams program_options regex serialization system thread 
[0.775s] -- Found parameter_traits: 0.4.0 (/opt/ros/humble/share/parameter_traits/cmake)
[0.813s] -- Found rosidl_generator_c: 3.1.6 (/opt/ros/humble/share/rosidl_generator_c/cmake)
[0.818s] -- Found rosidl_adapter: 3.1.6 (/opt/ros/humble/share/rosidl_adapter/cmake)
[0.825s] -- Found rosidl_generator_cpp: 3.1.6 (/opt/ros/humble/share/rosidl_generator_cpp/cmake)
[0.835s] -- Using all available rosidl_typesupport_c: rosidl_typesupport_fastrtps_c;rosidl_typesupport_introspection_c
[0.850s] -- Using all available rosidl_typesupport_cpp: rosidl_typesupport_fastrtps_cpp;rosidl_typesupport_introspection_cpp
[0.894s] -- Found rmw_implementation_cmake: 6.1.2 (/opt/ros/humble/share/rmw_implementation_cmake/cmake)
[0.897s] -- Found rmw_fastrtps_cpp: 6.2.7 (/opt/ros/humble/share/rmw_fastrtps_cpp/cmake)
[0.963s] -- Found OpenSSL: /usr/lib/aarch64-linux-gnu/libcrypto.so (found version "3.0.2")  
[0.981s] -- Found FastRTPS: /opt/ros/humble/include  
[1.018s] -- Using RMW implementation 'rmw_fastrtps_cpp' as default
[1.030s] -- Found Threads: TRUE  
[1.084s] -- Found Eigen3: TRUE (found version "3.4.0") 
[1.087s] -- Found rclcpp_lifecycle: 16.0.12 (/opt/ros/humble/share/rclcpp_lifecycle/cmake)
[1.110s] -- Found Boost: /usr/lib/aarch64-linux-gnu/cmake/Boost-1.74.0/BoostConfig.cmake (found version "1.74.0") found components: filesystem 
[1.187s] -- library: /usr/lib/aarch64-linux-gnu/libcurl.so
[1.244s] -- Ensuring Eigen3 include directory is part of orocos-kdl CMake target
[1.457s] -- Found moveit_ros_planning: 2.5.9 (/home/rosuser/ros2_ws/ws_moveit/install/moveit_ros_planning/share/moveit_ros_planning/cmake)
[1.460s] -- Found Boost: /usr/lib/aarch64-linux-gnu/cmake/Boost-1.74.0/BoostConfig.cmake (found version "1.74.0") found components: system filesystem date_time program_options thread chrono 
[1.479s] -- Found interactive_markers: 2.3.2 (/opt/ros/humble/share/interactive_markers/cmake)
[1.484s] -- Performing Test COMPILER_HAS_HIDDEN_VISIBILITY
[1.556s] -- Performing Test COMPILER_HAS_HIDDEN_VISIBILITY - Success
[1.556s] -- Performing Test COMPILER_HAS_HIDDEN_INLINE_VISIBILITY
[1.633s] -- Performing Test COMPILER_HAS_HIDDEN_INLINE_VISIBILITY - Success
[1.633s] -- Performing Test COMPILER_HAS_DEPRECATED_ATTR
[1.712s] -- Performing Test COMPILER_HAS_DEPRECATED_ATTR - Success
[1.718s] -- Found ament_cmake_gtest: 1.3.11 (/opt/ros/humble/share/ament_cmake_gtest/cmake)
[1.720s] -- Found gtest sources under '/opt/ros/humble/src/gtest_vendor': C++ tests using 'Google Test' will be built
[1.729s] -- Found ament_lint_auto: 0.12.12 (/opt/ros/humble/share/ament_lint_auto/cmake)
[1.746s] -- Added test 'cppcheck' to perform static code analysis on C / C++ code
[1.746s] -- Configured cppcheck include dirs: /home/rosuser/ros2_ws/ws_moveit/src/moveit2/moveit_ros/robot_interaction/include
[1.746s] -- Configured cppcheck exclude dirs and/or files: 
[1.747s] -- Added test 'lint_cmake' to check CMake code style
[1.747s] -- Added test 'xmllint' to check XML markup files
[1.750s] -- Configuring done
[1.783s] -- Generating done
[1.792s] -- Build files have been written to: /home/rosuser/ros2_ws/ws_moveit/build/moveit_ros_robot_interaction
[1.806s] Invoked command in '/home/rosuser/ros2_ws/ws_moveit/build/moveit_ros_robot_interaction' returned '0': AMENT_PREFIX_PATH=/home/rosuser/ros2_ws/ws_moveit/install/moveit_ros_planning:/home/rosuser/ros2_ws/ws_moveit/install/moveit_ros_occupancy_map_monitor:/home/rosuser/ros2_ws/ws_moveit/install/moveit_core:/home/rosuser/ros2_ws/ws_moveit/install/moveit_resources_panda_moveit_config:/home/rosuser/ros2_ws/ws_moveit/install/moveit_configs_utils:/home/rosuser/ros2_ws/ws_moveit/install/srdfdom:/home/rosuser/ros2_ws/ws_moveit/install/moveit_resources_pr2_description:/home/rosuser/ros2_ws/ws_moveit/install/moveit_resources_panda_description:/home/rosuser/ros2_ws/ws_moveit/install/moveit_common:/home/rosuser/ros2_ws/ws_moveit/install/launch_param_builder:${AMENT_PREFIX_PATH} CMAKE_PREFIX_PATH=/home/rosuser/ros2_ws/ws_moveit/install/moveit_ros_planning:/home/rosuser/ros2_ws/ws_moveit/install/moveit_ros_occupancy_map_monitor:/home/rosuser/ros2_ws/ws_moveit/install/moveit_core:/home/rosuser/ros2_ws/ws_moveit/install/moveit_resources_panda_moveit_config:/home/rosuser/ros2_ws/ws_moveit/install/srdfdom:/home/rosuser/ros2_ws/ws_moveit/install/moveit_resources_pr2_description:/home/rosuser/ros2_ws/ws_moveit/install/moveit_resources_panda_description:/home/rosuser/ros2_ws/ws_moveit/install/moveit_common:/opt/ros/humble LD_LIBRARY_PATH=/home/rosuser/ros2_ws/ws_moveit/install/moveit_ros_planning/lib:/home/rosuser/ros2_ws/ws_moveit/install/moveit_ros_occupancy_map_monitor/lib:/home/rosuser/ros2_ws/ws_moveit/install/moveit_core/lib:/home/rosuser/ros2_ws/ws_moveit/install/srdfdom/lib:${LD_LIBRARY_PATH} PATH=/home/rosuser/ros2_ws/ws_moveit/install/moveit_core/bin:${PATH} PYTHONPATH=/home/rosuser/ros2_ws/ws_moveit/install/moveit_configs_utils/lib/python3.10/site-packages:/home/rosuser/ros2_ws/ws_moveit/install/srdfdom/local/lib/python3.10/dist-packages:/home/rosuser/ros2_ws/ws_moveit/install/launch_param_builder/lib/python3.10/site-packages:${PYTHONPATH} /usr/bin/cmake /home/rosuser/ros2_ws/ws_moveit/src/moveit2/moveit_ros/robot_interaction -DCMAKE_BUILD_TYPE=Release -DCMAKE_INSTALL_PREFIX=/home/rosuser/ros2_ws/ws_moveit/install/moveit_ros_robot_interaction
[1.806s] Invoking command in '/home/rosuser/ros2_ws/ws_moveit/build/moveit_ros_robot_interaction': AMENT_PREFIX_PATH=/home/rosuser/ros2_ws/ws_moveit/install/moveit_ros_planning:/home/rosuser/ros2_ws/ws_moveit/install/moveit_ros_occupancy_map_monitor:/home/rosuser/ros2_ws/ws_moveit/install/moveit_core:/home/rosuser/ros2_ws/ws_moveit/install/moveit_resources_panda_moveit_config:/home/rosuser/ros2_ws/ws_moveit/install/moveit_configs_utils:/home/rosuser/ros2_ws/ws_moveit/install/srdfdom:/home/rosuser/ros2_ws/ws_moveit/install/moveit_resources_pr2_description:/home/rosuser/ros2_ws/ws_moveit/install/moveit_resources_panda_description:/home/rosuser/ros2_ws/ws_moveit/install/moveit_common:/home/rosuser/ros2_ws/ws_moveit/install/launch_param_builder:${AMENT_PREFIX_PATH} CMAKE_PREFIX_PATH=/home/rosuser/ros2_ws/ws_moveit/install/moveit_ros_planning:/home/rosuser/ros2_ws/ws_moveit/install/moveit_ros_occupancy_map_monitor:/home/rosuser/ros2_ws/ws_moveit/install/moveit_core:/home/rosuser/ros2_ws/ws_moveit/install/moveit_resources_panda_moveit_config:/home/rosuser/ros2_ws/ws_moveit/install/srdfdom:/home/rosuser/ros2_ws/ws_moveit/install/moveit_resources_pr2_description:/home/rosuser/ros2_ws/ws_moveit/install/moveit_resources_panda_description:/home/rosuser/ros2_ws/ws_moveit/install/moveit_common:/opt/ros/humble LD_LIBRARY_PATH=/home/rosuser/ros2_ws/ws_moveit/install/moveit_ros_planning/lib:/home/rosuser/ros2_ws/ws_moveit/install/moveit_ros_occupancy_map_monitor/lib:/home/rosuser/ros2_ws/ws_moveit/install/moveit_core/lib:/home/rosuser/ros2_ws/ws_moveit/install/srdfdom/lib:${LD_LIBRARY_PATH} PATH=/home/rosuser/ros2_ws/ws_moveit/install/moveit_core/bin:${PATH} PYTHONPATH=/home/rosuser/ros2_ws/ws_moveit/install/moveit_configs_utils/lib/python3.10/site-packages:/home/rosuser/ros2_ws/ws_moveit/install/srdfdom/local/lib/python3.10/dist-packages:/home/rosuser/ros2_ws/ws_moveit/install/launch_param_builder/lib/python3.10/site-packages:${PYTHONPATH} /usr/bin/cmake --build /home/rosuser/ros2_ws/ws_moveit/build/moveit_ros_robot_interaction -- -j8 -l8
[1.843s] [  7%] [32mBuilding CXX object gtest/CMakeFiles/gtest_main.dir/src/gtest_main.cc.o[0m
[1.843s] [ 15%] [32mBuilding CXX object CMakeFiles/moveit_robot_interaction.dir/src/interactive_marker_helpers.cpp.o[0m
[1.844s] [ 23%] [32mBuilding CXX object gtest/CMakeFiles/gtest.dir/src/gtest-all.cc.o[0m
[1.846s] [ 30%] [32mBuilding CXX object CMakeFiles/moveit_robot_interaction.dir/src/locked_robot_state.cpp.o[0m
[1.849s] [ 38%] [32mBuilding CXX object CMakeFiles/moveit_robot_interaction.dir/src/kinematic_options_map.cpp.o[0m
[1.852s] [ 46%] [32mBuilding CXX object CMakeFiles/moveit_robot_interaction.dir/src/kinematic_options.cpp.o[0m
[1.852s] [ 53%] [32mBuilding CXX object CMakeFiles/moveit_robot_interaction.dir/src/interaction_handler.cpp.o[0m
[1.855s] [ 61%] [32mBuilding CXX object CMakeFiles/moveit_robot_interaction.dir/src/robot_interaction.cpp.o[0m
[3.491s] [ 69%] [32m[1mLinking CXX static library libgtest_main.a[0m
[3.545s] [ 69%] Built target gtest_main
[16.699s] [ 76%] [32m[1mLinking CXX static library libgtest.a[0m
[16.746s] [ 76%] Built target gtest
[23.129s] [ 84%] [32m[1mLinking CXX shared library libmoveit_robot_interaction.so[0m
[23.345s] [ 84%] Built target moveit_robot_interaction
[23.361s] [ 92%] [32mBuilding CXX object CMakeFiles/locked_robot_state_test.dir/test/locked_robot_state_test.cpp.o[0m
[27.836s] [100%] [32m[1mLinking CXX executable locked_robot_state_test[0m
[28.038s] [100%] Built target locked_robot_state_test
[28.051s] Invoked command in '/home/rosuser/ros2_ws/ws_moveit/build/moveit_ros_robot_interaction' returned '0': AMENT_PREFIX_PATH=/home/rosuser/ros2_ws/ws_moveit/install/moveit_ros_planning:/home/rosuser/ros2_ws/ws_moveit/install/moveit_ros_occupancy_map_monitor:/home/rosuser/ros2_ws/ws_moveit/install/moveit_core:/home/rosuser/ros2_ws/ws_moveit/install/moveit_resources_panda_moveit_config:/home/rosuser/ros2_ws/ws_moveit/install/moveit_configs_utils:/home/rosuser/ros2_ws/ws_moveit/install/srdfdom:/home/rosuser/ros2_ws/ws_moveit/install/moveit_resources_pr2_description:/home/rosuser/ros2_ws/ws_moveit/install/moveit_resources_panda_description:/home/rosuser/ros2_ws/ws_moveit/install/moveit_common:/home/rosuser/ros2_ws/ws_moveit/install/launch_param_builder:${AMENT_PREFIX_PATH} CMAKE_PREFIX_PATH=/home/rosuser/ros2_ws/ws_moveit/install/moveit_ros_planning:/home/rosuser/ros2_ws/ws_moveit/install/moveit_ros_occupancy_map_monitor:/home/rosuser/ros2_ws/ws_moveit/install/moveit_core:/home/rosuser/ros2_ws/ws_moveit/install/moveit_resources_panda_moveit_config:/home/rosuser/ros2_ws/ws_moveit/install/srdfdom:/home/rosuser/ros2_ws/ws_moveit/install/moveit_resources_pr2_description:/home/rosuser/ros2_ws/ws_moveit/install/moveit_resources_panda_description:/home/rosuser/ros2_ws/ws_moveit/install/moveit_common:/opt/ros/humble LD_LIBRARY_PATH=/home/rosuser/ros2_ws/ws_moveit/install/moveit_ros_planning/lib:/home/rosuser/ros2_ws/ws_moveit/install/moveit_ros_occupancy_map_monitor/lib:/home/rosuser/ros2_ws/ws_moveit/install/moveit_core/lib:/home/rosuser/ros2_ws/ws_moveit/install/srdfdom/lib:${LD_LIBRARY_PATH} PATH=/home/rosuser/ros2_ws/ws_moveit/install/moveit_core/bin:${PATH} PYTHONPATH=/home/rosuser/ros2_ws/ws_moveit/install/moveit_configs_utils/lib/python3.10/site-packages:/home/rosuser/ros2_ws/ws_moveit/install/srdfdom/local/lib/python3.10/dist-packages:/home/rosuser/ros2_ws/ws_moveit/install/launch_param_builder/lib/python3.10/site-packages:${PYTHONPATH} /usr/bin/cmake --build /home/rosuser/ros2_ws/ws_moveit/build/moveit_ros_robot_interaction -- -j8 -l8
[28.053s] Invoking command in '/home/rosuser/ros2_ws/ws_moveit/build/moveit_ros_robot_interaction': AMENT_PREFIX_PATH=/home/rosuser/ros2_ws/ws_moveit/install/moveit_ros_planning:/home/rosuser/ros2_ws/ws_moveit/install/moveit_ros_occupancy_map_monitor:/home/rosuser/ros2_ws/ws_moveit/install/moveit_core:/home/rosuser/ros2_ws/ws_moveit/install/moveit_resources_panda_moveit_config:/home/rosuser/ros2_ws/ws_moveit/install/moveit_configs_utils:/home/rosuser/ros2_ws/ws_moveit/install/srdfdom:/home/rosuser/ros2_ws/ws_moveit/install/moveit_resources_pr2_description:/home/rosuser/ros2_ws/ws_moveit/install/moveit_resources_panda_description:/home/rosuser/ros2_ws/ws_moveit/install/moveit_common:/home/rosuser/ros2_ws/ws_moveit/install/launch_param_builder:${AMENT_PREFIX_PATH} CMAKE_PREFIX_PATH=/home/rosuser/ros2_ws/ws_moveit/install/moveit_ros_planning:/home/rosuser/ros2_ws/ws_moveit/install/moveit_ros_occupancy_map_monitor:/home/rosuser/ros2_ws/ws_moveit/install/moveit_core:/home/rosuser/ros2_ws/ws_moveit/install/moveit_resources_panda_moveit_config:/home/rosuser/ros2_ws/ws_moveit/install/srdfdom:/home/rosuser/ros2_ws/ws_moveit/install/moveit_resources_pr2_description:/home/rosuser/ros2_ws/ws_moveit/install/moveit_resources_panda_description:/home/rosuser/ros2_ws/ws_moveit/install/moveit_common:/opt/ros/humble LD_LIBRARY_PATH=/home/rosuser/ros2_ws/ws_moveit/install/moveit_ros_planning/lib:/home/rosuser/ros2_ws/ws_moveit/install/moveit_ros_occupancy_map_monitor/lib:/home/rosuser/ros2_ws/ws_moveit/install/moveit_core/lib:/home/rosuser/ros2_ws/ws_moveit/install/srdfdom/lib:${LD_LIBRARY_PATH} PATH=/home/rosuser/ros2_ws/ws_moveit/install/moveit_core/bin:${PATH} PYTHONPATH=/home/rosuser/ros2_ws/ws_moveit/install/moveit_configs_utils/lib/python3.10/site-packages:/home/rosuser/ros2_ws/ws_moveit/install/srdfdom/local/lib/python3.10/dist-packages:/home/rosuser/ros2_ws/ws_moveit/install/launch_param_builder/lib/python3.10/site-packages:${PYTHONPATH} /usr/bin/cmake --install /home/rosuser/ros2_ws/ws_moveit/build/moveit_ros_robot_interaction
[28.057s] -- Install configuration: "Release"
[28.058s] -- Installing: /home/rosuser/ros2_ws/ws_moveit/install/moveit_ros_robot_interaction/lib/libmoveit_robot_interaction.so.2.5.9
[28.059s] -- Set runtime path of "/home/rosuser/ros2_ws/ws_moveit/install/moveit_ros_robot_interaction/lib/libmoveit_robot_interaction.so.2.5.9" to ""
[28.059s] -- Installing: /home/rosuser/ros2_ws/ws_moveit/install/moveit_ros_robot_interaction/lib/libmoveit_robot_interaction.so
[28.059s] -- Installing: /home/rosuser/ros2_ws/ws_moveit/install/moveit_ros_robot_interaction/include
[28.059s] -- Installing: /home/rosuser/ros2_ws/ws_moveit/install/moveit_ros_robot_interaction/include/moveit
[28.060s] -- Installing: /home/rosuser/ros2_ws/ws_moveit/install/moveit_ros_robot_interaction/include/moveit/robot_interaction
[28.060s] -- Installing: /home/rosuser/ros2_ws/ws_moveit/install/moveit_ros_robot_interaction/include/moveit/robot_interaction/robot_interaction.h
[28.060s] -- Installing: /home/rosuser/ros2_ws/ws_moveit/install/moveit_ros_robot_interaction/include/moveit/robot_interaction/interactive_marker_helpers.h
[28.060s] -- Installing: /home/rosuser/ros2_ws/ws_moveit/install/moveit_ros_robot_interaction/include/moveit/robot_interaction/interaction_handler.h
[28.060s] -- Installing: /home/rosuser/ros2_ws/ws_moveit/install/moveit_ros_robot_interaction/include/moveit/robot_interaction/kinematic_options_map.h
[28.060s] -- Installing: /home/rosuser/ros2_ws/ws_moveit/install/moveit_ros_robot_interaction/include/moveit/robot_interaction/kinematic_options.h
[28.060s] -- Installing: /home/rosuser/ros2_ws/ws_moveit/install/moveit_ros_robot_interaction/include/moveit/robot_interaction/locked_robot_state.h
[28.060s] -- Installing: /home/rosuser/ros2_ws/ws_moveit/install/moveit_ros_robot_interaction/include/moveit/robot_interaction/interaction.h
[28.061s] -- Installing: /home/rosuser/ros2_ws/ws_moveit/install/moveit_ros_robot_interaction/include/moveit_robot_interaction_export.h
[28.061s] -- Installing: /home/rosuser/ros2_ws/ws_moveit/install/moveit_ros_robot_interaction/share/moveit_ros_robot_interaction/resources
[28.061s] -- Installing: /home/rosuser/ros2_ws/ws_moveit/install/moveit_ros_robot_interaction/share/moveit_ros_robot_interaction/resources/access-denied.stl
[28.061s] -- Installing: /home/rosuser/ros2_ws/ws_moveit/install/moveit_ros_robot_interaction/share/moveit_ros_robot_interaction/resources/access-denied.dae
[28.061s] -- Installing: /home/rosuser/ros2_ws/ws_moveit/install/moveit_ros_robot_interaction/share/moveit_ros_robot_interaction/environment/library_path.sh
[28.062s] -- Installing: /home/rosuser/ros2_ws/ws_moveit/install/moveit_ros_robot_interaction/share/moveit_ros_robot_interaction/environment/library_path.dsv
[28.062s] -- Installing: /home/rosuser/ros2_ws/ws_moveit/install/moveit_ros_robot_interaction/share/ament_index/resource_index/package_run_dependencies/moveit_ros_robot_interaction
[28.062s] -- Installing: /home/rosuser/ros2_ws/ws_moveit/install/moveit_ros_robot_interaction/share/ament_index/resource_index/parent_prefix_path/moveit_ros_robot_interaction
[28.062s] -- Installing: /home/rosuser/ros2_ws/ws_moveit/install/moveit_ros_robot_interaction/share/moveit_ros_robot_interaction/environment/ament_prefix_path.sh
[28.062s] -- Installing: /home/rosuser/ros2_ws/ws_moveit/install/moveit_ros_robot_interaction/share/moveit_ros_robot_interaction/environment/ament_prefix_path.dsv
[28.062s] -- Installing: /home/rosuser/ros2_ws/ws_moveit/install/moveit_ros_robot_interaction/share/moveit_ros_robot_interaction/environment/path.sh
[28.062s] -- Installing: /home/rosuser/ros2_ws/ws_moveit/install/moveit_ros_robot_interaction/share/moveit_ros_robot_interaction/environment/path.dsv
[28.062s] -- Installing: /home/rosuser/ros2_ws/ws_moveit/install/moveit_ros_robot_interaction/share/moveit_ros_robot_interaction/local_setup.bash
[28.062s] -- Installing: /home/rosuser/ros2_ws/ws_moveit/install/moveit_ros_robot_interaction/share/moveit_ros_robot_interaction/local_setup.sh
[28.063s] -- Installing: /home/rosuser/ros2_ws/ws_moveit/install/moveit_ros_robot_interaction/share/moveit_ros_robot_interaction/local_setup.zsh
[28.063s] -- Installing: /home/rosuser/ros2_ws/ws_moveit/install/moveit_ros_robot_interaction/share/moveit_ros_robot_interaction/local_setup.dsv
[28.063s] -- Installing: /home/rosuser/ros2_ws/ws_moveit/install/moveit_ros_robot_interaction/share/moveit_ros_robot_interaction/package.dsv
[28.063s] -- Installing: /home/rosuser/ros2_ws/ws_moveit/install/moveit_ros_robot_interaction/share/ament_index/resource_index/packages/moveit_ros_robot_interaction
[28.063s] -- Installing: /home/rosuser/ros2_ws/ws_moveit/install/moveit_ros_robot_interaction/share/moveit_ros_robot_interaction/cmake/export_moveit_ros_robot_interactionExport.cmake
[28.063s] -- Installing: /home/rosuser/ros2_ws/ws_moveit/install/moveit_ros_robot_interaction/share/moveit_ros_robot_interaction/cmake/export_moveit_ros_robot_interactionExport-release.cmake
[28.063s] -- Installing: /home/rosuser/ros2_ws/ws_moveit/install/moveit_ros_robot_interaction/share/moveit_ros_robot_interaction/cmake/ament_cmake_export_targets-extras.cmake
[28.064s] -- Installing: /home/rosuser/ros2_ws/ws_moveit/install/moveit_ros_robot_interaction/share/moveit_ros_robot_interaction/cmake/ament_cmake_export_dependencies-extras.cmake
[28.064s] -- Installing: /home/rosuser/ros2_ws/ws_moveit/install/moveit_ros_robot_interaction/share/moveit_ros_robot_interaction/cmake/moveit_ros_robot_interactionConfig.cmake
[28.064s] -- Installing: /home/rosuser/ros2_ws/ws_moveit/install/moveit_ros_robot_interaction/share/moveit_ros_robot_interaction/cmake/moveit_ros_robot_interactionConfig-version.cmake
[28.064s] -- Installing: /home/rosuser/ros2_ws/ws_moveit/install/moveit_ros_robot_interaction/share/moveit_ros_robot_interaction/package.xml
[28.066s] Invoked command in '/home/rosuser/ros2_ws/ws_moveit/build/moveit_ros_robot_interaction' returned '0': AMENT_PREFIX_PATH=/home/rosuser/ros2_ws/ws_moveit/install/moveit_ros_planning:/home/rosuser/ros2_ws/ws_moveit/install/moveit_ros_occupancy_map_monitor:/home/rosuser/ros2_ws/ws_moveit/install/moveit_core:/home/rosuser/ros2_ws/ws_moveit/install/moveit_resources_panda_moveit_config:/home/rosuser/ros2_ws/ws_moveit/install/moveit_configs_utils:/home/rosuser/ros2_ws/ws_moveit/install/srdfdom:/home/rosuser/ros2_ws/ws_moveit/install/moveit_resources_pr2_description:/home/rosuser/ros2_ws/ws_moveit/install/moveit_resources_panda_description:/home/rosuser/ros2_ws/ws_moveit/install/moveit_common:/home/rosuser/ros2_ws/ws_moveit/install/launch_param_builder:${AMENT_PREFIX_PATH} CMAKE_PREFIX_PATH=/home/rosuser/ros2_ws/ws_moveit/install/moveit_ros_planning:/home/rosuser/ros2_ws/ws_moveit/install/moveit_ros_occupancy_map_monitor:/home/rosuser/ros2_ws/ws_moveit/install/moveit_core:/home/rosuser/ros2_ws/ws_moveit/install/moveit_resources_panda_moveit_config:/home/rosuser/ros2_ws/ws_moveit/install/srdfdom:/home/rosuser/ros2_ws/ws_moveit/install/moveit_resources_pr2_description:/home/rosuser/ros2_ws/ws_moveit/install/moveit_resources_panda_description:/home/rosuser/ros2_ws/ws_moveit/install/moveit_common:/opt/ros/humble LD_LIBRARY_PATH=/home/rosuser/ros2_ws/ws_moveit/install/moveit_ros_planning/lib:/home/rosuser/ros2_ws/ws_moveit/install/moveit_ros_occupancy_map_monitor/lib:/home/rosuser/ros2_ws/ws_moveit/install/moveit_core/lib:/home/rosuser/ros2_ws/ws_moveit/install/srdfdom/lib:${LD_LIBRARY_PATH} PATH=/home/rosuser/ros2_ws/ws_moveit/install/moveit_core/bin:${PATH} PYTHONPATH=/home/rosuser/ros2_ws/ws_moveit/install/moveit_configs_utils/lib/python3.10/site-packages:/home/rosuser/ros2_ws/ws_moveit/install/srdfdom/local/lib/python3.10/dist-packages:/home/rosuser/ros2_ws/ws_moveit/install/launch_param_builder/lib/python3.10/site-packages:${PYTHONPATH} /usr/bin/cmake --install /home/rosuser/ros2_ws/ws_moveit/build/moveit_ros_robot_interaction
