[0.006s] Invoking command in '/home/rosuser/ros2_ws/ws_moveit/build/moveit_common': CMAKE_PREFIX_PATH=/opt/ros/humble /usr/bin/cmake /home/rosuser/ros2_ws/ws_moveit/src/moveit2/moveit_common -DCMAKE_BUILD_TYPE=Release -DCMAKE_INSTALL_PREFIX=/home/rosuser/ros2_ws/ws_moveit/install/moveit_common
[0.026s] -- Found ament_cmake: 1.3.11 (/opt/ros/humble/share/ament_cmake/cmake)
[0.143s] -- Found Python3: /usr/bin/python3 (found version "3.10.12") found components: Interpreter 
[0.204s] -- Found ament_lint_auto: 0.12.12 (/opt/ros/humble/share/ament_lint_auto/cmake)
[0.252s] -- Added test 'copyright' to check source files copyright and LICENSE
[0.253s] -- Added test 'lint_cmake' to check CMake code style
[0.254s] -- Added test 'xmllint' to check XML markup files
[0.256s] -- Configuring done
[0.258s] -- Generating done
[0.260s] -- Build files have been written to: /home/rosuser/ros2_ws/ws_moveit/build/moveit_common
[0.263s] Invoked command in '/home/rosuser/ros2_ws/ws_moveit/build/moveit_common' returned '0': CMAKE_PREFIX_PATH=/opt/ros/humble /usr/bin/cmake /home/rosuser/ros2_ws/ws_moveit/src/moveit2/moveit_common -DCMAKE_BUILD_TYPE=Release -DCMAKE_INSTALL_PREFIX=/home/rosuser/ros2_ws/ws_moveit/install/moveit_common
[0.263s] Invoking command in '/home/rosuser/ros2_ws/ws_moveit/build/moveit_common': CMAKE_PREFIX_PATH=/opt/ros/humble /usr/bin/cmake --build /home/rosuser/ros2_ws/ws_moveit/build/moveit_common -- -j8 -l8
[0.286s] Invoked command in '/home/rosuser/ros2_ws/ws_moveit/build/moveit_common' returned '0': CMAKE_PREFIX_PATH=/opt/ros/humble /usr/bin/cmake --build /home/rosuser/ros2_ws/ws_moveit/build/moveit_common -- -j8 -l8
[0.291s] Invoking command in '/home/rosuser/ros2_ws/ws_moveit/build/moveit_common': CMAKE_PREFIX_PATH=/opt/ros/humble /usr/bin/cmake --install /home/rosuser/ros2_ws/ws_moveit/build/moveit_common
[0.294s] -- Install configuration: "Release"
[0.295s] -- Installing: /home/rosuser/ros2_ws/ws_moveit/install/moveit_common/share/ament_index/resource_index/package_run_dependencies/moveit_common
[0.295s] -- Installing: /home/rosuser/ros2_ws/ws_moveit/install/moveit_common/share/ament_index/resource_index/parent_prefix_path/moveit_common
[0.295s] -- Installing: /home/rosuser/ros2_ws/ws_moveit/install/moveit_common/share/moveit_common/environment/ament_prefix_path.sh
[0.295s] -- Installing: /home/rosuser/ros2_ws/ws_moveit/install/moveit_common/share/moveit_common/environment/ament_prefix_path.dsv
[0.295s] -- Installing: /home/rosuser/ros2_ws/ws_moveit/install/moveit_common/share/moveit_common/environment/path.sh
[0.295s] -- Installing: /home/rosuser/ros2_ws/ws_moveit/install/moveit_common/share/moveit_common/environment/path.dsv
[0.295s] -- Installing: /home/rosuser/ros2_ws/ws_moveit/install/moveit_common/share/moveit_common/local_setup.bash
[0.296s] -- Installing: /home/rosuser/ros2_ws/ws_moveit/install/moveit_common/share/moveit_common/local_setup.sh
[0.296s] -- Installing: /home/rosuser/ros2_ws/ws_moveit/install/moveit_common/share/moveit_common/local_setup.zsh
[0.296s] -- Installing: /home/rosuser/ros2_ws/ws_moveit/install/moveit_common/share/moveit_common/local_setup.dsv
[0.296s] -- Installing: /home/rosuser/ros2_ws/ws_moveit/install/moveit_common/share/moveit_common/package.dsv
[0.296s] -- Installing: /home/rosuser/ros2_ws/ws_moveit/install/moveit_common/share/ament_index/resource_index/packages/moveit_common
[0.296s] -- Installing: /home/rosuser/ros2_ws/ws_moveit/install/moveit_common/share/moveit_common/cmake/moveit_common-extras.cmake
[0.296s] -- Installing: /home/rosuser/ros2_ws/ws_moveit/install/moveit_common/share/moveit_common/cmake/moveit_commonConfig.cmake
[0.296s] -- Installing: /home/rosuser/ros2_ws/ws_moveit/install/moveit_common/share/moveit_common/cmake/moveit_commonConfig-version.cmake
[0.296s] -- Installing: /home/rosuser/ros2_ws/ws_moveit/install/moveit_common/share/moveit_common/package.xml
[0.296s] -- Up-to-date: /home/rosuser/ros2_ws/ws_moveit/install/moveit_common/share/moveit_common/cmake
[0.296s] -- Installing: /home/rosuser/ros2_ws/ws_moveit/install/moveit_common/share/moveit_common/cmake/moveit_package.cmake
[0.298s] Invoked command in '/home/rosuser/ros2_ws/ws_moveit/build/moveit_common' returned '0': CMAKE_PREFIX_PATH=/opt/ros/humble /usr/bin/cmake --install /home/rosuser/ros2_ws/ws_moveit/build/moveit_common
