[0.004s] Invoking command in '/home/rosuser/ros2_ws/ws_moveit/build/rosparam_shortcuts': CMAKE_PREFIX_PATH=/opt/ros/humble /usr/bin/cmake /home/rosuser/ros2_ws/ws_moveit/src/rosparam_shortcuts -DCMAKE_BUILD_TYPE=Release -DCMAKE_INSTALL_PREFIX=/home/rosuser/ros2_ws/ws_moveit/install/rosparam_shortcuts
[0.045s] -- The C compiler identification is GNU 11.4.0
[0.085s] -- The CXX compiler identification is GNU 11.4.0
[0.090s] -- Detecting C compiler ABI info
[0.130s] -- Detecting C compiler ABI info - done
[0.136s] -- Check for working C compiler: /usr/bin/cc - skipped
[0.136s] -- Detecting C compile features
[0.137s] -- Detecting C compile features - done
[0.138s] -- Detecting CXX compiler ABI info
[0.188s] -- Detecting CXX compiler ABI info - done
[0.193s] -- Check for working CXX compiler: /usr/bin/c++ - skipped
[0.193s] -- Detecting CXX compile features
[0.194s] -- Detecting CXX compile features - done
[0.197s] -- Found ament_cmake: 1.3.11 (/opt/ros/humble/share/ament_cmake/cmake)
[0.290s] -- Found Python3: /usr/bin/python3 (found version "3.10.12") found components: Interpreter 
[0.345s] -- Found eigen3_cmake_module: 0.1.1 (/opt/ros/humble/share/eigen3_cmake_module/cmake)
[0.351s] -- Found Eigen3: TRUE (found version "3.4.0") 
[0.352s] -- Found geometry_msgs: 4.8.0 (/opt/ros/humble/share/geometry_msgs/cmake)
[0.376s] -- Found rosidl_generator_c: 3.1.6 (/opt/ros/humble/share/rosidl_generator_c/cmake)
[0.379s] -- Found rosidl_adapter: 3.1.6 (/opt/ros/humble/share/rosidl_adapter/cmake)
[0.386s] -- Found rosidl_generator_cpp: 3.1.6 (/opt/ros/humble/share/rosidl_generator_cpp/cmake)
[0.394s] -- Using all available rosidl_typesupport_c: rosidl_typesupport_fastrtps_c;rosidl_typesupport_introspection_c
[0.404s] -- Using all available rosidl_typesupport_cpp: rosidl_typesupport_fastrtps_cpp;rosidl_typesupport_introspection_cpp
[0.427s] -- Found rclcpp: 16.0.12 (/opt/ros/humble/share/rclcpp/cmake)
[0.457s] -- Found rmw_implementation_cmake: 6.1.2 (/opt/ros/humble/share/rmw_implementation_cmake/cmake)
[0.459s] -- Found rmw_fastrtps_cpp: 6.2.7 (/opt/ros/humble/share/rmw_fastrtps_cpp/cmake)
[0.518s] -- Found OpenSSL: /usr/lib/aarch64-linux-gnu/libcrypto.so (found version "3.0.2")  
[0.538s] -- Found FastRTPS: /opt/ros/humble/include  
[0.569s] -- Using RMW implementation 'rmw_fastrtps_cpp' as default
[0.577s] -- Looking for pthread.h
[0.624s] -- Looking for pthread.h - found
[0.624s] -- Performing Test CMAKE_HAVE_LIBC_PTHREAD
[0.672s] -- Performing Test CMAKE_HAVE_LIBC_PTHREAD - Success
[0.673s] -- Found Threads: TRUE  
[0.703s] -- Found tf2_eigen: 0.25.12 (/opt/ros/humble/share/tf2_eigen/cmake)
[0.780s] -- Found ament_lint_auto: 0.12.12 (/opt/ros/humble/share/ament_lint_auto/cmake)
[0.781s] -- Found ament_cmake_gtest: 1.3.11 (/opt/ros/humble/share/ament_cmake_gtest/cmake)
[0.783s] -- Found ros_testing: 0.4.0 (/opt/ros/humble/share/ros_testing/cmake)
[0.784s] -- Found launch_testing_ament_cmake: 1.0.8 (/opt/ros/humble/share/launch_testing_ament_cmake/cmake)
[0.786s] -- Found python_cmake_module: 0.10.0 (/opt/ros/humble/share/python_cmake_module/cmake)
[0.798s] -- Found PythonInterp: /usr/bin/python3 (found suitable version "3.10.12", minimum required is "3.6") 
[0.801s] -- Found PythonLibs: /usr/lib/aarch64-linux-gnu/libpython3.10.so (found suitable version "3.10.12", minimum required is "3.5") 
[0.801s] -- Using PYTHON_EXECUTABLE: /usr/bin/python3
[0.801s] -- Using PYTHON_INCLUDE_DIRS: /usr/include/python3.10
[0.801s] -- Using PYTHON_LIBRARIES: /usr/lib/aarch64-linux-gnu/libpython3.10.so
[0.814s] -- Found PythonExtra: .so  
[0.863s] -- Found gtest sources under '/opt/ros/humble/src/gtest_vendor': C++ tests using 'Google Test' will be built
[0.868s] -- Added test 'copyright' to check source files copyright and LICENSE
[0.869s] -- Added test 'lint_cmake' to check CMake code style
[0.869s] -- Added test 'pep257' to check Python code against some of the docstring style conventions in PEP 257
[0.870s] -- Added test 'xmllint' to check XML markup files
[0.871s] -- Configuring done
[0.888s] -- Generating done
[0.895s] -- Build files have been written to: /home/rosuser/ros2_ws/ws_moveit/build/rosparam_shortcuts
[0.900s] Invoked command in '/home/rosuser/ros2_ws/ws_moveit/build/rosparam_shortcuts' returned '0': CMAKE_PREFIX_PATH=/opt/ros/humble /usr/bin/cmake /home/rosuser/ros2_ws/ws_moveit/src/rosparam_shortcuts -DCMAKE_BUILD_TYPE=Release -DCMAKE_INSTALL_PREFIX=/home/rosuser/ros2_ws/ws_moveit/install/rosparam_shortcuts
[0.902s] Invoking command in '/home/rosuser/ros2_ws/ws_moveit/build/rosparam_shortcuts': CMAKE_PREFIX_PATH=/opt/ros/humble /usr/bin/cmake --build /home/rosuser/ros2_ws/ws_moveit/build/rosparam_shortcuts -- -j8 -l8
[0.933s] [  7%] [32mBuilding CXX object gtest/CMakeFiles/gtest_main.dir/src/gtest_main.cc.o[0m
[0.933s] [ 15%] [32mBuilding CXX object gtest/CMakeFiles/gtest.dir/src/gtest-all.cc.o[0m
[0.933s] [ 23%] [32mBuilding CXX object CMakeFiles/rosparam_shortcuts.dir/src/node_parameters.cpp.o[0m
[0.935s] [ 30%] [32mBuilding CXX object CMakeFiles/rosparam_shortcuts.dir/src/rosparam_shortcuts.cpp.o[0m
[1.560s] [ 38%] [32m[1mLinking CXX static library libgtest_main.a[0m
[1.587s] [ 38%] Built target gtest_main
[5.663s] [ 46%] [32m[1mLinking CXX shared library librosparam_shortcuts.so[0m
[5.751s] [ 46%] Built target rosparam_shortcuts
[5.765s] [ 53%] [32mBuilding CXX object CMakeFiles/rosparam_shortcuts_example.dir/src/example.cpp.o[0m
[5.765s] [ 61%] [32mBuilding CXX object CMakeFiles/rosparam_shortcuts_node_parameters_example.dir/src/node_parameters_example.cpp.o[0m
[6.620s] [ 69%] [32m[1mLinking CXX static library libgtest.a[0m
[6.648s] [ 69%] Built target gtest
[6.661s] [ 76%] [32mBuilding CXX object CMakeFiles/test_node_parameters.dir/test/test_node_parameters.cpp.o[0m
[8.974s] [ 92%] [32m[1mLinking CXX executable example[0m
[8.974s] [ 92%] [32m[1mLinking CXX executable node_parameters_example[0m
[9.077s] [ 92%] Built target rosparam_shortcuts_example
[9.078s] [ 92%] Built target rosparam_shortcuts_node_parameters_example
[10.455s] [100%] [32m[1mLinking CXX executable test_node_parameters[0m
[10.545s] [100%] Built target test_node_parameters
[10.560s] Invoked command in '/home/rosuser/ros2_ws/ws_moveit/build/rosparam_shortcuts' returned '0': CMAKE_PREFIX_PATH=/opt/ros/humble /usr/bin/cmake --build /home/rosuser/ros2_ws/ws_moveit/build/rosparam_shortcuts -- -j8 -l8
[10.564s] Invoking command in '/home/rosuser/ros2_ws/ws_moveit/build/rosparam_shortcuts': CMAKE_PREFIX_PATH=/opt/ros/humble /usr/bin/cmake --install /home/rosuser/ros2_ws/ws_moveit/build/rosparam_shortcuts
[10.571s] -- Install configuration: "Release"
[10.571s] -- Installing: /home/rosuser/ros2_ws/ws_moveit/install/rosparam_shortcuts/lib/librosparam_shortcuts.so
[10.571s] -- Set runtime path of "/home/rosuser/ros2_ws/ws_moveit/install/rosparam_shortcuts/lib/librosparam_shortcuts.so" to ""
[10.572s] -- Installing: /home/rosuser/ros2_ws/ws_moveit/install/rosparam_shortcuts/lib/rosparam_shortcuts/example
[10.572s] -- Set runtime path of "/home/rosuser/ros2_ws/ws_moveit/install/rosparam_shortcuts/lib/rosparam_shortcuts/example" to ""
[10.572s] -- Installing: /home/rosuser/ros2_ws/ws_moveit/install/rosparam_shortcuts/lib/rosparam_shortcuts/node_parameters_example
[10.572s] -- Set runtime path of "/home/rosuser/ros2_ws/ws_moveit/install/rosparam_shortcuts/lib/rosparam_shortcuts/node_parameters_example" to ""
[10.572s] -- Installing: /home/rosuser/ros2_ws/ws_moveit/install/rosparam_shortcuts/include
[10.572s] -- Installing: /home/rosuser/ros2_ws/ws_moveit/install/rosparam_shortcuts/include/rosparam_shortcuts
[10.572s] -- Installing: /home/rosuser/ros2_ws/ws_moveit/install/rosparam_shortcuts/include/rosparam_shortcuts/rosparam_shortcuts.h
[10.572s] -- Installing: /home/rosuser/ros2_ws/ws_moveit/install/rosparam_shortcuts/include/rosparam_shortcuts/node_parameters.h
[10.573s] -- Installing: /home/rosuser/ros2_ws/ws_moveit/install/rosparam_shortcuts/share/rosparam_shortcuts/launch
[10.573s] -- Installing: /home/rosuser/ros2_ws/ws_moveit/install/rosparam_shortcuts/share/rosparam_shortcuts/launch/example.launch.py
[10.573s] -- Installing: /home/rosuser/ros2_ws/ws_moveit/install/rosparam_shortcuts/share/rosparam_shortcuts/config
[10.573s] -- Installing: /home/rosuser/ros2_ws/ws_moveit/install/rosparam_shortcuts/share/rosparam_shortcuts/config/example.yaml
[10.573s] -- Installing: /home/rosuser/ros2_ws/ws_moveit/install/rosparam_shortcuts/share/rosparam_shortcuts/environment/library_path.sh
[10.573s] -- Installing: /home/rosuser/ros2_ws/ws_moveit/install/rosparam_shortcuts/share/rosparam_shortcuts/environment/library_path.dsv
[10.574s] -- Installing: /home/rosuser/ros2_ws/ws_moveit/install/rosparam_shortcuts/share/ament_index/resource_index/package_run_dependencies/rosparam_shortcuts
[10.574s] -- Installing: /home/rosuser/ros2_ws/ws_moveit/install/rosparam_shortcuts/share/ament_index/resource_index/parent_prefix_path/rosparam_shortcuts
[10.574s] -- Installing: /home/rosuser/ros2_ws/ws_moveit/install/rosparam_shortcuts/share/rosparam_shortcuts/environment/ament_prefix_path.sh
[10.575s] -- Installing: /home/rosuser/ros2_ws/ws_moveit/install/rosparam_shortcuts/share/rosparam_shortcuts/environment/ament_prefix_path.dsv
[10.575s] -- Installing: /home/rosuser/ros2_ws/ws_moveit/install/rosparam_shortcuts/share/rosparam_shortcuts/environment/path.sh
[10.575s] -- Installing: /home/rosuser/ros2_ws/ws_moveit/install/rosparam_shortcuts/share/rosparam_shortcuts/environment/path.dsv
[10.575s] -- Installing: /home/rosuser/ros2_ws/ws_moveit/install/rosparam_shortcuts/share/rosparam_shortcuts/local_setup.bash
[10.575s] -- Installing: /home/rosuser/ros2_ws/ws_moveit/install/rosparam_shortcuts/share/rosparam_shortcuts/local_setup.sh
[10.575s] -- Installing: /home/rosuser/ros2_ws/ws_moveit/install/rosparam_shortcuts/share/rosparam_shortcuts/local_setup.zsh
[10.575s] -- Installing: /home/rosuser/ros2_ws/ws_moveit/install/rosparam_shortcuts/share/rosparam_shortcuts/local_setup.dsv
[10.575s] -- Installing: /home/rosuser/ros2_ws/ws_moveit/install/rosparam_shortcuts/share/rosparam_shortcuts/package.dsv
[10.576s] -- Installing: /home/rosuser/ros2_ws/ws_moveit/install/rosparam_shortcuts/share/ament_index/resource_index/packages/rosparam_shortcuts
[10.576s] -- Installing: /home/rosuser/ros2_ws/ws_moveit/install/rosparam_shortcuts/share/rosparam_shortcuts/cmake/export_rosparam_shortcutsExport.cmake
[10.576s] -- Installing: /home/rosuser/ros2_ws/ws_moveit/install/rosparam_shortcuts/share/rosparam_shortcuts/cmake/export_rosparam_shortcutsExport-release.cmake
[10.576s] -- Installing: /home/rosuser/ros2_ws/ws_moveit/install/rosparam_shortcuts/share/rosparam_shortcuts/cmake/ament_cmake_export_targets-extras.cmake
[10.576s] -- Installing: /home/rosuser/ros2_ws/ws_moveit/install/rosparam_shortcuts/share/rosparam_shortcuts/cmake/ament_cmake_export_dependencies-extras.cmake
[10.576s] -- Installing: /home/rosuser/ros2_ws/ws_moveit/install/rosparam_shortcuts/share/rosparam_shortcuts/cmake/rosparam_shortcutsConfig.cmake
[10.576s] -- Installing: /home/rosuser/ros2_ws/ws_moveit/install/rosparam_shortcuts/share/rosparam_shortcuts/cmake/rosparam_shortcutsConfig-version.cmake
[10.576s] -- Installing: /home/rosuser/ros2_ws/ws_moveit/install/rosparam_shortcuts/share/rosparam_shortcuts/package.xml
[10.581s] Invoked command in '/home/rosuser/ros2_ws/ws_moveit/build/rosparam_shortcuts' returned '0': CMAKE_PREFIX_PATH=/opt/ros/humble /usr/bin/cmake --install /home/rosuser/ros2_ws/ws_moveit/build/rosparam_shortcuts
