[0.025s] Invoking command in '/home/rosuser/ros2_ws/ws_moveit/build/moveit_ros_control_interface': AMENT_PREFIX_PATH=/home/rosuser/ros2_ws/ws_moveit/install/moveit_simple_controller_manager:/home/rosuser/ros2_ws/ws_moveit/install/moveit_core:/home/rosuser/ros2_ws/ws_moveit/install/moveit_resources_panda_moveit_config:/home/rosuser/ros2_ws/ws_moveit/install/srdfdom:/home/rosuser/ros2_ws/ws_moveit/install/moveit_resources_pr2_description:/home/rosuser/ros2_ws/ws_moveit/install/moveit_resources_panda_description:/home/rosuser/ros2_ws/ws_moveit/install/moveit_common:${AMENT_PREFIX_PATH} CMAKE_PREFIX_PATH=/home/rosuser/ros2_ws/ws_moveit/install/moveit_simple_controller_manager:/home/rosuser/ros2_ws/ws_moveit/install/moveit_core:/home/rosuser/ros2_ws/ws_moveit/install/moveit_resources_panda_moveit_config:/home/rosuser/ros2_ws/ws_moveit/install/srdfdom:/home/rosuser/ros2_ws/ws_moveit/install/moveit_resources_pr2_description:/home/rosuser/ros2_ws/ws_moveit/install/moveit_resources_panda_description:/home/rosuser/ros2_ws/ws_moveit/install/moveit_common:/opt/ros/humble LD_LIBRARY_PATH=/home/rosuser/ros2_ws/ws_moveit/install/moveit_simple_controller_manager/lib:/home/rosuser/ros2_ws/ws_moveit/install/moveit_core/lib:/home/rosuser/ros2_ws/ws_moveit/install/srdfdom/lib:${LD_LIBRARY_PATH} PATH=/home/rosuser/ros2_ws/ws_moveit/install/moveit_core/bin:${PATH} PYTHONPATH=/home/rosuser/ros2_ws/ws_moveit/install/srdfdom/local/lib/python3.10/dist-packages:${PYTHONPATH} /usr/bin/cmake /home/rosuser/ros2_ws/ws_moveit/src/moveit2/moveit_plugins/moveit_ros_control_interface -DCMAKE_BUILD_TYPE=Release -DCMAKE_INSTALL_PREFIX=/home/rosuser/ros2_ws/ws_moveit/install/moveit_ros_control_interface
[0.099s] -- The C compiler identification is GNU 11.4.0
[0.150s] -- The CXX compiler identification is GNU 11.4.0
[0.154s] -- Detecting C compiler ABI info
[0.212s] -- Detecting C compiler ABI info - done
[0.218s] -- Check for working C compiler: /usr/bin/cc - skipped
[0.218s] -- Detecting C compile features
[0.218s] -- Detecting C compile features - done
[0.220s] -- Detecting CXX compiler ABI info
[0.279s] -- Detecting CXX compiler ABI info - done
[0.286s] -- Check for working CXX compiler: /usr/bin/c++ - skipped
[0.286s] -- Detecting CXX compile features
[0.286s] -- Detecting CXX compile features - done
[0.291s] -- Found ament_cmake: 1.3.11 (/opt/ros/humble/share/ament_cmake/cmake)
[0.386s] -- Found Python3: /usr/bin/python3 (found version "3.10.12") found components: Interpreter 
[0.454s] -- Found rclcpp_action: 16.0.12 (/opt/ros/humble/share/rclcpp_action/cmake)
[0.488s] -- Found rosidl_generator_c: 3.1.6 (/opt/ros/humble/share/rosidl_generator_c/cmake)
[0.492s] -- Found rosidl_adapter: 3.1.6 (/opt/ros/humble/share/rosidl_adapter/cmake)
[0.498s] -- Found rosidl_generator_cpp: 3.1.6 (/opt/ros/humble/share/rosidl_generator_cpp/cmake)
[0.507s] -- Using all available rosidl_typesupport_c: rosidl_typesupport_fastrtps_c;rosidl_typesupport_introspection_c
[0.518s] -- Using all available rosidl_typesupport_cpp: rosidl_typesupport_fastrtps_cpp;rosidl_typesupport_introspection_cpp
[0.576s] -- Found rmw_implementation_cmake: 6.1.2 (/opt/ros/humble/share/rmw_implementation_cmake/cmake)
[0.579s] -- Found rmw_fastrtps_cpp: 6.2.7 (/opt/ros/humble/share/rmw_fastrtps_cpp/cmake)
[0.643s] -- Found OpenSSL: /usr/lib/aarch64-linux-gnu/libcrypto.so (found version "3.0.2")  
[0.662s] -- Found FastRTPS: /opt/ros/humble/include  
[0.694s] -- Using RMW implementation 'rmw_fastrtps_cpp' as default
[0.702s] -- Looking for pthread.h
[0.758s] -- Looking for pthread.h - found
[0.758s] -- Performing Test CMAKE_HAVE_LIBC_PTHREAD
[0.822s] -- Performing Test CMAKE_HAVE_LIBC_PTHREAD - Success
[0.823s] -- Found Threads: TRUE  
[0.870s] -- Found controller_manager_msgs: 2.49.0 (/opt/ros/humble/share/controller_manager_msgs/cmake)
[0.893s] -- Found moveit_core: 2.5.9 (/home/rosuser/ros2_ws/ws_moveit/install/moveit_core/share/moveit_core/cmake)
[0.923s] -- Found Boost: /usr/lib/aarch64-linux-gnu/cmake/Boost-1.74.0/BoostConfig.cmake (found version "1.74.0") found components: chrono date_time filesystem iostreams program_options regex serialization system thread 
[1.037s] -- Found parameter_traits: 0.4.0 (/opt/ros/humble/share/parameter_traits/cmake)
[1.052s] -- Found Eigen3: TRUE (found version "3.4.0") 
[1.059s] -- Found rclcpp_lifecycle: 16.0.12 (/opt/ros/humble/share/rclcpp_lifecycle/cmake)
[1.074s] -- Found Boost: /usr/lib/aarch64-linux-gnu/cmake/Boost-1.74.0/BoostConfig.cmake (found version "1.74.0") found components: filesystem 
[1.163s] -- library: /usr/lib/aarch64-linux-gnu/libcurl.so
[1.219s] -- Ensuring Eigen3 include directory is part of orocos-kdl CMake target
[1.382s] -- Found moveit_simple_controller_manager: 2.5.9 (/home/rosuser/ros2_ws/ws_moveit/install/moveit_simple_controller_manager/share/moveit_simple_controller_manager/cmake)
[1.385s] -- Found Boost: /usr/lib/aarch64-linux-gnu/cmake/Boost-1.74.0/BoostConfig.cmake (found version "1.74.0") found components: thread 
[1.415s] -- Found moveit_common: 2.5.9 (/home/rosuser/ros2_ws/ws_moveit/install/moveit_common/share/moveit_common/cmake)
[1.455s] -- Found Boost: /usr/lib/aarch64-linux-gnu/cmake/Boost-1.74.0/BoostConfig.cmake (found version "1.74.0") found components: system thread 
[1.469s] -- Found ament_cmake_gtest: 1.3.11 (/opt/ros/humble/share/ament_cmake_gtest/cmake)
[1.471s] -- Found gtest sources under '/opt/ros/humble/src/gtest_vendor': C++ tests using 'Google Test' will be built
[1.477s] -- Configuring done
[1.541s] -- Generating done
[1.555s] -- Build files have been written to: /home/rosuser/ros2_ws/ws_moveit/build/moveit_ros_control_interface
[1.563s] Invoked command in '/home/rosuser/ros2_ws/ws_moveit/build/moveit_ros_control_interface' returned '0': AMENT_PREFIX_PATH=/home/rosuser/ros2_ws/ws_moveit/install/moveit_simple_controller_manager:/home/rosuser/ros2_ws/ws_moveit/install/moveit_core:/home/rosuser/ros2_ws/ws_moveit/install/moveit_resources_panda_moveit_config:/home/rosuser/ros2_ws/ws_moveit/install/srdfdom:/home/rosuser/ros2_ws/ws_moveit/install/moveit_resources_pr2_description:/home/rosuser/ros2_ws/ws_moveit/install/moveit_resources_panda_description:/home/rosuser/ros2_ws/ws_moveit/install/moveit_common:${AMENT_PREFIX_PATH} CMAKE_PREFIX_PATH=/home/rosuser/ros2_ws/ws_moveit/install/moveit_simple_controller_manager:/home/rosuser/ros2_ws/ws_moveit/install/moveit_core:/home/rosuser/ros2_ws/ws_moveit/install/moveit_resources_panda_moveit_config:/home/rosuser/ros2_ws/ws_moveit/install/srdfdom:/home/rosuser/ros2_ws/ws_moveit/install/moveit_resources_pr2_description:/home/rosuser/ros2_ws/ws_moveit/install/moveit_resources_panda_description:/home/rosuser/ros2_ws/ws_moveit/install/moveit_common:/opt/ros/humble LD_LIBRARY_PATH=/home/rosuser/ros2_ws/ws_moveit/install/moveit_simple_controller_manager/lib:/home/rosuser/ros2_ws/ws_moveit/install/moveit_core/lib:/home/rosuser/ros2_ws/ws_moveit/install/srdfdom/lib:${LD_LIBRARY_PATH} PATH=/home/rosuser/ros2_ws/ws_moveit/install/moveit_core/bin:${PATH} PYTHONPATH=/home/rosuser/ros2_ws/ws_moveit/install/srdfdom/local/lib/python3.10/dist-packages:${PYTHONPATH} /usr/bin/cmake /home/rosuser/ros2_ws/ws_moveit/src/moveit2/moveit_plugins/moveit_ros_control_interface -DCMAKE_BUILD_TYPE=Release -DCMAKE_INSTALL_PREFIX=/home/rosuser/ros2_ws/ws_moveit/install/moveit_ros_control_interface
[1.564s] Invoking command in '/home/rosuser/ros2_ws/ws_moveit/build/moveit_ros_control_interface': AMENT_PREFIX_PATH=/home/rosuser/ros2_ws/ws_moveit/install/moveit_simple_controller_manager:/home/rosuser/ros2_ws/ws_moveit/install/moveit_core:/home/rosuser/ros2_ws/ws_moveit/install/moveit_resources_panda_moveit_config:/home/rosuser/ros2_ws/ws_moveit/install/srdfdom:/home/rosuser/ros2_ws/ws_moveit/install/moveit_resources_pr2_description:/home/rosuser/ros2_ws/ws_moveit/install/moveit_resources_panda_description:/home/rosuser/ros2_ws/ws_moveit/install/moveit_common:${AMENT_PREFIX_PATH} CMAKE_PREFIX_PATH=/home/rosuser/ros2_ws/ws_moveit/install/moveit_simple_controller_manager:/home/rosuser/ros2_ws/ws_moveit/install/moveit_core:/home/rosuser/ros2_ws/ws_moveit/install/moveit_resources_panda_moveit_config:/home/rosuser/ros2_ws/ws_moveit/install/srdfdom:/home/rosuser/ros2_ws/ws_moveit/install/moveit_resources_pr2_description:/home/rosuser/ros2_ws/ws_moveit/install/moveit_resources_panda_description:/home/rosuser/ros2_ws/ws_moveit/install/moveit_common:/opt/ros/humble LD_LIBRARY_PATH=/home/rosuser/ros2_ws/ws_moveit/install/moveit_simple_controller_manager/lib:/home/rosuser/ros2_ws/ws_moveit/install/moveit_core/lib:/home/rosuser/ros2_ws/ws_moveit/install/srdfdom/lib:${LD_LIBRARY_PATH} PATH=/home/rosuser/ros2_ws/ws_moveit/install/moveit_core/bin:${PATH} PYTHONPATH=/home/rosuser/ros2_ws/ws_moveit/install/srdfdom/local/lib/python3.10/dist-packages:${PYTHONPATH} /usr/bin/cmake --build /home/rosuser/ros2_ws/ws_moveit/build/moveit_ros_control_interface -- -j8 -l8
[1.604s] [  7%] [32mBuilding CXX object CMakeFiles/moveit_ros_control_interface_plugin.dir/src/controller_manager_plugin.cpp.o[0m
[1.605s] [ 14%] [32mBuilding CXX object CMakeFiles/moveit_ros_control_interface_trajectory_plugin.dir/src/joint_trajectory_controller_plugin.cpp.o[0m
[1.607s] [ 21%] [32mBuilding CXX object CMakeFiles/moveit_ros_control_interface_gripper_plugin.dir/src/gripper_controller_plugin.cpp.o[0m
[1.607s] [ 28%] [32mBuilding CXX object CMakeFiles/moveit_ros_control_interface_empty_plugin.dir/src/empty_controller_plugin.cpp.o[0m
[1.609s] [ 35%] [32mBuilding CXX object gtest/CMakeFiles/gtest_main.dir/src/gtest_main.cc.o[0m
[1.614s] [ 42%] [32mBuilding CXX object gtest/CMakeFiles/gtest.dir/src/gtest-all.cc.o[0m
[2.782s] [ 50%] [32m[1mLinking CXX static library libgtest_main.a[0m
[2.901s] [ 50%] Built target gtest_main
[5.937s] [ 57%] [32m[1mLinking CXX shared library libmoveit_ros_control_interface_empty_plugin.so[0m
[6.238s] [ 57%] Built target moveit_ros_control_interface_empty_plugin
[7.713s] [ 64%] [32m[1mLinking CXX shared library libmoveit_ros_control_interface_trajectory_plugin.so[0m
[7.893s] [ 64%] Built target moveit_ros_control_interface_trajectory_plugin
[7.938s] [ 71%] [32m[1mLinking CXX shared library libmoveit_ros_control_interface_gripper_plugin.so[0m
[8.120s] [ 71%] Built target moveit_ros_control_interface_gripper_plugin
[9.520s] [ 78%] [32m[1mLinking CXX static library libgtest.a[0m
[9.551s] [ 78%] Built target gtest
[12.841s] [ 85%] [32m[1mLinking CXX shared library libmoveit_ros_control_interface_plugin.so[0m
[13.019s] [ 85%] Built target moveit_ros_control_interface_plugin
[13.033s] [ 92%] [32mBuilding CXX object test/CMakeFiles/test_controller_manager_plugin.dir/test_controller_manager_plugin.cpp.o[0m
[20.734s] [100%] [32m[1mLinking CXX executable test_controller_manager_plugin[0m
[20.912s] [100%] Built target test_controller_manager_plugin
[20.927s] Invoked command in '/home/rosuser/ros2_ws/ws_moveit/build/moveit_ros_control_interface' returned '0': AMENT_PREFIX_PATH=/home/rosuser/ros2_ws/ws_moveit/install/moveit_simple_controller_manager:/home/rosuser/ros2_ws/ws_moveit/install/moveit_core:/home/rosuser/ros2_ws/ws_moveit/install/moveit_resources_panda_moveit_config:/home/rosuser/ros2_ws/ws_moveit/install/srdfdom:/home/rosuser/ros2_ws/ws_moveit/install/moveit_resources_pr2_description:/home/rosuser/ros2_ws/ws_moveit/install/moveit_resources_panda_description:/home/rosuser/ros2_ws/ws_moveit/install/moveit_common:${AMENT_PREFIX_PATH} CMAKE_PREFIX_PATH=/home/rosuser/ros2_ws/ws_moveit/install/moveit_simple_controller_manager:/home/rosuser/ros2_ws/ws_moveit/install/moveit_core:/home/rosuser/ros2_ws/ws_moveit/install/moveit_resources_panda_moveit_config:/home/rosuser/ros2_ws/ws_moveit/install/srdfdom:/home/rosuser/ros2_ws/ws_moveit/install/moveit_resources_pr2_description:/home/rosuser/ros2_ws/ws_moveit/install/moveit_resources_panda_description:/home/rosuser/ros2_ws/ws_moveit/install/moveit_common:/opt/ros/humble LD_LIBRARY_PATH=/home/rosuser/ros2_ws/ws_moveit/install/moveit_simple_controller_manager/lib:/home/rosuser/ros2_ws/ws_moveit/install/moveit_core/lib:/home/rosuser/ros2_ws/ws_moveit/install/srdfdom/lib:${LD_LIBRARY_PATH} PATH=/home/rosuser/ros2_ws/ws_moveit/install/moveit_core/bin:${PATH} PYTHONPATH=/home/rosuser/ros2_ws/ws_moveit/install/srdfdom/local/lib/python3.10/dist-packages:${PYTHONPATH} /usr/bin/cmake --build /home/rosuser/ros2_ws/ws_moveit/build/moveit_ros_control_interface -- -j8 -l8
[20.931s] Invoking command in '/home/rosuser/ros2_ws/ws_moveit/build/moveit_ros_control_interface': AMENT_PREFIX_PATH=/home/rosuser/ros2_ws/ws_moveit/install/moveit_simple_controller_manager:/home/rosuser/ros2_ws/ws_moveit/install/moveit_core:/home/rosuser/ros2_ws/ws_moveit/install/moveit_resources_panda_moveit_config:/home/rosuser/ros2_ws/ws_moveit/install/srdfdom:/home/rosuser/ros2_ws/ws_moveit/install/moveit_resources_pr2_description:/home/rosuser/ros2_ws/ws_moveit/install/moveit_resources_panda_description:/home/rosuser/ros2_ws/ws_moveit/install/moveit_common:${AMENT_PREFIX_PATH} CMAKE_PREFIX_PATH=/home/rosuser/ros2_ws/ws_moveit/install/moveit_simple_controller_manager:/home/rosuser/ros2_ws/ws_moveit/install/moveit_core:/home/rosuser/ros2_ws/ws_moveit/install/moveit_resources_panda_moveit_config:/home/rosuser/ros2_ws/ws_moveit/install/srdfdom:/home/rosuser/ros2_ws/ws_moveit/install/moveit_resources_pr2_description:/home/rosuser/ros2_ws/ws_moveit/install/moveit_resources_panda_description:/home/rosuser/ros2_ws/ws_moveit/install/moveit_common:/opt/ros/humble LD_LIBRARY_PATH=/home/rosuser/ros2_ws/ws_moveit/install/moveit_simple_controller_manager/lib:/home/rosuser/ros2_ws/ws_moveit/install/moveit_core/lib:/home/rosuser/ros2_ws/ws_moveit/install/srdfdom/lib:${LD_LIBRARY_PATH} PATH=/home/rosuser/ros2_ws/ws_moveit/install/moveit_core/bin:${PATH} PYTHONPATH=/home/rosuser/ros2_ws/ws_moveit/install/srdfdom/local/lib/python3.10/dist-packages:${PYTHONPATH} /usr/bin/cmake --install /home/rosuser/ros2_ws/ws_moveit/build/moveit_ros_control_interface
[20.937s] -- Install configuration: "Release"
[20.937s] -- Installing: /home/rosuser/ros2_ws/ws_moveit/install/moveit_ros_control_interface/lib/libmoveit_ros_control_interface_plugin.so.2.5.9
[20.938s] -- Set runtime path of "/home/rosuser/ros2_ws/ws_moveit/install/moveit_ros_control_interface/lib/libmoveit_ros_control_interface_plugin.so.2.5.9" to ""
[20.938s] -- Installing: /home/rosuser/ros2_ws/ws_moveit/install/moveit_ros_control_interface/lib/libmoveit_ros_control_interface_plugin.so
[20.938s] -- Installing: /home/rosuser/ros2_ws/ws_moveit/install/moveit_ros_control_interface/lib/libmoveit_ros_control_interface_trajectory_plugin.so.2.5.9
[20.938s] -- Set runtime path of "/home/rosuser/ros2_ws/ws_moveit/install/moveit_ros_control_interface/lib/libmoveit_ros_control_interface_trajectory_plugin.so.2.5.9" to ""
[20.938s] -- Installing: /home/rosuser/ros2_ws/ws_moveit/install/moveit_ros_control_interface/lib/libmoveit_ros_control_interface_trajectory_plugin.so
[20.938s] -- Installing: /home/rosuser/ros2_ws/ws_moveit/install/moveit_ros_control_interface/lib/libmoveit_ros_control_interface_gripper_plugin.so.2.5.9
[20.939s] -- Set runtime path of "/home/rosuser/ros2_ws/ws_moveit/install/moveit_ros_control_interface/lib/libmoveit_ros_control_interface_gripper_plugin.so.2.5.9" to ""
[20.939s] -- Installing: /home/rosuser/ros2_ws/ws_moveit/install/moveit_ros_control_interface/lib/libmoveit_ros_control_interface_gripper_plugin.so
[20.939s] -- Installing: /home/rosuser/ros2_ws/ws_moveit/install/moveit_ros_control_interface/lib/libmoveit_ros_control_interface_empty_plugin.so.2.5.9
[20.939s] -- Set runtime path of "/home/rosuser/ros2_ws/ws_moveit/install/moveit_ros_control_interface/lib/libmoveit_ros_control_interface_empty_plugin.so.2.5.9" to ""
[20.939s] -- Installing: /home/rosuser/ros2_ws/ws_moveit/install/moveit_ros_control_interface/lib/libmoveit_ros_control_interface_empty_plugin.so
[20.939s] -- Installing: /home/rosuser/ros2_ws/ws_moveit/install/moveit_ros_control_interface/include
[20.940s] -- Installing: /home/rosuser/ros2_ws/ws_moveit/install/moveit_ros_control_interface/include/moveit_ros_control_interface
[20.940s] -- Installing: /home/rosuser/ros2_ws/ws_moveit/install/moveit_ros_control_interface/include/moveit_ros_control_interface/ControllerHandle.h
[20.940s] -- Installing: /home/rosuser/ros2_ws/ws_moveit/install/moveit_ros_control_interface/share/moveit_ros_control_interface/moveit_core_plugins.xml
[20.940s] -- Installing: /home/rosuser/ros2_ws/ws_moveit/install/moveit_ros_control_interface/share/moveit_ros_control_interface/moveit_ros_control_interface_plugins.xml
[20.940s] -- Installing: /home/rosuser/ros2_ws/ws_moveit/install/moveit_ros_control_interface/share/moveit_ros_control_interface/environment/library_path.sh
[20.940s] -- Installing: /home/rosuser/ros2_ws/ws_moveit/install/moveit_ros_control_interface/share/moveit_ros_control_interface/environment/library_path.dsv
[20.941s] -- Installing: /home/rosuser/ros2_ws/ws_moveit/install/moveit_ros_control_interface/share/ament_index/resource_index/package_run_dependencies/moveit_ros_control_interface
[20.941s] -- Installing: /home/rosuser/ros2_ws/ws_moveit/install/moveit_ros_control_interface/share/ament_index/resource_index/parent_prefix_path/moveit_ros_control_interface
[20.941s] -- Installing: /home/rosuser/ros2_ws/ws_moveit/install/moveit_ros_control_interface/share/moveit_ros_control_interface/environment/ament_prefix_path.sh
[20.941s] -- Installing: /home/rosuser/ros2_ws/ws_moveit/install/moveit_ros_control_interface/share/moveit_ros_control_interface/environment/ament_prefix_path.dsv
[20.941s] -- Installing: /home/rosuser/ros2_ws/ws_moveit/install/moveit_ros_control_interface/share/moveit_ros_control_interface/environment/path.sh
[20.941s] -- Installing: /home/rosuser/ros2_ws/ws_moveit/install/moveit_ros_control_interface/share/moveit_ros_control_interface/environment/path.dsv
[20.942s] -- Installing: /home/rosuser/ros2_ws/ws_moveit/install/moveit_ros_control_interface/share/moveit_ros_control_interface/local_setup.bash
[20.942s] -- Installing: /home/rosuser/ros2_ws/ws_moveit/install/moveit_ros_control_interface/share/moveit_ros_control_interface/local_setup.sh
[20.942s] -- Installing: /home/rosuser/ros2_ws/ws_moveit/install/moveit_ros_control_interface/share/moveit_ros_control_interface/local_setup.zsh
[20.942s] -- Installing: /home/rosuser/ros2_ws/ws_moveit/install/moveit_ros_control_interface/share/moveit_ros_control_interface/local_setup.dsv
[20.942s] -- Installing: /home/rosuser/ros2_ws/ws_moveit/install/moveit_ros_control_interface/share/moveit_ros_control_interface/package.dsv
[20.942s] -- Installing: /home/rosuser/ros2_ws/ws_moveit/install/moveit_ros_control_interface/share/ament_index/resource_index/packages/moveit_ros_control_interface
[20.942s] -- Installing: /home/rosuser/ros2_ws/ws_moveit/install/moveit_ros_control_interface/share/ament_index/resource_index/moveit_core__pluginlib__plugin/moveit_ros_control_interface
[20.943s] -- Installing: /home/rosuser/ros2_ws/ws_moveit/install/moveit_ros_control_interface/share/ament_index/resource_index/moveit_ros_control_interface__pluginlib__plugin/moveit_ros_control_interface
[20.943s] -- Installing: /home/rosuser/ros2_ws/ws_moveit/install/moveit_ros_control_interface/share/moveit_ros_control_interface/cmake/export_moveit_ros_control_interfaceExport.cmake
[20.943s] -- Installing: /home/rosuser/ros2_ws/ws_moveit/install/moveit_ros_control_interface/share/moveit_ros_control_interface/cmake/export_moveit_ros_control_interfaceExport-release.cmake
[20.943s] -- Installing: /home/rosuser/ros2_ws/ws_moveit/install/moveit_ros_control_interface/share/moveit_ros_control_interface/cmake/ConfigExtras.cmake
[20.943s] -- Installing: /home/rosuser/ros2_ws/ws_moveit/install/moveit_ros_control_interface/share/moveit_ros_control_interface/cmake/ament_cmake_export_targets-extras.cmake
[20.943s] -- Installing: /home/rosuser/ros2_ws/ws_moveit/install/moveit_ros_control_interface/share/moveit_ros_control_interface/cmake/ament_cmake_export_dependencies-extras.cmake
[20.943s] -- Installing: /home/rosuser/ros2_ws/ws_moveit/install/moveit_ros_control_interface/share/moveit_ros_control_interface/cmake/moveit_ros_control_interfaceConfig.cmake
[20.944s] -- Installing: /home/rosuser/ros2_ws/ws_moveit/install/moveit_ros_control_interface/share/moveit_ros_control_interface/cmake/moveit_ros_control_interfaceConfig-version.cmake
[20.944s] -- Installing: /home/rosuser/ros2_ws/ws_moveit/install/moveit_ros_control_interface/share/moveit_ros_control_interface/package.xml
[20.946s] Invoked command in '/home/rosuser/ros2_ws/ws_moveit/build/moveit_ros_control_interface' returned '0': AMENT_PREFIX_PATH=/home/rosuser/ros2_ws/ws_moveit/install/moveit_simple_controller_manager:/home/rosuser/ros2_ws/ws_moveit/install/moveit_core:/home/rosuser/ros2_ws/ws_moveit/install/moveit_resources_panda_moveit_config:/home/rosuser/ros2_ws/ws_moveit/install/srdfdom:/home/rosuser/ros2_ws/ws_moveit/install/moveit_resources_pr2_description:/home/rosuser/ros2_ws/ws_moveit/install/moveit_resources_panda_description:/home/rosuser/ros2_ws/ws_moveit/install/moveit_common:${AMENT_PREFIX_PATH} CMAKE_PREFIX_PATH=/home/rosuser/ros2_ws/ws_moveit/install/moveit_simple_controller_manager:/home/rosuser/ros2_ws/ws_moveit/install/moveit_core:/home/rosuser/ros2_ws/ws_moveit/install/moveit_resources_panda_moveit_config:/home/rosuser/ros2_ws/ws_moveit/install/srdfdom:/home/rosuser/ros2_ws/ws_moveit/install/moveit_resources_pr2_description:/home/rosuser/ros2_ws/ws_moveit/install/moveit_resources_panda_description:/home/rosuser/ros2_ws/ws_moveit/install/moveit_common:/opt/ros/humble LD_LIBRARY_PATH=/home/rosuser/ros2_ws/ws_moveit/install/moveit_simple_controller_manager/lib:/home/rosuser/ros2_ws/ws_moveit/install/moveit_core/lib:/home/rosuser/ros2_ws/ws_moveit/install/srdfdom/lib:${LD_LIBRARY_PATH} PATH=/home/rosuser/ros2_ws/ws_moveit/install/moveit_core/bin:${PATH} PYTHONPATH=/home/rosuser/ros2_ws/ws_moveit/install/srdfdom/local/lib/python3.10/dist-packages:${PYTHONPATH} /usr/bin/cmake --install /home/rosuser/ros2_ws/ws_moveit/build/moveit_ros_control_interface
